1.      rs277665                        1.      rs3867319                       Phenotype        DD   0.556E-55
1.      rs2314757                       1.      rs3867319                       Phenotype        DD   0.182E-53
1.      rs12137408                      1.      rs3867319                       Phenotype        DD   0.468E-58
1.      rs366842                        1.      rs3867319                       Phenotype        AD   0.541E-47
1.      rs1065755                       1.      rs3867319                       Phenotype        AD   0.905E-64
1.      rs563978                        1.      rs3867319                       Phenotype        DD   0.587E-52
1.      rs10753283                      1.      rs3867319                       Phenotype        DD   0.138E-52
1.      rs17369712                      1.      rs3867319                       Phenotype        AD   0.290E-60
1.      rs17369712                      1.      rs3867319                       Phenotype        AA   0.265E-51
1.      rs17369712                      1.      rs4970759                       Phenotype        DD   0.431E-48
1.      rs17369712                      1.      rs1046385                       Phenotype        DD   0.494E-55
1.      rs17369712                      1.      rs7537522                       Phenotype        DD   0.273E-87
1.      rs7512966                       1.      rs10911044                      Phenotype        DD   0.249E-49
1.      rs17386024                      1.      rs3867319                       Phenotype        DD   0.158E-54
1.      rs487230                        1.      rs3867319                       Phenotype        DD   0.395E-50
1.      rs12062820                      1.      rs3867319                       Phenotype        AD   0.223E-58
1.      rs12062820                      1.      rs3867319                       Phenotype        AA   0.358E-51
1.      rs12062820                      1.      rs2790689                       Phenotype        DD   0.152E-54
1.      rs686839                        1.      rs3867319                       Phenotype        DA   0.544E-59
1.      rs686839                        1.      rs2474929                       Phenotype        DD   0.719E-52
1.      rs11161573                      1.      rs1330700                       Phenotype        DD   0.359E-50
1.      rs797947                        1.      rs3867319                       Phenotype        DD   0.749E-52
1.      rs6683506                       1.      rs3867319                       Phenotype        AD   0.794E-48
1.      rs10923094                      1.      rs3867319                       Phenotype        AD   0.536E-47
1.      rs3867319                       1.      rs1158909                       Phenotype        DD   0.102E-50
1.      rs3867319                       1.      rs942689                        Phenotype        DD   0.138E-51
1.      rs3867319                       1.      rs4950361                       Phenotype        DD   0.760E-52
1.      rs3867319                       1.      rs7520022                       Phenotype        DD   0.406E-54
1.      rs3867319                       1.      rs2305814                       Phenotype        DD   0.375E-53
1.      rs3867319                       1.      rs1039588                       Phenotype        DA   0.309E-64
1.      rs3867319                       1.      rs2793799                       Phenotype        DD   0.519E-51
1.      rs3867319                       1.      rs6658698                       Phenotype        DD   0.256E-53
1.      rs3867319                       1.      rs2180073                       Phenotype        DD   0.372E-55
1.      rs3867319                       1.      rs463228                        Phenotype        DA   0.132E-47
1.      rs3867319                       1.      rs10801655                      Phenotype        DA   0.147E-47
1.      rs3867319                       1.      rs12747553                      Phenotype        DA   0.566E-64
1.      rs3867319                       1.      rs11805075                      Phenotype        DD   0.691E-53
1.      rs3867319                       1.      rs2794448                       Phenotype        DD   0.668E-55
1.      rs3867319                       1.      rs2275696                       Phenotype        DD   0.957E-48
1.      rs3867319                       1.      rs7540516                       Phenotype        DD   0.319E-54
1.      rs3867319                       1.      rs12123107                      Phenotype        DD   0.243E-54
1.      rs3867319                       1.      rs6540916                       Phenotype        DD   0.809E-58
1.      rs3867319                       1.      rs11572622                      Phenotype        DD   0.631E-53
1.      rs3867319                       1.      rs12036536                      Phenotype        DA   0.650E-49
1.      rs3867319                       1.      rs1877724                       Phenotype        AD   0.622E-58
1.      rs3867319                       1.      rs4925479                       Phenotype        DA   0.596E-47
1.      rs3867319                       1.      rs2486736                       Phenotype        DD   0.153E-48
1.      rs3867319                       1.      rs34360045                      Phenotype        DD   0.207E-55
1.      rs3867319                       1.      rs6693960                       Phenotype        DA   0.179E-65
1.      rs6661081                       1.      rs1877724                       Phenotype        DD   0.371E-53
