1.      rs12759497                      1.      rs10494442                      Phenotype        DD   0.987E-10
1.      rs586165                        1.      rs4656687                       Phenotype        DD   0.171E-09
1.      rs10927578                      1.      rs7514620                       Phenotype        AA   0.108E-09
1.      rs10927578                      1.      rs2780788                       Phenotype        DD   0.834E-12
1.      rs7512460                       1.      rs7514620                       Phenotype        AA   0.209E-10
1.      rs10888010                      1.      rs1406123                       Phenotype        DD   0.681E-12
1.      rs4655235                       1.      rs16852352                      Phenotype        DD   0.573E-09
1.      rs7544                          1.      rs34042557                      Phenotype        DA   0.213E-09
1.      rs7544                          1.      rs12143786                      Phenotype        DA   0.105E-08
1.      rs7544                          1.      rs2279502                       Phenotype        DA   0.255E-09
1.      rs7544                          1.      rs12743938                      Phenotype        DD   0.128E-08
1.      rs9438994                       1.      rs10789014                      Phenotype        DD   0.106E-08
1.      rs481423                        1.      rs12031854                      Phenotype        DD   0.403E-10
1.      rs7514620                       1.      rs7542353                       Phenotype        DD   0.346E-09
1.      rs2485381                       1.      rs10916407                      Phenotype        DD   0.126E-09
1.      rs4584347                       1.      rs7534158                       Phenotype        DD   0.592E-09
1.      rs7534158                       1.      rs12757632                      Phenotype        DD   0.239E-09
1.      rs7534158                       1.      rs1561581                       Phenotype        DD   0.114E-08
1.      rs7534158                       1.      rs634626                        Phenotype        DD   0.796E-09
1.      rs7534158                       1.      rs2841344                       Phenotype        DD   0.223E-09
1.      rs11811709                      1.      rs11799479                      Phenotype        DD   0.357E-10
1.      rs17493817                      1.      rs1406123                       Phenotype        DD   0.146E-09
1.      rs2390221                       1.      rs10798640                      Phenotype        DD   0.769E-09
1.      rs17130102                      1.      rs4950929                       Phenotype        DD   0.140E-08
1.      rs17130102                      1.      rs1494373                       Phenotype        DA   0.142E-08
1.      rs17130908                      1.      rs16852352                      Phenotype        DD   0.682E-09
1.      rs354623                        1.      rs1406123                       Phenotype        DD   0.736E-12
1.      rs12133463                      1.      rs2154229                       Phenotype        AD   0.140E-08
1.      rs34042557                      1.      rs10458590                      Phenotype        DA   0.926E-13
1.      rs4847274                       1.      rs1406123                       Phenotype        DD   0.173E-09
1.      rs3860335                       1.      rs1406123                       Phenotype        AD   0.427E-09
1.      rs1406123                       1.      rs343599                        Phenotype        DA   0.257E-10
1.      rs1406123                       1.      rs10736837                      Phenotype        DD   0.926E-12
1.      rs1406123                       1.      rs2279502                       Phenotype        DD   0.832E-09
1.      rs1406123                       1.      rs7515900                       Phenotype        DD   0.202E-09
1.      rs1406123                       1.      rs703929                        Phenotype        DD   0.145E-08
1.      rs1406123                       1.      rs1324707                       Phenotype        DA   0.382E-12
1.      rs1406123                       1.      rs7522330                       Phenotype        DA   0.714E-09
1.      rs1406123                       1.      rs3753617                       Phenotype        DD   0.349E-11
1.      rs1406123                       1.      rs6673338                       Phenotype        DD   0.137E-12
1.      rs561606                        1.      rs16852352                      Phenotype        DD   0.141E-09
1.      rs12122100                      1.      rs16852352                      Phenotype        DD   0.145E-08
1.      rs12083117                      1.      rs11586533                      Phenotype        DA   0.643E-10
1.      rs12083117                      1.      rs1915872                       Phenotype        DD   0.993E-09
1.      rs6684316                       1.      rs12031854                      Phenotype        DD   0.642E-09
1.      rs4656687                       1.      rs4950929                       Phenotype        AD   0.488E-10
1.      rs2153715                       1.      rs12031854                      Phenotype        DD   0.782E-09
1.      rs12031854                      1.      rs1969018                       Phenotype        DD   0.101E-08
1.      rs16852352                      1.      rs6699234                       Phenotype        DD   0.661E-09
1.      rs16852352                      1.      rs10925002                      Phenotype        DD   0.597E-09
