1.      rs157133                        1.      rs11586136                      Phenotype        DD   0.296E-15
1.      rs4920588                       1.      rs11586136                      Phenotype        AD   0.553E-10
1.      rs742390                        1.      rs7548844                       Phenotype        DD   0.328E-10
1.      rs7539285                       1.      rs11586136                      Phenotype        AD   0.375E-10
1.      rs11578572                      1.      rs7548844                       Phenotype        AD   0.139E-09
1.      rs2354467                       1.      rs7548844                       Phenotype        DD   0.802E-10
1.      rs2404985                       1.      rs7548844                       Phenotype        AD   0.187E-09
1.      rs17119329                      1.      rs7548844                       Phenotype        DD   0.744E-10
1.      rs834347                        1.      rs11586136                      Phenotype        AD   0.638E-10
1.      rs7543353                       1.      rs7548844                       Phenotype        DD   0.262E-11
1.      rs7548844                       1.      rs1476267                       Phenotype        DA   0.287E-10
1.      rs7548844                       1.      rs1417239                       Phenotype        DD   0.169E-11
1.      rs7548844                       1.      rs4388724                       Phenotype        DD   0.365E-13
1.      rs7548844                       1.      rs7530592                       Phenotype        DD   0.161E-11
1.      rs7548844                       1.      rs12122130                      Phenotype        DD   0.608E-12
1.      rs7548844                       1.      rs2353958                       Phenotype        DA   0.303E-10
1.      rs7548844                       1.      rs7537355                       Phenotype        DD   0.858E-11
1.      rs7548844                       1.      rs909941                        Phenotype        DD   0.318E-11
1.      rs7548844                       1.      rs4475710                       Phenotype        DD   0.116E-11
1.      rs7548844                       1.      rs16825295                      Phenotype        DA   0.320E-10
1.      rs7548844                       1.      rs10921378                      Phenotype        DD   0.583E-10
1.      rs7548844                       1.      rs4515818                       Phenotype        DA   0.317E-10
1.      rs7548844                       1.      rs7542768                       Phenotype        DD   0.404E-12
1.      rs7548844                       1.      rs6593959                       Phenotype        DA   0.748E-12
1.      rs7548844                       1.      rs11120142                      Phenotype        DD   0.354E-13
1.      rs7548844                       1.      rs1519463                       Phenotype        DD   0.207E-11
1.      rs7548844                       1.      rs7551537                       Phenotype        DD   0.747E-11
1.      rs7548844                       1.      rs291391                        Phenotype        DD   0.382E-12
1.      rs7548844                       1.      rs2927936                       Phenotype        DD   0.107E-10
1.      rs7548844                       1.      rs510798                        Phenotype        DD   0.512E-12
1.      rs7548844                       1.      rs2810040                       Phenotype        DD   0.269E-12
1.      rs683074                        1.      rs1032608                       Phenotype        DD   0.187E-09
1.      rs10922970                      1.      rs11586136                      Phenotype        DA   0.179E-10
1.      rs10922970                      1.      rs11586136                      Phenotype        AD   0.122E-09
1.      rs11586136                      1.      rs12137313                      Phenotype        DA   0.130E-13
1.      rs11586136                      1.      rs1032608                       Phenotype        DA   0.128E-17
1.      rs11586136                      1.      rs710144                        Phenotype        DA   0.937E-11
1.      rs11586136                      1.      rs716784                        Phenotype        DA   0.163E-14
1.      rs11586136                      1.      rs10920652                      Phenotype        DA   0.461E-10
1.      rs11586136                      1.      rs1419243                       Phenotype        AD   0.123E-10
1.      rs11586136                      1.      rs7551720                       Phenotype        AA   0.105E-12
1.      rs11586136                      1.      rs7551720                       Phenotype        DA   0.214E-10
1.      rs11586136                      1.      rs1704427                       Phenotype        DA   0.168E-12
1.      rs11586136                      1.      rs6683786                       Phenotype        DA   0.276E-14
1.      rs11586136                      1.      rs6683786                       Phenotype        DD   0.849E-12
1.      rs7537601                       1.      rs12137313                      Phenotype        DA   0.728E-10
1.      rs7537601                       1.      rs1032608                       Phenotype        DA   0.391E-12
1.      rs7537601                       1.      rs10802516                      Phenotype        DD   0.136E-09
1.      rs2811253                       1.      rs7551720                       Phenotype        DA   0.161E-10
1.      rs2773098                       1.      rs7551720                       Phenotype        DA   0.392E-11
