1.      rs34684424                      1.      rs2819516                       Phenotype        DD   0.201E-11
1.      rs6691420                       1.      rs2819516                       Phenotype        DD   0.393E-09
1.      rs2213802                       1.      rs11207606                      Phenotype        DD   0.226E-13
1.      rs2213802                       1.      rs12136860                      Phenotype        DA   0.153E-09
1.      rs2213802                       1.      rs3922385                       Phenotype        DA   0.220E-09
1.      rs2213802                       1.      rs3922385                       Phenotype        AD   0.336E-09
1.      rs10902671                      1.      rs2819516                       Phenotype        DD   0.590E-13
1.      rs762798                        1.      rs4912266                       Phenotype        DD   0.283E-10
1.      rs28634035                      1.      rs12758478                      Phenotype        DD   0.402E-09
1.      rs679457                        1.      rs12758478                      Phenotype        DD   0.292E-09
1.      rs679457                        1.      rs12136860                      Phenotype        DD   0.122E-10
1.      rs11263975                      1.      rs12136860                      Phenotype        DD   0.734E-13
1.      rs2480693                       1.      rs12136860                      Phenotype        AD   0.123E-08
1.      rs504816                        1.      rs12758478                      Phenotype        AD   0.521E-09
1.      rs7548057                       1.      rs12567958                      Phenotype        DD   0.701E-09
1.      rs7535763                       1.      rs12136860                      Phenotype        AD   0.458E-09
1.      rs4912266                       1.      rs12758478                      Phenotype        AD   0.546E-09
1.      rs12748496                      1.      rs12136860                      Phenotype        DD   0.205E-11
1.      rs10889433                      1.      rs12136860                      Phenotype        AD   0.559E-10
1.      rs4650599                       1.      rs1188473                       Phenotype        AD   0.342E-12
1.      rs4907149                       1.      rs2819516                       Phenotype        DD   0.414E-10
1.      rs4907013                       1.      rs12136860                      Phenotype        DD   0.192E-11
1.      rs12729458                      1.      rs12758478                      Phenotype        AD   0.405E-10
1.      rs11185318                      1.      rs12136860                      Phenotype        AD   0.102E-10
1.      rs11185318                      1.      rs3922385                       Phenotype        AD   0.314E-10
1.      rs496138                        1.      rs12758478                      Phenotype        DA   0.104E-08
1.      rs2811585                       1.      rs12136860                      Phenotype        AD   0.593E-09
1.      rs12086                         1.      rs12758478                      Phenotype        AD   0.679E-09
1.      rs1581804                       1.      rs12136860                      Phenotype        AD   0.124E-08
1.      rs12758478                      1.      rs12401659                      Phenotype        DA   0.102E-11
1.      rs12758478                      1.      rs4411107                       Phenotype        DD   0.187E-13
1.      rs12758478                      1.      rs12030659                      Phenotype        DA   0.172E-11
1.      rs2592879                       1.      rs12136860                      Phenotype        AD   0.112E-09
1.      rs3924264                       1.      rs12136860                      Phenotype        DD   0.956E-13
1.      rs1353231                       1.      rs2819516                       Phenotype        DD   0.370E-09
1.      rs6688532                       1.      rs12136860                      Phenotype        DD   0.485E-14
1.      rs912768                        1.      rs12136860                      Phenotype        DD   0.308E-12
1.      rs10801083                      1.      rs12136860                      Phenotype        DD   0.245E-11
1.      rs12136860                      1.      rs1009188                       Phenotype        DD   0.174E-11
1.      rs12136860                      1.      rs7535989                       Phenotype        DA   0.192E-09
1.      rs12136860                      1.      rs1692189                       Phenotype        DD   0.263E-13
1.      rs12136860                      1.      rs7517086                       Phenotype        DD   0.467E-12
1.      rs12136860                      1.      rs1065674                       Phenotype        DA   0.711E-10
1.      rs12136860                      1.      rs3820124                       Phenotype        DA   0.313E-11
1.      rs12136860                      1.      rs10802286                      Phenotype        DA   0.119E-10
1.      rs12136860                      1.      rs1891246                       Phenotype        DA   0.293E-09
1.      rs12136860                      1.      rs6429079                       Phenotype        DD   0.135E-10
1.      rs12136860                      1.      rs6413960                       Phenotype        DD   0.179E-12
1.      rs12136860                      1.      rs2809992                       Phenotype        DA   0.953E-09
1.      rs1188473                       1.      rs1967580                       Phenotype        DD   0.250E-10
