1.      rs2821060                       1.      rs6687919                       Phenotype        DD   0.606E-30
1.      rs1578717                       1.      rs674962                        Phenotype        DD   0.206E-26
1.      rs10779795                      1.      rs12133039                      Phenotype        DD   0.219E-24
1.      rs10779795                      1.      rs1885801                       Phenotype        DD   0.123E-23
1.      rs12565334                      1.      rs6427202                       Phenotype        DD   0.167E-24
1.      rs6429782                       1.      rs12133039                      Phenotype        DD   0.142E-25
1.      rs6429782                       1.      rs1885801                       Phenotype        DD   0.289E-25
1.      rs742362                        1.      rs7516683                       Phenotype        DA   0.353E-24
1.      rs7531163                       1.      rs7541474                       Phenotype        DD   0.427E-25
1.      rs7531163                       1.      rs2808474                       Phenotype        DD   0.711E-25
1.      rs3738815                       1.      rs7541474                       Phenotype        DD   0.113E-24
1.      rs3738815                       1.      rs2808474                       Phenotype        DD   0.633E-25
1.      rs9426434                       1.      rs1122919                       Phenotype        DD   0.104E-27
1.      rs535620                        1.      rs1122919                       Phenotype        AD   0.105E-26
1.      rs11210696                      1.      rs12133039                      Phenotype        DD   0.102E-23
1.      rs11210696                      1.      rs1122919                       Phenotype        DD   0.141E-25
1.      rs2117316                       1.      rs12133039                      Phenotype        DD   0.602E-24
1.      rs2117316                       1.      rs1885801                       Phenotype        DD   0.856E-24
1.      rs11206536                      1.      rs6692738                       Phenotype        AA   0.442E-25
1.      rs4912423                       1.      rs1122919                       Phenotype        DD   0.256E-27
1.      rs2793639                       1.      rs6676578                       Phenotype        DD   0.501E-26
1.      rs12723610                      1.      rs2148026                       Phenotype        DD   0.652E-25
1.      rs12723610                      1.      rs12129638                      Phenotype        DD   0.162E-24
1.      rs3737574                       1.      rs11804696                      Phenotype        DD   0.374E-28
1.      rs7523717                       1.      rs1122919                       Phenotype        AD   0.123E-23
1.      rs4291539                       1.      rs1122919                       Phenotype        DD   0.401E-30
1.      rs4912465                       1.      rs12133039                      Phenotype        DD   0.568E-25
1.      rs4912465                       1.      rs1885801                       Phenotype        DD   0.214E-24
1.      rs1415175                       1.      rs17016247                      Phenotype        DD   0.903E-26
1.      rs607131                        1.      rs1122919                       Phenotype        DD   0.286E-25
1.      rs11799399                      1.      rs11586307                      Phenotype        DD   0.116E-23
1.      rs11102051                      1.      rs12133039                      Phenotype        DD   0.105E-24
1.      rs11102051                      1.      rs1885801                       Phenotype        DD   0.230E-24
1.      rs10857886                      1.      rs10920443                      Phenotype        DD   0.523E-24
1.      rs12133039                      1.      rs3767785                       Phenotype        DD   0.203E-24
1.      rs12133039                      1.      rs867313                        Phenotype        DD   0.337E-24
1.      rs12133039                      1.      rs3933352                       Phenotype        DD   0.407E-25
1.      rs12133039                      1.      rs10915985                      Phenotype        DD   0.331E-24
1.      rs1885801                       1.      rs3767785                       Phenotype        DD   0.587E-24
1.      rs1885801                       1.      rs867313                        Phenotype        DD   0.872E-24
1.      rs1885801                       1.      rs3933352                       Phenotype        DD   0.120E-24
1.      rs11586307                      1.      rs10927075                      Phenotype        DD   0.128E-24
1.      rs2477106                       1.      rs12057937                      Phenotype        DD   0.438E-27
1.      rs1122919                       1.      rs1171049                       Phenotype        DD   0.420E-28
1.      rs1122919                       1.      rs2885818                       Phenotype        DA   0.439E-26
1.      rs1122919                       1.      rs10915985                      Phenotype        DD   0.115E-27
1.      rs1122919                       1.      rs9645294                       Phenotype        DD   0.452E-26
1.      rs1122919                       1.      rs946355                        Phenotype        DD   0.434E-29
1.      rs1122919                       1.      rs2048864                       Phenotype        DD   0.122E-24
1.      rs10920443                      1.      rs6701743                       Phenotype        AD   0.291E-28
