1.      rs1456466                       1.      rs7534724                       Phenotype        DD   0.103E-28
1.      rs9439521                       1.      rs2893416                       Phenotype        AD   0.662E-28
1.      rs7537362                       1.      rs2893416                       Phenotype        DD   0.389E-32
1.      rs1339363                       1.      rs2893416                       Phenotype        DD   0.628E-35
1.      rs4233050                       1.      rs2893416                       Phenotype        AD   0.769E-27
1.      rs1006265                       1.      rs2893416                       Phenotype        DD   0.276E-34
1.      rs1575072                       1.      rs2893416                       Phenotype        DD   0.157E-34
1.      rs11263860                      1.      rs2893416                       Phenotype        AD   0.241E-27
1.      rs6702202                       1.      rs1937451                       Phenotype        DD   0.112E-31
1.      rs6702202                       1.      rs2893416                       Phenotype        AD   0.321E-27
1.      rs4653219                       1.      rs2893416                       Phenotype        DD   0.171E-34
1.      rs343388                        1.      rs2893416                       Phenotype        DD   0.210E-35
1.      rs1538881                       1.      rs2893416                       Phenotype        AD   0.322E-28
1.      rs1332776                       1.      rs2893416                       Phenotype        AD   0.570E-28
1.      rs6588446                       1.      rs2893416                       Phenotype        AD   0.263E-28
1.      rs1424467                       1.      rs2893416                       Phenotype        AD   0.790E-29
1.      rs10889633                      1.      rs2893416                       Phenotype        AD   0.142E-26
1.      rs10889633                      1.      rs2784173                       Phenotype        DD   0.145E-28
1.      rs2893416                       1.      rs12757663                      Phenotype        DD   0.281E-32
1.      rs2893416                       1.      rs6685355                       Phenotype        DA   0.260E-26
1.      rs2893416                       1.      rs7515577                       Phenotype        DD   0.243E-32
1.      rs2893416                       1.      rs993568                        Phenotype        DD   0.260E-35
1.      rs2893416                       1.      rs12136807                      Phenotype        DA   0.505E-27
1.      rs2893416                       1.      rs1952047                       Phenotype        DD   0.917E-34
1.      rs2893416                       1.      rs3767765                       Phenotype        DD   0.837E-32
1.      rs2893416                       1.      rs7511868                       Phenotype        DD   0.221E-33
1.      rs2893416                       1.      rs1537389                       Phenotype        DD   0.714E-33
1.      rs2893416                       1.      rs10798583                      Phenotype        DA   0.310E-26
1.      rs2893416                       1.      rs1407817                       Phenotype        DD   0.124E-33
1.      rs2893416                       1.      rs507068                        Phenotype        DD   0.359E-34
1.      rs2893416                       1.      rs6667300                       Phenotype        DA   0.631E-28
1.      rs2893416                       1.      rs10863375                      Phenotype        DD   0.174E-33
1.      rs2893416                       1.      rs1473720                       Phenotype        DA   0.621E-27
1.      rs2893416                       1.      rs10442708                      Phenotype        DA   0.120E-26
1.      rs2893416                       1.      rs4649314                       Phenotype        DD   0.960E-35
1.      rs2893416                       1.      rs10926137                      Phenotype        DD   0.858E-34
1.      rs2893416                       1.      rs10926477                      Phenotype        DA   0.297E-26
1.      rs2893416                       1.      rs12735611                      Phenotype        DD   0.396E-35
1.      rs2893416                       1.      rs10802415                      Phenotype        DD   0.166E-31
1.      rs685707                        1.      rs2784173                       Phenotype        DD   0.632E-27
1.      rs6699932                       1.      rs2761565                       Phenotype        DD   0.153E-34
1.      rs6699932                       1.      rs2035302                       Phenotype        AD   0.613E-30
1.      rs2784173                       1.      rs2764879                       Phenotype        DD   0.197E-30
1.      rs2784173                       1.      rs6667300                       Phenotype        AD   0.351E-33
1.      rs17195                         1.      rs6667300                       Phenotype        DD   0.117E-29
1.      rs1801898                       1.      rs522870                        Phenotype        DD   0.422E-27
1.      rs2012430                       1.      rs10495272                      Phenotype        DD   0.319E-32
1.      rs4652343                       1.      rs2035302                       Phenotype        DD   0.103E-30
1.      rs6667300                       1.      rs10779349                      Phenotype        DD   0.416E-31
1.      rs2035302                       1.      rs12743938                      Phenotype        DD   0.635E-35
