1.      rs2985857                       1.      rs1208991                       Phenotype        DD   0.216-115
1.      rs12140494                      1.      rs17471766                      Phenotype        DD   0.577-109
1.      rs12124860                      1.      rs17471766                      Phenotype        DD   0.597-109
1.      rs11249206                      1.      rs6677096                       Phenotype        DD   0.760E-97
1.      rs705206                        1.      rs12076987                      Phenotype        DD   0.943-113
1.      rs6588480                       1.      rs17471766                      Phenotype        DD   0.246-107
1.      rs12133338                      1.      rs1925362                       Phenotype        DD   0.291-108
1.      rs1926310                       1.      rs2644465                       Phenotype        DD   0.812E-91
1.      rs1926310                       1.      rs6677096                       Phenotype        AD   0.139-102
1.      rs563573                        1.      rs17471766                      Phenotype        DD   0.747-114
1.      rs11209143                      1.      rs10801433                      Phenotype        DD   0.101E-93
1.      rs1249812                       1.      rs10801433                      Phenotype        DD   0.262E-97
1.      rs17460200                      1.      rs17471766                      Phenotype        AD   0.463E-99
1.      rs17460200                      1.      rs10911917                      Phenotype        DA   0.168-109
1.      rs17460200                      1.      rs7518498                       Phenotype        DA   0.168-109
1.      rs17460200                      1.      rs12139636                      Phenotype        DD   0.107-100
1.      rs17471766                      1.      rs11585319                      Phenotype        DD   0.360-113
1.      rs17471766                      1.      rs11584566                      Phenotype        DA   0.373-104
1.      rs17471766                      1.      rs17028134                      Phenotype        DA   0.315-133
1.      rs17471766                      1.      rs1408549                       Phenotype        DA   0.142-107
1.      rs17471766                      1.      rs1687061                       Phenotype        DA   0.203-100
1.      rs17471766                      1.      rs10911917                      Phenotype        AD   0.137E-93
1.      rs17471766                      1.      rs7518498                       Phenotype        AD   0.137E-93
1.      rs17471766                      1.      rs17591814                      Phenotype        DA   0.229E-97
1.      rs17471766                      1.      rs10921843                      Phenotype        DD   0.168-117
1.      rs17471766                      1.      rs1346098                       Phenotype        DA   0.473E-90
1.      rs17471766                      1.      rs10920650                      Phenotype        DD   0.550E-96
1.      rs17471766                      1.      rs1925362                       Phenotype        DA   0.103-124
1.      rs17471766                      1.      rs946356                        Phenotype        DD   0.119-113
1.      rs17471766                      1.      rs6677096                       Phenotype        AA   0.226E-95
1.      rs17471766                      1.      rs12076987                      Phenotype        DA   0.247E-98
1.      rs12117800                      1.      rs17028134                      Phenotype        AD   0.110-104
1.      rs12117800                      1.      rs10911917                      Phenotype        AD   0.827E-89
1.      rs12117800                      1.      rs7518498                       Phenotype        AD   0.827E-89
1.      rs2359242                       1.      rs6686510                       Phenotype        DD   0.187-111
1.      rs17028134                      1.      rs10801433                      Phenotype        DA   0.485-104
1.      rs17028134                      1.      rs1694594                       Phenotype        DA   0.715E-92
1.      rs17028134                      1.      rs6677096                       Phenotype        AD   0.339E-90
1.      rs17028134                      1.      rs12076987                      Phenotype        DA   0.437E-90
1.      rs1687061                       1.      rs1694594                       Phenotype        DD   0.119E-94
1.      rs1687061                       1.      rs1925362                       Phenotype        DD   0.271E-91
1.      rs10911917                      1.      rs10801433                      Phenotype        DA   0.959-106
1.      rs10911917                      1.      rs10801433                      Phenotype        AD   0.754E-90
1.      rs10911917                      1.      rs17546779                      Phenotype        DA   0.115-101
1.      rs7518498                       1.      rs10801433                      Phenotype        DA   0.959-106
1.      rs7518498                       1.      rs10801433                      Phenotype        AD   0.754E-90
1.      rs7518498                       1.      rs17546779                      Phenotype        DA   0.115-101
1.      rs10801433                      1.      rs1925362                       Phenotype        DA   0.189-110
1.      rs10801433                      1.      rs6677096                       Phenotype        DA   0.250E-97
1.      rs1925362                       1.      rs6677096                       Phenotype        DA   0.207E-93
