1.      rs7520373                       1.      rs6694677                       Phenotype        DD   0.354-258
1.      rs17396659                      1.      rs10518362                      Phenotype        DD   0.143-285
1.      rs17396659                      1.      rs1215547                       Phenotype        DD   0.895-267
1.      rs504775                        1.      rs6682316                       Phenotype        DD   0.000E+00
1.      rs4920422                       1.      rs10518362                      Phenotype        DD   0.850-250
1.      rs4920422                       1.      rs11161944                      Phenotype        DD   0.104-267
1.      rs4920422                       1.      rs10908622                      Phenotype        DD   0.393-317
1.      rs4920422                       1.      rs6541331                       Phenotype        DD   0.117-254
1.      rs2491142                       1.      rs1533479                       Phenotype        DD   0.359-271
1.      rs2491142                       1.      rs1215547                       Phenotype        DD   0.111-267
1.      rs1533479                       1.      rs6682316                       Phenotype        AD   0.300-261
1.      rs1533479                       1.      rs17258579                      Phenotype        DD   0.100-262
1.      rs1533479                       1.      rs10912698                      Phenotype        DD   0.845-262
1.      rs1533479                       1.      rs6541331                       Phenotype        DD   0.144-252
1.      rs6694677                       1.      rs1887402                       Phenotype        DD   0.458-279
1.      rs6694677                       1.      rs6682316                       Phenotype        AD   0.334-294
1.      rs6694677                       1.      rs4658573                       Phenotype        DD   0.443-263
1.      rs9970807                       1.      rs12135635                      Phenotype        DD   0.983-259
1.      rs9970807                       1.      rs7527032                       Phenotype        DD   0.243-319
1.      rs9970807                       1.      rs1503809                       Phenotype        DD   0.230-285
1.      rs9970807                       1.      rs10912698                      Phenotype        DA   0.299-280
1.      rs9970807                       1.      rs28417119                      Phenotype        DD   0.359-317
1.      rs10518362                      1.      rs6682316                       Phenotype        DA   0.465-303
1.      rs10518362                      1.      rs6682316                       Phenotype        AD   0.127-291
1.      rs10518362                      1.      rs7512322                       Phenotype        DD   0.173-265
1.      rs10518362                      1.      rs4838914                       Phenotype        DD   0.115-283
1.      rs10518362                      1.      rs10913530                      Phenotype        DD   0.204-258
1.      rs10518362                      1.      rs4330896                       Phenotype        DD   0.324-260
1.      rs10518362                      1.      rs2820376                       Phenotype        DD   0.429-259
1.      rs11161944                      1.      rs12086                         Phenotype        DD   0.142-290
1.      rs11161944                      1.      rs9287229                       Phenotype        DD   0.194-304
1.      rs3008440                       1.      rs12135240                      Phenotype        DD   0.152-260
1.      rs1215547                       1.      rs6682316                       Phenotype        DA   0.322-304
1.      rs1215547                       1.      rs10857787                      Phenotype        DD   0.170-261
1.      rs1215547                       1.      rs3177980                       Phenotype        DD   0.462-271
1.      rs1215547                       1.      rs4330896                       Phenotype        DD   0.186-255
1.      rs1215547                       1.      rs6541331                       Phenotype        AD   0.965-273
1.      rs6682316                       1.      rs7512322                       Phenotype        DA   0.129-260
1.      rs6682316                       1.      rs12086                         Phenotype        DA   0.203-259
1.      rs6682316                       1.      rs4330896                       Phenotype        DA   0.190-312
1.      rs6682316                       1.      rs12035190                      Phenotype        DD   0.152-285
1.      rs6682316                       1.      rs6541331                       Phenotype        DA   0.401-257
1.      rs10857787                      1.      rs10912698                      Phenotype        DD   0.443-289
1.      rs10857787                      1.      rs6541331                       Phenotype        DD   0.323-274
1.      rs7512322                       1.      rs6541331                       Phenotype        DD   0.304-261
1.      rs2938323                       1.      rs10912698                      Phenotype        DD   0.361-293
1.      rs2938323                       1.      rs6541331                       Phenotype        DD   0.164-281
1.      rs10912698                      1.      rs4330896                       Phenotype        DD   0.109-289
1.      rs10912698                      1.      rs2820376                       Phenotype        DD   0.575-287
1.      rs12135240                      1.      rs10127783                      Phenotype        DD   0.101-264
