1.      rs16838591                      1.      rs17260690                      Phenotype        AD   0.000E+00
1.      rs10799159                      1.      rs17260690                      Phenotype        DD   0.000E+00
1.      rs2290849                       1.      rs17260690                      Phenotype        AD   0.000E+00
1.      rs7537982                       1.      rs17260690                      Phenotype        DD   0.000E+00
1.      rs7537982                       1.      rs17260690                      Phenotype        AD   0.000E+00
1.      rs4920408                       1.      rs17260690                      Phenotype        AD   0.000E+00
1.      rs4920408                       1.      rs17260690                      Phenotype        DD   0.000E+00
1.      rs10917536                      1.      rs17260690                      Phenotype        DD   0.000E+00
1.      rs10917536                      1.      rs17260690                      Phenotype        AD   0.000E+00
1.      rs538485                        1.      rs17260690                      Phenotype        DD   0.000E+00
1.      rs538485                        1.      rs17260690                      Phenotype        AD   0.000E+00
1.      rs10789419                      1.      rs17260690                      Phenotype        AD   0.000E+00
1.      rs10789419                      1.      rs17260690                      Phenotype        DD   0.000E+00
1.      rs1179484                       1.      rs6685613                       Phenotype        DD   0.000E+00
1.      rs4927186                       1.      rs17260690                      Phenotype        DD   0.000E+00
1.      rs4927186                       1.      rs17260690                      Phenotype        AD   0.000E+00
1.      rs7538333                       1.      rs17260690                      Phenotype        DD   0.000E+00
1.      rs1495965                       1.      rs17260690                      Phenotype        DD   0.000E+00
1.      rs1495965                       1.      rs17260690                      Phenotype        AD   0.000E+00
1.      rs2143992                       1.      rs17260690                      Phenotype        DD   0.000E+00
1.      rs2143992                       1.      rs17260690                      Phenotype        AD   0.000E+00
1.      rs3748785                       1.      rs17260690                      Phenotype        AD   0.000E+00
1.      rs6577380                       1.      rs17260690                      Phenotype        DD   0.000E+00
1.      rs6577380                       1.      rs17260690                      Phenotype        AD   0.000E+00
1.      rs12040845                      1.      rs17260690                      Phenotype        DD   0.000E+00
1.      rs12040845                      1.      rs17260690                      Phenotype        AD   0.000E+00
1.      rs12567153                      1.      rs17260690                      Phenotype        DD   0.000E+00
1.      rs12567153                      1.      rs17260690                      Phenotype        AD   0.000E+00
1.      rs7519009                       1.      rs17260690                      Phenotype        DD   0.000E+00
1.      rs4915400                       1.      rs17260690                      Phenotype        DD   0.000E+00
1.      rs4951043                       1.      rs17260690                      Phenotype        DD   0.000E+00
1.      rs4951043                       1.      rs17260690                      Phenotype        AD   0.000E+00
1.      rs6691942                       1.      rs17260690                      Phenotype        DD   0.000E+00
1.      rs6691942                       1.      rs17260690                      Phenotype        AD   0.000E+00
1.      rs6685613                       1.      rs17260690                      Phenotype        DA   0.000E+00
1.      rs6685613                       1.      rs17260690                      Phenotype        AD   0.000E+00
1.      rs17260690                      1.      rs4655453                       Phenotype        DD   0.000E+00
1.      rs17260690                      1.      rs12137341                      Phenotype        DA   0.000E+00
1.      rs17260690                      1.      rs12137341                      Phenotype        AD   0.000E+00
1.      rs17260690                      1.      rs12402039                      Phenotype        DD   0.000E+00
1.      rs17260690                      1.      rs12402039                      Phenotype        DA   0.000E+00
1.      rs17260690                      1.      rs10916633                      Phenotype        DD   0.000E+00
1.      rs17260690                      1.      rs3014272                       Phenotype        DD   0.000E+00
1.      rs17260690                      1.      rs3014272                       Phenotype        DA   0.000E+00
1.      rs17260690                      1.      rs12028816                      Phenotype        DD   0.000E+00
1.      rs17260690                      1.      rs12028816                      Phenotype        DA   0.000E+00
1.      rs17260690                      1.      rs1815656                       Phenotype        DD   0.000E+00
1.      rs17260690                      1.      rs1815656                       Phenotype        DA   0.000E+00
1.      rs17260690                      1.      rs1176064                       Phenotype        DD   0.000E+00
1.      rs17260690                      1.      rs1176064                       Phenotype        DA   0.000E+00
