1.      rs10779795                      1.      rs380518                        Phenotype        DD   0.672E-11
1.      rs3789572                       1.      rs380518                        Phenotype        DD   0.545E-11
1.      rs198388                        1.      rs2602953                       Phenotype        DD   0.426E-09
1.      rs7548984                       1.      rs2031959                       Phenotype        DD   0.679E-16
1.      rs7548984                       1.      rs1535035                       Phenotype        DD   0.647E-17
1.      rs7548984                       1.      rs6667458                       Phenotype        DD   0.696E-09
1.      rs7548984                       1.      rs2203763                       Phenotype        DD   0.110E-23
1.      rs1416819                       1.      rs12126735                      Phenotype        DA   0.257E-17
1.      rs1416819                       1.      rs12126735                      Phenotype        AD   0.283E-11
1.      rs1416819                       1.      rs12126735                      Phenotype        AA   0.562E-10
1.      rs1416819                       1.      rs6664697                       Phenotype        DD   0.111E-18
1.      rs6691404                       1.      rs12126735                      Phenotype        AD   0.142E-18
1.      rs6691404                       1.      rs12126735                      Phenotype        DD   0.767E-09
1.      rs6691404                       1.      rs703121                        Phenotype        DD   0.616E-15
1.      rs6691404                       1.      rs10912276                      Phenotype        DD   0.194E-14
1.      rs6691404                       1.      rs10912276                      Phenotype        AD   0.585E-09
1.      rs6691404                       1.      rs12133634                      Phenotype        DD   0.419E-21
1.      rs6691404                       1.      rs1544970                       Phenotype        DD   0.930E-15
1.      rs6691404                       1.      rs6664697                       Phenotype        DD   0.336E-17
1.      rs1555024                       1.      rs7511891                       Phenotype        DD   0.371E-16
1.      rs4520361                       1.      rs213644                        Phenotype        DD   0.121E-09
1.      rs4520361                       1.      rs213640                        Phenotype        DD   0.257E-09
1.      rs213644                        1.      rs7511891                       Phenotype        DD   0.504E-10
1.      rs213644                        1.      rs7511891                       Phenotype        AD   0.729E-09
1.      rs213640                        1.      rs7511891                       Phenotype        DD   0.468E-10
1.      rs213640                        1.      rs7511891                       Phenotype        AD   0.324E-09
1.      rs4660473                       1.      rs2031959                       Phenotype        DD   0.127E-17
1.      rs4660473                       1.      rs2203763                       Phenotype        DD   0.359E-09
1.      rs4660473                       1.      rs7544991                       Phenotype        DD   0.192E-10
1.      rs2809656                       1.      rs12126735                      Phenotype        DD   0.224E-19
1.      rs2147449                       1.      rs3820580                       Phenotype        DD   0.103E-08
1.      rs2147449                       1.      rs12126735                      Phenotype        DD   0.278E-13
1.      rs2147449                       1.      rs12126735                      Phenotype        AD   0.142E-09
1.      rs12126735                      1.      rs12750801                      Phenotype        DD   0.765E-18
1.      rs12126735                      1.      rs7511891                       Phenotype        DD   0.131E-12
1.      rs12126735                      1.      rs7511891                       Phenotype        AD   0.326E-09
1.      rs12126735                      1.      rs12043531                      Phenotype        DA   0.787E-10
1.      rs12126735                      1.      rs703121                        Phenotype        DD   0.507E-12
1.      rs12126735                      1.      rs10912276                      Phenotype        DD   0.428E-13
1.      rs12126735                      1.      rs10912276                      Phenotype        DA   0.548E-12
1.      rs12126735                      1.      rs12757165                      Phenotype        DD   0.158E-15
1.      rs12126735                      1.      rs12757165                      Phenotype        DA   0.533E-10
1.      rs12126735                      1.      rs6677565                       Phenotype        DD   0.639E-15
1.      rs12126735                      1.      rs6664697                       Phenotype        DD   0.632E-16
1.      rs2602953                       1.      rs524855                        Phenotype        DD   0.672E-10
1.      rs2602953                       1.      rs12098046                      Phenotype        DD   0.514E-09
1.      rs7511891                       1.      rs6671212                       Phenotype        DD   0.755E-10
1.      rs380518                        1.      rs6670818                       Phenotype        DD   0.552E-19
1.      rs380518                        1.      rs16862933                      Phenotype        DD   0.676E-22
1.      rs380518                        1.      rs6661833                       Phenotype        DD   0.901E-09
