1.      rs6679217                       1.      rs10782816                      Phenotype        DD   0.210E-09
1.      rs2864705                       1.      rs10782816                      Phenotype        DD   0.164E-09
1.      rs10914187                      1.      rs1415281                       Phenotype        DD   0.230E-08
1.      rs28435150                      1.      rs1415281                       Phenotype        DD   0.388E-07
1.      rs626842                        1.      rs1415281                       Phenotype        AD   0.698E-08
1.      rs3766209                       1.      rs10782816                      Phenotype        DD   0.104E-07
1.      rs11205768                      1.      rs1415281                       Phenotype        DD   0.441E-10
1.      rs11205768                      1.      rs10782816                      Phenotype        DD   0.302E-11
1.      rs2317948                       1.      rs1415281                       Phenotype        DD   0.157E-11
1.      rs4424536                       1.      rs10489296                      Phenotype        DD   0.338E-07
1.      rs1283256                       1.      rs1415281                       Phenotype        DD   0.188E-07
1.      rs1283256                       1.      rs10782816                      Phenotype        DD   0.191E-10
1.      rs11209183                      1.      rs1415281                       Phenotype        DA   0.370E-09
1.      rs11209183                      1.      rs1415281                       Phenotype        DD   0.526E-09
1.      rs11209183                      1.      rs10782816                      Phenotype        DA   0.950E-08
1.      rs11209183                      1.      rs1006598                       Phenotype        DD   0.289E-10
1.      rs11209183                      1.      rs1393385                       Phenotype        DD   0.172E-11
1.      rs11209183                      1.      rs11122325                      Phenotype        DD   0.230E-11
1.      rs11209183                      1.      rs4658883                       Phenotype        DD   0.126E-10
1.      rs1415281                       1.      rs10782816                      Phenotype        DA   0.636E-15
1.      rs1415281                       1.      rs818517                        Phenotype        DA   0.474E-08
1.      rs1415281                       1.      rs2493202                       Phenotype        DD   0.153E-07
1.      rs1415281                       1.      rs10800386                      Phenotype        DD   0.225E-12
1.      rs1415281                       1.      rs10912995                      Phenotype        DD   0.141E-09
1.      rs1415281                       1.      rs7537508                       Phenotype        DA   0.302E-08
1.      rs1415281                       1.      rs10465513                      Phenotype        DD   0.104E-07
1.      rs1415281                       1.      rs10458353                      Phenotype        DD   0.168E-07
1.      rs1415281                       1.      rs16833832                      Phenotype        DD   0.778E-08
1.      rs1415281                       1.      rs11120438                      Phenotype        DD   0.180E-07
1.      rs1415281                       1.      rs2298925                       Phenotype        DD   0.315E-07
1.      rs1415281                       1.      rs7529228                       Phenotype        DA   0.299E-07
1.      rs1415281                       1.      rs11122325                      Phenotype        DA   0.299E-09
1.      rs1415281                       1.      rs4658883                       Phenotype        DA   0.560E-09
1.      rs1415281                       1.      rs11589612                      Phenotype        DA   0.332E-08
1.      rs1415281                       1.      rs1002726                       Phenotype        DD   0.161E-10
1.      rs10782816                      1.      rs316672                        Phenotype        DD   0.189E-10
1.      rs10782816                      1.      rs1006598                       Phenotype        DA   0.221E-11
1.      rs10782816                      1.      rs2493202                       Phenotype        DD   0.209E-07
1.      rs10782816                      1.      rs12028453                      Phenotype        DA   0.131E-07
1.      rs10782816                      1.      rs1494324                       Phenotype        DD   0.433E-08
1.      rs10782816                      1.      rs7541193                       Phenotype        DD   0.320E-09
1.      rs10782816                      1.      rs7541193                       Phenotype        DA   0.202E-07
1.      rs10782816                      1.      rs11122325                      Phenotype        DD   0.103E-07
1.      rs10782816                      1.      rs2790336                       Phenotype        DA   0.840E-13
1.      rs1006598                       1.      rs1494324                       Phenotype        DD   0.249E-07
1.      rs1006598                       1.      rs1002726                       Phenotype        DD   0.772E-13
1.      rs321561                        1.      rs16833832                      Phenotype        DD   0.715E-08
1.      rs1053590                       1.      rs10489296                      Phenotype        DD   0.157E-07
1.      rs2501873                       1.      rs10489296                      Phenotype        DD   0.125E-07
1.      rs10489296                      1.      rs2010504                       Phenotype        DD   0.221E-07
