1.      rs7525173                       1.      rs11583221                      Phenotype        DD   0.301E-29
1.      rs350170                        1.      rs1112314                       Phenotype        DD   0.111E-30
1.      rs350170                        1.      rs2591000                       Phenotype        DD   0.486E-30
1.      rs350170                        1.      rs17539583                      Phenotype        DD   0.740E-30
1.      rs350170                        1.      rs12732104                      Phenotype        DD   0.281E-32
1.      rs496604                        1.      rs7519457                       Phenotype        AD   0.106E-28
1.      rs12121975                      1.      rs7519457                       Phenotype        DD   0.456E-28
1.      rs7519457                       1.      rs3118214                       Phenotype        DD   0.879E-25
1.      rs7519457                       1.      rs11583221                      Phenotype        AD   0.144E-27
1.      rs7519457                       1.      rs12092568                      Phenotype        DD   0.728E-29
1.      rs7519457                       1.      rs10127631                      Phenotype        AD   0.657E-30
1.      rs7519457                       1.      rs12091558                      Phenotype        DD   0.399E-35
1.      rs7519457                       1.      rs9730400                       Phenotype        DD   0.106E-42
1.      rs1737344                       1.      rs10127631                      Phenotype        AD   0.252E-28
1.      rs10916777                      1.      rs1426083                       Phenotype        DD   0.634E-33
1.      rs10916777                      1.      rs1112314                       Phenotype        DD   0.139E-30
1.      rs10916777                      1.      rs10127631                      Phenotype        AD   0.908E-25
1.      rs674386                        1.      rs10127631                      Phenotype        DD   0.710E-36
1.      rs4440845                       1.      rs17130780                      Phenotype        DD   0.119E-24
1.      rs7548624                       1.      rs10127631                      Phenotype        AD   0.179E-26
1.      rs1426083                       1.      rs1112314                       Phenotype        DD   0.170E-27
1.      rs1426083                       1.      rs11583221                      Phenotype        DD   0.610E-25
1.      rs1426083                       1.      rs10127631                      Phenotype        AD   0.239E-29
1.      rs572144                        1.      rs17130780                      Phenotype        DD   0.477E-26
1.      rs1870676                       1.      rs17130780                      Phenotype        DD   0.130E-25
1.      rs12133614                      1.      rs10127631                      Phenotype        AD   0.420E-25
1.      rs211764                        1.      rs17130780                      Phenotype        DD   0.780E-25
1.      rs10489506                      1.      rs17130780                      Phenotype        DD   0.518E-27
1.      rs926684                        1.      rs1112314                       Phenotype        DD   0.261E-30
1.      rs17130780                      1.      rs11583221                      Phenotype        AD   0.377E-25
1.      rs17130780                      1.      rs333951                        Phenotype        DD   0.112E-25
1.      rs17130780                      1.      rs4246529                       Phenotype        DD   0.520E-26
1.      rs17130780                      1.      rs4554719                       Phenotype        DD   0.859E-25
1.      rs17130780                      1.      rs7535818                       Phenotype        DD   0.703E-29
1.      rs17130780                      1.      rs10864035                      Phenotype        DD   0.202E-26
1.      rs1011903                       1.      rs11583221                      Phenotype        DD   0.118E-36
1.      rs1889407                       1.      rs10127631                      Phenotype        AD   0.397E-25
1.      rs10874883                      1.      rs11583221                      Phenotype        DD   0.480E-25
1.      rs12120217                      1.      rs11583221                      Phenotype        DD   0.879E-25
1.      rs1112314                       1.      rs12092568                      Phenotype        DD   0.740E-29
1.      rs1112314                       1.      rs10127631                      Phenotype        AD   0.134E-29
1.      rs6696976                       1.      rs11583221                      Phenotype        DD   0.341E-30
1.      rs6696976                       1.      rs10127631                      Phenotype        AD   0.679E-33
1.      rs11583221                      1.      rs3934839                       Phenotype        DD   0.125E-25
1.      rs11583221                      1.      rs17539583                      Phenotype        DA   0.490E-26
1.      rs11583221                      1.      rs2451604                       Phenotype        DD   0.764E-25
1.      rs696958                        1.      rs10127631                      Phenotype        DD   0.954E-39
1.      rs4394613                       1.      rs10127631                      Phenotype        DD   0.447E-36
1.      rs10127631                      1.      rs12027086                      Phenotype        DD   0.648E-30
1.      rs10127631                      1.      rs12732104                      Phenotype        DA   0.122E-26
