1.      rs6604968                       1.      rs4281320                       Phenotype        DA   0.619E-07
1.      rs6604968                       1.      rs1217419                       Phenotype        DA   0.204E-07
1.      rs6604968                       1.      rs6670315                       Phenotype        DD   0.402E-07
1.      rs6604968                       1.      rs3924320                       Phenotype        DD   0.290E-06
1.      rs6604968                       1.      rs2355237                       Phenotype        DD   0.164E-06
1.      rs6426418                       1.      rs12097141                      Phenotype        AD   0.808E-07
1.      rs11121466                      1.      rs2154366                       Phenotype        DD   0.327E-08
1.      rs11121466                      1.      rs12083381                      Phenotype        AD   0.433E-06
1.      rs6698315                       1.      rs1063178                       Phenotype        AD   0.171E-06
1.      rs870549                        1.      rs12083381                      Phenotype        AD   0.191E-06
1.      rs1407135                       1.      rs12083381                      Phenotype        DD   0.264E-06
1.      rs3121518                       1.      rs12083381                      Phenotype        AD   0.984E-06
1.      rs10888672                      1.      rs12083381                      Phenotype        AD   0.993E-06
1.      rs17115341                      1.      rs1811700                       Phenotype        DD   0.171E-07
1.      rs17115341                      1.      rs12731388                      Phenotype        DD   0.904E-06
1.      rs17115341                      1.      rs12145172                      Phenotype        DA   0.715E-07
1.      rs17115341                      1.      rs6692812                       Phenotype        DD   0.132E-06
1.      rs17115341                      1.      rs11582183                      Phenotype        DA   0.119E-06
1.      rs17115341                      1.      rs4925798                       Phenotype        DD   0.103E-06
1.      rs12407697                      1.      rs12083381                      Phenotype        DD   0.648E-06
1.      rs17118106                      1.      rs2791398                       Phenotype        DA   0.239E-08
1.      rs2716140                       1.      rs2651237                       Phenotype        DD   0.411E-08
1.      rs331635                        1.      rs12145172                      Phenotype        AD   0.119E-06
1.      rs331635                        1.      rs12083381                      Phenotype        DD   0.451E-07
1.      rs11811517                      1.      rs12083381                      Phenotype        DD   0.243E-07
1.      rs17128445                      1.      rs695172                        Phenotype        DD   0.195E-06
1.      rs12145172                      1.      rs2651237                       Phenotype        DA   0.205E-06
1.      rs12145172                      1.      rs773602                        Phenotype        DA   0.145E-06
1.      rs12145172                      1.      rs1063178                       Phenotype        DA   0.581E-07
1.      rs12145172                      1.      rs10800013                      Phenotype        DD   0.220E-06
1.      rs12145172                      1.      rs17279065                      Phenotype        DD   0.146E-07
1.      rs12145172                      1.      rs3010147                       Phenotype        DD   0.125E-07
1.      rs2066371                       1.      rs12083381                      Phenotype        DD   0.402E-06
1.      rs10782582                      1.      rs12083381                      Phenotype        DD   0.721E-06
1.      rs6701126                       1.      rs4657196                       Phenotype        DA   0.373E-06
1.      rs12097141                      1.      rs7553752                       Phenotype        AA   0.962E-06
1.      rs12097141                      1.      rs2841382                       Phenotype        DA   0.981E-06
1.      rs1938364                       1.      rs12083381                      Phenotype        AA   0.464E-07
1.      rs2229238                       1.      rs3010147                       Phenotype        DD   0.218E-06
1.      rs6692812                       1.      rs2154366                       Phenotype        DD   0.737E-08
1.      rs2165090                       1.      rs12083381                      Phenotype        DD   0.505E-06
1.      rs12735996                      1.      rs2791398                       Phenotype        DD   0.304E-06
1.      rs2294742                       1.      rs1997018                       Phenotype        DD   0.900E-06
1.      rs12061219                      1.      rs12083381                      Phenotype        DD   0.239E-07
1.      rs3010147                       1.      rs12083381                      Phenotype        AD   0.326E-06
1.      rs12083381                      1.      rs4950976                       Phenotype        DA   0.646E-06
1.      rs12083381                      1.      rs2437149                       Phenotype        DD   0.101E-05
1.      rs12083381                      1.      rs7541554                       Phenotype        DD   0.196E-06
1.      rs12083381                      1.      rs12082673                      Phenotype        DD   0.496E-07
1.      rs2050934                       1.      rs2791398                       Phenotype        DD   0.711E-08
