1.      rs3736330                       1.      rs7528694                       Phenotype        DD   0.000E+00
1.      rs4654465                       1.      rs197414                        Phenotype        DD   0.000E+00
1.      rs4654465                       1.      rs1217413                       Phenotype        DD   0.000E+00
1.      rs2871656                       1.      rs2300565                       Phenotype        DD   0.000E+00
1.      rs10907331                      1.      rs7528694                       Phenotype        DD   0.155-293
1.      rs12144104                      1.      rs2300565                       Phenotype        DD   0.000E+00
1.      rs9729312                       1.      rs7528694                       Phenotype        AD   0.392-302
1.      rs12047169                      1.      rs7528694                       Phenotype        AD   0.951-302
1.      rs7555099                       1.      rs7528694                       Phenotype        AD   0.000E+00
1.      rs1022265                       1.      rs197414                        Phenotype        DD   0.000E+00
1.      rs1022265                       1.      rs7528694                       Phenotype        AD   0.736-313
1.      rs11208308                      1.      rs2300565                       Phenotype        DD   0.000E+00
1.      rs11208308                      1.      rs7528694                       Phenotype        AD   0.000E+00
1.      rs1567214                       1.      rs7528694                       Phenotype        AD   0.206-303
1.      rs277391                        1.      rs7528694                       Phenotype        DD   0.125-290
1.      rs6670304                       1.      rs7528694                       Phenotype        AD   0.343-304
1.      rs1335679                       1.      rs4557955                       Phenotype        DD   0.000E+00
1.      rs993714                        1.      rs7528694                       Phenotype        DD   0.000E+00
1.      rs12134860                      1.      rs7528694                       Phenotype        DD   0.000E+00
1.      rs3102053                       1.      rs7528694                       Phenotype        AD   0.000E+00
1.      rs3102053                       1.      rs7528694                       Phenotype        DA   0.000E+00
1.      rs197414                        1.      rs12129419                      Phenotype        DD   0.932-308
1.      rs197414                        1.      rs12082129                      Phenotype        DD   0.000E+00
1.      rs197414                        1.      rs10802395                      Phenotype        DD   0.000E+00
1.      rs4839335                       1.      rs2300565                       Phenotype        DD   0.118-307
1.      rs4839335                       1.      rs7528694                       Phenotype        DA   0.000E+00
1.      rs4839335                       1.      rs7528694                       Phenotype        AD   0.108-319
1.      rs4839335                       1.      rs4557955                       Phenotype        DD   0.000E+00
1.      rs4839335                       1.      rs2809358                       Phenotype        DD   0.000E+00
1.      rs4839335                       1.      rs2808241                       Phenotype        DD   0.000E+00
1.      rs1217413                       1.      rs2300565                       Phenotype        DA   0.102-313
1.      rs1217413                       1.      rs7528694                       Phenotype        DA   0.000E+00
1.      rs1217413                       1.      rs7528694                       Phenotype        AD   0.000E+00
1.      rs1217413                       1.      rs4557955                       Phenotype        DD   0.000E+00
1.      rs1217413                       1.      rs2809358                       Phenotype        DD   0.000E+00
1.      rs1217413                       1.      rs2808241                       Phenotype        DD   0.000E+00
1.      rs1217388                       1.      rs2300565                       Phenotype        DD   0.995-305
1.      rs1217388                       1.      rs7528694                       Phenotype        DA   0.000E+00
1.      rs1217388                       1.      rs7528694                       Phenotype        AD   0.105-319
1.      rs1217388                       1.      rs4557955                       Phenotype        DD   0.000E+00
1.      rs1217388                       1.      rs2809358                       Phenotype        DD   0.000E+00
1.      rs1217388                       1.      rs2808241                       Phenotype        DD   0.000E+00
1.      rs749902                        1.      rs7528694                       Phenotype        DD   0.000E+00
1.      rs2300565                       1.      rs7528694                       Phenotype        DA   0.160-291
1.      rs3946168                       1.      rs7528694                       Phenotype        DD   0.000E+00
1.      rs7528694                       1.      rs2931610                       Phenotype        DA   0.131-290
1.      rs7528694                       1.      rs4557955                       Phenotype        DA   0.184-302
1.      rs7528694                       1.      rs1342387                       Phenotype        DA   0.298-311
1.      rs7528694                       1.      rs6593924                       Phenotype        DA   0.000E+00
1.      rs7528694                       1.      rs10802395                      Phenotype        DA   0.280-290
