1.      rs11590912                      1.      rs4971113                       Phenotype        DD   0.119E-04
1.      rs12410249                      1.      rs6656903                       Phenotype        DD   0.632E-05
1.      rs11573219                      1.      rs10927334                      Phenotype        AD   0.252E-05
1.      rs12410046                      1.      rs2051145                       Phenotype        DD   0.622E-05
1.      rs11247950                      1.      rs1937456                       Phenotype        AD   0.190E-05
1.      rs6656903                       1.      rs12123324                      Phenotype        DA   0.143E-05
1.      rs6656903                       1.      rs12123324                      Phenotype        AA   0.104E-04
1.      rs6656903                       1.      rs9787265                       Phenotype        DA   0.448E-06
1.      rs2074678                       1.      rs12037408                      Phenotype        AD   0.952E-05
1.      rs2074678                       1.      rs628407                        Phenotype        DD   0.280E-06
1.      rs12130438                      1.      rs12123324                      Phenotype        DD   0.845E-05
1.      rs12130438                      1.      rs1937017                       Phenotype        DD   0.481E-05
1.      rs16832018                      1.      rs2065944                       Phenotype        DD   0.855E-07
1.      rs16832018                      1.      rs1578487                       Phenotype        AD   0.511E-06
1.      rs928685                        1.      rs3766691                       Phenotype        DD   0.526E-05
1.      rs12034515                      1.      rs12129551                      Phenotype        AA   0.123E-05
1.      rs12123269                      1.      rs486453                        Phenotype        AD   0.103E-04
1.      rs2065944                       1.      rs17122212                      Phenotype        AD   0.444E-05
1.      rs2065944                       1.      rs12123324                      Phenotype        DA   0.480E-05
1.      rs4927101                       1.      rs10918448                      Phenotype        DD   0.110E-04
1.      rs11207036                      1.      rs6675858                       Phenotype        DD   0.607E-05
1.      rs17122212                      1.      rs2271657                       Phenotype        DD   0.103E-04
1.      rs1937456                       1.      rs561119                        Phenotype        DD   0.401E-05
1.      rs1937456                       1.      rs6577158                       Phenotype        DD   0.434E-05
1.      rs11578662                      1.      rs7522056                       Phenotype        AD   0.764E-06
1.      rs11581047                      1.      rs12030805                      Phenotype        AD   0.119E-04
1.      rs12123324                      1.      rs7532081                       Phenotype        AD   0.119E-04
1.      rs12123324                      1.      rs2359417                       Phenotype        AD   0.257E-07
1.      rs12123324                      1.      rs1503832                       Phenotype        DD   0.781E-05
1.      rs12123324                      1.      rs9787265                       Phenotype        AD   0.106E-14
1.      rs12123324                      1.      rs9787265                       Phenotype        AA   0.543E-10
1.      rs12123324                      1.      rs2815284                       Phenotype        DD   0.198E-06
1.      rs203229                        1.      rs2764447                       Phenotype        DD   0.166E-06
1.      rs6677175                       1.      rs10922769                      Phenotype        DD   0.586E-05
1.      rs11164048                      1.      rs7419237                       Phenotype        AD   0.132E-04
1.      rs561119                        1.      rs7532081                       Phenotype        DA   0.506E-07
1.      rs561119                        1.      rs10801337                      Phenotype        DA   0.571E-05
1.      rs561119                        1.      rs7366357                       Phenotype        DA   0.429E-05
1.      rs6577158                       1.      rs7532081                       Phenotype        DA   0.496E-07
1.      rs6577158                       1.      rs10801337                      Phenotype        DA   0.574E-05
1.      rs6577158                       1.      rs7366357                       Phenotype        DA   0.460E-05
1.      rs12047398                      1.      rs2686240                       Phenotype        AA   0.345E-05
1.      rs6677101                       1.      rs2686240                       Phenotype        AA   0.255E-05
1.      rs9787265                       1.      rs7366357                       Phenotype        AD   0.443E-05
1.      rs2811585                       1.      rs1039287                       Phenotype        DD   0.479E-05
1.      rs6658647                       1.      rs4658883                       Phenotype        DD   0.729E-05
1.      rs4657141                       1.      rs11802122                      Phenotype        AD   0.110E-04
1.      rs2271657                       1.      rs2236537                       Phenotype        DD   0.943E-05
1.      rs2271657                       1.      rs1578487                       Phenotype        DD   0.222E-05
1.      rs12741729                      1.      rs4353136                       Phenotype        DA   0.591E-05
