1.      rs6670965                       1.      rs35835790                      Phenotype        DD   0.597E-27
1.      rs527315                        1.      rs4348724                       Phenotype        DD   0.285E-23
1.      rs11590681                      1.      rs35835790                      Phenotype        AD   0.560E-22
1.      rs501832                        1.      rs35835790                      Phenotype        DD   0.339E-27
1.      rs975761                        1.      rs35835790                      Phenotype        AD   0.170E-21
1.      rs3791063                       1.      rs35835790                      Phenotype        AD   0.191E-21
1.      rs741959                        1.      rs35835790                      Phenotype        AD   0.102E-21
1.      rs835342                        1.      rs35835790                      Phenotype        AD   0.832E-22
1.      rs514550                        1.      rs35835790                      Phenotype        DD   0.207E-27
1.      rs12040048                      1.      rs35835790                      Phenotype        DD   0.680E-24
1.      rs17376574                      1.      rs35835790                      Phenotype        DD   0.309E-26
1.      rs11207827                      1.      rs9660464                       Phenotype        DA   0.302E-25
1.      rs825239                        1.      rs35835790                      Phenotype        DD   0.152E-31
1.      rs7526812                       1.      rs9437435                       Phenotype        DD   0.502E-22
1.      rs7526812                       1.      rs11163340                      Phenotype        DD   0.157E-24
1.      rs7526812                       1.      rs9660464                       Phenotype        DA   0.623E-29
1.      rs1249813                       1.      rs35835790                      Phenotype        DD   0.256E-29
1.      rs12239226                      1.      rs35835790                      Phenotype        AD   0.138E-22
1.      rs7518107                       1.      rs35835790                      Phenotype        DD   0.111E-23
1.      rs35835790                      1.      rs1027306                       Phenotype        DA   0.183E-24
1.      rs35835790                      1.      rs6702842                       Phenotype        DD   0.407E-26
1.      rs35835790                      1.      rs10888470                      Phenotype        DD   0.208E-31
1.      rs35835790                      1.      rs4845601                       Phenotype        DD   0.188E-29
1.      rs35835790                      1.      rs10918897                      Phenotype        DA   0.179E-21
1.      rs35835790                      1.      rs565397                        Phenotype        DD   0.271E-23
1.      rs35835790                      1.      rs2294720                       Phenotype        DA   0.177E-21
1.      rs35835790                      1.      rs12122361                      Phenotype        DD   0.261E-28
1.      rs35835790                      1.      rs12119698                      Phenotype        DD   0.237E-25
1.      rs35835790                      1.      rs12022201                      Phenotype        DD   0.113E-27
1.      rs35835790                      1.      rs11582261                      Phenotype        DA   0.291E-22
1.      rs35835790                      1.      rs2756199                       Phenotype        DD   0.523E-28
1.      rs35835790                      1.      rs7554573                       Phenotype        DA   0.113E-21
1.      rs35835790                      1.      rs2784103                       Phenotype        DD   0.154E-26
1.      rs35835790                      1.      rs705769                        Phenotype        DA   0.491E-22
1.      rs35835790                      1.      rs4245727                       Phenotype        DA   0.270E-22
1.      rs35835790                      1.      rs1781030                       Phenotype        DA   0.969E-23
1.      rs35835790                      1.      rs1501558                       Phenotype        DD   0.168E-29
1.      rs35835790                      1.      rs11120168                      Phenotype        DD   0.119E-28
1.      rs35835790                      1.      rs335524                        Phenotype        DD   0.328E-25
1.      rs35835790                      1.      rs1544298                       Phenotype        DA   0.982E-23
1.      rs35835790                      1.      rs2376831                       Phenotype        DA   0.112E-21
1.      rs35835790                      1.      rs6657854                       Phenotype        DD   0.413E-27
1.      rs35835790                      1.      rs9660543                       Phenotype        DD   0.256E-22
1.      rs35835790                      1.      rs7521117                       Phenotype        DD   0.146E-27
1.      rs35835790                      1.      rs647578                        Phenotype        DD   0.265E-27
1.      rs35835790                      1.      rs1021357                       Phenotype        DA   0.689E-22
1.      rs35835790                      1.      rs10925971                      Phenotype        DA   0.198E-22
1.      rs35835790                      1.      rs2791371                       Phenotype        DA   0.149E-21
1.      rs954472                        1.      rs9660464                       Phenotype        DD   0.468E-22
1.      rs885141                        1.      rs9660464                       Phenotype        DD   0.299E-22
