1.      rs6577539                       1.      rs12022741                      Phenotype        DD   0.788E-35
1.      rs585870                        1.      rs17097922                      Phenotype        DD   0.906E-45
1.      rs585870                        1.      rs17097922                      Phenotype        AD   0.129E-35
1.      rs205485                        1.      rs6695715                       Phenotype        DD   0.152E-33
1.      rs205485                        1.      rs831768                        Phenotype        AD   0.359E-34
1.      rs12404556                      1.      rs17097922                      Phenotype        DD   0.235E-37
1.      rs12404556                      1.      rs17097922                      Phenotype        AD   0.158E-36
1.      rs12404556                      1.      rs12405647                      Phenotype        DD   0.157E-59
1.      rs12404556                      1.      rs2072778                       Phenotype        DD   0.153E-53
1.      rs12404556                      1.      rs10754101                      Phenotype        DD   0.703E-54
1.      rs12096059                      1.      rs12405647                      Phenotype        DD   0.291E-53
1.      rs12096059                      1.      rs10754101                      Phenotype        DD   0.549E-55
1.      rs12096059                      1.      rs435776                        Phenotype        DD   0.155E-71
1.      rs6598875                       1.      rs831768                        Phenotype        DD   0.557E-45
1.      rs12022741                      1.      rs9428900                       Phenotype        DD   0.105E-33
1.      rs12058192                      1.      rs12040918                      Phenotype        DD   0.192E-43
1.      rs7549901                       1.      rs17097922                      Phenotype        DD   0.240E-39
1.      rs7549901                       1.      rs17097922                      Phenotype        AD   0.435E-36
1.      rs7549901                       1.      rs17097922                      Phenotype        DA   0.204E-33
1.      rs721242                        1.      rs17635857                      Phenotype        DD   0.165E-36
1.      rs721242                        1.      rs17349439                      Phenotype        DD   0.116E-35
1.      rs17097922                      1.      rs12405647                      Phenotype        DA   0.873E-51
1.      rs17097922                      1.      rs4970810                       Phenotype        DD   0.561E-55
1.      rs17097922                      1.      rs1539624                       Phenotype        DD   0.145E-55
1.      rs17097922                      1.      rs4399146                       Phenotype        DD   0.184E-50
1.      rs17097922                      1.      rs2072778                       Phenotype        DD   0.659E-38
1.      rs17097922                      1.      rs2072778                       Phenotype        DA   0.937E-37
1.      rs17097922                      1.      rs10754101                      Phenotype        DD   0.136E-40
1.      rs17097922                      1.      rs880633                        Phenotype        DD   0.344E-54
1.      rs17097922                      1.      rs9432040                       Phenotype        DD   0.393E-54
1.      rs12751064                      1.      rs831768                        Phenotype        AD   0.862E-36
1.      rs1937020                       1.      rs12040918                      Phenotype        DD   0.477E-41
1.      rs12405647                      1.      rs1532775                       Phenotype        DD   0.742E-52
1.      rs12405647                      1.      rs10754101                      Phenotype        DD   0.684E-60
1.      rs1770566                       1.      rs3767369                       Phenotype        DD   0.298E-39
1.      rs1770566                       1.      rs12040918                      Phenotype        DD   0.806E-37
1.      rs528779                        1.      rs6695715                       Phenotype        DD   0.399E-38
1.      rs528779                        1.      rs2247482                       Phenotype        DD   0.587E-42
1.      rs528779                        1.      rs831768                        Phenotype        AD   0.391E-34
1.      rs1532775                       1.      rs2072778                       Phenotype        DD   0.351E-52
1.      rs1532775                       1.      rs10127943                      Phenotype        DD   0.238E-65
1.      rs10908835                      1.      rs831768                        Phenotype        DD   0.137E-49
1.      rs17635857                      1.      rs12145632                      Phenotype        DD   0.275E-37
1.      rs164177                        1.      rs12040918                      Phenotype        DD   0.164E-43
1.      rs3767369                       1.      rs10911991                      Phenotype        DD   0.229E-34
1.      rs17349439                      1.      rs12145632                      Phenotype        DD   0.270E-36
1.      rs6695715                       1.      rs10921094                      Phenotype        DD   0.872E-34
1.      rs1980444                       1.      rs10920177                      Phenotype        DD   0.124E-43
1.      rs10921094                      1.      rs3747630                       Phenotype        DD   0.590E-36
1.      rs238109                        1.      rs12145632                      Phenotype        DD   0.244E-38
