1.      rs873458                        1.      rs12139261                      Phenotype        DD   0.705E-11
1.      rs10803420                      1.      rs12139261                      Phenotype        DD   0.106E-10
1.      rs1002706                       1.      rs6697433                       Phenotype        DD   0.128E-16
1.      rs947650                        1.      rs6697433                       Phenotype        AD   0.321E-13
1.      rs699006                        1.      rs12137594                      Phenotype        DD   0.173E-10
1.      rs493106                        1.      rs507667                        Phenotype        DD   0.136E-11
1.      rs493106                        1.      rs11240356                      Phenotype        AD   0.354E-11
1.      rs731174                        1.      rs6697433                       Phenotype        AD   0.270E-15
1.      rs1342970                       1.      rs6697433                       Phenotype        AD   0.285E-14
1.      rs2077061                       1.      rs12139261                      Phenotype        DD   0.159E-10
1.      rs9436515                       1.      rs6697433                       Phenotype        DD   0.503E-16
1.      rs6587867                       1.      rs6697433                       Phenotype        AD   0.113E-10
1.      rs11811517                      1.      rs6697433                       Phenotype        AD   0.312E-13
1.      rs1327115                       1.      rs6697433                       Phenotype        DD   0.248E-17
1.      rs1321157                       1.      rs6697433                       Phenotype        AD   0.133E-16
1.      rs2054020                       1.      rs6697433                       Phenotype        AD   0.921E-14
1.      rs540742                        1.      rs6697433                       Phenotype        AD   0.762E-14
1.      rs4463688                       1.      rs6697433                       Phenotype        AD   0.192E-10
1.      rs7532047                       1.      rs6697433                       Phenotype        DD   0.201E-15
1.      rs530006                        1.      rs6697433                       Phenotype        DD   0.599E-16
1.      rs17406173                      1.      rs3087213                       Phenotype        AD   0.385E-10
1.      rs17406173                      1.      rs6697433                       Phenotype        AD   0.406E-13
1.      rs10783072                      1.      rs12137594                      Phenotype        DD   0.101E-10
1.      rs2815203                       1.      rs6697433                       Phenotype        AD   0.142E-14
1.      rs12116550                      1.      rs12139261                      Phenotype        DD   0.161E-10
1.      rs12139261                      1.      rs1858566                       Phenotype        DD   0.408E-10
1.      rs2995774                       1.      rs6697433                       Phenotype        AD   0.223E-10
1.      rs4844607                       1.      rs6697433                       Phenotype        DD   0.795E-16
1.      rs7537265                       1.      rs6697433                       Phenotype        AD   0.230E-13
1.      rs2842854                       1.      rs6697433                       Phenotype        AD   0.318E-13
1.      rs3087213                       1.      rs2841344                       Phenotype        DD   0.989E-11
1.      rs1908311                       1.      rs6697433                       Phenotype        DD   0.230E-18
1.      rs10918610                      1.      rs6697433                       Phenotype        DD   0.958E-14
1.      rs12124168                      1.      rs6697433                       Phenotype        AD   0.509E-12
1.      rs502612                        1.      rs6697433                       Phenotype        DD   0.155E-16
1.      rs4650716                       1.      rs12137594                      Phenotype        DD   0.252E-10
1.      rs10911739                      1.      rs6697433                       Phenotype        AD   0.998E-12
1.      rs2383431                       1.      rs16838444                      Phenotype        DD   0.397E-10
1.      rs10494743                      1.      rs6697433                       Phenotype        DD   0.259E-10
1.      rs2210733                       1.      rs6697433                       Phenotype        AD   0.352E-15
1.      rs2810647                       1.      rs6697433                       Phenotype        AD   0.331E-12
1.      rs1499586                       1.      rs6697433                       Phenotype        AD   0.693E-16
1.      rs1538291                       1.      rs6697433                       Phenotype        DD   0.257E-15
1.      rs6540890                       1.      rs10803176                      Phenotype        DD   0.357E-10
1.      rs189231                        1.      rs10864755                      Phenotype        DD   0.927E-11
1.      rs9793670                       1.      rs6697433                       Phenotype        AD   0.482E-14
1.      rs12750546                      1.      rs16838444                      Phenotype        DD   0.202E-11
1.      rs12748947                      1.      rs6697433                       Phenotype        AD   0.329E-14
1.      rs2153694                       1.      rs6697433                       Phenotype        AD   0.374E-10
1.      rs10449290                      1.      rs6697433                       Phenotype        AD   0.290E-14
