1.      rs9434482                       1.      rs10082303                      Phenotype        DD   0.179E-24
1.      rs9434482                       1.      rs10082303                      Phenotype        AD   0.213E-18
1.      rs11120954                      1.      rs1343124                       Phenotype        DD   0.203E-32
1.      rs11120954                      1.      rs10082303                      Phenotype        AD   0.157E-19
1.      rs11120954                      1.      rs10082303                      Phenotype        DD   0.106E-18
1.      rs848214                        1.      rs12145451                      Phenotype        DD   0.631E-31
1.      rs1339932                       1.      rs17103715                      Phenotype        DD   0.131E-20
1.      rs1339932                       1.      rs6664617                       Phenotype        DD   0.143E-29
1.      rs12759415                      1.      rs10082303                      Phenotype        DD   0.814E-31
1.      rs267720                        1.      rs1298638                       Phenotype        DD   0.185E-35
1.      rs1441521                       1.      rs12145451                      Phenotype        DD   0.251E-32
1.      rs3103778                       1.      rs10082303                      Phenotype        DD   0.508E-25
1.      rs17103715                      1.      rs1298638                       Phenotype        DD   0.210E-25
1.      rs17103715                      1.      rs608767                        Phenotype        DD   0.334E-27
1.      rs17103715                      1.      rs10082303                      Phenotype        DA   0.269E-18
1.      rs17103715                      1.      rs12145451                      Phenotype        DA   0.141E-21
1.      rs17103715                      1.      rs1986424                       Phenotype        DD   0.239E-31
1.      rs1343124                       1.      rs1298638                       Phenotype        DD   0.232E-22
1.      rs1343124                       1.      rs1298638                       Phenotype        AD   0.156E-19
1.      rs320000                        1.      rs10082303                      Phenotype        DD   0.128E-24
1.      rs1298638                       1.      rs783059                        Phenotype        DD   0.507E-31
1.      rs1298638                       1.      rs1351963                       Phenotype        DD   0.363E-28
1.      rs1298638                       1.      rs10911661                      Phenotype        AD   0.850E-20
1.      rs1298638                       1.      rs10082303                      Phenotype        AD   0.313E-26
1.      rs1298638                       1.      rs10082303                      Phenotype        DA   0.115E-18
1.      rs1298638                       1.      rs12145451                      Phenotype        DD   0.371E-29
1.      rs752468                        1.      rs10911661                      Phenotype        DD   0.769E-37
1.      rs752468                        1.      rs10082303                      Phenotype        DD   0.129E-26
1.      rs2206343                       1.      rs10082303                      Phenotype        DD   0.160E-27
1.      rs11162323                      1.      rs10082303                      Phenotype        DD   0.516E-26
1.      rs4908035                       1.      rs1566154                       Phenotype        DD   0.500E-21
1.      rs9661038                       1.      rs12032055                      Phenotype        DD   0.475E-21
1.      rs1109216                       1.      rs10082303                      Phenotype        DD   0.278E-19
1.      rs1109216                       1.      rs10082303                      Phenotype        AD   0.106E-18
1.      rs1998816                       1.      rs10911661                      Phenotype        DD   0.505E-37
1.      rs1998816                       1.      rs10082303                      Phenotype        AD   0.339E-24
1.      rs1998816                       1.      rs10082303                      Phenotype        DD   0.118E-19
1.      rs10911661                      1.      rs12145451                      Phenotype        DA   0.161E-30
1.      rs10911661                      1.      rs11577402                      Phenotype        DD   0.127E-41
1.      rs608767                        1.      rs10082303                      Phenotype        AD   0.404E-23
1.      rs608767                        1.      rs10082303                      Phenotype        DD   0.151E-21
1.      rs1359381                       1.      rs10082303                      Phenotype        DD   0.660E-27
1.      rs10082303                      1.      rs6664617                       Phenotype        DA   0.476E-29
1.      rs10082303                      1.      rs6664617                       Phenotype        AD   0.306E-20
1.      rs10082303                      1.      rs7513031                       Phenotype        DD   0.123E-26
1.      rs10082303                      1.      rs1986424                       Phenotype        DD   0.857E-23
1.      rs10082303                      1.      rs1986424                       Phenotype        DA   0.525E-21
1.      rs10082303                      1.      rs17163762                      Phenotype        DD   0.337E-35
1.      rs10082303                      1.      rs6657343                       Phenotype        DD   0.676E-29
1.      rs10082303                      1.      rs6662614                       Phenotype        DD   0.559E-26
