1.      rs10864411                      1.      rs2282231                       Phenotype        DA   0.109E-04
1.      rs1925666                       1.      rs2282231                       Phenotype        AD   0.568E-05
1.      rs4662000                       1.      rs12408861                      Phenotype        AA   0.109E-05
1.      rs6429758                       1.      rs12092006                      Phenotype        DD   0.714E-05
1.      rs16823060                      1.      rs17185520                      Phenotype        AD   0.214E-05
1.      rs2142629                       1.      rs17185520                      Phenotype        AD   0.599E-06
1.      rs12117331                      1.      rs17185520                      Phenotype        DA   0.855E-08
1.      rs4949459                       1.      rs12074299                      Phenotype        AA   0.122E-04
1.      rs2282231                       1.      rs1413994                       Phenotype        DA   0.945E-05
1.      rs2282231                       1.      rs7551211                       Phenotype        DD   0.217E-05
1.      rs2282231                       1.      rs17185520                      Phenotype        DA   0.756E-24
1.      rs2282231                       1.      rs17185520                      Phenotype        AA   0.651E-14
1.      rs2282231                       1.      rs6679776                       Phenotype        AD   0.106E-04
1.      rs2282231                       1.      rs6670178                       Phenotype        DD   0.124E-05
1.      rs2282231                       1.      rs12092006                      Phenotype        AD   0.653E-05
1.      rs2282231                       1.      rs6673130                       Phenotype        DA   0.434E-06
1.      rs4660242                       1.      rs651250                        Phenotype        DD   0.116E-04
1.      rs320013                        1.      rs6679776                       Phenotype        DD   0.103E-04
1.      rs17108202                      1.      rs6679776                       Phenotype        AA   0.294E-05
1.      rs10889504                      1.      rs2797387                       Phenotype        AA   0.121E-04
1.      rs7418928                       1.      rs12758792                      Phenotype        DD   0.784E-05
1.      rs11583990                      1.      rs2483064                       Phenotype        AD   0.996E-05
1.      rs10873679                      1.      rs11118296                      Phenotype        DA   0.893E-05
1.      rs7549783                       1.      rs17185520                      Phenotype        DA   0.653E-05
1.      rs2144523                       1.      rs17185520                      Phenotype        DD   0.968E-07
1.      rs6577322                       1.      rs7554410                       Phenotype        AD   0.102E-04
1.      rs1418426                       1.      rs17185520                      Phenotype        DD   0.105E-04
1.      rs1418426                       1.      rs7554410                       Phenotype        DD   0.231E-05
1.      rs4403633                       1.      rs17185520                      Phenotype        DD   0.333E-05
1.      rs7537656                       1.      rs17185520                      Phenotype        DD   0.304E-05
1.      rs17185520                      1.      rs10917718                      Phenotype        AD   0.585E-06
1.      rs17185520                      1.      rs4656808                       Phenotype        DD   0.613E-07
1.      rs17185520                      1.      rs1409831                       Phenotype        AD   0.663E-05
1.      rs17185520                      1.      rs10916293                      Phenotype        AD   0.997E-05
1.      rs17185520                      1.      rs9659297                       Phenotype        AD   0.617E-10
1.      rs17185520                      1.      rs9659297                       Phenotype        AA   0.236E-09
1.      rs17185520                      1.      rs7547699                       Phenotype        AD   0.859E-08
1.      rs17185520                      1.      rs9661787                       Phenotype        DA   0.456E-06
1.      rs6670178                       1.      rs12092006                      Phenotype        DD   0.686E-05
1.      rs12737282                      1.      rs12092006                      Phenotype        DD   0.975E-05
1.      rs12092006                      1.      rs6703319                       Phenotype        DD   0.958E-07
1.      rs12092006                      1.      rs4653946                       Phenotype        DA   0.102E-04
1.      rs2744666                       1.      rs12735509                      Phenotype        AD   0.124E-04
1.      rs12741940                      1.      rs11122300                      Phenotype        AA   0.601E-05
1.      rs7554410                       1.      rs3923371                       Phenotype        DD   0.276E-05
1.      rs7554410                       1.      rs1933447                       Phenotype        DD   0.168E-06
1.      rs479137                        1.      rs9659297                       Phenotype        DD   0.295E-05
1.      rs479137                        1.      rs9659297                       Phenotype        DA   0.510E-05
1.      rs7549429                       1.      rs9659297                       Phenotype        AD   0.866E-05
1.      rs2078389                       1.      rs9659297                       Phenotype        DA   0.426E-06
