1.      rs12085743                      1.      rs1517083                       Phenotype        DA   0.376E-10
1.      rs916380                        1.      rs11209362                      Phenotype        DD   0.268E-10
1.      rs9430335                       1.      rs10493056                      Phenotype        DA   0.574E-11
1.      rs2817644                       1.      rs4925779                       Phenotype        AD   0.801E-10
1.      rs3820063                       1.      rs11184738                      Phenotype        DD   0.372E-11
1.      rs260522                        1.      rs266535                        Phenotype        DD   0.274E-13
1.      rs16862452                      1.      rs10873810                      Phenotype        DD   0.780E-10
1.      rs10465542                      1.      rs266535                        Phenotype        DD   0.897E-11
1.      rs10465542                      1.      rs10911561                      Phenotype        DD   0.784E-10
1.      rs4466675                       1.      rs266535                        Phenotype        DD   0.523E-12
1.      rs7548279                       1.      rs11184738                      Phenotype        DD   0.649E-10
1.      rs6425878                       1.      rs11184738                      Phenotype        DD   0.557E-11
1.      rs6425878                       1.      rs266535                        Phenotype        DD   0.203E-10
1.      rs16832918                      1.      rs11184738                      Phenotype        DD   0.336E-11
1.      rs1677750                       1.      rs486753                        Phenotype        DD   0.242E-12
1.      rs975761                        1.      rs11184738                      Phenotype        AD   0.336E-10
1.      rs3014239                       1.      rs11184738                      Phenotype        AA   0.253E-10
1.      rs10736390                      1.      rs2806399                       Phenotype        DD   0.709E-10
1.      rs10158178                      1.      rs11184738                      Phenotype        DD   0.358E-11
1.      rs11209362                      1.      rs9429505                       Phenotype        DA   0.543E-11
1.      rs11209362                      1.      rs11805836                      Phenotype        DA   0.216E-10
1.      rs11209362                      1.      rs7549682                       Phenotype        DA   0.467E-15
1.      rs11209362                      1.      rs10920338                      Phenotype        DA   0.119E-09
1.      rs11209362                      1.      rs4951073                       Phenotype        DA   0.105E-09
1.      rs7414950                       1.      rs266535                        Phenotype        DD   0.419E-12
1.      rs657309                        1.      rs227984                        Phenotype        DD   0.257E-10
1.      rs1199673                       1.      rs11184738                      Phenotype        DD   0.497E-11
1.      rs693737                        1.      rs11184738                      Phenotype        AD   0.508E-11
1.      rs4520428                       1.      rs266535                        Phenotype        AA   0.283E-11
1.      rs11583841                      1.      rs266535                        Phenotype        AA   0.217E-15
1.      rs12064148                      1.      rs11184738                      Phenotype        AD   0.576E-11
1.      rs11184738                      1.      rs2800881                       Phenotype        DA   0.632E-10
1.      rs11184738                      1.      rs17473706                      Phenotype        DD   0.236E-11
1.      rs11184738                      1.      rs499492                        Phenotype        DD   0.882E-10
1.      rs11184738                      1.      rs1342554                       Phenotype        DD   0.609E-10
1.      rs11184738                      1.      rs823137                        Phenotype        DA   0.105E-09
1.      rs11184738                      1.      rs11117820                      Phenotype        DD   0.955E-11
1.      rs11184738                      1.      rs11118295                      Phenotype        DA   0.357E-11
1.      rs11184738                      1.      rs596695                        Phenotype        DD   0.457E-11
1.      rs11184738                      1.      rs10802970                      Phenotype        DD   0.589E-10
1.      rs488540                        1.      rs266535                        Phenotype        AD   0.505E-11
1.      rs1999754                       1.      rs11122510                      Phenotype        DD   0.126E-10
1.      rs1934520                       1.      rs266535                        Phenotype        DD   0.801E-10
1.      rs9425756                       1.      rs596695                        Phenotype        DD   0.298E-13
1.      rs7516346                       1.      rs1517083                       Phenotype        AD   0.381E-11
1.      rs10454444                      1.      rs1517083                       Phenotype        AD   0.470E-11
1.      rs266535                        1.      rs12143904                      Phenotype        AA   0.331E-11
1.      rs266535                        1.      rs1246813                       Phenotype        DD   0.199E-11
1.      rs266535                        1.      rs2789966                       Phenotype        AA   0.458E-10
1.      rs2802959                       1.      rs16839201                      Phenotype        DD   0.944E-10
