1.      rs1333190                       1.      rs10918123                      Phenotype        AD   0.488-271
1.      rs12087088                      1.      rs11121706                      Phenotype        DD   0.456-255
1.      rs12087088                      1.      rs2995706                       Phenotype        DD   0.338-247
1.      rs12087088                      1.      rs10918123                      Phenotype        DA   0.265-275
1.      rs12087088                      1.      rs10918123                      Phenotype        AD   0.413-250
1.      rs12087088                      1.      rs704838                        Phenotype        DA   0.130-262
1.      rs12087088                      1.      rs6661208                       Phenotype        DD   0.633-246
1.      rs12087088                      1.      rs3843275                       Phenotype        DD   0.275-242
1.      rs12087088                      1.      rs1367951                       Phenotype        DD   0.124-255
1.      rs12087088                      1.      rs2609398                       Phenotype        DA   0.587-258
1.      rs12087088                      1.      rs6657349                       Phenotype        DD   0.366-249
1.      rs6660810                       1.      rs4970607                       Phenotype        DD   0.324-240
1.      rs6660810                       1.      rs10918123                      Phenotype        AD   0.743-243
1.      rs11121706                      1.      rs10918123                      Phenotype        AD   0.204-241
1.      rs631133                        1.      rs10918123                      Phenotype        DD   0.283-301
1.      rs4653036                       1.      rs10918123                      Phenotype        DD   0.177-297
1.      rs4970607                       1.      rs1341319                       Phenotype        DD   0.846-240
1.      rs4970607                       1.      rs647762                        Phenotype        DD   0.722-254
1.      rs4970607                       1.      rs4658461                       Phenotype        DA   0.809-262
1.      rs12032567                      1.      rs10918123                      Phenotype        DD   0.783-310
1.      rs10888744                      1.      rs10918123                      Phenotype        AD   0.191-240
1.      rs1341319                       1.      rs6660048                       Phenotype        DD   0.480-274
1.      rs2780883                       1.      rs10918123                      Phenotype        DD   0.699-299
1.      rs10782647                      1.      rs10918123                      Phenotype        DD   0.227-280
1.      rs17109504                      1.      rs10918123                      Phenotype        AD   0.747-266
1.      rs17109504                      1.      rs704838                        Phenotype        DD   0.225-284
1.      rs306333                        1.      rs12061531                      Phenotype        DD   0.777-246
1.      rs10875210                      1.      rs12061531                      Phenotype        AD   0.116-260
1.      rs1361461                       1.      rs10918123                      Phenotype        AD   0.103-243
1.      rs11184278                      1.      rs10918123                      Phenotype        AD   0.180-258
1.      rs2995706                       1.      rs10918123                      Phenotype        AD   0.131-240
1.      rs1361048                       1.      rs10918123                      Phenotype        AD   0.607-281
1.      rs4375253                       1.      rs10918123                      Phenotype        DD   0.120-311
1.      rs11264536                      1.      rs10918123                      Phenotype        AD   0.780-277
1.      rs2209358                       1.      rs12061531                      Phenotype        DD   0.671-243
1.      rs4656876                       1.      rs10918123                      Phenotype        DD   0.380-313
1.      rs12061531                      1.      rs1113239                       Phenotype        DD   0.283-258
1.      rs10918123                      1.      rs4916374                       Phenotype        DD   0.920-282
1.      rs10918123                      1.      rs11240237                      Phenotype        DA   0.775-267
1.      rs10918123                      1.      rs7535296                       Phenotype        DD   0.643-303
1.      rs10918123                      1.      rs171321                        Phenotype        DA   0.451-245
1.      rs10918123                      1.      rs828480                        Phenotype        DD   0.814-302
1.      rs10918123                      1.      rs2758998                       Phenotype        DD   0.287-305
1.      rs10918123                      1.      rs2055536                       Phenotype        DD   0.174-298
1.      rs10918123                      1.      rs4658461                       Phenotype        AD   0.116-284
1.      rs10918123                      1.      rs2185076                       Phenotype        DD   0.408-313
1.      rs704838                        1.      rs171321                        Phenotype        DD   0.346-275
1.      rs10919335                      1.      rs4658461                       Phenotype        DD   0.273-242
1.      rs6661208                       1.      rs4658461                       Phenotype        DD   0.196-266
1.      rs11577585                      1.      rs2609398                       Phenotype        DD   0.150-245
