1.      rs424079                        1.      rs2281870                       Phenotype        DD   0.899E-88
1.      rs7544834                       1.      rs2281870                       Phenotype        AD   0.433E-79
1.      rs703804                        1.      rs2281870                       Phenotype        DD   0.365E-85
1.      rs12043008                      1.      rs11264834                      Phenotype        AD   0.142E-82
1.      rs6425992                       1.      rs2281870                       Phenotype        DD   0.931E-89
1.      rs6425992                       1.      rs11264834                      Phenotype        DD   0.250E-89
1.      rs2275180                       1.      rs11264834                      Phenotype        DD   0.691E-89
1.      rs403594                        1.      rs11264834                      Phenotype        AD   0.642E-89
1.      rs12029004                      1.      rs2281870                       Phenotype        DD   0.673E-86
1.      rs864250                        1.      rs2281870                       Phenotype        DD   0.165E-82
1.      rs12133457                      1.      rs2281870                       Phenotype        AD   0.141E-77
1.      rs12133457                      1.      rs11264834                      Phenotype        AD   0.827E-86
1.      rs11207432                      1.      rs11264834                      Phenotype        DD   0.721E-91
1.      rs502332                        1.      rs11264834                      Phenotype        AD   0.534E-81
1.      rs4341342                       1.      rs2281870                       Phenotype        AD   0.155E-77
1.      rs2801581                       1.      rs2281870                       Phenotype        DD   0.444E-84
1.      rs2801581                       1.      rs11264834                      Phenotype        DD   0.493E-95
1.      rs11210304                      1.      rs11264834                      Phenotype        AD   0.441E-85
1.      rs7540134                       1.      rs11264834                      Phenotype        AD   0.574E-85
1.      rs2478178                       1.      rs11264834                      Phenotype        AD   0.790E-79
1.      rs668342                        1.      rs2281870                       Phenotype        DD   0.396E-86
1.      rs726669                        1.      rs2281870                       Phenotype        DD   0.485E-88
1.      rs726669                        1.      rs11264834                      Phenotype        DD   0.124E-90
1.      rs17512743                      1.      rs2281870                       Phenotype        DD   0.465E-90
1.      rs17512743                      1.      rs11264834                      Phenotype        DD   0.243E-92
1.      rs12027327                      1.      rs11264834                      Phenotype        AD   0.310E-87
1.      rs1414272                       1.      rs11264834                      Phenotype        DD   0.976E-84
1.      rs10797652                      1.      rs11264834                      Phenotype        AD   0.461E-90
1.      rs2241109                       1.      rs11264834                      Phenotype        DD   0.294E-96
1.      rs2281870                       1.      rs1359939                       Phenotype        DD   0.151E-86
1.      rs2281870                       1.      rs10914074                      Phenotype        DA   0.373E-78
1.      rs2281870                       1.      rs1021378                       Phenotype        DD   0.118E-85
1.      rs2281870                       1.      rs11118018                      Phenotype        DD   0.126E-85
1.      rs2281870                       1.      rs4325124                       Phenotype        DA   0.458E-78
1.      rs2281870                       1.      rs584297                        Phenotype        DD   0.159E-85
1.      rs2281870                       1.      rs11588356                      Phenotype        DA   0.271E-81
1.      rs2281870                       1.      rs1815656                       Phenotype        DD   0.150E-80
1.      rs2281870                       1.      rs2491845                       Phenotype        DA   0.400E-80
1.      rs11264834                      1.      rs2012862                       Phenotype        DD   0.233E-89
1.      rs11264834                      1.      rs1342805                       Phenotype        DD   0.438E-92
1.      rs11264834                      1.      rs12090626                      Phenotype        DD   0.241E-95
1.      rs11264834                      1.      rs11118958                      Phenotype        DA   0.830E-81
1.      rs11264834                      1.      rs10863911                      Phenotype        DD   0.773E-89
1.      rs11264834                      1.      rs10494977                      Phenotype        DA   0.710E-82
1.      rs11264834                      1.      rs1032601                       Phenotype        DA   0.493E-81
1.      rs11264834                      1.      rs12042076                      Phenotype        DD   0.571E-96
1.      rs11264834                      1.      rs584297                        Phenotype        DD   0.336E-89
1.      rs11264834                      1.      rs6661618                       Phenotype        DA   0.572E-83
1.      rs11264834                      1.      rs2765876                       Phenotype        DA   0.115E-89
1.      rs11264834                      1.      rs261804                        Phenotype        DA   0.336E-83
