1.      rs6429759                       1.      rs7339890                       Phenotype        DD   0.000E+00
1.      rs12036815                      1.      rs7339890                       Phenotype        AD   0.000E+00
1.      rs2783631                       1.      rs7339890                       Phenotype        AD   0.000E+00
1.      rs11247932                      1.      rs7339890                       Phenotype        AD   0.000E+00
1.      rs484677                        1.      rs7339890                       Phenotype        DD   0.000E+00
1.      rs6656079                       1.      rs7339890                       Phenotype        AD   0.000E+00
1.      rs580682                        1.      rs7339890                       Phenotype        AD   0.000E+00
1.      rs4926825                       1.      rs7339890                       Phenotype        AD   0.000E+00
1.      rs11205641                      1.      rs7339890                       Phenotype        AD   0.000E+00
1.      rs2297657                       1.      rs7339890                       Phenotype        AD   0.000E+00
1.      rs684844                        1.      rs7339890                       Phenotype        AD   0.000E+00
1.      rs1754511                       1.      rs10923876                      Phenotype        DD   0.000E+00
1.      rs1754511                       1.      rs6660415                       Phenotype        DD   0.000E+00
1.      rs7533793                       1.      rs7339890                       Phenotype        AD   0.000E+00
1.      rs310170                        1.      rs7339890                       Phenotype        AD   0.000E+00
1.      rs310170                        1.      rs17726989                      Phenotype        AD   0.000E+00
1.      rs2183995                       1.      rs7339890                       Phenotype        AD   0.000E+00
1.      rs2183995                       1.      rs1925431                       Phenotype        DD   0.000E+00
1.      rs2183995                       1.      rs17726989                      Phenotype        DD   0.000E+00
1.      rs2803238                       1.      rs7339890                       Phenotype        AD   0.000E+00
1.      rs987013                        1.      rs7339890                       Phenotype        AD   0.000E+00
1.      rs987013                        1.      rs10923876                      Phenotype        DD   0.000E+00
1.      rs12035848                      1.      rs7339890                       Phenotype        AD   0.000E+00
1.      rs12129523                      1.      rs7339890                       Phenotype        AD   0.000E+00
1.      rs7339890                       1.      rs2206113                       Phenotype        DD   0.000E+00
1.      rs7339890                       1.      rs6660415                       Phenotype        DA   0.000E+00
1.      rs7339890                       1.      rs6694088                       Phenotype        DA   0.000E+00
1.      rs7339890                       1.      rs958933                        Phenotype        DA   0.000E+00
1.      rs7339890                       1.      rs34684409                      Phenotype        DA   0.000E+00
1.      rs7339890                       1.      rs11586581                      Phenotype        DD   0.000E+00
1.      rs7339890                       1.      rs6674099                       Phenotype        DA   0.000E+00
1.      rs7339890                       1.      rs6697791                       Phenotype        DD   0.000E+00
1.      rs7339890                       1.      rs2618688                       Phenotype        DA   0.000E+00
1.      rs7339890                       1.      rs10925439                      Phenotype        DA   0.000E+00
1.      rs7339890                       1.      rs10925439                      Phenotype        AD   0.000E+00
1.      rs7339890                       1.      rs10926087                      Phenotype        DA   0.000E+00
1.      rs7339890                       1.      rs12123089                      Phenotype        DA   0.000E+00
1.      rs17726989                      1.      rs2798469                       Phenotype        DD   0.000E+00
1.      rs17726989                      1.      rs10923876                      Phenotype        DD   0.000E+00
1.      rs17726989                      1.      rs2027293                       Phenotype        DD   0.000E+00
1.      rs17726989                      1.      rs10494391                      Phenotype        DD   0.000E+00
1.      rs17726989                      1.      rs10494391                      Phenotype        DA   0.000E+00
1.      rs17726989                      1.      rs16835577                      Phenotype        DD   0.000E+00
1.      rs17726989                      1.      rs2105232                       Phenotype        DD   0.000E+00
1.      rs17726989                      1.      rs10925439                      Phenotype        DD   0.000E+00
1.      rs10923876                      1.      rs2027293                       Phenotype        DD   0.000E+00
1.      rs10923876                      1.      rs6660415                       Phenotype        DD   0.000E+00
1.      rs10923876                      1.      rs728727                        Phenotype        DD   0.000E+00
1.      rs10923876                      1.      rs665504                        Phenotype        DD   0.000E+00
1.      rs2819316                       1.      rs6660415                       Phenotype        DD   0.000E+00
