1.      rs13303344                      1.      rs17098119                      Phenotype        AD   0.304E-44
1.      rs1572657                       1.      rs1058791                       Phenotype        DD   0.285E-43
1.      rs7524865                       1.      rs871087                        Phenotype        DD   0.680E-43
1.      rs7524865                       1.      rs686663                        Phenotype        DD   0.164-140
1.      rs7524865                       1.      rs686663                        Phenotype        DA   0.979-133
1.      rs7524865                       1.      rs686663                        Phenotype        AD   0.497-100
1.      rs7524865                       1.      rs686663                        Phenotype        AA   0.123E-89
1.      rs7524865                       1.      rs4655145                       Phenotype        DD   0.136-134
1.      rs7524865                       1.      rs4655145                       Phenotype        DA   0.268-134
1.      rs7524865                       1.      rs4655145                       Phenotype        AD   0.163-105
1.      rs7524865                       1.      rs4655145                       Phenotype        AA   0.298E-94
1.      rs7524865                       1.      rs10900490                      Phenotype        DD   0.393E-44
1.      rs7524865                       1.      rs651250                        Phenotype        DD   0.285E-42
1.      rs1280996                       1.      rs3738447                       Phenotype        DD   0.669E-43
1.      rs2281169                       1.      rs10900490                      Phenotype        DD   0.340E-41
1.      rs882916                        1.      rs3738447                       Phenotype        AD   0.652E-41
1.      rs11586488                      1.      rs3738447                       Phenotype        DD   0.126E-42
1.      rs686663                        1.      rs682568                        Phenotype        DD   0.227E-69
1.      rs686663                        1.      rs682568                        Phenotype        DA   0.106E-51
1.      rs686663                        1.      rs3738447                       Phenotype        AD   0.414E-42
1.      rs4655145                       1.      rs870939                        Phenotype        DD   0.191E-45
1.      rs4655145                       1.      rs682568                        Phenotype        DD   0.207E-65
1.      rs4655145                       1.      rs682568                        Phenotype        DA   0.481E-51
1.      rs12022301                      1.      rs10797602                      Phenotype        DD   0.130E-52
1.      rs10914766                      1.      rs10921993                      Phenotype        DD   0.167E-44
1.      rs11210523                      1.      rs10493473                      Phenotype        DD   0.156E-45
1.      rs1341980                       1.      rs682568                        Phenotype        DD   0.250E-43
1.      rs1983833                       1.      rs1891592                       Phenotype        DD   0.400E-42
1.      rs1983833                       1.      rs10900434                      Phenotype        DD   0.396E-65
1.      rs1983833                       1.      rs3738447                       Phenotype        AD   0.189E-40
1.      rs4655688                       1.      rs4650345                       Phenotype        DD   0.229E-41
1.      rs17098119                      1.      rs12750412                      Phenotype        AD   0.666E-42
1.      rs1333969                       1.      rs10875269                      Phenotype        DD   0.118E-41
1.      rs9428015                       1.      rs3738447                       Phenotype        DD   0.117E-49
1.      rs6703337                       1.      rs2298135                       Phenotype        DD   0.140E-46
1.      rs6428744                       1.      rs10797602                      Phenotype        DD   0.966E-46
1.      rs11576797                      1.      rs2298135                       Phenotype        DD   0.145E-40
1.      rs1218574                       1.      rs3766685                       Phenotype        DD   0.173E-46
1.      rs1218574                       1.      rs10801153                      Phenotype        DD   0.660E-41
1.      rs1218574                       1.      rs17631686                      Phenotype        DD   0.374E-44
1.      rs2298135                       1.      rs10752631                      Phenotype        DD   0.847E-44
1.      rs2298135                       1.      rs12566754                      Phenotype        DD   0.112E-47
1.      rs2298135                       1.      rs6661522                       Phenotype        DD   0.797E-44
1.      rs2298135                       1.      rs2296158                       Phenotype        DD   0.774E-43
1.      rs6670315                       1.      rs10921993                      Phenotype        DD   0.377E-42
1.      rs589082                        1.      rs651250                        Phenotype        DD   0.581E-43
1.      rs12031222                      1.      rs3738447                       Phenotype        AD   0.327E-41
1.      rs907058                        1.      rs12750410                      Phenotype        DD   0.120E-41
1.      rs1715810                       1.      rs3738447                       Phenotype        AD   0.152E-40
1.      rs3850818                       1.      rs3738447                       Phenotype        AD   0.694E-41
