1.      rs7549870                       1.      rs2375473                       Phenotype        AD   0.116E-05
1.      rs11121157                      1.      rs12028329                      Phenotype        DD   0.212E-05
1.      rs10489353                      1.      rs17126135                      Phenotype        DD   0.586E-07
1.      rs3766160                       1.      rs7549830                       Phenotype        DD   0.113E-05
1.      rs3766160                       1.      rs7524952                       Phenotype        DD   0.211E-06
1.      rs848190                        1.      rs11580773                      Phenotype        DD   0.186E-05
1.      rs848190                        1.      rs17383241                      Phenotype        DA   0.643E-07
1.      rs644749                        1.      rs2375473                       Phenotype        DD   0.190E-05
1.      rs4654349                       1.      rs16851525                      Phenotype        DD   0.154E-06
1.      rs4949505                       1.      rs17126135                      Phenotype        DD   0.715E-06
1.      rs1004420                       1.      rs639500                        Phenotype        DD   0.220E-05
1.      rs12047550                      1.      rs17126135                      Phenotype        DD   0.145E-06
1.      rs12047550                      1.      rs281990                        Phenotype        DA   0.218E-06
1.      rs4078261                       1.      rs2806465                       Phenotype        DD   0.150E-05
1.      rs6426027                       1.      rs2375473                       Phenotype        DA   0.572E-06
1.      rs6426027                       1.      rs3813638                       Phenotype        DD   0.516E-08
1.      rs12563523                      1.      rs2375473                       Phenotype        DA   0.452E-07
1.      rs12563523                      1.      rs6587559                       Phenotype        DD   0.210E-06
1.      rs12563523                      1.      rs7411516                       Phenotype        DD   0.258E-05
1.      rs12738233                      1.      rs6688597                       Phenotype        AD   0.129E-05
1.      rs17120557                      1.      rs12077966                      Phenotype        DD   0.129E-05
1.      rs17126135                      1.      rs1002726                       Phenotype        DD   0.764E-08
1.      rs2375473                       1.      rs6425513                       Phenotype        DD   0.699E-06
1.      rs2375473                       1.      rs9424612                       Phenotype        AD   0.679E-06
1.      rs6672992                       1.      rs4925703                       Phenotype        DA   0.157E-05
1.      rs1327461                       1.      rs1429909                       Phenotype        DD   0.247E-05
1.      rs1327461                       1.      rs6540872                       Phenotype        DD   0.247E-05
1.      rs1327461                       1.      rs9660532                       Phenotype        AA   0.206E-05
1.      rs3104467                       1.      rs12077966                      Phenotype        DD   0.265E-05
1.      rs1926840                       1.      rs12119888                      Phenotype        DD   0.412E-06
1.      rs772601                        1.      rs6587559                       Phenotype        DD   0.959E-07
1.      rs4658244                       1.      rs9660532                       Phenotype        DD   0.827E-07
1.      rs10875243                      1.      rs7549830                       Phenotype        DD   0.152E-06
1.      rs7530562                       1.      rs10801528                      Phenotype        DA   0.419E-06
1.      rs7530562                       1.      rs11801881                      Phenotype        DA   0.783E-06
1.      rs2624696                       1.      rs7549830                       Phenotype        DD   0.169E-05
1.      rs155675                        1.      rs6688597                       Phenotype        AD   0.729E-06
1.      rs1440167                       1.      rs6688597                       Phenotype        AD   0.763E-06
1.      rs11264886                      1.      rs16855053                      Phenotype        DD   0.824E-06
1.      rs11264371                      1.      rs12077966                      Phenotype        AD   0.178E-05
1.      rs6682846                       1.      rs16851525                      Phenotype        DD   0.418E-07
1.      rs7549830                       1.      rs16855053                      Phenotype        DD   0.327E-06
1.      rs7549830                       1.      rs7411516                       Phenotype        DD   0.483E-06
1.      rs3128545                       1.      rs16851525                      Phenotype        DA   0.242E-05
1.      rs16851525                      1.      rs12077966                      Phenotype        AD   0.135E-06
1.      rs16851525                      1.      rs17269923                      Phenotype        DA   0.319E-06
1.      rs4844698                       1.      rs12077966                      Phenotype        AD   0.786E-07
1.      rs2820443                       1.      rs7411516                       Phenotype        AD   0.432E-07
1.      rs9660532                       1.      rs9424612                       Phenotype        DD   0.237E-05
1.      rs853460                        1.      rs12409861                      Phenotype        AD   0.130E-05
