1.      rs10753364                      1.      rs6425648                       Phenotype        DD   0.268E-56
1.      rs3753702                       1.      rs2792251                       Phenotype        DD   0.313E-53
1.      rs2722786                       1.      rs12562483                      Phenotype        DD   0.279E-47
1.      rs2722786                       1.      rs12132479                      Phenotype        DD   0.620E-47
1.      rs2722786                       1.      rs10783095                      Phenotype        DD   0.736E-53
1.      rs2722786                       1.      rs6679776                       Phenotype        AD   0.177-111
1.      rs2722786                       1.      rs6679776                       Phenotype        DD   0.585E-97
1.      rs2722786                       1.      rs6679776                       Phenotype        DA   0.110E-50
1.      rs2722786                       1.      rs12124798                      Phenotype        DD   0.260E-60
1.      rs2722786                       1.      rs12024348                      Phenotype        DD   0.170E-49
1.      rs12562483                      1.      rs4633317                       Phenotype        DD   0.592E-45
1.      rs12562483                      1.      rs1986809                       Phenotype        DD   0.105E-47
1.      rs10927617                      1.      rs12024348                      Phenotype        DD   0.615E-51
1.      rs641032                        1.      rs6694043                       Phenotype        DD   0.117E-45
1.      rs1746661                       1.      rs12043531                      Phenotype        DD   0.794E-47
1.      rs6694043                       1.      rs6666806                       Phenotype        DD   0.192E-49
1.      rs6694043                       1.      rs1250                          Phenotype        DD   0.219E-50
1.      rs6694043                       1.      rs12077113                      Phenotype        DD   0.462E-45
1.      rs6694043                       1.      rs6679776                       Phenotype        DD   0.462E-46
1.      rs6694043                       1.      rs857725                        Phenotype        DD   0.116E-53
1.      rs6694043                       1.      rs2246434                       Phenotype        DD   0.626E-53
1.      rs6694043                       1.      rs6666588                       Phenotype        DD   0.103E-47
1.      rs6694043                       1.      rs12077529                      Phenotype        DD   0.696E-49
1.      rs6694043                       1.      rs11119544                      Phenotype        DD   0.169E-51
1.      rs6694043                       1.      rs559987                        Phenotype        DD   0.169E-54
1.      rs6694043                       1.      rs1753579                       Phenotype        DD   0.117E-48
1.      rs621996                        1.      rs6425648                       Phenotype        DD   0.252E-60
1.      rs319660                        1.      rs6428719                       Phenotype        DD   0.289E-45
1.      rs17400787                      1.      rs10783095                      Phenotype        DD   0.165E-48
1.      rs2077694                       1.      rs10919878                      Phenotype        DD   0.299E-55
1.      rs11164963                      1.      rs6679776                       Phenotype        AD   0.911E-57
1.      rs11164963                      1.      rs6691443                       Phenotype        DD   0.220E-46
1.      rs10783095                      1.      rs4548435                       Phenotype        DD   0.522E-52
1.      rs10783095                      1.      rs10920503                      Phenotype        DD   0.176E-53
1.      rs12040070                      1.      rs10494146                      Phenotype        DD   0.159E-52
1.      rs12077113                      1.      rs6425648                       Phenotype        DD   0.644E-55
1.      rs10494081                      1.      rs10919878                      Phenotype        DD   0.176E-46
1.      rs2076592                       1.      rs6679776                       Phenotype        DD   0.241E-54
1.      rs6679776                       1.      rs12024348                      Phenotype        DD   0.105E-48
1.      rs12124798                      1.      rs12124401                      Phenotype        DD   0.513E-60
1.      rs1023421                       1.      rs12024348                      Phenotype        DD   0.155E-55
1.      rs1507736                       1.      rs1753579                       Phenotype        DD   0.730E-59
1.      rs2982484                       1.      rs17350838                      Phenotype        DD   0.828E-61
1.      rs1229377                       1.      rs12740708                      Phenotype        AD   0.105E-56
1.      rs12024348                      1.      rs12124401                      Phenotype        DD   0.958E-49
1.      rs6425648                       1.      rs3754136                       Phenotype        DD   0.741E-52
1.      rs12740708                      1.      rs4556426                       Phenotype        AD   0.243E-56
1.      rs12740708                      1.      rs4556426                       Phenotype        DA   0.100E-53
1.      rs4556426                       1.      rs2785980                       Phenotype        DD   0.432E-46
1.      rs2785980                       1.      rs16847991                      Phenotype        DD   0.188E-55
