1.      rs431966                        1.      rs17466219                      Phenotype        DD   0.485E-13
1.      rs9786944                       1.      rs6668399                       Phenotype        DD   0.107E-10
1.      rs4908694                       1.      rs1507279                       Phenotype        DD   0.256E-10
1.      rs4908694                       1.      rs10915880                      Phenotype        DD   0.111E-09
1.      rs10917469                      1.      rs272487                        Phenotype        AD   0.176E-10
1.      rs4655223                       1.      rs17466219                      Phenotype        DD   0.543E-10
1.      rs4655223                       1.      rs11161561                      Phenotype        DD   0.936E-13
1.      rs11247757                      1.      rs12065547                      Phenotype        DD   0.940E-10
1.      rs11247757                      1.      rs17389453                      Phenotype        DD   0.229E-10
1.      rs1925338                       1.      rs6429360                       Phenotype        DA   0.209E-11
1.      rs3856129                       1.      rs2813663                       Phenotype        DD   0.139E-09
1.      rs7544781                       1.      rs12132557                      Phenotype        DD   0.146E-09
1.      rs2275276                       1.      rs2223697                       Phenotype        DD   0.500E-12
1.      rs12045240                      1.      rs2223697                       Phenotype        AD   0.178E-10
1.      rs17425707                      1.      rs11578964                      Phenotype        DD   0.380E-11
1.      rs7553730                       1.      rs12565326                      Phenotype        DD   0.158E-09
1.      rs3118061                       1.      rs1984285                       Phenotype        DD   0.128E-09
1.      rs951421                        1.      rs6703606                       Phenotype        DD   0.104E-09
1.      rs547742                        1.      rs6703606                       Phenotype        DD   0.216E-09
1.      rs17466219                      1.      rs2052959                       Phenotype        DD   0.153E-12
1.      rs12046636                      1.      rs616098                        Phenotype        DD   0.629E-10
1.      rs12046636                      1.      rs1322918                       Phenotype        DD   0.582E-10
1.      rs688630                        1.      rs12756558                      Phenotype        DD   0.784E-11
1.      rs2052959                       1.      rs12565326                      Phenotype        DD   0.110E-10
1.      rs1417438                       1.      rs12132557                      Phenotype        DD   0.890E-10
1.      rs2223697                       1.      rs12127590                      Phenotype        DA   0.845E-11
1.      rs2223697                       1.      rs12565326                      Phenotype        AD   0.597E-13
1.      rs2223697                       1.      rs863006                        Phenotype        DD   0.305E-14
1.      rs2223697                       1.      rs7533882                       Phenotype        DA   0.154E-09
1.      rs2223697                       1.      rs301696                        Phenotype        DD   0.126E-09
1.      rs2223697                       1.      rs4652422                       Phenotype        DD   0.777E-13
1.      rs2223697                       1.      rs1793320                       Phenotype        DD   0.981E-13
1.      rs2223697                       1.      rs11120454                      Phenotype        AA   0.119E-09
1.      rs2223697                       1.      rs1416000                       Phenotype        DD   0.149E-11
1.      rs2223697                       1.      rs6429180                       Phenotype        DA   0.176E-09
1.      rs11161561                      1.      rs766159                        Phenotype        AD   0.156E-09
1.      rs17131184                      1.      rs10082010                      Phenotype        DD   0.139E-10
1.      rs12756558                      1.      rs4445477                       Phenotype        DD   0.396E-11
1.      rs10858086                      1.      rs10489227                      Phenotype        DD   0.894E-10
1.      rs333079                        1.      rs12565326                      Phenotype        DD   0.297E-13
1.      rs343791                        1.      rs1777270                       Phenotype        DD   0.120E-09
1.      rs2492501                       1.      rs1416000                       Phenotype        DD   0.470E-10
1.      rs6427381                       1.      rs6429360                       Phenotype        DA   0.276E-10
1.      rs6668626                       1.      rs12132557                      Phenotype        DD   0.119E-09
1.      rs1415502                       1.      rs11120454                      Phenotype        DD   0.153E-10
1.      rs1415502                       1.      rs766159                        Phenotype        DD   0.376E-11
1.      rs2949666                       1.      rs766159                        Phenotype        DD   0.204E-09
1.      rs10921088                      1.      rs2789813                       Phenotype        DD   0.680E-10
1.      rs734773                        1.      rs12132557                      Phenotype        DD   0.138E-09
1.      rs12080335                      1.      rs12036311                      Phenotype        DA   0.402E-10
