1.      rs11588930                      1.      rs2786014                       Phenotype        AA   0.119E-04
1.      rs1253795                       1.      rs3738367                       Phenotype        AA   0.171E-04
1.      rs196426                        1.      rs6690609                       Phenotype        AA   0.129E-04
1.      rs6673342                       1.      rs6665157                       Phenotype        DA   0.655E-06
1.      rs915108                        1.      rs1252069                       Phenotype        DD   0.110E-04
1.      rs645886                        1.      rs859400                        Phenotype        DD   0.278E-04
1.      rs6662146                       1.      rs2495477                       Phenotype        AA   0.177E-04
1.      rs6662146                       1.      rs360586                        Phenotype        DA   0.149E-04
1.      rs6662146                       1.      rs2494523                       Phenotype        DA   0.361E-05
1.      rs2762693                       1.      rs1200115                       Phenotype        DA   0.135E-04
1.      rs4660864                       1.      rs1929860                       Phenotype        AD   0.277E-04
1.      rs835344                        1.      rs10081995                      Phenotype        DD   0.102E-04
1.      rs648607                        1.      rs10495356                      Phenotype        AA   0.405E-05
1.      rs1213763                       1.      rs701608                        Phenotype        AA   0.158E-04
1.      rs338230                        1.      rs1998539                       Phenotype        DA   0.769E-05
1.      rs6668262                       1.      rs2182909                       Phenotype        DD   0.103E-04
1.      rs12117302                      1.      rs510450                        Phenotype        AD   0.489E-05
1.      rs2566774                       1.      rs640493                        Phenotype        DD   0.795E-05
1.      rs2566774                       1.      rs2491864                       Phenotype        AA   0.704E-06
1.      rs4607932                       1.      rs11588401                      Phenotype        DA   0.274E-04
1.      rs766433                        1.      rs17279559                      Phenotype        DD   0.263E-04
1.      rs11576660                      1.      rs6696531                       Phenotype        DA   0.224E-04
1.      rs10081995                      1.      rs1889532                       Phenotype        DA   0.282E-04
1.      rs10081995                      1.      rs4244148                       Phenotype        DA   0.556E-06
1.      rs10081995                      1.      rs2211045                       Phenotype        DD   0.235E-04
1.      rs10081995                      1.      rs4653872                       Phenotype        DD   0.275E-04
1.      rs11163072                      1.      rs16836940                      Phenotype        AD   0.217E-04
1.      rs11163284                      1.      rs6690609                       Phenotype        AD   0.980E-05
1.      rs667923                        1.      rs17534481                      Phenotype        DD   0.877E-05
1.      rs10047092                      1.      rs4659889                       Phenotype        DD   0.272E-04
1.      rs510450                        1.      rs1793298                       Phenotype        DA   0.253E-04
1.      rs911250                        1.      rs10495356                      Phenotype        DA   0.245E-04
1.      rs2208395                       1.      rs6677696                       Phenotype        DA   0.135E-04
1.      rs3897478                       1.      rs10913625                      Phenotype        AD   0.584E-05
1.      rs3897478                       1.      rs2810041                       Phenotype        DD   0.211E-04
1.      rs1889532                       1.      rs12045474                      Phenotype        DD   0.800E-05
1.      rs822430                        1.      rs6690609                       Phenotype        DD   0.138E-04
1.      rs10489278                      1.      rs2576200                       Phenotype        AD   0.179E-04
1.      rs859400                        1.      rs1485382                       Phenotype        AD   0.984E-06
1.      rs1252069                       1.      rs2334893                       Phenotype        DD   0.135E-04
1.      rs6690609                       1.      rs2377311                       Phenotype        DD   0.252E-05
1.      rs6690609                       1.      rs2313601                       Phenotype        DD   0.112E-04
1.      rs10797957                      1.      rs10494764                      Phenotype        DA   0.174E-04
1.      rs7542390                       1.      rs1069216                       Phenotype        DD   0.655E-05
1.      rs6664483                       1.      rs2794757                       Phenotype        DD   0.236E-04
1.      rs1722755                       1.      rs2786014                       Phenotype        AA   0.152E-04
1.      rs17336419                      1.      rs10495356                      Phenotype        DA   0.211E-04
1.      rs1048971                       1.      rs10925583                      Phenotype        DA   0.105E-04
1.      rs10494884                      1.      rs12045474                      Phenotype        AD   0.282E-04
1.      rs11585232                      1.      rs10158537                      Phenotype        AD   0.176E-04
