1.      rs11122100                      1.      rs11118878                      Phenotype        DD   0.427E-13
1.      rs6577546                       1.      rs6659757                       Phenotype        DD   0.115E-15
1.      rs6577546                       1.      rs1570703                       Phenotype        DD   0.999E-13
1.      rs1203631                       1.      rs3790791                       Phenotype        DD   0.201E-13
1.      rs7519796                       1.      rs862991                        Phenotype        DD   0.111E-13
1.      rs2690018                       1.      rs6679138                       Phenotype        DD   0.105E-12
1.      rs2690018                       1.      rs727910                        Phenotype        DD   0.260E-14
1.      rs2690018                       1.      rs2154367                       Phenotype        DD   0.166E-13
1.      rs5257                          1.      rs906227                        Phenotype        DD   0.878E-13
1.      rs12030752                      1.      rs1248480                       Phenotype        DD   0.223E-15
1.      rs7536791                       1.      rs16864339                      Phenotype        DD   0.351E-13
1.      rs497823                        1.      rs1954600                       Phenotype        DD   0.897E-13
1.      rs705197                        1.      rs2821313                       Phenotype        DD   0.475E-16
1.      rs705197                        1.      rs2363565                       Phenotype        DD   0.538E-15
1.      rs705197                        1.      rs10926280                      Phenotype        DD   0.121E-13
1.      rs996936                        1.      rs16864339                      Phenotype        DD   0.224E-13
1.      rs6684261                       1.      rs1570703                       Phenotype        DA   0.126E-13
1.      rs6679138                       1.      rs10159239                      Phenotype        DD   0.961E-13
1.      rs6676078                       1.      rs1376803                       Phenotype        DD   0.552E-13
1.      rs12408292                      1.      rs1376803                       Phenotype        DD   0.240E-13
1.      rs5008753                       1.      rs1376803                       Phenotype        DD   0.110E-13
1.      rs1954600                       1.      rs6664426                       Phenotype        DD   0.403E-15
1.      rs1954600                       1.      rs880790                        Phenotype        DD   0.120E-12
1.      rs12061680                      1.      rs12038712                      Phenotype        DD   0.122E-12
1.      rs1566585                       1.      rs12038712                      Phenotype        DD   0.115E-12
1.      rs11162084                      1.      rs6661049                       Phenotype        DD   0.248E-14
1.      rs387831                        1.      rs12038712                      Phenotype        DD   0.185E-13
1.      rs10874399                      1.      rs1376803                       Phenotype        DD   0.396E-13
1.      rs546                           1.      rs4652621                       Phenotype        DD   0.859E-13
1.      rs223245                        1.      rs1376803                       Phenotype        DD   0.440E-13
1.      rs12039319                      1.      rs2149024                       Phenotype        DD   0.313E-13
1.      rs11164337                      1.      rs1570703                       Phenotype        DD   0.426E-13
1.      rs12038712                      1.      rs1930290                       Phenotype        DD   0.101E-13
1.      rs12038712                      1.      rs2595967                       Phenotype        DD   0.581E-13
1.      rs12038712                      1.      rs12032422                      Phenotype        DD   0.535E-14
1.      rs12038712                      1.      rs10754479                      Phenotype        DD   0.494E-13
1.      rs4431871                       1.      rs1376803                       Phenotype        DD   0.127E-13
1.      rs343597                        1.      rs2226179                       Phenotype        DD   0.397E-15
1.      rs343597                        1.      rs10442612                      Phenotype        DD   0.168E-13
1.      rs343597                        1.      rs2154367                       Phenotype        DA   0.212E-14
1.      rs10923182                      1.      rs10798014                      Phenotype        DD   0.136E-13
1.      rs3006451                       1.      rs1509866                       Phenotype        DD   0.110E-13
1.      rs2485662                       1.      rs1769807                       Phenotype        DD   0.375E-13
1.      rs4657693                       1.      rs1376803                       Phenotype        DD   0.113E-12
1.      rs16864339                      1.      rs7539570                       Phenotype        DD   0.158E-12
1.      rs2609497                       1.      rs1376803                       Phenotype        DD   0.966E-14
1.      rs1376803                       1.      rs12038333                      Phenotype        DD   0.133E-13
1.      rs1376803                       1.      rs6685440                       Phenotype        DD   0.134E-12
1.      rs1376803                       1.      rs3790960                       Phenotype        DD   0.638E-13
1.      rs6661049                       1.      rs3123710                       Phenotype        DD   0.244E-13
