1.      rs3934834                       1.      rs2249590                       Phenotype        AD   0.783E-05
1.      rs9661525                       1.      rs12757147                      Phenotype        DD   0.302E-05
1.      rs9661525                       1.      rs1768673                       Phenotype        DD   0.650E-05
1.      rs10797380                      1.      rs1573996                       Phenotype        AA   0.122E-04
1.      rs424723                        1.      rs12563277                      Phenotype        DD   0.308E-04
1.      rs709188                        1.      rs648091                        Phenotype        DA   0.340E-04
1.      rs2076492                       1.      rs12068365                      Phenotype        AD   0.224E-04
1.      rs2076492                       1.      rs6664387                       Phenotype        AD   0.224E-04
1.      rs12062396                      1.      rs1573996                       Phenotype        DD   0.154E-04
1.      rs921893                        1.      rs2494066                       Phenotype        DD   0.572E-05
1.      rs17257252                      1.      rs595055                        Phenotype        AD   0.146E-05
1.      rs379605                        1.      rs4927017                       Phenotype        DA   0.992E-05
1.      rs10753257                      1.      rs4646491                       Phenotype        DA   0.359E-04
1.      rs10753257                      1.      rs454107                        Phenotype        AA   0.390E-04
1.      rs2271933                       1.      rs1768673                       Phenotype        DD   0.137E-04
1.      rs595055                        1.      rs11581537                      Phenotype        DA   0.595E-05
1.      rs595055                        1.      rs1573185                       Phenotype        DD   0.124E-04
1.      rs731862                        1.      rs11161620                      Phenotype        AD   0.987E-05
1.      rs11211606                      1.      rs10157829                      Phenotype        DD   0.627E-05
1.      rs11206618                      1.      rs1507350                       Phenotype        AA   0.353E-04
1.      rs11206618                      1.      rs6688376                       Phenotype        DA   0.358E-04
1.      rs12081053                      1.      rs12025922                      Phenotype        DA   0.359E-05
1.      rs12081053                      1.      rs7355113                       Phenotype        AD   0.827E-05
1.      rs746937                        1.      rs1938348                       Phenotype        DA   0.211E-04
1.      rs6699815                       1.      rs10912921                      Phenotype        DD   0.272E-04
1.      rs298142                        1.      rs2841633                       Phenotype        DA   0.235E-04
1.      rs10873894                      1.      rs17113507                      Phenotype        AA   0.268E-04
1.      rs2812452                       1.      rs17359359                      Phenotype        DD   0.760E-05
1.      rs1554597                       1.      rs6697119                       Phenotype        AD   0.305E-04
1.      rs6660167                       1.      rs16859769                      Phenotype        DD   0.302E-04
1.      rs4415625                       1.      rs7512040                       Phenotype        AA   0.262E-06
1.      rs4264037                       1.      rs1384168                       Phenotype        AA   0.162E-04
1.      rs4264037                       1.      rs6688376                       Phenotype        DA   0.353E-04
1.      rs12567858                      1.      rs9726970                       Phenotype        AD   0.849E-06
1.      rs2494066                       1.      rs316840                        Phenotype        DD   0.243E-04
1.      rs454107                        1.      rs1954369                       Phenotype        DD   0.210E-04
1.      rs11102112                      1.      rs12068365                      Phenotype        DD   0.236E-04
1.      rs11102112                      1.      rs6664387                       Phenotype        DD   0.236E-04
1.      rs3128365                       1.      rs7547487                       Phenotype        AA   0.171E-04
1.      rs10754330                      1.      rs2989946                       Phenotype        DA   0.167E-04
1.      rs10908710                      1.      rs10798741                      Phenotype        AA   0.305E-04
1.      rs1446975                       1.      rs12568690                      Phenotype        DD   0.164E-04
1.      rs4656685                       1.      rs9659850                       Phenotype        DA   0.374E-04
1.      rs11576706                      1.      rs7538550                       Phenotype        AA   0.102E-04
1.      rs12119710                      1.      rs1892490                       Phenotype        DD   0.222E-04
1.      rs6697326                       1.      rs9425336                       Phenotype        AA   0.138E-04
1.      rs1327867                       1.      rs12568690                      Phenotype        DA   0.795E-05
1.      rs1747817                       1.      rs7515609                       Phenotype        DA   0.424E-05
1.      rs7546433                       1.      rs2642966                       Phenotype        AD   0.221E-04
1.      rs4606361                       1.      rs7515609                       Phenotype        DA   0.175E-04
