1.      rs9426494                       1.      rs1927707                       Phenotype        DD   0.669E-66
1.      rs8627                          1.      rs1927707                       Phenotype        AD   0.148E-42
1.      rs946481                        1.      rs1927707                       Phenotype        AD   0.209E-46
1.      rs946481                        1.      rs1927707                       Phenotype        AA   0.165E-45
1.      rs4320729                       1.      rs1927707                       Phenotype        AD   0.142E-60
1.      rs3753864                       1.      rs1927707                       Phenotype        AD   0.141E-31
1.      rs7519941                       1.      rs1927707                       Phenotype        DD   0.507E-40
1.      rs4233497                       1.      rs1927707                       Phenotype        DD   0.249E-28
1.      rs7529595                       1.      rs1927707                       Phenotype        DD   0.122E-28
1.      rs3118058                       1.      rs1927707                       Phenotype        AD   0.177E-37
1.      rs3131743                       1.      rs1927707                       Phenotype        AD   0.136E-38
1.      rs1572108                       1.      rs1927707                       Phenotype        DA   0.138E-46
1.      rs559043                        1.      rs1927707                       Phenotype        DD   0.288E-29
1.      rs4520371                       1.      rs1927707                       Phenotype        DA   0.105E-27
1.      rs11210389                      1.      rs1927707                       Phenotype        DD   0.505E-48
1.      rs3015025                       1.      rs1927707                       Phenotype        AD   0.356E-34
1.      rs356285                        1.      rs1927707                       Phenotype        AD   0.115E-30
1.      rs12120384                      1.      rs1927707                       Phenotype        AD   0.125E-44
1.      rs7549499                       1.      rs1927707                       Phenotype        AD   0.212E-28
1.      rs12127465                      1.      rs1927707                       Phenotype        DA   0.561E-31
1.      rs4970722                       1.      rs1927707                       Phenotype        AA   0.159E-28
1.      rs1470438                       1.      rs1927707                       Phenotype        DD   0.819E-40
1.      rs1020368                       1.      rs1927707                       Phenotype        DD   0.811E-40
1.      rs6693042                       1.      rs1927707                       Phenotype        DD   0.401E-32
1.      rs4839349                       1.      rs1927707                       Phenotype        AD   0.345E-36
1.      rs6665039                       1.      rs1927707                       Phenotype        DA   0.503E-35
1.      rs6665039                       1.      rs1927707                       Phenotype        AA   0.323E-30
1.      rs3761961                       1.      rs1927707                       Phenotype        DD   0.365E-28
1.      rs2194899                       1.      rs1927707                       Phenotype        AD   0.281E-32
1.      rs12135361                      1.      rs1927707                       Phenotype        DA   0.859E-38
1.      rs1410592                       1.      rs1927707                       Phenotype        AD   0.544E-33
1.      rs3905112                       1.      rs1927707                       Phenotype        DD   0.447E-33
1.      rs10797829                      1.      rs1927707                       Phenotype        AD   0.859E-32
1.      rs4609393                       1.      rs1927707                       Phenotype        AD   0.371E-49
1.      rs7525146                       1.      rs1927707                       Phenotype        AD   0.140E-40
1.      rs7525146                       1.      rs1927707                       Phenotype        AA   0.166E-28
1.      rs1927707                       1.      rs10922193                      Phenotype        DA   0.107E-36
1.      rs1927707                       1.      rs10920260                      Phenotype        DA   0.187E-29
1.      rs1927707                       1.      rs6667268                       Phenotype        DA   0.276E-37
1.      rs1927707                       1.      rs1340113                       Phenotype        DD   0.217E-27
1.      rs1927707                       1.      rs17015169                      Phenotype        DD   0.223E-35
1.      rs1927707                       1.      rs351377                        Phenotype        DD   0.836E-29
1.      rs1927707                       1.      rs3125296                       Phenotype        DD   0.290E-33
1.      rs1927707                       1.      rs12408694                      Phenotype        AD   0.199E-33
1.      rs1927707                       1.      rs7527013                       Phenotype        DA   0.562E-37
1.      rs1927707                       1.      rs6541331                       Phenotype        AA   0.132E-27
1.      rs1927707                       1.      rs271765                        Phenotype        DD   0.904E-34
1.      rs1927707                       1.      rs4659766                       Phenotype        DA   0.898E-34
1.      rs1927707                       1.      rs10802990                      Phenotype        DA   0.121E-50
1.      rs1106778                       1.      rs10924862                      Phenotype        DD   0.991E-31
