1.      rs4351611                       1.      rs10494053                      Phenotype        AD   0.136E-09
1.      rs1775395                       1.      rs9660067                       Phenotype        DD   0.435E-09
1.      rs946503                        1.      rs10874828                      Phenotype        AD   0.120E-09
1.      rs2473355                       1.      rs7531070                       Phenotype        DD   0.246E-09
1.      rs12737852                      1.      rs10494053                      Phenotype        AD   0.235E-11
1.      rs1339800                       1.      rs10911236                      Phenotype        AA   0.594E-16
1.      rs1507099                       1.      rs10874828                      Phenotype        AD   0.743E-10
1.      rs4272587                       1.      rs3768376                       Phenotype        DD   0.422E-09
1.      rs230271                        1.      rs10874828                      Phenotype        AD   0.195E-09
1.      rs3806402                       1.      rs7525764                       Phenotype        DD   0.302E-09
1.      rs12032082                      1.      rs10494053                      Phenotype        DD   0.342E-09
1.      rs1165515                       1.      rs10494053                      Phenotype        DD   0.216E-09
1.      rs7411728                       1.      rs6690549                       Phenotype        DD   0.264E-09
1.      rs17096911                      1.      rs6690549                       Phenotype        DD   0.264E-09
1.      rs7537440                       1.      rs10874828                      Phenotype        DD   0.132E-13
1.      rs4650112                       1.      rs11585941                      Phenotype        DD   0.414E-09
1.      rs2352520                       1.      rs6670863                       Phenotype        DD   0.102E-10
1.      rs3748770                       1.      rs10874828                      Phenotype        AD   0.934E-10
1.      rs4970651                       1.      rs12734510                      Phenotype        DD   0.773E-10
1.      rs1561596                       1.      rs9887771                       Phenotype        DD   0.174E-09
1.      rs12404263                      1.      rs10494053                      Phenotype        DD   0.166E-10
1.      rs17131682                      1.      rs617293                        Phenotype        DD   0.197E-09
1.      rs17131682                      1.      rs6681222                       Phenotype        DD   0.471E-09
1.      rs10874828                      1.      rs10923169                      Phenotype        DA   0.257E-12
1.      rs10874828                      1.      rs2807386                       Phenotype        DD   0.194E-12
1.      rs10874828                      1.      rs2484696                       Phenotype        DA   0.180E-09
1.      rs10494053                      1.      rs4839287                       Phenotype        DA   0.124E-13
1.      rs10494053                      1.      rs7515371                       Phenotype        DD   0.195E-11
1.      rs10494053                      1.      rs2275236                       Phenotype        DD   0.550E-11
1.      rs10494053                      1.      rs6678353                       Phenotype        DD   0.819E-10
1.      rs10494053                      1.      rs6656814                       Phenotype        DA   0.341E-14
1.      rs10494053                      1.      rs2152319                       Phenotype        DD   0.128E-11
1.      rs10494053                      1.      rs10797957                      Phenotype        DD   0.148E-09
1.      rs10494053                      1.      rs12090626                      Phenotype        DA   0.190E-09
1.      rs10494053                      1.      rs2486064                       Phenotype        DA   0.284E-09
1.      rs10494053                      1.      rs6683473                       Phenotype        DD   0.172E-13
1.      rs10494053                      1.      rs6668021                       Phenotype        DD   0.137E-10
1.      rs10494053                      1.      rs4129019                       Phenotype        DD   0.107E-10
1.      rs10494053                      1.      rs3768376                       Phenotype        DA   0.378E-10
1.      rs10494053                      1.      rs628860                        Phenotype        DD   0.107E-10
1.      rs10494053                      1.      rs1202525                       Phenotype        DD   0.302E-12
1.      rs10494053                      1.      rs6678529                       Phenotype        DD   0.938E-12
1.      rs10494053                      1.      rs16839692                      Phenotype        DD   0.287E-13
1.      rs10494053                      1.      rs7517921                       Phenotype        DD   0.191E-11
1.      rs477634                        1.      rs12119600                      Phenotype        DD   0.407E-09
1.      rs10888470                      1.      rs12938                         Phenotype        DD   0.273E-12
1.      rs10888470                      1.      rs17260000                      Phenotype        DA   0.184E-09
1.      rs17386781                      1.      rs10911236                      Phenotype        AD   0.981E-10
1.      rs10911236                      1.      rs1999102                       Phenotype        AA   0.235E-10
1.      rs4275462                       1.      rs10924144                      Phenotype        DD   0.356E-10
