1.      rs11589129                      1.      rs161995                        Phenotype        DA   0.243E-07
1.      rs12407564                      1.      rs161995                        Phenotype        DA   0.132E-12
1.      rs7521197                       1.      rs11161533                      Phenotype        AA   0.453E-07
1.      rs11121424                      1.      rs2225875                       Phenotype        DD   0.569E-08
1.      rs2359899                       1.      rs12091522                      Phenotype        DD   0.496E-08
1.      rs1767887                       1.      rs161995                        Phenotype        DA   0.268E-16
1.      rs3767225                       1.      rs161995                        Phenotype        DA   0.718E-11
1.      rs3767225                       1.      rs161995                        Phenotype        AA   0.821E-09
1.      rs1827293                       1.      rs161995                        Phenotype        AA   0.267E-12
1.      rs10903034                      1.      rs161995                        Phenotype        AA   0.379E-07
1.      rs9426351                       1.      rs2791706                       Phenotype        DD   0.168E-08
1.      rs628347                        1.      rs161995                        Phenotype        AA   0.332E-08
1.      rs1542886                       1.      rs161995                        Phenotype        DA   0.270E-10
1.      rs272561                        1.      rs6676050                       Phenotype        DD   0.306E-07
1.      rs10890510                      1.      rs161995                        Phenotype        AA   0.165E-10
1.      rs1022265                       1.      rs161995                        Phenotype        DA   0.835E-09
1.      rs4492587                       1.      rs161995                        Phenotype        DA   0.747E-11
1.      rs1416313                       1.      rs12755958                      Phenotype        AD   0.912E-08
1.      rs1556805                       1.      rs161995                        Phenotype        DA   0.338E-07
1.      rs7530537                       1.      rs16832153                      Phenotype        DD   0.146E-07
1.      rs1926282                       1.      rs161995                        Phenotype        AA   0.252E-09
1.      rs10782588                      1.      rs161995                        Phenotype        DA   0.157E-08
1.      rs1006597                       1.      rs161995                        Phenotype        DA   0.821E-14
1.      rs6593684                       1.      rs161995                        Phenotype        DA   0.313E-13
1.      rs6593684                       1.      rs6674171                       Phenotype        DA   0.301E-07
1.      rs161995                        1.      rs1336794                       Phenotype        AD   0.460E-08
1.      rs161995                        1.      rs2491602                       Phenotype        AD   0.998E-09
1.      rs161995                        1.      rs2459328                       Phenotype        AD   0.204E-07
1.      rs161995                        1.      rs1036959                       Phenotype        AA   0.186E-07
1.      rs161995                        1.      rs2137400                       Phenotype        AA   0.694E-10
1.      rs161995                        1.      rs2137400                       Phenotype        AD   0.900E-08
1.      rs161995                        1.      rs12568028                      Phenotype        AA   0.734E-09
1.      rs161995                        1.      rs390718                        Phenotype        AA   0.641E-08
1.      rs161995                        1.      rs4652232                       Phenotype        AA   0.320E-07
1.      rs161995                        1.      rs6689426                       Phenotype        AA   0.158E-09
1.      rs161995                        1.      rs12035247                      Phenotype        AA   0.100E-08
1.      rs161995                        1.      rs2027075                       Phenotype        AD   0.719E-25
1.      rs161995                        1.      rs10911456                      Phenotype        AA   0.467E-07
1.      rs161995                        1.      rs4372256                       Phenotype        AA   0.195E-07
1.      rs161995                        1.      rs4950810                       Phenotype        AA   0.902E-12
1.      rs161995                        1.      rs1538365                       Phenotype        AD   0.413E-12
1.      rs161995                        1.      rs11589                         Phenotype        AA   0.461E-09
1.      rs161995                        1.      rs2791706                       Phenotype        AA   0.183E-19
1.      rs161995                        1.      rs2073486                       Phenotype        AA   0.974E-12
1.      rs161995                        1.      rs7518953                       Phenotype        AD   0.353E-08
1.      rs161995                        1.      rs584639                        Phenotype        AD   0.424E-18
1.      rs161995                        1.      rs684818                        Phenotype        AA   0.442E-14
1.      rs161995                        1.      rs2297965                       Phenotype        AA   0.964E-08
1.      rs161995                        1.      rs12722764                      Phenotype        AA   0.142E-08
1.      rs161995                        1.      rs953247                        Phenotype        AA   0.505E-12
