1.      rs4845898                       1.      rs7542179                       Phenotype        DA   0.510E-20
1.      rs10788668                      1.      rs2809925                       Phenotype        DD   0.360E-17
1.      rs10788668                      1.      rs2809943                       Phenotype        DD   0.638E-18
1.      rs10788668                      1.      rs338234                        Phenotype        DA   0.429E-19
1.      rs10788668                      1.      rs17025957                      Phenotype        DD   0.889E-17
1.      rs10788668                      1.      rs2477106                       Phenotype        DA   0.121E-16
1.      rs11590840                      1.      rs12039583                      Phenotype        DD   0.899E-18
1.      rs9286938                       1.      rs12039583                      Phenotype        DD   0.513E-16
1.      rs10753284                      1.      rs7538393                       Phenotype        DD   0.211E-16
1.      rs16866159                      1.      rs3790575                       Phenotype        DD   0.949E-18
1.      rs16866159                      1.      rs2986061                       Phenotype        DD   0.934E-18
1.      rs12563583                      1.      rs10874564                      Phenotype        AA   0.169E-16
1.      rs7542179                       1.      rs7530323                       Phenotype        DA   0.637E-21
1.      rs7542179                       1.      rs12045479                      Phenotype        DD   0.529E-23
1.      rs7542179                       1.      rs1323816                       Phenotype        DD   0.205E-17
1.      rs7542179                       1.      rs12126555                      Phenotype        DA   0.915E-16
1.      rs7542179                       1.      rs6541364                       Phenotype        DD   0.907E-34
1.      rs7542179                       1.      rs6672092                       Phenotype        DA   0.706E-18
1.      rs7542179                       1.      rs2477579                       Phenotype        DA   0.687E-22
1.      rs7542179                       1.      rs6696089                       Phenotype        DD   0.433E-17
1.      rs7542179                       1.      rs11119565                      Phenotype        DD   0.203E-23
1.      rs7542179                       1.      rs6657728                       Phenotype        DA   0.317E-24
1.      rs7542179                       1.      rs6657728                       Phenotype        DD   0.998E-16
1.      rs215811                        1.      rs12128908                      Phenotype        DD   0.310E-17
1.      rs609572                        1.      rs2772283                       Phenotype        DD   0.100E-15
1.      rs12128908                      1.      rs923028                        Phenotype        DD   0.221E-17
1.      rs12128908                      1.      rs904610                        Phenotype        DD   0.322E-17
1.      rs12128908                      1.      rs4372299                       Phenotype        DD   0.337E-16
1.      rs2809925                       1.      rs12090659                      Phenotype        DD   0.101E-16
1.      rs2809943                       1.      rs12090659                      Phenotype        DD   0.794E-17
1.      rs1213664                       1.      rs699252                        Phenotype        DD   0.185E-19
1.      rs7518838                       1.      rs699252                        Phenotype        DD   0.185E-19
1.      rs338234                        1.      rs10874564                      Phenotype        DD   0.579E-20
1.      rs12068634                      1.      rs7366494                       Phenotype        DD   0.256E-18
1.      rs1367445                       1.      rs6697052                       Phenotype        DD   0.196E-16
1.      rs12090659                      1.      rs10874564                      Phenotype        DD   0.891E-19
1.      rs12090659                      1.      rs12035524                      Phenotype        DD   0.859E-21
1.      rs17111191                      1.      rs4658889                       Phenotype        AD   0.508E-16
1.      rs6541364                       1.      rs12039583                      Phenotype        DD   0.880E-16
1.      rs1023245                       1.      rs1494898                       Phenotype        DD   0.880E-16
1.      rs1157148                       1.      rs7543250                       Phenotype        DD   0.331E-16
1.      rs867302                        1.      rs12023965                      Phenotype        DD   0.359E-17
1.      rs3795663                       1.      rs12039583                      Phenotype        DD   0.278E-17
1.      rs12039583                      1.      rs400172                        Phenotype        DD   0.483E-18
1.      rs12039583                      1.      rs789367                        Phenotype        DD   0.681E-18
1.      rs7527911                       1.      rs17686866                      Phenotype        DD   0.230E-16
1.      rs6691774                       1.      rs7538393                       Phenotype        DD   0.249E-18
1.      rs7538393                       1.      rs3861928                       Phenotype        DD   0.134E-16
1.      rs2576206                       1.      rs2484706                       Phenotype        DA   0.885E-17
1.      rs2576206                       1.      rs2484706                       Phenotype        DD   0.106E-15
