1.      rs1870509                       1.      rs12122485                      Phenotype        AD   0.216E-10
1.      rs694935                        1.      rs17035177                      Phenotype        AD   0.827E-12
1.      rs694935                        1.      rs17035177                      Phenotype        DD   0.649E-10
1.      rs571977                        1.      rs17035177                      Phenotype        AD   0.797E-10
1.      rs921893                        1.      rs2916205                       Phenotype        AD   0.769E-09
1.      rs292809                        1.      rs2274981                       Phenotype        AD   0.279E-09
1.      rs292809                        1.      rs10911285                      Phenotype        AD   0.957E-09
1.      rs1550545                       1.      rs915397                        Phenotype        AD   0.641E-09
1.      rs1550545                       1.      rs10911285                      Phenotype        DA   0.313E-09
1.      rs6686758                       1.      rs488778                        Phenotype        DD   0.352E-10
1.      rs6676020                       1.      rs17035177                      Phenotype        AD   0.124E-11
1.      rs6676020                       1.      rs1487528                       Phenotype        AD   0.219E-11
1.      rs6692500                       1.      rs1051091                       Phenotype        DD   0.762E-10
1.      rs17442177                      1.      rs6672282                       Phenotype        AD   0.936E-09
1.      rs199678                        1.      rs12122485                      Phenotype        DD   0.767E-11
1.      rs6672282                       1.      rs6671913                       Phenotype        DA   0.380E-10
1.      rs6672282                       1.      rs12122534                      Phenotype        DD   0.120E-11
1.      rs6672282                       1.      rs2916205                       Phenotype        DD   0.821E-12
1.      rs6672282                       1.      rs1200136                       Phenotype        DD   0.717E-09
1.      rs12037195                      1.      rs34637442                      Phenotype        DD   0.113E-08
1.      rs451052                        1.      rs915397                        Phenotype        DA   0.892E-11
1.      rs1413431                       1.      rs1487528                       Phenotype        DD   0.665E-09
1.      rs915397                        1.      rs1935747                       Phenotype        DD   0.361E-09
1.      rs681589                        1.      rs12122485                      Phenotype        AD   0.529E-10
1.      rs4658260                       1.      rs12122485                      Phenotype        DD   0.437E-09
1.      rs2095299                       1.      rs17035177                      Phenotype        AD   0.159E-09
1.      rs11184955                      1.      rs12122485                      Phenotype        DD   0.301E-10
1.      rs12122485                      1.      rs6688363                       Phenotype        DD   0.142E-09
1.      rs12122485                      1.      rs9424606                       Phenotype        DD   0.118E-10
1.      rs12122485                      1.      rs1743266                       Phenotype        DA   0.616E-09
1.      rs4839387                       1.      rs2274981                       Phenotype        DA   0.404E-10
1.      rs4839387                       1.      rs10911285                      Phenotype        DA   0.181E-09
1.      rs4839387                       1.      rs1487528                       Phenotype        DD   0.930E-11
1.      rs1538389                       1.      rs17035177                      Phenotype        DD   0.558E-09
1.      rs17035177                      1.      rs2274981                       Phenotype        DA   0.904E-10
1.      rs17035177                      1.      rs10911285                      Phenotype        DA   0.358E-10
1.      rs17035177                      1.      rs1487528                       Phenotype        DA   0.171E-13
1.      rs17035177                      1.      rs1487528                       Phenotype        AD   0.107E-10
1.      rs17035177                      1.      rs10925439                      Phenotype        DA   0.341E-11
1.      rs11204758                      1.      rs11803783                      Phenotype        DD   0.931E-09
1.      rs11204758                      1.      rs337170                        Phenotype        DD   0.397E-09
1.      rs11264902                      1.      rs16822576                      Phenotype        DD   0.756E-10
1.      rs11803783                      1.      rs10911285                      Phenotype        DA   0.136E-09
1.      rs11803783                      1.      rs360073                        Phenotype        DD   0.148E-09
1.      rs1051091                       1.      rs360073                        Phenotype        DD   0.386E-09
1.      rs3813640                       1.      rs2274981                       Phenotype        AA   0.976E-12
1.      rs3813640                       1.      rs10911285                      Phenotype        AA   0.437E-13
1.      rs3813640                       1.      rs2808238                       Phenotype        DD   0.103E-08
1.      rs16822576                      1.      rs7511784                       Phenotype        DD   0.562E-09
1.      rs12749354                      1.      rs474181                        Phenotype        DD   0.143E-10
