1.      rs1553291                       1.      rs11577449                      Phenotype        AD   0.172E-33
1.      rs916408                        1.      rs16826452                      Phenotype        DD   0.674E-32
1.      rs2335767                       1.      rs533808                        Phenotype        DD   0.209E-33
1.      rs10927460                      1.      rs12032914                      Phenotype        DD   0.441E-33
1.      rs9435739                       1.      rs16826452                      Phenotype        DD   0.271E-34
1.      rs6603893                       1.      rs11577449                      Phenotype        DD   0.236E-36
1.      rs16826452                      1.      rs2365498                       Phenotype        DD   0.384E-32
1.      rs16826452                      1.      rs4656092                       Phenotype        DD   0.724E-34
1.      rs16826452                      1.      rs4845406                       Phenotype        DD   0.440E-35
1.      rs16826452                      1.      rs11265009                      Phenotype        DD   0.587E-34
1.      rs16826452                      1.      rs1934424                       Phenotype        DD   0.142E-34
1.      rs16826452                      1.      rs2815245                       Phenotype        AD   0.335E-32
1.      rs533808                        1.      rs4652974                       Phenotype        DD   0.340E-33
1.      rs533808                        1.      rs1180280                       Phenotype        DD   0.117E-36
1.      rs533808                        1.      rs2816594                       Phenotype        DD   0.235E-33
1.      rs533808                        1.      rs1359468                       Phenotype        DA   0.626E-35
1.      rs533808                        1.      rs11577449                      Phenotype        AD   0.145E-30
1.      rs533808                        1.      rs12128684                      Phenotype        DD   0.413E-35
1.      rs533808                        1.      rs750179                        Phenotype        DA   0.394E-34
1.      rs533808                        1.      rs9428218                       Phenotype        DD   0.440E-38
1.      rs533808                        1.      rs2494262                       Phenotype        DD   0.402E-39
1.      rs533808                        1.      rs1537520                       Phenotype        DA   0.608E-31
1.      rs533808                        1.      rs842796                        Phenotype        DD   0.622E-35
1.      rs533808                        1.      rs11572622                      Phenotype        DD   0.308E-32
1.      rs533808                        1.      rs6693348                       Phenotype        DD   0.131E-41
1.      rs12129692                      1.      rs10881159                      Phenotype        DD   0.159E-33
1.      rs10752589                      1.      rs945717                        Phenotype        DD   0.163E-34
1.      rs11205858                      1.      rs12732009                      Phenotype        DD   0.200E-38
1.      rs11205858                      1.      rs1775711                       Phenotype        DD   0.150E-34
1.      rs1180280                       1.      rs11578202                      Phenotype        DD   0.435E-35
1.      rs10493112                      1.      rs11578202                      Phenotype        AD   0.702E-33
1.      rs9436924                       1.      rs290868                        Phenotype        DD   0.147E-30
1.      rs511041                        1.      rs2815245                       Phenotype        DD   0.152E-31
1.      rs912498                        1.      rs12608                         Phenotype        DD   0.264E-35
1.      rs912498                        1.      rs11804358                      Phenotype        DD   0.819E-32
1.      rs11577449                      1.      rs4662154                       Phenotype        DD   0.473E-39
1.      rs11577449                      1.      rs672527                        Phenotype        DD   0.144E-37
1.      rs11578202                      1.      rs4559484                       Phenotype        DD   0.474E-34
1.      rs11578202                      1.      rs4658273                       Phenotype        DD   0.548E-40
1.      rs11578202                      1.      rs1627391                       Phenotype        AD   0.130E-33
1.      rs11578202                      1.      rs7547762                       Phenotype        DD   0.645E-36
1.      rs1329644                       1.      rs1937140                       Phenotype        DD   0.234E-33
1.      rs1627391                       1.      rs909941                        Phenotype        DD   0.879E-33
1.      rs1664416                       1.      rs12133895                      Phenotype        DD   0.120E-31
1.      rs11583268                      1.      rs1937140                       Phenotype        DD   0.252E-39
1.      rs11583268                      1.      rs10495060                      Phenotype        DD   0.590E-38
1.      rs10923574                      1.      rs6693348                       Phenotype        DD   0.538E-35
1.      rs4844747                       1.      rs2815245                       Phenotype        DD   0.331E-33
1.      rs1003181                       1.      rs2815245                       Phenotype        DD   0.253E-33
1.      rs12133895                      1.      rs2654879                       Phenotype        DD   0.616E-33
