1.      rs1869970                       1.      rs17034501                      Phenotype        DD   0.583E-08
1.      rs381240                        1.      rs955822                        Phenotype        DD   0.109E-07
1.      rs6694515                       1.      rs12131475                      Phenotype        DD   0.588E-08
1.      rs17034501                      1.      rs16839591                      Phenotype        AD   0.924E-09
1.      rs820621                        1.      rs1288518                       Phenotype        DD   0.759E-08
1.      rs820621                        1.      rs1575512                       Phenotype        DD   0.698E-08
1.      rs2977310                       1.      rs12086905                      Phenotype        DD   0.130E-07
1.      rs17432613                      1.      rs481746                        Phenotype        DA   0.185E-08
1.      rs17432613                      1.      rs526201                        Phenotype        DA   0.185E-08
1.      rs12128546                      1.      rs16840259                      Phenotype        DD   0.849E-09
1.      rs2746561                       1.      rs481746                        Phenotype        DD   0.961E-08
1.      rs2746561                       1.      rs526201                        Phenotype        DD   0.961E-08
1.      rs10917423                      1.      rs11206722                      Phenotype        DD   0.129E-08
1.      rs10493046                      1.      rs10158707                      Phenotype        DA   0.514E-08
1.      rs12041455                      1.      rs12125742                      Phenotype        DD   0.500E-09
1.      rs4915699                       1.      rs7552945                       Phenotype        DD   0.838E-08
1.      rs6677129                       1.      rs10158707                      Phenotype        DA   0.747E-21
1.      rs6677129                       1.      rs6675281                       Phenotype        DD   0.135E-07
1.      rs12136092                      1.      rs10802954                      Phenotype        DD   0.482E-09
1.      rs2179763                       1.      rs10802954                      Phenotype        DD   0.130E-07
1.      rs953796                        1.      rs2622361                       Phenotype        DD   0.961E-08
1.      rs4347185                       1.      rs1502358                       Phenotype        DD   0.390E-08
1.      rs17406291                      1.      rs10158707                      Phenotype        DA   0.120E-08
1.      rs1414417                       1.      rs2343278                       Phenotype        DD   0.437E-08
1.      rs1414417                       1.      rs12125742                      Phenotype        AD   0.139E-08
1.      rs6694768                       1.      rs650728                        Phenotype        DD   0.972E-08
1.      rs2622361                       1.      rs1409778                       Phenotype        DD   0.105E-07
1.      rs953104                        1.      rs1816732                       Phenotype        DD   0.487E-08
1.      rs953104                        1.      rs10803138                      Phenotype        AD   0.217E-08
1.      rs953104                        1.      rs10803138                      Phenotype        DA   0.594E-08
1.      rs10919200                      1.      rs10158707                      Phenotype        DA   0.739E-08
1.      rs10919200                      1.      rs481746                        Phenotype        DD   0.682E-09
1.      rs10919200                      1.      rs526201                        Phenotype        DD   0.682E-09
1.      rs6425468                       1.      rs481746                        Phenotype        AD   0.253E-08
1.      rs6425468                       1.      rs526201                        Phenotype        AD   0.253E-08
1.      rs10158707                      1.      rs481746                        Phenotype        AA   0.281E-12
1.      rs10158707                      1.      rs526201                        Phenotype        AA   0.281E-12
1.      rs12131475                      1.      rs12740330                      Phenotype        DA   0.243E-09
1.      rs1504323                       1.      rs481746                        Phenotype        DD   0.214E-09
1.      rs1504323                       1.      rs526201                        Phenotype        DD   0.214E-09
1.      rs10921216                      1.      rs12564542                      Phenotype        DD   0.438E-08
1.      rs870791                        1.      rs481746                        Phenotype        DD   0.439E-08
1.      rs870791                        1.      rs526201                        Phenotype        DD   0.439E-08
1.      rs16839591                      1.      rs2819754                       Phenotype        DD   0.369E-08
1.      rs16839591                      1.      rs6429195                       Phenotype        DD   0.453E-08
1.      rs12086905                      1.      rs1252128                       Phenotype        DD   0.125E-07
1.      rs481746                        1.      rs4653826                       Phenotype        DD   0.407E-08
1.      rs481746                        1.      rs6429075                       Phenotype        DD   0.180E-08
1.      rs526201                        1.      rs4653826                       Phenotype        DD   0.407E-08
1.      rs526201                        1.      rs6429075                       Phenotype        DD   0.180E-08
