1.      rs3128678                       1.      rs2226739                       Phenotype        AD   0.000E+00
1.      rs2816062                       1.      rs2226739                       Phenotype        DD   0.000E+00
1.      rs2816062                       1.      rs2226739                       Phenotype        AD   0.000E+00
1.      rs11247864                      1.      rs2226739                       Phenotype        DD   0.000E+00
1.      rs11247864                      1.      rs2226739                       Phenotype        AD   0.000E+00
1.      rs3813804                       1.      rs1441836                       Phenotype        AD   0.000E+00
1.      rs3813804                       1.      rs1441836                       Phenotype        DD   0.000E+00
1.      rs3813804                       1.      rs2803243                       Phenotype        DD   0.000E+00
1.      rs3813804                       1.      rs2803243                       Phenotype        AD   0.000E+00
1.      rs3813804                       1.      rs2503222                       Phenotype        DD   0.000E+00
1.      rs3813804                       1.      rs2503222                       Phenotype        DA   0.000E+00
1.      rs3813804                       1.      rs2503222                       Phenotype        AD   0.000E+00
1.      rs3813804                       1.      rs12033001                      Phenotype        DD   0.000E+00
1.      rs3813804                       1.      rs12033001                      Phenotype        AD   0.000E+00
1.      rs3813804                       1.      rs2226739                       Phenotype        DD   0.000E+00
1.      rs3813804                       1.      rs2226739                       Phenotype        AD   0.000E+00
1.      rs3813804                       1.      rs12062173                      Phenotype        DD   0.000E+00
1.      rs3813804                       1.      rs12062173                      Phenotype        AD   0.000E+00
1.      rs11247739                      1.      rs1441836                       Phenotype        DD   0.000E+00
1.      rs11247739                      1.      rs1441836                       Phenotype        AD   0.000E+00
1.      rs11247739                      1.      rs2503222                       Phenotype        DD   0.000E+00
1.      rs11247739                      1.      rs2503222                       Phenotype        AD   0.000E+00
1.      rs11247739                      1.      rs12033001                      Phenotype        DD   0.000E+00
1.      rs11247739                      1.      rs12033001                      Phenotype        AD   0.000E+00
1.      rs7550051                       1.      rs12062173                      Phenotype        DD   0.000E+00
1.      rs3125294                       1.      rs10910490                      Phenotype        DD   0.000E+00
1.      rs3125294                       1.      rs10910490                      Phenotype        AD   0.000E+00
1.      rs12036408                      1.      rs12062173                      Phenotype        DD   0.000E+00
1.      rs12036408                      1.      rs12062173                      Phenotype        AD   0.000E+00
1.      rs3795453                       1.      rs12062173                      Phenotype        DD   0.000E+00
1.      rs3795453                       1.      rs12062173                      Phenotype        AD   0.000E+00
1.      rs611229                        1.      rs12062173                      Phenotype        DD   0.000E+00
1.      rs611229                        1.      rs12062173                      Phenotype        AD   0.000E+00
1.      rs7513889                       1.      rs10910490                      Phenotype        DD   0.000E+00
1.      rs7513889                       1.      rs10910490                      Phenotype        AD   0.000E+00
1.      rs7513889                       1.      rs12062173                      Phenotype        DD   0.000E+00
1.      rs7513889                       1.      rs12062173                      Phenotype        AD   0.000E+00
1.      rs1570105                       1.      rs12062173                      Phenotype        DD   0.000E+00
1.      rs1570105                       1.      rs12062173                      Phenotype        AD   0.000E+00
1.      rs10910490                      1.      rs10802609                      Phenotype        DD   0.000E+00
1.      rs10910490                      1.      rs10802609                      Phenotype        DA   0.000E+00
1.      rs10910490                      1.      rs10802609                      Phenotype        AD   0.000E+00
1.      rs7536535                       1.      rs12062173                      Phenotype        DD   0.000E+00
1.      rs7536535                       1.      rs12062173                      Phenotype        AD   0.000E+00
1.      rs12069813                      1.      rs12062173                      Phenotype        DD   0.000E+00
1.      rs12069813                      1.      rs12062173                      Phenotype        AD   0.000E+00
1.      rs12062173                      1.      rs9663050                       Phenotype        DD   0.000E+00
1.      rs12062173                      1.      rs9663050                       Phenotype        DA   0.000E+00
1.      rs12062173                      1.      rs6429458                       Phenotype        DD   0.000E+00
1.      rs12062173                      1.      rs6429458                       Phenotype        DA   0.000E+00
