1.      rs17030129                      1.      rs374904                        Phenotype        DD   0.609E-11
1.      rs17030129                      1.      rs10921430                      Phenotype        AD   0.100E-08
1.      rs17030129                      1.      rs1775457                       Phenotype        DD   0.103E-08
1.      rs17030129                      1.      rs7520626                       Phenotype        DD   0.177E-08
1.      rs17030129                      1.      rs11120211                      Phenotype        DD   0.551E-12
1.      rs12136376                      1.      rs924296                        Phenotype        DD   0.604E-10
1.      rs17401924                      1.      rs924296                        Phenotype        DD   0.775E-10
1.      rs2056974                       1.      rs1775457                       Phenotype        DD   0.350E-09
1.      rs2143103                       1.      rs12026452                      Phenotype        DD   0.906E-09
1.      rs374904                        1.      rs2064889                       Phenotype        DD   0.106E-08
1.      rs374904                        1.      rs4129434                       Phenotype        DD   0.171E-12
1.      rs1531923                       1.      rs924296                        Phenotype        DD   0.103E-11
1.      rs10914347                      1.      rs11240119                      Phenotype        DD   0.101E-09
1.      rs6663779                       1.      rs11240119                      Phenotype        DD   0.101E-09
1.      rs16824606                      1.      rs4131408                       Phenotype        DD   0.208E-08
1.      rs16824606                      1.      rs3820500                       Phenotype        DD   0.408E-09
1.      rs16824606                      1.      rs1930435                       Phenotype        DD   0.689E-10
1.      rs16824606                      1.      rs291907                        Phenotype        DD   0.420E-09
1.      rs16824606                      1.      rs11808241                      Phenotype        AD   0.106E-09
1.      rs634391                        1.      rs924296                        Phenotype        DD   0.195E-10
1.      rs3124455                       1.      rs924296                        Phenotype        DD   0.128E-10
1.      rs924296                        1.      rs12037897                      Phenotype        DD   0.111E-10
1.      rs924296                        1.      rs4284216                       Phenotype        DD   0.111E-10
1.      rs924296                        1.      rs1006597                       Phenotype        DA   0.138E-09
1.      rs924296                        1.      rs1414674                       Phenotype        DD   0.111E-09
1.      rs924296                        1.      rs1217414                       Phenotype        DD   0.775E-09
1.      rs924296                        1.      rs4970851                       Phenotype        DD   0.259E-09
1.      rs924296                        1.      rs1316275                       Phenotype        DA   0.114E-08
1.      rs924296                        1.      rs3820094                       Phenotype        DD   0.800E-11
1.      rs924296                        1.      rs7512126                       Phenotype        DD   0.796E-10
1.      rs924296                        1.      rs285481                        Phenotype        DD   0.195E-08
1.      rs924296                        1.      rs6693249                       Phenotype        DA   0.465E-09
1.      rs924296                        1.      rs12074531                      Phenotype        DA   0.465E-09
1.      rs924296                        1.      rs10921430                      Phenotype        AA   0.857E-09
1.      rs924296                        1.      rs1538365                       Phenotype        DD   0.183E-11
1.      rs924296                        1.      rs11118278                      Phenotype        DD   0.211E-11
1.      rs924296                        1.      rs11118281                      Phenotype        DD   0.211E-11
1.      rs924296                        1.      rs10863461                      Phenotype        DD   0.211E-11
1.      rs924296                        1.      rs11118729                      Phenotype        DD   0.359E-11
1.      rs924296                        1.      rs544739                        Phenotype        DA   0.153E-08
1.      rs924296                        1.      rs7530535                       Phenotype        DD   0.131E-08
1.      rs790970                        1.      rs6699473                       Phenotype        DD   0.845E-12
1.      rs790970                        1.      rs6661081                       Phenotype        DA   0.838E-10
1.      rs11185088                      1.      rs12132165                      Phenotype        DD   0.458E-09
1.      rs11185088                      1.      rs1775457                       Phenotype        DD   0.511E-10
1.      rs4131408                       1.      rs3820500                       Phenotype        DD   0.564E-09
1.      rs266530                        1.      rs10494786                      Phenotype        DD   0.161E-09
1.      rs12132165                      1.      rs6692158                       Phenotype        DD   0.958E-11
1.      rs6605045                       1.      rs10802551                      Phenotype        DD   0.173E-10
1.      rs11808241                      1.      rs10802551                      Phenotype        DD   0.110E-08
