PLINK v1.90b3.42 64-bit (20 Sep 2016)
Options in effect:
  --allow-no-sex
  --bfile Pure_Recessive_OnePair_BaselineAlpha10_InteractionAlpha8_Chr1_CEU_SNP1000_IND1000_MAF025_04_converted
  --epi1 5e-08
  --fast-epistasis boost
  --out Pure_Recessive_OnePair_BaselineAlpha10_InteractionAlpha8_Chr1_CEU_SNP1000_IND1000_MAF025_04_converted_epistasis

Hostname: emb0724
Working directory: /gpfs/group/ehlers/Stas_GWAS/Sim_Data/Review_Publication/CaseControl
Start time: Mon Jul 24 15:53:43 2023

Random number seed: 1690239223
128858 MB RAM detected; reserving 64429 MB for main workspace.
1000 variants loaded from .bim file.
1000 people (0 males, 0 females, 1000 ambiguous) loaded from .fam.
Ambiguous sex IDs written to
Pure_Recessive_OnePair_BaselineAlpha10_InteractionAlpha8_Chr1_CEU_SNP1000_IND1000_MAF025_04_converted_epistasis.nosex
.
1000 phenotype values loaded from .fam.
Using up to 15 threads (change this with --threads).
Before main variant filters, 1000 founders and 0 nonfounders present.
Calculating allele frequencies... done.
1000 variants and 1000 people pass filters and QC.
Among remaining phenotypes, 1 is a case and 999 are controls.
Error: --fast-epistasis requires at least two cases and two controls.

End time: Mon Jul 24 15:53:43 2023
