1.      rs4908570                       1.      rs12026065                      Phenotype        DA   0.568E-07
1.      rs4908570                       1.      rs4970834                       Phenotype        DD   0.104E-06
1.      rs4908570                       1.      rs7538437                       Phenotype        AD   0.110E-06
1.      rs728340                        1.      rs12026065                      Phenotype        DA   0.110E-06
1.      rs486532                        1.      rs12026065                      Phenotype        DD   0.439E-09
1.      rs10914875                      1.      rs7538437                       Phenotype        AD   0.102E-07
1.      rs274754                        1.      rs7516091                       Phenotype        AD   0.649E-07
1.      rs274754                        1.      rs16853770                      Phenotype        AD   0.320E-07
1.      rs274754                        1.      rs7538437                       Phenotype        DD   0.527E-07
1.      rs11263915                      1.      rs7538437                       Phenotype        AD   0.373E-07
1.      rs505399                        1.      rs12026065                      Phenotype        DD   0.647E-07
1.      rs11206482                      1.      rs12026065                      Phenotype        DD   0.225E-09
1.      rs7516091                       1.      rs2764879                       Phenotype        DD   0.132E-10
1.      rs7516091                       1.      rs11265402                      Phenotype        DD   0.109E-06
1.      rs7516091                       1.      rs7538437                       Phenotype        AD   0.719E-09
1.      rs7516091                       1.      rs7538437                       Phenotype        DA   0.100E-06
1.      rs11207581                      1.      rs11163047                      Phenotype        DD   0.110E-06
1.      rs11207581                      1.      rs2764879                       Phenotype        DD   0.845E-11
1.      rs11207581                      1.      rs11265402                      Phenotype        DD   0.156E-08
1.      rs11207581                      1.      rs16853770                      Phenotype        AD   0.303E-07
1.      rs11207581                      1.      rs7538437                       Phenotype        AD   0.160E-08
1.      rs1870950                       1.      rs11163047                      Phenotype        DD   0.113E-06
1.      rs1870950                       1.      rs2764879                       Phenotype        DD   0.586E-10
1.      rs1870950                       1.      rs11265402                      Phenotype        DD   0.348E-07
1.      rs1870950                       1.      rs16853770                      Phenotype        AD   0.156E-07
1.      rs1870950                       1.      rs7538437                       Phenotype        AD   0.486E-08
1.      rs11208847                      1.      rs12026065                      Phenotype        AD   0.310E-07
1.      rs11208847                      1.      rs11265402                      Phenotype        AD   0.799E-08
1.      rs1776305                       1.      rs12026065                      Phenotype        AD   0.218E-07
1.      rs1776305                       1.      rs11265402                      Phenotype        DD   0.619E-07
1.      rs1687840                       1.      rs12026065                      Phenotype        AD   0.222E-07
1.      rs1687840                       1.      rs11265402                      Phenotype        DD   0.584E-07
1.      rs11163047                      1.      rs4970834                       Phenotype        DD   0.267E-07
1.      rs11163047                      1.      rs7538437                       Phenotype        DD   0.101E-06
1.      rs12026065                      1.      rs839850                        Phenotype        DD   0.248E-08
1.      rs12026065                      1.      rs791274                        Phenotype        DA   0.412E-07
1.      rs12026065                      1.      rs11265402                      Phenotype        AD   0.273E-08
1.      rs12026065                      1.      rs12047510                      Phenotype        DD   0.419E-07
1.      rs12026065                      1.      rs2970540                       Phenotype        DD   0.567E-07
1.      rs12026065                      1.      rs2218115                       Phenotype        AD   0.174E-07
1.      rs12026065                      1.      rs34468460                      Phenotype        DD   0.507E-09
1.      rs10782773                      1.      rs7538437                       Phenotype        AD   0.555E-07
1.      rs4970834                       1.      rs2764879                       Phenotype        DD   0.134E-09
1.      rs4970834                       1.      rs7538437                       Phenotype        DD   0.116E-06
1.      rs2603591                       1.      rs7538437                       Phenotype        DD   0.399E-07
1.      rs10802023                      1.      rs7538437                       Phenotype        AD   0.387E-10
1.      rs1146336                       1.      rs7538437                       Phenotype        AD   0.246E-09
1.      rs11265402                      1.      rs7538437                       Phenotype        AD   0.627E-07
1.      rs11265402                      1.      rs10802440                      Phenotype        DA   0.100E-09
1.      rs10737562                      1.      rs7538437                       Phenotype        DD   0.585E-07
