  50 MOST SIGNIFICANT RESULTS OF PAIRWISE EPISTASIS ANALYSIS
======================================================================================================================================================================================================================================================================================================================================================================================================
I = interaction effect between the two SNP genotypes
AA = additive x additive effect, AD = additive x dominance effect, DA = dominance x additive effect, DD = dominance x dominance effect
P_I = p-value of two-locus marker genotypic effect
Test = effect type being tested
Effect = estimate of epistasis contrast, or esitmate of "AA", "AD", "DA", or "DD" effect
t-value = the t-value for the effect being tested
P_value = p-value of the effect being tested
Allele/Geno = coded marker allele_allele, allele_genotype, genotype_allele,or genotype_genotype combination
A/G_Effect = effect of coded marker allele_allele, allele_genotype, genotype_allele,or genotype_genotype combination - useful for identifying good or bad combination
A/G_Frequency = frequency of coded marker allele_allele, allele_genotype, genotype_allele,or genotype_genotype combination - useful for identifying rare allel or genotypic frequencies
------------------------------------------------------------------------------------------------------------------------------------------------------------------------------------------------------------------------------------------------------------------------------------------------------------------------------------------------------------------------------------------------------
Chr1  Locus1                          Chr2    Locus2                        Trait            P_I      Test    Effect   t-value   P_value  Allele/Geno A/G_Effect A/G_Frequency
------------------------------------------------------------------------------------------------------------------------------------------------------------------------------------------------------------------------------------------------------------------------------------------------------------------------------------------------------------------------------------------------------
1.     rs731031                       1.     rs3738570                      Phenotype        0.833E-04 AD -0.438E+01  0.444E+01  0.993E-05  1_22  0.509E+01  0.400E-02  2_12  0.198E+00  0.216E+00  1_11  0.159E+00  0.145E+00  2_11 -0.371E-01  0.568E+00  1_12 -0.101E+01  0.470E-01  2_22 -0.105E+01  0.200E-01
1.     rs11587331                     1.     rs891526                       Phenotype        0.135E-02 AA  0.139E+01  0.399E+01  0.712E-04   2_2  0.390E+00  0.120E+00   1_1  0.162E+00  0.310E+00   2_1 -0.976E-01  0.506E+00   1_2 -0.742E+00  0.639E-01
1.     rs12077262                     1.     rs11119014                     Phenotype        0.152E-02 DD  0.816E+01  0.415E+01  0.364E-04 22_22  0.986E+01  0.100E-02 11_22  0.187E+01  0.500E-02 12_12  0.848E+00  0.450E-01 22_11  0.155E+00  0.560E-01 11_11  0.209E-01  0.530E+00 12_11 -0.735E-01  0.284E+00 11_12 -0.279E+00  0.700E-01 22_12 -0.351E+01  0.500E-02 12_22 -0.480E+01  0.400E-02
1.     rs239339                       1.     rs10913530                     Phenotype        0.184E-02 AA  0.122E+01  0.413E+01  0.385E-04   2_2  0.510E+00  0.120E+00   1_1  0.136E+00  0.453E+00   1_2 -0.283E+00  0.212E+00   2_1 -0.291E+00  0.215E+00
1.     rs239339                       1.     rs6703541                      Phenotype        0.403E-03 AD  0.181E+01  0.428E+01  0.202E-04  2_11  0.883E+00  0.515E-01  2_22  0.365E+00  0.123E+00  1_12  0.297E+00  0.308E+00  1_22 -0.174E+00  0.256E+00  1_11 -0.458E+00  0.101E+00  2_12 -0.572E+00  0.161E+00
1.     rs10915644                     1.     rs2453020                      Phenotype        0.101E-02 DD  0.278E+01  0.431E+01  0.184E-04 11_22  0.163E+01  0.200E-01 22_22  0.109E+01  0.260E-01 12_12  0.580E+00  0.207E+00 11_11  0.329E+00  0.670E-01 22_11  0.234E+00  0.166E+00 12_11 -0.254E+00  0.250E+00 22_12 -0.442E+00  0.139E+00 11_12 -0.718E+00  0.810E-01 12_22 -0.134E+01  0.440E-01
1.     rs1193219                      1.     rs409386                       Phenotype        0.172E-03 DA  0.206E+01  0.458E+01  0.512E-05  11_2  0.109E+01  0.405E-01  22_2  0.587E+00  0.835E-01  12_1  0.264E+00  0.358E+00  22_1 -0.192E+00  0.245E+00  11_1 -0.325E+00  0.138E+00  12_2 -0.701E+00  0.136E+00
1.     rs3795746                      1.     rs6427916                      Phenotype        0.483E-03 AD  0.181E+01  0.417E+01  0.332E-04  1_12  0.606E+00  0.135E+00  2_22  0.475E+00  0.925E-01  2_11  0.155E+00  0.279E+00  2_12 -0.265E+00  0.315E+00  1_11 -0.317E+00  0.131E+00  1_22 -0.922E+00  0.475E-01
1.     rs3795763                      1.     rs1575609                      Phenotype        0.258E-03 AA -0.140E+01  0.432E+01  0.174E-04   2_1  0.768E+00  0.695E-01   1_2  0.113E+00  0.499E+00   1_1 -0.227E+00  0.241E+00   2_2 -0.289E+00  0.190E+00
1.     rs4920491                      1.     rs1294298                      Phenotype        0.775E-04 DD -0.485E+01  0.411E+01  0.427E-04 22_12  0.499E+01  0.700E-02 12_22  0.906E+00  0.270E-01 12_11  0.216E+00  0.144E+00 11_12  0.967E-01  0.270E+00 11_11 -0.435E-01  0.379E+00 11_22 -0.242E+00  0.460E-01 12_12 -0.555E+00  0.107E+00 22_11 -0.773E+00  0.160E-01 22_22 -0.369E+01  0.400E-02
1.     rs765838                       1.     rs538423                       Phenotype        0.132E-02 AD -0.260E+01  0.404E+01  0.577E-04  2_12  0.118E+01  0.460E-01  1_22  0.158E+00  0.179E+00  1_11  0.877E-01  0.284E+00  1_12 -0.120E+00  0.444E+00  2_11 -0.906E+00  0.275E-01  2_22 -0.145E+01  0.195E-01
1.     rs6426629                      1.     rs6656819                      Phenotype        0.104E-02 DD -0.255E+01  0.412E+01  0.412E-04 12_22  0.102E+01  0.590E-01 22_12  0.905E+00  0.660E-01 11_12  0.311E+00  0.187E+00 12_11  0.282E+00  0.207E+00 11_11 -0.189E+00  0.164E+00 22_11 -0.461E+00  0.620E-01 12_12 -0.622E+00  0.190E+00 11_22 -0.707E+00  0.410E-01 22_22 -0.132E+01  0.240E-01
1.     rs3008241                      1.     rs1249550                      Phenotype        0.119E-02 AD  0.257E+01  0.399E+01  0.714E-04  2_22  0.170E+01  0.175E-01  2_11  0.574E+00  0.510E-01  1_12  0.152E+00  0.408E+00  1_11 -0.823E-01  0.370E+00  1_22 -0.313E+00  0.995E-01  2_12 -0.109E+01  0.535E-01
1.     rs11247920                     1.     rs4300250                      Phenotype        0.110E-02 DD -0.340E+01  0.418E+01  0.319E-04 12_22  0.194E+01  0.240E-01 11_12  0.564E+00  0.810E-01 22_12  0.549E+00  0.850E-01 12_11  0.159E+00  0.295E+00 22_11 -0.143E+00  0.166E+00 11_11 -0.151E+00  0.151E+00 12_12 -0.520E+00  0.179E+00 11_22 -0.234E+01  0.100E-01 22_22 -0.245E+01  0.900E-02
1.     rs6671333                      1.     rs12094001                     Phenotype        0.173E-02 DA  0.275E+01  0.398E+01  0.725E-04  22_2  0.244E+01  0.125E-01  11_2  0.340E+00  0.735E-01  12_1  0.175E+00  0.319E+00  11_1 -0.572E-01  0.476E+00  22_1 -0.488E+00  0.605E-01  12_2 -0.917E+00  0.580E-01
1.     rs6696300                      1.     rs4520428                      Phenotype        0.557E-03 DD -0.283E+01  0.406E+01  0.523E-04 22_12  0.146E+01  0.350E-01 12_11  0.898E+00  0.600E-01 12_22  0.386E+00  0.120E+00 11_12  0.199E+00  0.276E+00 11_22 -0.124E+00  0.164E+00 11_11 -0.279E+00  0.118E+00 12_12 -0.573E+00  0.185E+00 22_22 -0.114E+01  0.270E-01 22_11 -0.159E+01  0.150E-01
1.     rs6696300                      1.     rs16828139                     Phenotype        0.433E-03 AD -0.184E+01  0.411E+01  0.431E-04  2_12  0.675E+00  0.126E+00  1_22  0.379E+00  0.118E+00  1_11  0.154E+00  0.245E+00  1_12 -0.223E+00  0.377E+00  2_11 -0.486E+00  0.820E-01  2_22 -0.863E+00  0.515E-01
1.     rs1934293                      1.     rs12094001                     Phenotype        0.468E-05 AD -0.353E+01  0.418E+01  0.312E-04  1_22  0.148E+01  0.160E-01  2_12  0.606E+00  0.830E-01  1_11  0.501E-01  0.496E+00  2_11 -0.102E+00  0.239E+00  1_12 -0.320E+00  0.159E+00  2_22 -0.357E+01  0.700E-02
1.     rs12409604                     1.     rs1936681                      Phenotype        0.756E-04 DA  0.222E+01  0.415E+01  0.362E-04  22_2  0.154E+01  0.230E-01  12_1  0.281E+00  0.261E+00  11_2  0.206E+00  0.170E+00  11_1 -0.916E-01  0.386E+00  12_2 -0.613E+00  0.115E+00  22_1 -0.809E+00  0.450E-01
1.     rs809173                       1.     rs783435                       Phenotype        0.207E-03 DA -0.216E+01  0.410E+01  0.451E-04  22_1  0.170E+01  0.220E-01  11_1  0.262E+00  0.138E+00  12_2  0.235E+00  0.312E+00  11_2 -0.105E+00  0.343E+00  12_1 -0.569E+00  0.129E+00  22_2 -0.652E+00  0.570E-01
1.     rs11211200                     1.     rs10919336                     Phenotype        0.584E-04 DD -0.317E+01  0.398E+01  0.726E-04 12_22  0.130E+01  0.340E-01 22_12  0.115E+01  0.390E-01 11_12  0.223E+00  0.204E+00 12_11  0.207E+00  0.203E+00 11_11 -0.852E-01  0.252E+00 22_11 -0.424E+00  0.530E-01 12_12 -0.493E+00  0.175E+00 11_22 -0.722E+00  0.340E-01 22_22 -0.373E+01  0.600E-02
1.     rs2803252                      1.     rs849469                       Phenotype        0.925E-03 AD  0.386E+01  0.402E+01  0.617E-04  2_22  0.365E+01  0.400E-02  1_12  0.175E+00  0.108E+00  2_11  0.296E-01  0.234E+00  1_11 -0.133E-01  0.601E+00  2_12 -0.552E+00  0.465E-01  1_22 -0.258E+01  0.500E-02
1.     rs3992627                      1.     rs213490                       Phenotype        0.327E-03 AA  0.147E+01  0.450E+01  0.762E-05   2_2  0.539E+00  0.134E+00   1_1  0.195E+00  0.375E+00   1_2 -0.205E+00  0.353E+00   2_1 -0.529E+00  0.137E+00
1.     rs3176459                      1.     rs2804682                      Phenotype        0.991E-03 DD -0.269E+01  0.407E+01  0.504E-04 22_12  0.106E+01  0.500E-01 12_11  0.642E+00  0.890E-01 12_22  0.553E+00  0.102E+00 11_12  0.218E+00  0.265E+00 11_11 -0.219E+00  0.136E+00 11_22 -0.223E+00  0.134E+00 12_12 -0.598E+00  0.188E+00 22_11 -0.132E+01  0.190E-01 22_22 -0.167E+01  0.170E-01
1.     rs9436973                      1.     rs12118019                     Phenotype        0.156E-02 DA -0.191E+01  0.429E+01  0.193E-04  22_1  0.585E+00  0.720E-01  12_2  0.523E+00  0.161E+00  11_1  0.152E+00  0.276E+00  12_1 -0.257E+00  0.328E+00  11_2 -0.329E+00  0.128E+00  22_2 -0.120E+01  0.350E-01
1.     rs2211651                      1.     rs553388                       Phenotype        0.116E-03 AA  0.128E+01  0.442E+01  0.107E-04   2_2  0.346E+00  0.197E+00   1_1  0.258E+00  0.261E+00   2_1 -0.167E+00  0.411E+00   1_2 -0.512E+00  0.131E+00
1.     rs2211651                      1.     rs11576203                     Phenotype        0.295E-04 DD -0.524E+01  0.503E+01  0.590E-06 12_11  0.437E+01  0.100E-01 11_12  0.751E+00  0.520E-01 22_12  0.426E+00  0.101E+00 12_22  0.126E+00  0.325E+00 22_22 -0.876E-01  0.257E+00 11_22 -0.196E+00  0.102E+00 12_12 -0.603E+00  0.134E+00 22_11 -0.151E+01  0.150E-01 11_11 -0.539E+01  0.400E-02
1.     rs496070                       1.     rs6425457                      Phenotype        0.832E-04 DA -0.306E+01  0.411E+01  0.431E-04  22_1  0.298E+01  0.750E-02  12_2  0.254E+00  0.170E+00  11_1  0.906E-01  0.278E+00  11_2 -0.573E-01  0.426E+00  12_1 -0.478E+00  0.103E+00  22_2 -0.153E+01  0.145E-01
1.     rs1527684                      1.     rs11122362                     Phenotype        0.207E-03 AD -0.298E+01  0.416E+01  0.339E-04  1_22  0.309E+01  0.700E-02  2_12  0.232E+00  0.180E+00  1_11  0.962E-01  0.216E+00  2_11 -0.431E-01  0.494E+00  1_12 -0.473E+00  0.860E-01  2_22 -0.132E+01  0.160E-01
1.     rs509258                       1.     rs3127494                      Phenotype        0.542E-02 DA  0.196E+01  0.396E+01  0.792E-04  11_2  0.826E+00  0.410E-01  22_2  0.730E+00  0.480E-01  12_1  0.172E+00  0.405E+00  11_1 -0.161E+00  0.208E+00  22_1 -0.163E+00  0.217E+00  12_2 -0.852E+00  0.810E-01
1.     rs2223697                      1.     rs518721                       Phenotype        0.219E-03 AD -0.361E+01  0.434E+01  0.161E-04  2_12  0.171E+01  0.285E-01  1_22  0.197E+00  0.109E+00  1_11  0.680E-01  0.392E+00  1_12 -0.112E+00  0.428E+00  2_11 -0.786E+00  0.340E-01  2_22 -0.254E+01  0.850E-02
1.     rs6685021                      1.     rs1892094                      Phenotype        0.102E-02 DA -0.208E+01  0.401E+01  0.662E-04  22_1  0.133E+01  0.255E-01  12_2  0.397E+00  0.166E+00  11_1  0.109E+00  0.298E+00  11_2 -0.111E+00  0.290E+00  12_1 -0.340E+00  0.189E+00  22_2 -0.113E+01  0.315E-01
1.     rs12135932                     1.     rs1770573                      Phenotype        0.286E-03 DD -0.665E+01  0.424E+01  0.246E-04 12_22  0.859E+01  0.300E-02 22_12  0.983E+00  0.170E-01 11_12  0.228E+00  0.930E-01 12_11  0.618E-01  0.330E+00 11_11 -0.316E-01  0.345E+00 22_11 -0.117E+00  0.810E-01 12_12 -0.360E+00  0.117E+00 11_22 -0.625E+00  0.110E-01 22_22 -0.468E+01  0.300E-02
1.     rs1770573                      1.     rs1373821                      Phenotype        0.305E-03 DD  0.667E+01  0.413E+01  0.395E-04 22_22  0.113E+02  0.100E-02 22_11  0.142E+01  0.800E-02 12_12  0.558E+00  0.840E-01 11_22  0.327E+00  0.380E-01 11_11  0.280E-01  0.452E+00 11_12 -0.904E-01  0.266E+00 12_11 -0.183E+00  0.134E+00 12_22 -0.270E+01  0.900E-02 22_12 -0.274E+01  0.800E-02
1.     rs1750485                      1.     rs577827                       Phenotype        0.167E-03 AA -0.106E+01  0.406E+01  0.531E-04   1_2  0.329E+00  0.195E+00   2_1  0.194E+00  0.324E+00   1_1 -0.231E+00  0.270E+00   2_2 -0.306E+00  0.211E+00
1.     rs11161473                     1.     rs12139998                     Phenotype        0.183E-02 AA  0.125E+01  0.404E+01  0.567E-04   2_2  0.615E+00  0.848E-01   1_1  0.106E+00  0.492E+00   2_1 -0.195E+00  0.267E+00   1_2 -0.334E+00  0.156E+00
1.     rs414618                       1.     rs6425457                      Phenotype        0.636E-04 AA -0.135E+01  0.456E+01  0.580E-05   1_2  0.330E+00  0.220E+00   2_1  0.277E+00  0.260E+00   2_2 -0.187E+00  0.392E+00   1_1 -0.555E+00  0.129E+00
1.     rs1144303                      1.     rs3924947                      Phenotype        0.106E-02 AA  0.175E+01  0.412E+01  0.409E-04   2_2  0.106E+01  0.441E-01   1_1  0.748E-01  0.643E+00   2_1 -0.279E+00  0.168E+00   1_2 -0.330E+00  0.145E+00
1.     rs355374                       1.     rs12094001                     Phenotype        0.114E-02 AD  0.339E+01  0.424E+01  0.241E-04  2_22  0.330E+01  0.700E-02  1_12  0.283E+00  0.169E+00  2_11  0.104E+00  0.228E+00  1_11 -0.473E-01  0.507E+00  2_12 -0.661E+00  0.725E-01  1_22 -0.144E+01  0.160E-01
1.     rs3818568                      1.     rs1159274                      Phenotype        0.228E-03 AD  0.252E+01  0.432E+01  0.172E-04  2_22  0.142E+01  0.225E-01  2_11  0.635E+00  0.515E-01  1_12  0.153E+00  0.427E+00  1_11 -0.104E+00  0.315E+00  1_22 -0.241E+00  0.128E+00  2_12 -0.116E+01  0.570E-01
1.     rs10923634                     1.     rs1936681                      Phenotype        0.176E-03 AA  0.138E+01  0.422E+01  0.266E-04   2_2  0.707E+00  0.792E-01   1_1  0.109E+00  0.517E+00   1_2 -0.246E+00  0.229E+00   2_1 -0.322E+00  0.175E+00
1.     rs12122920                     1.     rs963893                       Phenotype        0.168E-02 AA -0.115E+01  0.403E+01  0.598E-04   1_2  0.328E+00  0.212E+00   2_1  0.242E+00  0.286E+00   2_2 -0.224E+00  0.310E+00   1_1 -0.360E+00  0.192E+00
1.     rs1347251                      1.     rs819882                       Phenotype        0.209E-02 AA  0.109E+01  0.409E+01  0.472E-04   2_2  0.275E+00  0.246E+00   1_1  0.268E+00  0.252E+00   1_2 -0.238E+00  0.284E+00   2_1 -0.311E+00  0.217E+00
1.     rs1249550                      1.     rs10919336                     Phenotype        0.217E-02 DA  0.184E+01  0.406E+01  0.535E-04  22_2  0.114E+01  0.330E-01  11_2  0.318E+00  0.121E+00  12_1  0.231E+00  0.333E+00  11_1 -0.127E+00  0.300E+00  22_1 -0.451E+00  0.840E-01  12_2 -0.596E+00  0.129E+00
1.     rs4303055                      1.     rs1419326                      Phenotype        0.177E-02 AA -0.229E+01  0.413E+01  0.397E-04   2_1  0.661E+00  0.501E-01   1_2  0.128E+00  0.257E+00   1_1 -0.486E-01  0.670E+00   2_2 -0.146E+01  0.229E-01
1.     rs12041531                     1.     rs12094001                     Phenotype        0.103E-04 DA -0.239E+01  0.408E+01  0.488E-04  12_2  0.922E+00  0.685E-01  11_1  0.274E+00  0.115E+00  22_1  0.974E-01  0.337E+00  12_1 -0.159E+00  0.404E+00  22_2 -0.572E+00  0.570E-01  11_2 -0.168E+01  0.185E-01
1.     rs6426881                      1.     rs12140729                     Phenotype        0.146E-02 AD -0.242E+01  0.403E+01  0.591E-04  2_12  0.895E+00  0.630E-01  1_11  0.397E+00  0.740E-01  1_22  0.573E-01  0.432E+00  1_12 -0.159E+00  0.339E+00  2_22 -0.334E+00  0.770E-01  2_11 -0.195E+01  0.150E-01
1.     rs17543785                     1.     rs10803196                     Phenotype        0.213E-02 DA  0.176E+01  0.405E+01  0.555E-04  22_2  0.891E+00  0.490E-01  12_1  0.326E+00  0.268E+00  11_2  0.250E+00  0.176E+00  11_1 -0.185E+00  0.238E+00  12_2 -0.433E+00  0.203E+00  22_1 -0.670E+00  0.650E-01
1.     rs11118882                     1.     rs6660654                      Phenotype        0.584E-03 DD -0.648E+01  0.421E+01  0.273E-04 12_11  0.420E+01  0.600E-02 22_12  0.284E+01  0.800E-02 11_12  0.148E+00  0.144E+00 12_22  0.941E-01  0.233E+00 11_22 -0.219E-01  0.504E+00 22_22 -0.355E+00  0.310E-01 12_12 -0.725E+00  0.620E-01 11_11 -0.112E+01  0.100E-01 22_11 -0.696E+01  0.200E-02
1.     rs4846767                      1.     rs12094001                     Phenotype        0.262E-03 AD  0.349E+01  0.410E+01  0.446E-04  2_22  0.170E+01  0.150E-01  1_12  0.659E+00  0.745E-01  2_11  0.520E-01  0.494E+00  1_11 -0.107E+00  0.241E+00  2_12 -0.294E+00  0.167E+00  1_22 -0.320E+01  0.800E-02
------------------------------------------------------------------------------------------------------------------------------------------------------------------------------------------------------------------------------------------------------------------------------------------------------------------------------------------------------------------------------------------------------
 CPU TIME:   72.1406250000000     seconds
