1.      rs731031                        1.      rs3738570                       Phenotype        AD   0.993E-05
1.      rs11587331                      1.      rs891526                        Phenotype        AA   0.712E-04
1.      rs12077262                      1.      rs11119014                      Phenotype        DD   0.364E-04
1.      rs239339                        1.      rs10913530                      Phenotype        AA   0.385E-04
1.      rs239339                        1.      rs6703541                       Phenotype        AD   0.202E-04
1.      rs10915644                      1.      rs2453020                       Phenotype        DD   0.184E-04
1.      rs1193219                       1.      rs409386                        Phenotype        DA   0.512E-05
1.      rs3795746                       1.      rs6427916                       Phenotype        AD   0.332E-04
1.      rs3795763                       1.      rs1575609                       Phenotype        AA   0.174E-04
1.      rs4920491                       1.      rs1294298                       Phenotype        DD   0.427E-04
1.      rs765838                        1.      rs538423                        Phenotype        AD   0.577E-04
1.      rs6426629                       1.      rs6656819                       Phenotype        DD   0.412E-04
1.      rs3008241                       1.      rs1249550                       Phenotype        AD   0.714E-04
1.      rs11247920                      1.      rs4300250                       Phenotype        DD   0.319E-04
1.      rs6671333                       1.      rs12094001                      Phenotype        DA   0.725E-04
1.      rs6696300                       1.      rs4520428                       Phenotype        DD   0.523E-04
1.      rs6696300                       1.      rs16828139                      Phenotype        AD   0.431E-04
1.      rs1934293                       1.      rs12094001                      Phenotype        AD   0.312E-04
1.      rs12409604                      1.      rs1936681                       Phenotype        DA   0.362E-04
1.      rs809173                        1.      rs783435                        Phenotype        DA   0.451E-04
1.      rs11211200                      1.      rs10919336                      Phenotype        DD   0.726E-04
1.      rs2803252                       1.      rs849469                        Phenotype        AD   0.617E-04
1.      rs3992627                       1.      rs213490                        Phenotype        AA   0.762E-05
1.      rs3176459                       1.      rs2804682                       Phenotype        DD   0.504E-04
1.      rs9436973                       1.      rs12118019                      Phenotype        DA   0.193E-04
1.      rs2211651                       1.      rs553388                        Phenotype        AA   0.107E-04
1.      rs2211651                       1.      rs11576203                      Phenotype        DD   0.590E-06
1.      rs496070                        1.      rs6425457                       Phenotype        DA   0.431E-04
1.      rs1527684                       1.      rs11122362                      Phenotype        AD   0.339E-04
1.      rs509258                        1.      rs3127494                       Phenotype        DA   0.792E-04
1.      rs2223697                       1.      rs518721                        Phenotype        AD   0.161E-04
1.      rs6685021                       1.      rs1892094                       Phenotype        DA   0.662E-04
1.      rs12135932                      1.      rs1770573                       Phenotype        DD   0.246E-04
1.      rs1770573                       1.      rs1373821                       Phenotype        DD   0.395E-04
1.      rs1750485                       1.      rs577827                        Phenotype        AA   0.531E-04
1.      rs11161473                      1.      rs12139998                      Phenotype        AA   0.567E-04
1.      rs414618                        1.      rs6425457                       Phenotype        AA   0.580E-05
1.      rs1144303                       1.      rs3924947                       Phenotype        AA   0.409E-04
1.      rs355374                        1.      rs12094001                      Phenotype        AD   0.241E-04
1.      rs3818568                       1.      rs1159274                       Phenotype        AD   0.172E-04
1.      rs10923634                      1.      rs1936681                       Phenotype        AA   0.266E-04
1.      rs12122920                      1.      rs963893                        Phenotype        AA   0.598E-04
1.      rs1347251                       1.      rs819882                        Phenotype        AA   0.472E-04
1.      rs1249550                       1.      rs10919336                      Phenotype        DA   0.535E-04
1.      rs4303055                       1.      rs1419326                       Phenotype        AA   0.397E-04
1.      rs12041531                      1.      rs12094001                      Phenotype        DA   0.488E-04
1.      rs6426881                       1.      rs12140729                      Phenotype        AD   0.591E-04
1.      rs17543785                      1.      rs10803196                      Phenotype        DA   0.555E-04
1.      rs11118882                      1.      rs6660654                       Phenotype        DD   0.273E-04
1.      rs4846767                       1.      rs12094001                      Phenotype        AD   0.446E-04
