  50 MOST SIGNIFICANT RESULTS OF PAIRWISE EPISTASIS ANALYSIS
======================================================================================================================================================================================================================================================================================================================================================================================================
I = interaction effect between the two SNP genotypes
AA = additive x additive effect, AD = additive x dominance effect, DA = dominance x additive effect, DD = dominance x dominance effect
P_I = p-value of two-locus marker genotypic effect
Test = effect type being tested
Effect = estimate of epistasis contrast, or esitmate of "AA", "AD", "DA", or "DD" effect
t-value = the t-value for the effect being tested
P_value = p-value of the effect being tested
Allele/Geno = coded marker allele_allele, allele_genotype, genotype_allele,or genotype_genotype combination
A/G_Effect = effect of coded marker allele_allele, allele_genotype, genotype_allele,or genotype_genotype combination - useful for identifying good or bad combination
A/G_Frequency = frequency of coded marker allele_allele, allele_genotype, genotype_allele,or genotype_genotype combination - useful for identifying rare allel or genotypic frequencies
------------------------------------------------------------------------------------------------------------------------------------------------------------------------------------------------------------------------------------------------------------------------------------------------------------------------------------------------------------------------------------------------------
Chr1  Locus1                          Chr2    Locus2                        Trait            P_I      Test    Effect   t-value   P_value  Allele/Geno A/G_Effect A/G_Frequency
------------------------------------------------------------------------------------------------------------------------------------------------------------------------------------------------------------------------------------------------------------------------------------------------------------------------------------------------------------------------------------------------------
1.     rs1181883                      1.     rs12126061                     Phenotype        0.491E-03 DD  0.665E+01  0.431E+01  0.177E-04 11_22  0.715E+01  0.400E-02 22_22  0.247E+01  0.120E-01 12_12  0.809E+00  0.141E+00 11_11  0.287E+00  0.970E-01 22_11  0.115E+00  0.261E+00 12_11 -0.191E+00  0.302E+00 22_12 -0.493E+00  0.120E+00 11_12 -0.109E+01  0.510E-01 12_22 -0.489E+01  0.120E-01
1.     rs6703035                      1.     rs12116424                     Phenotype        0.403E-03 DA -0.403E+01  0.423E+01  0.253E-04  12_2  0.171E+01  0.550E-01  22_1  0.291E+00  0.159E+00  11_1  0.167E+00  0.287E+00  12_1 -0.211E+00  0.439E+00  11_2 -0.113E+01  0.415E-01  22_2 -0.263E+01  0.180E-01
1.     rs3789463                      1.     rs10913310                     Phenotype        0.277E-03 DD  0.978E+01  0.454E+01  0.635E-05 22_22  0.105E+02  0.200E-02 22_11  0.315E+01  0.700E-02 12_12  0.118E+01  0.770E-01 11_22  0.292E+00  0.800E-01 11_11  0.637E-01  0.364E+00 11_12 -0.129E+00  0.362E+00 12_11 -0.551E+00  0.830E-01 12_22 -0.235E+01  0.190E-01 22_12 -0.717E+01  0.600E-02
1.     rs3789463                      1.     rs1892164                      Phenotype        0.312E-04 DD -0.980E+01  0.442E+01  0.108E-04 22_12  0.850E+01  0.500E-02 12_11  0.298E+01  0.120E-01 12_22  0.209E+00  0.101E+00 11_12  0.695E-01  0.310E+00 11_22 -0.234E-01  0.435E+00 11_11 -0.209E+00  0.610E-01 12_12 -0.815E+00  0.660E-01 22_22 -0.217E+01  0.700E-02 22_11 -0.100E+02  0.300E-02
1.     rs770028                       1.     rs6427631                      Phenotype        0.102E-04 AA  0.332E+01  0.442E+01  0.109E-04   2_2  0.217E+01  0.289E-01   1_1  0.100E+00  0.634E+00   1_2 -0.241E+00  0.256E+00   2_1 -0.804E+00  0.806E-01
1.     rs198375                       1.     rs17260007                     Phenotype        0.359E-06 AD -0.351E+01  0.415E+01  0.367E-04  1_22  0.263E+01  0.195E-01  2_12  0.443E+00  0.227E+00  1_11  0.210E+00  0.231E+00  2_11 -0.140E+00  0.344E+00  1_12 -0.670E+00  0.150E+00  2_22 -0.182E+01  0.285E-01
1.     rs1980471                      1.     rs3789395                      Phenotype        0.958E-06 DA  0.304E+01  0.467E+01  0.341E-05  22_2  0.134E+01  0.540E-01  12_1  0.793E+00  0.179E+00  11_2  0.254E+00  0.268E+00  11_1 -0.320E+00  0.195E+00  12_2 -0.546E+00  0.253E+00  22_1 -0.149E+01  0.510E-01
1.     rs2816060                      1.     rs2270541                      Phenotype        0.122E-05 AD  0.512E+01  0.523E+01  0.211E-06  2_11  0.475E+01  0.110E-01  2_22  0.626E+00  0.725E-01  1_12  0.298E+00  0.331E+00  1_22 -0.105E+00  0.451E+00  1_11 -0.648E+00  0.780E-01  2_12 -0.176E+01  0.565E-01
1.     rs581635                       1.     rs4654305                      Phenotype        0.795E-04 DA  0.579E+01  0.436E+01  0.141E-04  22_2  0.579E+01  0.650E-02  11_2  0.433E+00  0.955E-01  12_1  0.317E+00  0.248E+00  11_1 -0.730E-01  0.568E+00  22_1 -0.941E+00  0.395E-01  12_2 -0.186E+01  0.425E-01
1.     rs4281320                      1.     rs7543411                      Phenotype        0.321E-03 DA  0.346E+01  0.412E+01  0.416E-04  22_2  0.272E+01  0.170E-01  12_1  0.484E+00  0.202E+00  11_2  0.186E+00  0.259E+00  11_1 -0.139E+00  0.346E+00  12_2 -0.658E+00  0.149E+00  22_1 -0.160E+01  0.290E-01
1.     rs16838255                     1.     rs2270541                      Phenotype        0.131E-03 AD  0.437E+01  0.431E+01  0.181E-04  2_11  0.343E+01  0.125E-01  2_22  0.657E+00  0.725E-01  1_12  0.272E+00  0.335E+00  1_22 -0.105E+00  0.451E+00  1_11 -0.567E+00  0.765E-01  2_12 -0.172E+01  0.530E-01
1.     rs12026718                     1.     rs2566781                      Phenotype        0.194E-03 DD  0.534E+01  0.432E+01  0.170E-04 22_22  0.451E+01  0.800E-02 22_11  0.199E+01  0.170E-01 12_12  0.901E+00  0.158E+00 11_22  0.364E+00  0.890E-01 11_11  0.185E+00  0.252E+00 11_12 -0.273E+00  0.284E+00 12_11 -0.657E+00  0.120E+00 12_22 -0.156E+01  0.470E-01 22_12 -0.286E+01  0.250E-01
1.     rs10914932                     1.     rs1546161                      Phenotype        0.646E-04 AA  0.289E+01  0.419E+01  0.305E-04   2_2  0.152E+01  0.433E-01   1_1  0.120E+00  0.551E+00   2_1 -0.192E+00  0.343E+00   1_2 -0.105E+01  0.627E-01
1.     rs11802507                     1.     rs3762452                      Phenotype        0.304E-03 AD  0.594E+01  0.437E+01  0.136E-04  2_22  0.531E+01  0.750E-02  2_11  0.102E+01  0.265E-01  1_12  0.174E+00  0.367E+00  1_11 -0.628E-01  0.504E+00  1_22 -0.565E+00  0.685E-01  2_12 -0.229E+01  0.260E-01
1.     rs272814                       1.     rs2821367                      Phenotype        0.556E-03 AD -0.435E+01  0.419E+01  0.304E-04  2_12  0.201E+01  0.435E-01  1_11  0.429E+00  0.106E+00  1_22  0.966E-01  0.403E+00  1_12 -0.226E+00  0.385E+00  2_22 -0.873E+00  0.455E-01  2_11 -0.283E+01  0.160E-01
1.     rs4600036                      1.     rs1864346                      Phenotype        0.434E-03 DA  0.391E+01  0.433E+01  0.162E-04  22_2  0.349E+01  0.145E-01  12_1  0.388E+00  0.260E+00  11_2  0.320E+00  0.153E+00  11_1 -0.117E+00  0.420E+00  12_2 -0.924E+00  0.112E+00  22_1 -0.126E+01  0.405E-01
1.     rs6687571                      1.     rs3767371                      Phenotype        0.722E-03 AA  0.181E+01  0.418E+01  0.315E-04   2_2  0.634E+00  0.162E+00   1_1  0.329E+00  0.306E+00   1_2 -0.294E+00  0.355E+00   2_1 -0.555E+00  0.178E+00
1.     rs1053624                      1.     rs12123862                     Phenotype        0.142E-03 AD -0.282E+01  0.415E+01  0.359E-04  1_22  0.932E+00  0.610E-01  2_12  0.846E+00  0.130E+00  1_11  0.168E+00  0.325E+00  2_11 -0.341E+00  0.159E+00  1_12 -0.378E+00  0.293E+00  2_22 -0.176E+01  0.320E-01
1.     rs1547467                      1.     rs10923143                     Phenotype        0.719E-04 DA -0.295E+01  0.431E+01  0.178E-04  11_1  0.125E+01  0.550E-01  22_1  0.106E+01  0.530E-01  12_2  0.321E+00  0.376E+00  22_2 -0.236E+00  0.230E+00  11_2 -0.420E+00  0.170E+00  12_1 -0.114E+01  0.115E+00
1.     rs1547467                      1.     rs3765948                      Phenotype        0.609E-03 DD  0.100E+02  0.417E+01  0.333E-04 11_11  0.168E+02  0.100E-02 22_11  0.247E+01  0.700E-02 12_12  0.810E+00  0.114E+00 11_22  0.142E+00  0.174E+00 22_22  0.910E-01  0.219E+00 12_22 -0.124E+00  0.373E+00 22_12 -0.817E+00  0.570E-01 11_12 -0.926E+00  0.500E-01 12_11 -0.679E+01  0.500E-02
1.     rs1547467                      1.     rs11583496                     Phenotype        0.243E-03 AD  0.381E+01  0.412E+01  0.413E-04  2_22  0.225E+01  0.215E-01  1_12  0.660E+00  0.142E+00  2_11  0.137E+00  0.345E+00  1_11 -0.153E+00  0.310E+00  2_12 -0.575E+00  0.163E+00  1_22 -0.261E+01  0.185E-01
1.     rs2767499                      1.     rs746997                       Phenotype        0.282E-03 DA -0.294E+01  0.434E+01  0.154E-04  11_1  0.166E+01  0.395E-01  22_1  0.565E+00  0.120E+00  12_2  0.381E+00  0.348E+00  22_2 -0.257E+00  0.264E+00  11_2 -0.796E+00  0.825E-01  12_1 -0.916E+00  0.145E+00
1.     rs17423255                     1.     rs16845946                     Phenotype        0.728E-05 AD -0.625E+01  0.416E+01  0.348E-04  1_22  0.535E+01  0.650E-02  2_12  0.587E+00  0.105E+00  1_11  0.818E-01  0.411E+00  2_11 -0.812E-01  0.372E+00  1_12 -0.824E+00  0.960E-01  2_22 -0.416E+01  0.850E-02
1.     rs1334806                      1.     rs1340447                      Phenotype        0.380E-03 AD -0.312E+01  0.452E+01  0.709E-05  2_12  0.130E+01  0.104E+00  1_11  0.436E+00  0.153E+00  1_22  0.284E+00  0.233E+00  1_12 -0.344E+00  0.385E+00  2_22 -0.955E+00  0.725E-01  2_11 -0.128E+01  0.525E-01
1.     rs227114                       1.     rs7521423                      Phenotype        0.155E-03 AA  0.258E+01  0.436E+01  0.145E-04   2_2  0.164E+01  0.429E-01   1_1  0.113E+00  0.613E+00   1_2 -0.352E+00  0.197E+00   2_1 -0.476E+00  0.147E+00
1.     rs12121720                     1.     rs3762452                      Phenotype        0.434E-04 AD  0.399E+01  0.444E+01  0.100E-04  2_22  0.386E+01  0.150E-01  2_11  0.415E+00  0.111E+00  1_12  0.326E+00  0.299E+00  1_11 -0.113E+00  0.420E+00  1_22 -0.894E+00  0.610E-01  2_12 -0.102E+01  0.940E-01
1.     rs600746                       1.     rs12567599                     Phenotype        0.150E-03 DD -0.135E+02  0.432E+01  0.172E-04 12_22  0.102E+02  0.300E-02 22_12  0.977E+01  0.300E-02 11_12  0.129E+00  0.106E+00 12_11  0.410E-01  0.290E+00 11_11  0.163E-02  0.512E+00 22_11 -0.295E+00  0.360E-01 12_12 -0.597E+00  0.420E-01 11_22 -0.186E+01  0.600E-02 22_22 -0.910E+01  0.200E-02
1.     rs650448                       1.     rs1000073                      Phenotype        0.857E-05 DA -0.297E+01  0.432E+01  0.172E-04  22_1  0.192E+01  0.300E-01  11_1  0.444E+00  0.134E+00  12_2  0.372E+00  0.317E+00  11_2 -0.186E+00  0.318E+00  22_2 -0.789E+00  0.740E-01  12_1 -0.931E+00  0.128E+00
1.     rs2800428                      1.     rs1892164                      Phenotype        0.930E-03 DD -0.118E+02  0.427E+01  0.215E-04 22_12  0.160E+02  0.200E-02 12_11  0.132E+01  0.210E-01 12_22  0.280E+00  0.111E+00 11_12  0.104E+00  0.303E+00 11_22 -0.377E-01  0.425E+00 11_11 -0.254E+00  0.520E-01 12_12 -0.832E+00  0.760E-01 22_22 -0.178E+01  0.700E-02 22_11 -0.628E+01  0.300E-02
1.     rs17120039                     1.     rs6427631                      Phenotype        0.574E-03 DA  0.506E+01  0.422E+01  0.261E-04  22_2  0.485E+01  0.800E-02  12_1  0.395E+00  0.201E+00  11_2  0.204E+00  0.201E+00  11_1 -0.836E-01  0.496E+00  12_2 -0.105E+01  0.760E-01  22_1 -0.210E+01  0.180E-01
1.     rs269094                       1.     rs2821379                      Phenotype        0.120E-03 DA -0.380E+01  0.434E+01  0.161E-04  22_1  0.273E+01  0.180E-01  11_1  0.448E+00  0.108E+00  12_2  0.359E+00  0.289E+00  11_2 -0.113E+00  0.453E+00  22_2 -0.816E+00  0.610E-01  12_1 -0.139E+01  0.710E-01
1.     rs12059918                     1.     rs12116424                     Phenotype        0.737E-05 AD  0.687E+01  0.464E+01  0.390E-05  2_22  0.748E+01  0.400E-02  1_12  0.423E+00  0.143E+00  2_11  0.125E+00  0.241E+00  1_11 -0.513E-01  0.546E+00  2_12 -0.133E+01  0.540E-01  1_22 -0.257E+01  0.120E-01
1.     rs10801954                     1.     rs6670094                      Phenotype        0.311E-03 AA -0.269E+01  0.424E+01  0.245E-04   2_1  0.180E+01  0.386E-01   1_2  0.103E+00  0.624E+00   1_1 -0.390E+00  0.168E+00   2_2 -0.402E+00  0.169E+00
1.     rs3765948                      1.     rs360074                       Phenotype        0.104E-02 DD -0.854E+01  0.410E+01  0.441E-04 11_12  0.505E+01  0.800E-02 12_11  0.135E+01  0.280E-01 12_22  0.679E+00  0.700E-01 22_12  0.134E+00  0.369E+00 22_22 -0.975E-01  0.274E+00 22_11 -0.170E+00  0.123E+00 12_12 -0.693E+00  0.123E+00 11_22 -0.667E+01  0.300E-02 11_11 -0.100E+02  0.200E-02
1.     rs10900396                     1.     rs3219095                      Phenotype        0.695E-03 AD  0.510E+01  0.433E+01  0.168E-04  2_22  0.542E+01  0.650E-02  1_12  0.401E+00  0.171E+00  2_11  0.155E+00  0.215E+00  1_11 -0.635E-01  0.517E+00  2_12 -0.968E+00  0.710E-01  1_22 -0.181E+01  0.195E-01
1.     rs2245623                      1.     rs6679960                      Phenotype        0.830E-03 DD  0.112E+02  0.414E+01  0.384E-04 22_22  0.159E+02  0.100E-02 11_22  0.159E+02  0.100E-02 12_12  0.562E+00  0.940E-01 22_11  0.831E-01  0.135E+00 11_11  0.616E-01  0.279E+00 12_11 -0.762E-01  0.370E+00 11_12 -0.414E+00  0.710E-01 22_12 -0.732E+00  0.410E-01 12_22 -0.412E+01  0.800E-02
1.     rs2307424                      1.     rs10900430                     Phenotype        0.929E-03 DD -0.144E+02  0.421E+01  0.280E-04 12_22  0.127E+02  0.200E-02 22_12  0.374E+01  0.600E-02 11_12  0.257E+00  0.600E-01 12_11  0.420E-01  0.385E+00 11_11 -0.148E-01  0.414E+00 22_11 -0.149E+00  0.750E-01 12_12 -0.531E+00  0.550E-01 11_22 -0.589E+01  0.200E-02 22_22 -0.161E+02  0.100E-02
1.     rs16857413                     1.     rs3853181                      Phenotype        0.206E-04 AA -0.753E+01  0.495E+01  0.868E-06   2_1  0.639E+01  0.665E-02   1_2  0.503E-01  0.758E+00   1_1 -0.207E+00  0.188E+00   2_2 -0.880E+00  0.473E-01
1.     rs2803881                      1.     rs6689160                      Phenotype        0.143E-03 AA -0.333E+01  0.469E+01  0.318E-05   1_2  0.776E+00  0.766E-01   2_1  0.245E+00  0.277E+00   1_1 -0.108E+00  0.619E+00   2_2 -0.221E+01  0.274E-01
1.     rs2343491                      1.     rs1938378                      Phenotype        0.973E-04 DD -0.551E+01  0.473E+01  0.261E-05 22_12  0.371E+01  0.230E-01 12_11  0.104E+01  0.750E-01 12_22  0.722E+00  0.113E+00 11_12  0.284E+00  0.285E+00 11_22 -0.242E+00  0.176E+00 11_11 -0.323E+00  0.115E+00 12_12 -0.875E+00  0.187E+00 22_22 -0.301E+01  0.140E-01 22_11 -0.348E+01  0.120E-01
1.     rs12116424                     1.     rs4421592                      Phenotype        0.529E-03 DD  0.893E+01  0.437E+01  0.140E-04 22_22  0.109E+02  0.200E-02 22_11  0.358E+01  0.600E-02 12_12  0.939E+00  0.930E-01 11_22  0.289E+00  0.740E-01 11_11  0.660E-01  0.349E+00 11_12 -0.124E+00  0.364E+00 12_11 -0.516E+00  0.860E-01 12_22 -0.250E+01  0.180E-01 22_12 -0.546E+01  0.800E-02
1.     rs16851221                     1.     rs11583496                     Phenotype        0.610E-04 AA -0.442E+01  0.457E+01  0.558E-05   2_1  0.956E+00  0.545E-01   1_2  0.310E+00  0.174E+00   1_1 -0.671E-01  0.753E+00   2_2 -0.309E+01  0.180E-01
1.     rs6689160                      1.     rs2491395                      Phenotype        0.651E-04 AA  0.346E+01  0.431E+01  0.178E-04   2_2  0.239E+01  0.242E-01   1_1  0.831E-01  0.682E+00   1_2 -0.266E+00  0.214E+00   2_1 -0.723E+00  0.798E-01
1.     rs609733                       1.     rs3219095                      Phenotype        0.764E-03 AA -0.278E+01  0.419E+01  0.307E-04   1_2  0.626E+00  0.108E+00   2_1  0.308E+00  0.217E+00   1_1 -0.105E+00  0.636E+00   2_2 -0.174E+01  0.388E-01
1.     rs2737680                      1.     rs12030585                     Phenotype        0.387E-03 AA  0.298E+01  0.419E+01  0.309E-04   2_2  0.127E+01  0.500E-01   1_1  0.147E+00  0.562E+00   2_1 -0.229E+00  0.336E+00   1_2 -0.133E+01  0.520E-01
1.     rs12030585                     1.     rs2270541                      Phenotype        0.207E-05 AA -0.397E+01  0.532E+01  0.129E-06   2_1  0.287E+01  0.245E-01   1_2  0.837E-01  0.640E+00   1_1 -0.252E+00  0.258E+00   2_2 -0.762E+00  0.775E-01
1.     rs12032080                     1.     rs2270541                      Phenotype        0.362E-04 AA  0.228E+01  0.494E+01  0.919E-06   1_1  0.911E+00  0.152E+00   2_2  0.254E+00  0.254E+00   1_2 -0.171E+00  0.463E+00   2_1 -0.942E+00  0.131E+00
1.     rs2270541                      1.     rs2807872                      Phenotype        0.412E-05 DD  0.802E+01  0.479E+01  0.196E-05 11_22  0.801E+01  0.300E-02 22_22  0.204E+01  0.140E-01 12_12  0.103E+01  0.109E+00 11_11  0.354E+00  0.680E-01 22_11  0.122E+00  0.387E+00 12_11 -0.215E+00  0.267E+00 22_12 -0.581E+00  0.122E+00 11_12 -0.316E+01  0.180E-01 12_22 -0.477E+01  0.120E-01
1.     rs6693967                      1.     rs12140414                     Phenotype        0.528E-04 AD -0.444E+01  0.422E+01  0.272E-04  1_22  0.448E+01  0.900E-02  2_12  0.343E+00  0.228E+00  1_11  0.199E+00  0.190E+00  2_11 -0.819E-01  0.459E+00  1_12 -0.914E+00  0.890E-01  2_22 -0.161E+01  0.250E-01
1.     rs11583496                     1.     rs1069213                      Phenotype        0.816E-03 DA -0.384E+01  0.428E+01  0.208E-04  22_1  0.290E+01  0.165E-01  12_2  0.581E+00  0.163E+00  11_1  0.139E+00  0.312E+00  11_2 -0.129E+00  0.343E+00  12_1 -0.669E+00  0.142E+00  22_2 -0.202E+01  0.235E-01
------------------------------------------------------------------------------------------------------------------------------------------------------------------------------------------------------------------------------------------------------------------------------------------------------------------------------------------------------------------------------------------------------
 CPU TIME:   71.4843750000000     seconds
