1.      rs1181883                       1.      rs12126061                      Phenotype        DD   0.177E-04
1.      rs6703035                       1.      rs12116424                      Phenotype        DA   0.253E-04
1.      rs3789463                       1.      rs10913310                      Phenotype        DD   0.635E-05
1.      rs3789463                       1.      rs1892164                       Phenotype        DD   0.108E-04
1.      rs770028                        1.      rs6427631                       Phenotype        AA   0.109E-04
1.      rs198375                        1.      rs17260007                      Phenotype        AD   0.367E-04
1.      rs1980471                       1.      rs3789395                       Phenotype        DA   0.341E-05
1.      rs2816060                       1.      rs2270541                       Phenotype        AD   0.211E-06
1.      rs581635                        1.      rs4654305                       Phenotype        DA   0.141E-04
1.      rs4281320                       1.      rs7543411                       Phenotype        DA   0.416E-04
1.      rs16838255                      1.      rs2270541                       Phenotype        AD   0.181E-04
1.      rs12026718                      1.      rs2566781                       Phenotype        DD   0.170E-04
1.      rs10914932                      1.      rs1546161                       Phenotype        AA   0.305E-04
1.      rs11802507                      1.      rs3762452                       Phenotype        AD   0.136E-04
1.      rs272814                        1.      rs2821367                       Phenotype        AD   0.304E-04
1.      rs4600036                       1.      rs1864346                       Phenotype        DA   0.162E-04
1.      rs6687571                       1.      rs3767371                       Phenotype        AA   0.315E-04
1.      rs1053624                       1.      rs12123862                      Phenotype        AD   0.359E-04
1.      rs1547467                       1.      rs10923143                      Phenotype        DA   0.178E-04
1.      rs1547467                       1.      rs3765948                       Phenotype        DD   0.333E-04
1.      rs1547467                       1.      rs11583496                      Phenotype        AD   0.413E-04
1.      rs2767499                       1.      rs746997                        Phenotype        DA   0.154E-04
1.      rs17423255                      1.      rs16845946                      Phenotype        AD   0.348E-04
1.      rs1334806                       1.      rs1340447                       Phenotype        AD   0.709E-05
1.      rs227114                        1.      rs7521423                       Phenotype        AA   0.145E-04
1.      rs12121720                      1.      rs3762452                       Phenotype        AD   0.100E-04
1.      rs600746                        1.      rs12567599                      Phenotype        DD   0.172E-04
1.      rs650448                        1.      rs1000073                       Phenotype        DA   0.172E-04
1.      rs2800428                       1.      rs1892164                       Phenotype        DD   0.215E-04
1.      rs17120039                      1.      rs6427631                       Phenotype        DA   0.261E-04
1.      rs269094                        1.      rs2821379                       Phenotype        DA   0.161E-04
1.      rs12059918                      1.      rs12116424                      Phenotype        AD   0.390E-05
1.      rs10801954                      1.      rs6670094                       Phenotype        AA   0.245E-04
1.      rs3765948                       1.      rs360074                        Phenotype        DD   0.441E-04
1.      rs10900396                      1.      rs3219095                       Phenotype        AD   0.168E-04
1.      rs2245623                       1.      rs6679960                       Phenotype        DD   0.384E-04
1.      rs2307424                       1.      rs10900430                      Phenotype        DD   0.280E-04
1.      rs16857413                      1.      rs3853181                       Phenotype        AA   0.868E-06
1.      rs2803881                       1.      rs6689160                       Phenotype        AA   0.318E-05
1.      rs2343491                       1.      rs1938378                       Phenotype        DD   0.261E-05
1.      rs12116424                      1.      rs4421592                       Phenotype        DD   0.140E-04
1.      rs16851221                      1.      rs11583496                      Phenotype        AA   0.558E-05
1.      rs6689160                       1.      rs2491395                       Phenotype        AA   0.178E-04
1.      rs609733                        1.      rs3219095                       Phenotype        AA   0.307E-04
1.      rs2737680                       1.      rs12030585                      Phenotype        AA   0.309E-04
1.      rs12030585                      1.      rs2270541                       Phenotype        AA   0.129E-06
1.      rs12032080                      1.      rs2270541                       Phenotype        AA   0.919E-06
1.      rs2270541                       1.      rs2807872                       Phenotype        DD   0.196E-05
1.      rs6693967                       1.      rs12140414                      Phenotype        AD   0.272E-04
1.      rs11583496                      1.      rs1069213                       Phenotype        DA   0.208E-04
