  50 MOST SIGNIFICANT RESULTS OF PAIRWISE EPISTASIS ANALYSIS
======================================================================================================================================================================================================================================================================================================================================================================================================
I = interaction effect between the two SNP genotypes
AA = additive x additive effect, AD = additive x dominance effect, DA = dominance x additive effect, DD = dominance x dominance effect
P_I = p-value of two-locus marker genotypic effect
Test = effect type being tested
Effect = estimate of epistasis contrast, or esitmate of "AA", "AD", "DA", or "DD" effect
t-value = the t-value for the effect being tested
P_value = p-value of the effect being tested
Allele/Geno = coded marker allele_allele, allele_genotype, genotype_allele,or genotype_genotype combination
A/G_Effect = effect of coded marker allele_allele, allele_genotype, genotype_allele,or genotype_genotype combination - useful for identifying good or bad combination
A/G_Frequency = frequency of coded marker allele_allele, allele_genotype, genotype_allele,or genotype_genotype combination - useful for identifying rare allel or genotypic frequencies
------------------------------------------------------------------------------------------------------------------------------------------------------------------------------------------------------------------------------------------------------------------------------------------------------------------------------------------------------------------------------------------------------
Chr1  Locus1                          Chr2    Locus2                        Trait            P_I      Test    Effect   t-value   P_value  Allele/Geno A/G_Effect A/G_Frequency
------------------------------------------------------------------------------------------------------------------------------------------------------------------------------------------------------------------------------------------------------------------------------------------------------------------------------------------------------------------------------------------------------
1.     rs157133                       1.     rs11586136                     Phenotype        0.130E-21 DD  0.233E+02  0.832E+01  0.296E-15 22_22  0.530E+02  0.100E-02 11_22  0.455E+01  0.700E-02 12_12  0.186E+01  0.660E-01 11_11  0.169E+00  0.422E+00 22_11 -0.115E+00  0.680E-01 12_11 -0.200E+00  0.315E+00 11_12 -0.744E+00  0.940E-01 22_12 -0.403E+01  0.190E-01 12_22 -0.920E+01  0.800E-02
1.     rs4920588                      1.     rs11586136                     Phenotype        0.148E-09 AD -0.120E+02  0.663E+01  0.553E-10  1_22  0.574E+01  0.105E-01  2_12  0.315E+01  0.360E-01  2_11  0.314E+00  0.166E+00  1_11 -0.803E-01  0.639E+00  1_12 -0.799E+00  0.143E+00  2_22 -0.108E+02  0.550E-02
1.     rs742390                       1.     rs7548844                      Phenotype        0.564E-11 DD -0.520E+02  0.671E+01  0.328E-10 12_11  0.701E+02  0.100E-02 11_12  0.249E+01  0.250E-01 22_12  0.184E+01  0.270E-01 12_22  0.114E+00  0.461E+00 11_22 -0.641E-01  0.257E+00 22_22 -0.177E+00  0.184E+00 12_12 -0.264E+01  0.420E-01 22_11 -0.101E+02  0.200E-02 11_11 -0.382E+02  0.100E-02
1.     rs7539285                      1.     rs11586136                     Phenotype        0.262E-17 AD -0.120E+02  0.669E+01  0.375E-10  1_22  0.123E+02  0.500E-02  2_12  0.134E+01  0.105E+00  2_11  0.158E+00  0.449E+00  1_11 -0.199E+00  0.356E+00  1_12 -0.219E+01  0.745E-01  2_22 -0.500E+01  0.110E-01
1.     rs11578572                     1.     rs7548844                      Phenotype        0.361E-11 AD  0.307E+02  0.649E+01  0.139E-09  2_11  0.271E+02  0.200E-02  1_12  0.246E+01  0.355E-01  2_22  0.914E-01  0.529E+00  1_22 -0.133E+00  0.373E+00  2_12 -0.146E+01  0.585E-01  1_11 -0.264E+02  0.200E-02
1.     rs2354467                      1.     rs7548844                      Phenotype        0.522E-11 DD -0.516E+02  0.657E+01  0.802E-10 12_11  0.705E+02  0.100E-02 11_12  0.408E+01  0.110E-01 22_12  0.104E+01  0.440E-01 12_22  0.126E+00  0.403E+00 22_22 -0.757E-01  0.385E+00 11_22 -0.207E+00  0.114E+00 12_12 -0.260E+01  0.390E-01 22_11 -0.131E+02  0.200E-02 11_11 -0.312E+02  0.100E-02
1.     rs2404985                      1.     rs7548844                      Phenotype        0.150E-11 AD  0.376E+02  0.644E+01  0.187E-09  2_11  0.418E+02  0.150E-02  1_12  0.241E+01  0.440E-01  2_22  0.110E+00  0.506E+00  1_22 -0.142E+00  0.396E+00  2_12 -0.245E+01  0.500E-01  1_11 -0.234E+02  0.250E-02
1.     rs17119329                     1.     rs7548844                      Phenotype        0.142E-10 DD -0.531E+02  0.658E+01  0.744E-10 12_11  0.676E+02  0.100E-02 22_12  0.480E+01  0.800E-02 11_12  0.973E+00  0.590E-01 12_22  0.129E+00  0.310E+00 11_22 -0.319E-01  0.555E+00 22_22 -0.559E+00  0.370E-01 22_11 -0.299E+01  0.200E-02 12_12 -0.458E+01  0.270E-01 11_11 -0.434E+02  0.100E-02
1.     rs834347                       1.     rs11586136                     Phenotype        0.311E-13 AD  0.108E+02  0.661E+01  0.638E-10  2_22  0.811E+01  0.800E-02  1_12  0.248E+01  0.600E-01  1_11  0.885E+00  0.233E+00  2_11 -0.390E+00  0.572E+00  2_12 -0.131E+01  0.119E+00  1_22 -0.714E+01  0.800E-02
1.     rs7543353                      1.     rs7548844                      Phenotype        0.716E-11 DD -0.552E+02  0.709E+01  0.262E-11 12_11  0.726E+02  0.100E-02 22_12  0.299E+01  0.170E-01 11_12  0.147E+01  0.370E-01 12_22  0.129E+00  0.413E+00 11_22 -0.579E-01  0.381E+00 22_22 -0.244E+00  0.108E+00 12_12 -0.322E+01  0.400E-01 11_11 -0.137E+02  0.200E-02 22_11 -0.396E+02  0.100E-02
1.     rs7548844                      1.     rs1476267                      Phenotype        0.419E-11 DA -0.392E+02  0.673E+01  0.287E-10  11_1  0.441E+02  0.150E-02  12_2  0.255E+01  0.385E-01  22_1  0.926E-01  0.524E+00  22_2 -0.128E+00  0.378E+00  12_1 -0.184E+01  0.555E-01  11_2 -0.253E+02  0.250E-02
1.     rs7548844                      1.     rs1417239                      Phenotype        0.125E-11 DD -0.617E+02  0.715E+01  0.169E-11 11_12  0.754E+02  0.100E-02 12_22  0.175E+02  0.300E-02 12_11  0.582E+00  0.700E-01 22_12  0.163E+00  0.268E+00 22_11 -0.371E-01  0.604E+00 22_22 -0.674E+00  0.300E-01 12_12 -0.441E+01  0.210E-01 11_11 -0.165E+02  0.200E-02 11_22 -0.245E+02  0.100E-02
1.     rs7548844                      1.     rs4388724                      Phenotype        0.610E-12 DD -0.596E+02  0.769E+01  0.365E-13 11_12  0.782E+02  0.100E-02 12_22  0.297E+01  0.170E-01 12_11  0.263E+01  0.310E-01 22_12  0.135E+00  0.443E+00 22_11 -0.106E+00  0.338E+00 22_22 -0.176E+00  0.121E+00 12_12 -0.257E+01  0.460E-01 11_11 -0.144E+02  0.200E-02 11_22 -0.455E+02  0.100E-02
1.     rs7548844                      1.     rs7530592                      Phenotype        0.126E-10 DD -0.558E+02  0.716E+01  0.161E-11 11_12  0.759E+02  0.100E-02 12_22  0.346E+01  0.130E-01 12_11  0.181E+01  0.270E-01 22_12  0.113E+00  0.460E+00 22_11 -0.916E-01  0.292E+00 22_22 -0.174E+00  0.150E+00 12_12 -0.190E+01  0.540E-01 11_11 -0.135E+02  0.200E-02 11_22 -0.395E+02  0.100E-02
1.     rs7548844                      1.     rs12122130                     Phenotype        0.518E-11 DD -0.570E+02  0.730E+01  0.608E-12 11_12  0.742E+02  0.100E-02 12_22  0.400E+01  0.140E-01 12_11  0.163E+01  0.400E-01 22_12  0.140E+00  0.419E+00 22_11 -0.815E-01  0.359E+00 22_22 -0.241E+00  0.124E+00 12_12 -0.330E+01  0.400E-01 11_22 -0.106E+02  0.200E-02 11_11 -0.441E+02  0.100E-02
1.     rs7548844                      1.     rs2353958                      Phenotype        0.835E-11 DA  0.389E+02  0.672E+01  0.303E-10  11_2  0.429E+02  0.150E-02  12_1  0.245E+01  0.415E-01  22_2  0.836E-01  0.552E+00  22_1 -0.112E+00  0.350E+00  12_2 -0.239E+01  0.525E-01  11_1 -0.250E+02  0.250E-02
1.     rs7548844                      1.     rs7537355                      Phenotype        0.129E-10 DD -0.549E+02  0.691E+01  0.858E-11 11_12  0.754E+02  0.100E-02 12_22  0.557E+01  0.700E-02 12_11  0.125E+01  0.360E-01 22_12  0.123E+00  0.439E+00 22_11 -0.117E+00  0.300E+00 22_22 -0.158E+00  0.163E+00 12_12 -0.176E+01  0.510E-01 11_22 -0.465E+01  0.200E-02 11_11 -0.432E+02  0.100E-02
1.     rs7548844                      1.     rs909941                       Phenotype        0.142E-10 DD -0.549E+02  0.706E+01  0.318E-11 11_12  0.722E+02  0.100E-02 12_11  0.312E+01  0.180E-01 12_22  0.154E+01  0.370E-01 22_12  0.111E+00  0.427E+00 22_22 -0.634E-01  0.367E+00 22_11 -0.248E+00  0.108E+00 12_12 -0.315E+01  0.390E-01 11_22 -0.130E+02  0.200E-02 11_11 -0.397E+02  0.100E-02
1.     rs7548844                      1.     rs4475710                      Phenotype        0.103E-10 DD -0.561E+02  0.720E+01  0.116E-11 11_12  0.726E+02  0.100E-02 12_11  0.331E+01  0.220E-01 12_22  0.131E+01  0.360E-01 22_12  0.125E+00  0.475E+00 22_11 -0.128E+00  0.205E+00 22_22 -0.132E+00  0.222E+00 12_12 -0.368E+01  0.360E-01 11_22 -0.141E+02  0.200E-02 11_11 -0.406E+02  0.100E-02
1.     rs7548844                      1.     rs16825295                     Phenotype        0.574E-12 DA  0.322E+02  0.671E+01  0.320E-10  11_2  0.272E+02  0.200E-02  12_1  0.222E+01  0.515E-01  22_2  0.144E+00  0.402E+00  22_1 -0.117E+00  0.500E+00  12_2 -0.267E+01  0.425E-01  11_1 -0.273E+02  0.200E-02
1.     rs7548844                      1.     rs10921378                     Phenotype        0.367E-11 DD -0.513E+02  0.662E+01  0.583E-10 11_12  0.714E+02  0.100E-02 12_22  0.227E+01  0.200E-01 12_11  0.202E+01  0.230E-01 22_12  0.896E-01  0.455E+00 22_11 -0.551E-01  0.288E+00 22_22 -0.209E+00  0.159E+00 12_12 -0.195E+01  0.510E-01 11_11 -0.858E+01  0.200E-02 11_22 -0.368E+02  0.100E-02
1.     rs7548844                      1.     rs4515818                      Phenotype        0.419E-11 DA -0.390E+02  0.671E+01  0.317E-10  11_1  0.384E+02  0.150E-02  12_2  0.214E+01  0.655E-01  22_1  0.236E+00  0.299E+00  22_2 -0.117E+00  0.603E+00  12_1 -0.527E+01  0.285E-01  11_2 -0.246E+02  0.250E-02
1.     rs7548844                      1.     rs7542768                      Phenotype        0.589E-11 DD -0.571E+02  0.735E+01  0.404E-12 11_12  0.753E+02  0.100E-02 12_22  0.380E+01  0.190E-01 12_11  0.135E+01  0.320E-01 22_12  0.127E+00  0.452E+00 22_11 -0.118E+00  0.235E+00 22_22 -0.154E+00  0.215E+00 12_12 -0.277E+01  0.430E-01 11_11 -0.148E+02  0.200E-02 11_22 -0.412E+02  0.100E-02
1.     rs7548844                      1.     rs6593959                      Phenotype        0.263E-12 DA  0.419E+02  0.727E+01  0.748E-12  11_2  0.452E+02  0.150E-02  12_1  0.261E+01  0.510E-01  22_2  0.142E+00  0.435E+00  22_1 -0.139E+00  0.467E+00  12_2 -0.314E+01  0.430E-01  11_1 -0.269E+02  0.250E-02
1.     rs7548844                      1.     rs11120142                     Phenotype        0.147E-11 DD -0.605E+02  0.769E+01  0.354E-13 11_12  0.782E+02  0.100E-02 12_22  0.498E+01  0.900E-02 12_11  0.173E+01  0.360E-01 22_12  0.142E+00  0.381E+00 22_11 -0.794E-01  0.411E+00 22_22 -0.243E+00  0.110E+00 12_12 -0.235E+01  0.490E-01 11_11 -0.156E+02  0.200E-02 11_22 -0.465E+02  0.100E-02
1.     rs7548844                      1.     rs1519463                      Phenotype        0.101E-10 DD -0.553E+02  0.712E+01  0.207E-11 11_12  0.748E+02  0.100E-02 12_11  0.258E+01  0.230E-01 12_22  0.224E+01  0.200E-01 22_12  0.120E+00  0.449E+00 22_11 -0.103E+00  0.260E+00 22_22 -0.156E+00  0.193E+00 12_12 -0.217E+01  0.510E-01 11_22 -0.121E+02  0.200E-02 11_11 -0.404E+02  0.100E-02
1.     rs7548844                      1.     rs7551537                      Phenotype        0.489E-11 DD -0.543E+02  0.693E+01  0.747E-11 11_12  0.746E+02  0.100E-02 12_22  0.346E+01  0.110E-01 12_11  0.151E+01  0.320E-01 22_12  0.125E+00  0.419E+00 22_11 -0.785E-01  0.338E+00 22_22 -0.189E+00  0.145E+00 12_12 -0.192E+01  0.510E-01 11_11 -0.135E+02  0.200E-02 11_22 -0.362E+02  0.100E-02
1.     rs7548844                      1.     rs291391                       Phenotype        0.484E-11 DD -0.573E+02  0.736E+01  0.382E-12 11_12  0.756E+02  0.100E-02 12_22  0.361E+01  0.160E-01 12_11  0.161E+01  0.340E-01 22_12  0.128E+00  0.454E+00 22_11 -0.103E+00  0.274E+00 22_22 -0.180E+00  0.174E+00 12_12 -0.278E+01  0.440E-01 11_22 -0.122E+02  0.200E-02 11_11 -0.436E+02  0.100E-02
1.     rs7548844                      1.     rs2927936                      Phenotype        0.132E-11 DD -0.607E+02  0.688E+01  0.107E-10 11_12  0.776E+02  0.100E-02 12_22  0.113E+02  0.200E-02 12_11  0.685E+00  0.570E-01 22_12  0.130E+00  0.316E+00 22_11 -0.348E-01  0.539E+00 22_22 -0.465E+00  0.470E-01 12_12 -0.195E+01  0.350E-01 11_11 -0.160E+02  0.200E-02 11_22 -0.389E+02  0.100E-02
1.     rs7548844                      1.     rs510798                       Phenotype        0.358E-11 DD -0.593E+02  0.732E+01  0.512E-12 11_12  0.770E+02  0.100E-02 12_22  0.707E+01  0.500E-02 12_11  0.118E+01  0.460E-01 22_12  0.127E+00  0.364E+00 22_11 -0.571E-01  0.469E+00 22_22 -0.332E+00  0.690E-01 12_12 -0.219E+01  0.430E-01 11_11 -0.152E+02  0.200E-02 11_22 -0.421E+02  0.100E-02
1.     rs7548844                      1.     rs2810040                      Phenotype        0.422E-11 DD -0.575E+02  0.741E+01  0.269E-12 11_12  0.767E+02  0.100E-02 12_11  0.336E+01  0.180E-01 12_22  0.197E+01  0.220E-01 22_12  0.119E+00  0.460E+00 22_11 -0.137E+00  0.239E+00 22_22 -0.140E+00  0.203E+00 12_12 -0.208E+01  0.540E-01 11_22 -0.152E+02  0.200E-02 11_11 -0.418E+02  0.100E-02
1.     rs683074                       1.     rs1032608                      Phenotype        0.959E-13 DD  0.292E+02  0.644E+01  0.187E-09 22_22  0.629E+02  0.100E-02 11_22  0.435E+01  0.100E-01 12_12  0.245E+01  0.730E-01 22_11  0.780E+00  0.580E-01 11_11  0.125E+00  0.430E+00 12_11 -0.333E+00  0.298E+00 11_12 -0.945E+00  0.105E+00 22_12 -0.559E+01  0.170E-01 12_22 -0.126E+02  0.800E-02
1.     rs10922970                     1.     rs11586136                     Phenotype        0.550E-23 DA  0.992E+01  0.680E+01  0.179E-10  11_2  0.871E+01  0.700E-02  22_2  0.119E+01  0.580E-01  12_1  0.243E+00  0.373E+00  22_1  0.501E-01  0.448E+00  11_1 -0.146E+01  0.730E-01  12_2 -0.402E+01  0.405E-01
1.     rs10922970                     1.     rs11586136                     Phenotype        0.550E-23 AD -0.135E+02  0.651E+01  0.122E-09  1_22  0.162E+02  0.300E-02  2_12  0.876E+00  0.131E+00  2_11  0.144E+00  0.570E+00  1_11 -0.326E+00  0.236E+00  1_12 -0.314E+01  0.485E-01  2_22 -0.325E+01  0.130E-01
1.     rs11586136                     1.     rs12137313                     Phenotype        0.160E-22 DA  0.144E+02  0.782E+01  0.130E-13  22_2  0.158E+02  0.400E-02  12_1  0.944E+00  0.133E+00  11_2  0.358E+00  0.204E+00  11_1 -0.122E+00  0.601E+00  12_2 -0.267E+01  0.465E-01  22_1 -0.521E+01  0.120E-01
1.     rs11586136                     1.     rs1032608                      Phenotype        0.217E-25 DA  0.193E+02  0.899E+01  0.128E-17  22_2  0.152E+02  0.350E-02  11_2  0.149E+01  0.940E-01  12_1  0.990E+00  0.160E+00  11_1 -0.196E+00  0.711E+00  22_1 -0.588E+01  0.125E-01  12_2 -0.690E+01  0.190E-01
1.     rs11586136                     1.     rs710144                       Phenotype        0.157E-12 DA  0.122E+02  0.690E+01  0.937E-11  22_2  0.941E+01  0.650E-02  12_1  0.110E+01  0.129E+00  11_2  0.417E+00  0.246E+00  11_1 -0.184E+00  0.558E+00  12_2 -0.284E+01  0.500E-01  22_1 -0.652E+01  0.950E-02
1.     rs11586136                     1.     rs716784                       Phenotype        0.578E-24 DA  0.167E+02  0.810E+01  0.163E-14  22_2  0.173E+02  0.350E-02  11_2  0.135E+01  0.111E+00  12_1  0.830E+00  0.152E+00  11_1 -0.221E+00  0.695E+00  12_2 -0.382E+01  0.270E-01  22_1 -0.520E+01  0.125E-01
1.     rs11586136                     1.     rs10920652                     Phenotype        0.103E-08 DA -0.105E+02  0.666E+01  0.461E-10  22_1  0.705E+01  0.850E-02  12_2  0.152E+01  0.855E-01  11_1  0.632E-01  0.433E+00  11_2 -0.758E-01  0.372E+00  12_1 -0.137E+01  0.935E-01  22_2 -0.793E+01  0.750E-02
1.     rs11586136                     1.     rs1419243                      Phenotype        0.941E-22 AD  0.134E+02  0.686E+01  0.123E-10  2_22  0.140E+02  0.400E-02  2_11  0.822E+00  0.745E-01  1_12  0.644E+00  0.227E+00  1_11 -0.133E+00  0.638E+00  1_22 -0.205E+01  0.290E-01  2_12 -0.429E+01  0.270E-01
1.     rs11586136                     1.     rs7551720                      Phenotype        0.108E-13 AA  0.108E+02  0.754E+01  0.105E-12   2_2  0.863E+01  0.103E-01   1_1  0.118E+00  0.809E+00   2_1 -0.947E+00  0.952E-01   1_2 -0.110E+01  0.857E-01
1.     rs11586136                     1.     rs7551720                      Phenotype        0.108E-13 DA  0.215E+02  0.677E+01  0.214E-10  22_2  0.281E+02  0.150E-02  11_2  0.669E+00  0.770E-01  12_1  0.555E+00  0.162E+00  11_1 -0.716E-01  0.728E+00  22_1 -0.279E+01  0.145E-01  12_2 -0.507E+01  0.175E-01
1.     rs11586136                     1.     rs1704427                      Phenotype        0.112E-17 DA  0.120E+02  0.748E+01  0.168E-12  22_2  0.100E+02  0.700E-02  12_1  0.120E+01  0.106E+00  11_2  0.505E+00  0.310E+00  11_1 -0.323E+00  0.495E+00  12_2 -0.154E+01  0.735E-01  22_1 -0.775E+01  0.900E-02
1.     rs11586136                     1.     rs6683786                      Phenotype        0.554E-24 DA -0.173E+02  0.803E+01  0.276E-14  22_1  0.219E+02  0.300E-02  11_1  0.970E+00  0.134E+00  12_2  0.735E+00  0.143E+00  11_2 -0.201E+00  0.672E+00  12_1 -0.261E+01  0.360E-01  22_2 -0.489E+01  0.130E-01
1.     rs11586136                     1.     rs6683786                      Phenotype        0.554E-24 DD  0.235E+02  0.725E+01  0.849E-12 22_11  0.255E+02  0.100E-02 22_22  0.446E+01  0.110E-01 12_12  0.238E+01  0.520E-01 11_22  0.345E+00  0.557E+00 11_11  0.242E+00  0.190E-01 12_22 -0.596E+00  0.117E+00 11_12 -0.888E+00  0.229E+00 12_11 -0.584E+01  0.100E-01 22_12 -0.196E+02  0.400E-02
1.     rs7537601                      1.     rs12137313                     Phenotype        0.409E-15 DA  0.156E+02  0.659E+01  0.728E-10  22_2  0.177E+02  0.400E-02  12_1  0.108E+01  0.125E+00  11_2  0.320E+00  0.205E+00  11_1 -0.109E+00  0.607E+00  12_2 -0.305E+01  0.450E-01  22_1 -0.477E+01  0.140E-01
1.     rs7537601                      1.     rs1032608                      Phenotype        0.914E-18 DA  0.205E+02  0.736E+01  0.391E-12  22_2  0.181E+02  0.350E-02  11_2  0.147E+01  0.930E-01  12_1  0.109E+01  0.150E+00  11_1 -0.192E+00  0.719E+00  22_1 -0.518E+01  0.145E-01  12_2 -0.695E+01  0.200E-01
1.     rs7537601                      1.     rs10802516                     Phenotype        0.324E-14 DD  0.226E+02  0.649E+01  0.136E-09 22_22  0.541E+02  0.100E-02 22_11  0.359E+01  0.900E-02 12_12  0.203E+01  0.880E-01 11_22  0.144E+01  0.163E+00 11_12 -0.474E-01  0.426E+00 11_11 -0.920E+00  0.223E+00 12_11 -0.129E+01  0.580E-01 12_22 -0.160E+01  0.240E-01 22_12 -0.907E+01  0.800E-02
1.     rs2811253                      1.     rs7551720                      Phenotype        0.880E-10 DA  0.201E+02  0.682E+01  0.161E-10  22_2  0.257E+02  0.400E-02  11_2  0.142E+01  0.575E-01  12_1  0.625E+00  0.285E+00  11_1 -0.163E+00  0.583E+00  22_1 -0.255E+01  0.360E-01  12_2 -0.453E+01  0.345E-01
1.     rs2773098                      1.     rs7551720                      Phenotype        0.623E-12 DA  0.172E+02  0.703E+01  0.392E-11  22_2  0.202E+02  0.600E-02  11_2  0.189E+01  0.495E-01  12_1  0.566E+00  0.335E+00  11_1 -0.198E+00  0.504E+00  22_1 -0.159E+01  0.650E-01  12_2 -0.470E+01  0.405E-01
------------------------------------------------------------------------------------------------------------------------------------------------------------------------------------------------------------------------------------------------------------------------------------------------------------------------------------------------------------------------------------------------------
 CPU TIME:   74.9375000000000     seconds
