  50 MOST SIGNIFICANT RESULTS OF PAIRWISE EPISTASIS ANALYSIS
======================================================================================================================================================================================================================================================================================================================================================================================================
I = interaction effect between the two SNP genotypes
AA = additive x additive effect, AD = additive x dominance effect, DA = dominance x additive effect, DD = dominance x dominance effect
P_I = p-value of two-locus marker genotypic effect
Test = effect type being tested
Effect = estimate of epistasis contrast, or esitmate of "AA", "AD", "DA", or "DD" effect
t-value = the t-value for the effect being tested
P_value = p-value of the effect being tested
Allele/Geno = coded marker allele_allele, allele_genotype, genotype_allele,or genotype_genotype combination
A/G_Effect = effect of coded marker allele_allele, allele_genotype, genotype_allele,or genotype_genotype combination - useful for identifying good or bad combination
A/G_Frequency = frequency of coded marker allele_allele, allele_genotype, genotype_allele,or genotype_genotype combination - useful for identifying rare allel or genotypic frequencies
------------------------------------------------------------------------------------------------------------------------------------------------------------------------------------------------------------------------------------------------------------------------------------------------------------------------------------------------------------------------------------------------------
Chr1  Locus1                          Chr2    Locus2                        Trait            P_I      Test    Effect   t-value   P_value  Allele/Geno A/G_Effect A/G_Frequency
------------------------------------------------------------------------------------------------------------------------------------------------------------------------------------------------------------------------------------------------------------------------------------------------------------------------------------------------------------------------------------------------------
1.     rs2985857                      1.     rs1208991                      Phenotype        0.315-145 DD  0.603E+03  0.263E+02  0.216-115 11_22  0.190E+04  0.100E-02 22_22  0.324E+02  0.250E-01 12_12  0.247E+02  0.150E+00 11_11  0.112E+02  0.750E-01 22_11  0.275E+01  0.276E+00 12_11 -0.512E+01  0.278E+00 22_12 -0.969E+01  0.141E+00 11_12 -0.668E+02  0.320E-01 12_22 -0.103E+03  0.220E-01
1.     rs12140494                     1.     rs17471766                     Phenotype        0.362-125 DD -0.109E+04  0.254E+02  0.577-109 12_22  0.159E+04  0.100E-02 11_12  0.730E+02  0.900E-02 22_12  0.264E+01  0.111E+00 12_11  0.219E+01  0.317E+00 22_11 -0.118E+01  0.440E+00 11_11 -0.298E+01  0.480E-01 12_12 -0.119E+02  0.670E-01 22_22 -0.799E+02  0.600E-02 11_22 -0.903E+03  0.100E-02
1.     rs12124860                     1.     rs17471766                     Phenotype        0.376-125 DD -0.109E+04  0.254E+02  0.597-109 12_22  0.159E+04  0.100E-02 11_12  0.716E+02  0.900E-02 22_12  0.280E+01  0.111E+00 12_11  0.215E+01  0.315E+00 22_11 -0.112E+01  0.443E+00 11_11 -0.318E+01  0.470E-01 12_12 -0.124E+02  0.670E-01 22_22 -0.797E+02  0.600E-02 11_22 -0.906E+03  0.100E-02
1.     rs11249206                     1.     rs6677096                      Phenotype        0.378-139 DD  0.629E+03  0.236E+02  0.760E-97 22_22  0.135E+04  0.100E-02 11_22  0.241E+03  0.300E-02 12_12  0.317E+02  0.940E-01 22_11  0.413E+01  0.204E+00 11_11  0.187E+01  0.209E+00 12_11 -0.305E+01  0.402E+00 11_12 -0.296E+02  0.430E-01 22_12 -0.381E+02  0.380E-01 12_22 -0.326E+03  0.600E-02
1.     rs705206                       1.     rs12076987                     Phenotype        0.126-143 DD  0.588E+03  0.260E+02  0.943-113 22_11  0.193E+04  0.100E-02 11_11  0.291E+02  0.240E-01 22_22  0.172E+02  0.430E-01 12_12  0.152E+02  0.157E+00 11_22  0.231E+01  0.323E+00 12_22 -0.646E+01  0.192E+00 11_12 -0.714E+01  0.200E+00 12_11 -0.611E+02  0.310E-01 22_12 -0.830E+02  0.290E-01
1.     rs6588480                      1.     rs17471766                     Phenotype        0.712-125 DD -0.112E+04  0.251E+02  0.246-107 12_22  0.160E+04  0.100E-02 22_12  0.110E+03  0.500E-02 11_12  0.303E+01  0.132E+00 12_11  0.212E+01  0.243E+00 11_11 -0.558E+00  0.542E+00 22_11 -0.917E+01  0.200E-01 12_12 -0.205E+02  0.500E-01 11_22 -0.870E+02  0.600E-02 22_22 -0.882E+03  0.100E-02
1.     rs12133338                     1.     rs1925362                      Phenotype        0.103-145 DD  0.603E+03  0.253E+02  0.291-108 11_22  0.196E+04  0.100E-02 22_22  0.628E+02  0.700E-02 12_12  0.202E+02  0.121E+00 11_11  0.299E+01  0.205E+00 22_11  0.242E+01  0.188E+00 12_11 -0.288E+01  0.347E+00 22_12 -0.172E+02  0.570E-01 11_12 -0.272E+02  0.550E-01 12_22 -0.104E+03  0.190E-01
1.     rs1926310                      1.     rs2644465                      Phenotype        0.678-142 DD  0.605E+03  0.226E+02  0.812E-91 22_22  0.128E+04  0.100E-02 11_22  0.544E+02  0.200E-01 12_12  0.421E+02  0.860E-01 22_11  0.295E+02  0.310E-01 11_11  0.243E+01  0.453E+00 12_11 -0.892E+01  0.240E+00 11_12 -0.137E+02  0.144E+00 22_12 -0.111E+03  0.170E-01 12_22 -0.309E+03  0.800E-02
1.     rs1926310                      1.     rs6677096                      Phenotype        0.581-140 AD  0.524E+03  0.244E+02  0.139-102  2_22  0.562E+03  0.250E-02  1_12  0.251E+02  0.141E+00  2_11  0.917E+01  0.179E+00  1_11 -0.255E+01  0.636E+00  2_12 -0.109E+03  0.345E-01  1_22 -0.207E+03  0.750E-02
1.     rs563573                       1.     rs17471766                     Phenotype        0.693-126 DD -0.110E+04  0.261E+02  0.747-114 12_22  0.158E+04  0.100E-02 22_12  0.355E+02  0.170E-01 11_12  0.799E+01  0.950E-01 12_11  0.147E+01  0.328E+00 11_11 -0.477E+00  0.422E+00 22_11 -0.471E+01  0.550E-01 12_12 -0.204E+02  0.750E-01 11_22 -0.722E+02  0.600E-02 22_22 -0.981E+03  0.100E-02
1.     rs11209143                     1.     rs10801433                     Phenotype        0.102-140 DD  0.609E+03  0.231E+02  0.101E-93 11_22  0.144E+04  0.100E-02 22_22  0.123E+03  0.800E-02 12_12  0.259E+02  0.111E+00 11_11  0.330E+01  0.168E+00 22_11  0.275E+01  0.211E+00 12_11 -0.302E+01  0.373E+00 22_12 -0.167E+02  0.710E-01 11_12 -0.200E+02  0.500E-01 12_22 -0.339E+03  0.700E-02
1.     rs1249812                      1.     rs10801433                     Phenotype        0.178-140 DD  0.611E+03  0.236E+02  0.262E-97 11_22  0.175E+04  0.100E-02 22_22  0.133E+03  0.400E-02 12_12  0.236E+02  0.104E+00 11_11  0.527E+01  0.127E+00 22_11  0.269E+01  0.258E+00 12_11 -0.375E+01  0.367E+00 22_12 -0.173E+02  0.820E-01 11_12 -0.309E+02  0.460E-01 12_22 -0.181E+03  0.110E-01
1.     rs17460200                     1.     rs17471766                     Phenotype        0.138-122 AD  0.730E+03  0.239E+02  0.463E-99  2_22  0.993E+03  0.150E-02  1_12  0.199E+02  0.159E+00  2_11  0.162E+02  0.103E+00  1_11 -0.250E+01  0.702E+00  2_12 -0.875E+02  0.285E-01  1_22 -0.233E+03  0.650E-02
1.     rs17460200                     1.     rs10911917                     Phenotype        0.906-134 DA  0.796E+03  0.255E+02  0.168-109  22_2  0.107E+04  0.150E-02  11_2  0.213E+02  0.795E-01  12_1  0.158E+02  0.200E+00  11_1 -0.245E+01  0.676E+00  22_1 -0.704E+02  0.215E-01  12_2 -0.198E+03  0.205E-01
1.     rs17460200                     1.     rs7518498                      Phenotype        0.906-134 DA  0.796E+03  0.255E+02  0.168-109  22_2  0.107E+04  0.150E-02  11_2  0.213E+02  0.795E-01  12_1  0.158E+02  0.200E+00  11_1 -0.245E+01  0.676E+00  22_1 -0.704E+02  0.215E-01  12_2 -0.198E+03  0.205E-01
1.     rs17460200                     1.     rs12139636                     Phenotype        0.419-142 DD  0.605E+03  0.241E+02  0.107-100 22_22  0.163E+04  0.100E-02 22_11  0.757E+02  0.110E-01 12_12  0.279E+02  0.109E+00 11_22  0.920E+01  0.890E-01 11_11  0.258E+01  0.300E+00 11_12 -0.438E+01  0.367E+00 12_11 -0.173E+02  0.810E-01 12_22 -0.602E+02  0.310E-01 22_12 -0.214E+03  0.110E-01
1.     rs17471766                     1.     rs11585319                     Phenotype        0.116-124 DD -0.112E+04  0.260E+02  0.360-113 22_12  0.155E+04  0.100E-02 12_22  0.706E+02  0.130E-01 12_11  0.637E+01  0.125E+00 11_12  0.215E+01  0.259E+00 11_11 -0.468E+00  0.522E+00 11_22 -0.106E+02  0.240E-01 12_12 -0.397E+02  0.490E-01 22_11 -0.794E+02  0.600E-02 22_22 -0.945E+03  0.100E-02
1.     rs17471766                     1.     rs11584566                     Phenotype        0.132-127 DA  0.603E+03  0.247E+02  0.373-104  22_2  0.832E+03  0.200E-02  12_1  0.213E+02  0.103E+00  11_2  0.132E+01  0.392E+00  11_1 -0.128E+01  0.412E+00  12_2 -0.339E+02  0.840E-01  22_1 -0.262E+03  0.600E-02
1.     rs17471766                     1.     rs17028134                     Phenotype        0.136-134 DA  0.856E+03  0.290E+02  0.315-133  22_2  0.114E+04  0.150E-02  11_2  0.241E+02  0.775E-01  12_1  0.220E+02  0.163E+00  11_1 -0.274E+01  0.728E+00  12_2 -0.113E+03  0.235E-01  22_1 -0.271E+03  0.650E-02
1.     rs17471766                     1.     rs1408549                      Phenotype        0.397-129 DA  0.618E+03  0.252E+02  0.142-107  22_2  0.815E+03  0.200E-02  12_1  0.219E+02  0.128E+00  11_2  0.445E+01  0.266E+00  11_1 -0.219E+01  0.539E+00  12_2 -0.535E+02  0.590E-01  22_1 -0.264E+03  0.600E-02
1.     rs17471766                     1.     rs1687061                      Phenotype        0.984-125 DA  0.602E+03  0.241E+02  0.203-100  22_2  0.787E+03  0.200E-02  12_1  0.206E+02  0.141E+00  11_2  0.927E+01  0.173E+00  11_1 -0.267E+01  0.632E+00  12_2 -0.538E+02  0.460E-01  22_1 -0.257E+03  0.600E-02
1.     rs17471766                     1.     rs10911917                     Phenotype        0.199-119 AD  0.589E+03  0.231E+02  0.137E-93  2_22  0.750E+03  0.200E-02  1_12  0.217E+02  0.158E+00  2_11  0.187E+02  0.765E-01  1_11 -0.250E+01  0.732E+00  2_12 -0.975E+02  0.230E-01  1_22 -0.167E+03  0.900E-02
1.     rs17471766                     1.     rs7518498                      Phenotype        0.199-119 AD  0.589E+03  0.231E+02  0.137E-93  2_22  0.750E+03  0.200E-02  1_12  0.217E+02  0.158E+00  2_11  0.187E+02  0.765E-01  1_11 -0.250E+01  0.732E+00  2_12 -0.975E+02  0.230E-01  1_22 -0.167E+03  0.900E-02
1.     rs17471766                     1.     rs17591814                     Phenotype        0.651-133 DA -0.445E+03  0.236E+02  0.229E-97  22_1  0.520E+03  0.300E-02  12_2  0.201E+02  0.830E-01  11_1  0.211E+01  0.424E+00  11_2 -0.239E+01  0.381E+00  12_1 -0.161E+02  0.104E+00  22_2 -0.293E+03  0.500E-02
1.     rs17471766                     1.     rs10921843                     Phenotype        0.345-124 DD -0.106E+04  0.267E+02  0.168-117 22_12  0.182E+04  0.100E-02 12_22  0.334E+02  0.250E-01 12_11  0.135E+01  0.850E-01 11_12  0.839E+00  0.386E+00 11_22 -0.246E+00  0.119E+00 11_11 -0.103E+01  0.300E+00 12_12 -0.969E+01  0.770E-01 22_11 -0.172E+03  0.400E-02 22_22 -0.305E+03  0.300E-02
1.     rs17471766                     1.     rs1346098                      Phenotype        0.112-127 DA -0.425E+03  0.225E+02  0.473E-90  22_1  0.466E+03  0.300E-02  12_2  0.220E+02  0.108E+00  11_1  0.344E+01  0.338E+00  11_2 -0.249E+01  0.467E+00  12_1 -0.300E+02  0.795E-01  22_2 -0.274E+03  0.500E-02
1.     rs17471766                     1.     rs10920650                     Phenotype        0.289-134 DD  0.698E+03  0.234E+02  0.550E-96 22_11  0.836E+03  0.100E-02 22_22  0.265E+03  0.400E-02 12_12  0.413E+02  0.920E-01 11_11  0.823E+01  0.115E+00 11_22  0.328E+01  0.291E+00 11_12 -0.479E+01  0.399E+00 12_22 -0.275E+02  0.660E-01 12_11 -0.660E+02  0.290E-01 22_12 -0.660E+03  0.300E-02
1.     rs17471766                     1.     rs1925362                      Phenotype        0.670-139 DA  0.821E+03  0.277E+02  0.103-124  22_2  0.883E+03  0.150E-02  12_1  0.228E+02  0.165E+00  11_2  0.140E+02  0.120E+00  11_1 -0.232E+01  0.684E+00  12_2 -0.217E+03  0.215E-01  22_1 -0.261E+03  0.650E-02
1.     rs17471766                     1.     rs946356                       Phenotype        0.404-125 DD -0.110E+04  0.261E+02  0.119-113 22_12  0.157E+04  0.100E-02 12_22  0.468E+02  0.170E-01 12_11  0.720E+01  0.106E+00 11_12  0.179E+01  0.318E+00 11_11 -0.600E+00  0.443E+00 11_22 -0.591E+01  0.440E-01 12_12 -0.276E+02  0.640E-01 22_11 -0.747E+02  0.600E-02 22_22 -0.967E+03  0.100E-02
1.     rs17471766                     1.     rs6677096                      Phenotype        0.129-122 AA  0.318E+03  0.233E+02  0.226E-95   2_2  0.269E+03  0.832E-02   1_1  0.246E+01  0.809E+00   2_1 -0.225E+02  0.932E-01   1_2 -0.239E+02  0.892E-01
1.     rs17471766                     1.     rs12076987                     Phenotype        0.268-121 DA -0.707E+03  0.238E+02  0.247E-98  22_1  0.102E+04  0.150E-02  12_2  0.180E+02  0.141E+00  11_1  0.576E+01  0.201E+00  11_2 -0.190E+01  0.604E+00  12_1 -0.588E+02  0.465E-01  22_2 -0.228E+03  0.650E-02
1.     rs12117800                     1.     rs17028134                     Phenotype        0.106-134 AD  0.774E+03  0.248E+02  0.110-104  2_22  0.108E+04  0.150E-02  1_12  0.199E+02  0.149E+00  2_11  0.811E+01  0.179E+00  1_11 -0.220E+01  0.627E+00  2_12 -0.112E+03  0.355E-01  1_22 -0.190E+03  0.850E-02
1.     rs12117800                     1.     rs10911917                     Phenotype        0.517-136 AD  0.579E+03  0.223E+02  0.827E-89  2_22  0.834E+03  0.200E-02  1_12  0.208E+02  0.136E+00  2_11  0.833E+01  0.169E+00  1_11 -0.231E+01  0.639E+00  2_12 -0.531E+02  0.450E-01  1_22 -0.166E+03  0.900E-02
1.     rs12117800                     1.     rs7518498                      Phenotype        0.517-136 AD  0.579E+03  0.223E+02  0.827E-89  2_22  0.834E+03  0.200E-02  1_12  0.208E+02  0.136E+00  2_11  0.833E+01  0.169E+00  1_11 -0.231E+01  0.639E+00  2_12 -0.531E+02  0.450E-01  1_22 -0.166E+03  0.900E-02
1.     rs2359242                      1.     rs6686510                      Phenotype        0.145-143 DD  0.595E+03  0.258E+02  0.187-111 11_22  0.195E+04  0.100E-02 11_11  0.424E+02  0.140E-01 12_12  0.211E+02  0.142E+00 22_22  0.390E+01  0.146E+00 22_11  0.275E+01  0.212E+00 22_12 -0.338E+01  0.326E+00 12_11 -0.120E+02  0.910E-01 12_22 -0.346E+02  0.470E-01 11_12 -0.960E+02  0.210E-01
1.     rs17028134                     1.     rs10801433                     Phenotype        0.106-131 DA  0.797E+03  0.247E+02  0.485-104  22_2  0.106E+04  0.150E-02  12_1  0.209E+02  0.161E+00  11_2  0.157E+02  0.107E+00  11_1 -0.239E+01  0.699E+00  12_2 -0.138E+03  0.240E-01  22_1 -0.195E+03  0.850E-02
1.     rs17028134                     1.     rs1694594                      Phenotype        0.634-133 DA  0.602E+03  0.228E+02  0.715E-92  22_2  0.815E+03  0.200E-02  12_1  0.210E+02  0.148E+00  11_2  0.109E+02  0.140E+00  11_1 -0.238E+01  0.665E+00  12_2 -0.688E+02  0.375E-01  22_1 -0.197E+03  0.800E-02
1.     rs17028134                     1.     rs6677096                      Phenotype        0.631-128 AD  0.583E+03  0.225E+02  0.339E-90  2_22  0.669E+03  0.200E-02  2_11  0.232E+02  0.800E-01  1_12  0.215E+02  0.155E+00  1_11 -0.265E+01  0.735E+00  2_12 -0.122E+03  0.205E-01  1_22 -0.185E+03  0.800E-02
1.     rs17028134                     1.     rs12076987                     Phenotype        0.147-134 DA -0.588E+03  0.225E+02  0.437E-90  22_1  0.804E+03  0.200E-02  12_2  0.207E+02  0.138E+00  11_1  0.711E+01  0.201E+00  11_2 -0.235E+01  0.605E+00  12_1 -0.644E+02  0.465E-01  22_2 -0.192E+03  0.800E-02
1.     rs1687061                      1.     rs1694594                      Phenotype        0.105-140 DD  0.600E+03  0.232E+02  0.119E-94 22_22  0.139E+04  0.100E-02 11_22  0.489E+02  0.210E-01 12_12  0.430E+02  0.100E+00 22_11  0.312E+02  0.330E-01 11_11  0.238E+01  0.406E+00 12_11 -0.861E+01  0.235E+00 11_12 -0.110E+02  0.179E+00 22_12 -0.157E+03  0.140E-01 12_22 -0.202E+03  0.110E-01
1.     rs1687061                      1.     rs1925362                      Phenotype        0.382-143 DD  0.618E+03  0.227E+02  0.271E-91 22_22  0.112E+04  0.100E-02 11_22  0.605E+02  0.160E-01 12_12  0.455E+02  0.910E-01 22_11  0.314E+02  0.380E-01 11_11  0.279E+01  0.457E+00 12_11 -0.928E+01  0.245E+00 11_12 -0.159E+02  0.133E+00 12_22 -0.225E+03  0.100E-01 22_12 -0.290E+03  0.900E-02
1.     rs10911917                     1.     rs10801433                     Phenotype        0.652-133 DA  0.785E+03  0.249E+02  0.959-106  22_2  0.111E+04  0.150E-02  12_1  0.208E+02  0.155E+00  11_2  0.154E+02  0.105E+00  11_1 -0.232E+01  0.703E+00  12_2 -0.116E+03  0.255E-01  22_1 -0.170E+03  0.950E-02
1.     rs10911917                     1.     rs10801433                     Phenotype        0.652-133 AD  0.593E+03  0.225E+02  0.754E-90  2_22  0.784E+03  0.200E-02  2_11  0.209E+02  0.750E-01  1_12  0.156E+02  0.207E+00  1_11 -0.233E+01  0.677E+00  1_22 -0.115E+03  0.140E-01  2_12 -0.117E+03  0.245E-01
1.     rs10911917                     1.     rs17546779                     Phenotype        0.415-128 DA  0.783E+03  0.243E+02  0.115-101  22_2  0.104E+04  0.150E-02  11_2  0.223E+02  0.730E-01  12_1  0.209E+02  0.162E+00  11_1 -0.234E+01  0.735E+00  12_2 -0.143E+03  0.190E-01  22_1 -0.169E+03  0.950E-02
1.     rs7518498                      1.     rs10801433                     Phenotype        0.652-133 DA  0.785E+03  0.249E+02  0.959-106  22_2  0.111E+04  0.150E-02  12_1  0.208E+02  0.155E+00  11_2  0.154E+02  0.105E+00  11_1 -0.232E+01  0.703E+00  12_2 -0.116E+03  0.255E-01  22_1 -0.170E+03  0.950E-02
1.     rs7518498                      1.     rs10801433                     Phenotype        0.652-133 AD  0.593E+03  0.225E+02  0.754E-90  2_22  0.784E+03  0.200E-02  2_11  0.209E+02  0.750E-01  1_12  0.156E+02  0.207E+00  1_11 -0.233E+01  0.677E+00  1_22 -0.115E+03  0.140E-01  2_12 -0.117E+03  0.245E-01
1.     rs7518498                      1.     rs17546779                     Phenotype        0.415-128 DA  0.783E+03  0.243E+02  0.115-101  22_2  0.104E+04  0.150E-02  11_2  0.223E+02  0.730E-01  12_1  0.209E+02  0.162E+00  11_1 -0.234E+01  0.735E+00  12_2 -0.143E+03  0.190E-01  22_1 -0.169E+03  0.950E-02
1.     rs10801433                     1.     rs1925362                      Phenotype        0.573-139 DA  0.778E+03  0.256E+02  0.189-110  22_2  0.126E+04  0.150E-02  12_1  0.156E+02  0.193E+00  11_2  0.140E+02  0.103E+00  11_1 -0.238E+01  0.649E+00  12_2 -0.665E+02  0.395E-01  22_1 -0.111E+03  0.145E-01
1.     rs10801433                     1.     rs6677096                      Phenotype        0.194-131 DA  0.591E+03  0.236E+02  0.250E-97  22_2  0.745E+03  0.200E-02  11_2  0.215E+02  0.730E-01  12_1  0.157E+02  0.209E+00  11_1 -0.241E+01  0.679E+00  22_1 -0.115E+03  0.140E-01  12_2 -0.134E+03  0.225E-01
1.     rs1925362                      1.     rs6677096                      Phenotype        0.762-134 DA  0.563E+03  0.230E+02  0.207E-93  22_2  0.762E+03  0.200E-02  11_2  0.209E+02  0.720E-01  12_1  0.131E+02  0.209E+00  11_1 -0.217E+01  0.668E+00  22_1 -0.529E+02  0.250E-01  12_2 -0.131E+03  0.235E-01
------------------------------------------------------------------------------------------------------------------------------------------------------------------------------------------------------------------------------------------------------------------------------------------------------------------------------------------------------------------------------------------------------
 CPU TIME:   68.9218750000000     seconds
