  50 MOST SIGNIFICANT RESULTS OF PAIRWISE EPISTASIS ANALYSIS
======================================================================================================================================================================================================================================================================================================================================================================================================
I = interaction effect between the two SNP genotypes
AA = additive x additive effect, AD = additive x dominance effect, DA = dominance x additive effect, DD = dominance x dominance effect
P_I = p-value of two-locus marker genotypic effect
Test = effect type being tested
Effect = estimate of epistasis contrast, or esitmate of "AA", "AD", "DA", or "DD" effect
t-value = the t-value for the effect being tested
P_value = p-value of the effect being tested
Allele/Geno = coded marker allele_allele, allele_genotype, genotype_allele,or genotype_genotype combination
A/G_Effect = effect of coded marker allele_allele, allele_genotype, genotype_allele,or genotype_genotype combination - useful for identifying good or bad combination
A/G_Frequency = frequency of coded marker allele_allele, allele_genotype, genotype_allele,or genotype_genotype combination - useful for identifying rare allel or genotypic frequencies
------------------------------------------------------------------------------------------------------------------------------------------------------------------------------------------------------------------------------------------------------------------------------------------------------------------------------------------------------------------------------------------------------
Chr1  Locus1                          Chr2    Locus2                        Trait            P_I      Test    Effect   t-value   P_value  Allele/Geno A/G_Effect A/G_Frequency
------------------------------------------------------------------------------------------------------------------------------------------------------------------------------------------------------------------------------------------------------------------------------------------------------------------------------------------------------------------------------------------------------
1.     rs10864411                     1.     rs2282231                      Phenotype        0.211E-06 DA  0.535E+01  0.442E+01  0.109E-04  22_2  0.296E+01  0.395E-01  11_2  0.149E+01  0.685E-01  12_1  0.561E+00  0.391E+00  11_1 -0.428E+00  0.254E+00  22_1 -0.811E+00  0.136E+00  12_2 -0.194E+01  0.111E+00
1.     rs1925666                      1.     rs2282231                      Phenotype        0.627E-05 AD  0.917E+01  0.456E+01  0.568E-05  2_22  0.119E+02  0.750E-02  2_11  0.501E+00  0.108E+00  1_12  0.380E+00  0.274E+00  1_11 -0.113E+00  0.502E+00  2_12 -0.149E+01  0.675E-01  1_22 -0.205E+01  0.415E-01
1.     rs4662000                      1.     rs12408861                     Phenotype        0.230E-03 AA -0.671E+01  0.490E+01  0.109E-05   2_1  0.411E+01  0.257E-01   1_2  0.191E+00  0.494E+00   1_1 -0.227E+00  0.434E+00   2_2 -0.217E+01  0.468E-01
1.     rs6429758                      1.     rs12092006                     Phenotype        0.430E-04 DD -0.246E+02  0.451E+01  0.714E-05 12_22  0.293E+02  0.200E-02 11_12  0.175E+01  0.250E-01 22_12  0.133E+01  0.280E-01 12_11  0.107E+00  0.435E+00 11_11 -0.107E+00  0.197E+00 22_11 -0.111E+00  0.238E+00 12_12 -0.125E+01  0.710E-01 11_22 -0.129E+02  0.200E-02 22_22 -0.152E+02  0.200E-02
1.     rs16823060                     1.     rs17185520                     Phenotype        0.121E-04 AD -0.387E+01  0.477E+01  0.214E-05  1_22  0.173E+01  0.295E-01  2_12  0.111E+01  0.109E+00  2_11  0.574E-01  0.211E+00  1_11 -0.323E-01  0.416E+00  1_12 -0.550E+00  0.217E+00  2_22 -0.277E+01  0.185E-01
1.     rs2142629                      1.     rs17185520                     Phenotype        0.464E-04 AD -0.381E+01  0.502E+01  0.599E-06  1_22  0.243E+01  0.255E-01  1_11  0.438E+00  0.300E+00  2_12  0.413E+00  0.162E+00  1_12 -0.401E+00  0.164E+00  2_11 -0.409E+00  0.326E+00  2_22 -0.273E+01  0.225E-01
1.     rs12117331                     1.     rs17185520                     Phenotype        0.587E-04 DA -0.625E+01  0.581E+01  0.855E-08  12_2  0.162E+01  0.550E-01  22_1  0.150E+01  0.165E-01  11_1  0.460E-02  0.557E+00  12_1 -0.117E+00  0.215E+00  11_2 -0.291E+00  0.150E+00  22_2 -0.724E+01  0.650E-02
1.     rs4949459                      1.     rs12074299                     Phenotype        0.739E-04 AA -0.438E+01  0.440E+01  0.122E-04   1_2  0.240E+01  0.608E-01   2_1  0.273E+00  0.501E+00   1_1 -0.438E+00  0.328E+00   2_2 -0.127E+01  0.110E+00
1.     rs2282231                      1.     rs1413994                      Phenotype        0.289E-05 DA -0.743E+01  0.445E+01  0.945E-05  22_1  0.217E+01  0.355E-01  12_2  0.206E+01  0.960E-01  11_1  0.166E+00  0.461E+00  11_2 -0.502E+00  0.149E+00  12_1 -0.889E+00  0.245E+00  22_2 -0.612E+01  0.135E-01
1.     rs2282231                      1.     rs7551211                      Phenotype        0.118E-06 DD -0.147E+02  0.477E+01  0.217E-05 12_22  0.639E+01  0.140E-01 22_12  0.557E+01  0.170E-01 12_11  0.485E+00  0.208E+00 11_12  0.476E+00  0.206E+00 11_11 -0.133E+00  0.377E+00 12_12 -0.161E+01  0.119E+00 22_11 -0.161E+01  0.300E-01 11_22 -0.181E+01  0.270E-01 22_22 -0.228E+02  0.200E-02
1.     rs2282231                      1.     rs17185520                     Phenotype        0.366E-37 DA  0.711E+01  0.106E+02  0.756E-24  22_2  0.647E+01  0.105E-01  11_2  0.563E+00  0.129E+00  12_1  0.556E+00  0.270E+00  11_1 -0.154E+00  0.481E+00  22_1 -0.188E+01  0.385E-01  12_2 -0.202E+01  0.715E-01
1.     rs2282231                      1.     rs17185520                     Phenotype        0.366E-37 AA  0.319E+01  0.792E+01  0.651E-14   2_2  0.198E+01  0.462E-01   1_1  0.144E+00  0.616E+00   2_1 -0.514E+00  0.173E+00   1_2 -0.551E+00  0.165E+00
1.     rs2282231                      1.     rs6679776                      Phenotype        0.153E-02 AD  0.925E+01  0.443E+01  0.106E-04  2_22  0.939E+01  0.700E-02  2_11  0.578E+00  0.150E+00  1_12  0.571E+00  0.232E+00  1_11 -0.132E+00  0.517E+00  1_22 -0.218E+01  0.310E-01  2_12 -0.254E+01  0.625E-01
1.     rs2282231                      1.     rs6670178                      Phenotype        0.411E-05 DD  0.129E+02  0.488E+01  0.124E-05 22_22  0.191E+02  0.300E-02 12_12  0.172E+01  0.142E+00 22_11  0.142E+01  0.280E-01 11_22  0.136E+01  0.480E-01 11_11  0.184E+00  0.292E+00 11_12 -0.397E+00  0.270E+00 12_11 -0.810E+00  0.174E+00 12_22 -0.424E+01  0.250E-01 22_12 -0.589E+01  0.180E-01
1.     rs2282231                      1.     rs12092006                     Phenotype        0.138E-01 AD  0.205E+02  0.453E+01  0.653E-05  2_22  0.149E+02  0.250E-02  1_12  0.133E+01  0.985E-01  2_11  0.308E+00  0.192E+00  1_11 -0.961E-01  0.678E+00  2_12 -0.424E+01  0.255E-01  1_22 -0.146E+02  0.350E-02
1.     rs2282231                      1.     rs6673130                      Phenotype        0.268E-04 DA  0.996E+01  0.509E+01  0.434E-06  22_2  0.110E+02  0.700E-02  12_1  0.596E+00  0.278E+00  11_2  0.477E+00  0.124E+00  11_1 -0.138E+00  0.486E+00  22_1 -0.178E+01  0.420E-01  12_2 -0.265E+01  0.635E-01
1.     rs4660242                      1.     rs651250                       Phenotype        0.616E-03 DD -0.108E+02  0.441E+01  0.116E-04 12_22  0.581E+01  0.210E-01 22_12  0.396E+01  0.310E-01 11_12  0.878E+00  0.141E+00 12_11  0.378E+00  0.309E+00 11_11 -0.224E+00  0.270E+00 22_11 -0.815E+00  0.750E-01 12_12 -0.185E+01  0.131E+00 11_22 -0.409E+01  0.150E-01 22_22 -0.847E+01  0.700E-02
1.     rs320013                       1.     rs6679776                      Phenotype        0.442E-04 DD -0.114E+02  0.443E+01  0.103E-04 12_22  0.787E+01  0.160E-01 11_12  0.357E+01  0.380E-01 22_12  0.872E+00  0.115E+00 12_11  0.309E+00  0.319E+00 22_11 -0.134E+00  0.230E+00 11_11 -0.583E+00  0.118E+00 12_12 -0.130E+01  0.142E+00 22_22 -0.367E+01  0.170E-01 11_22 -0.107E+02  0.500E-02
1.     rs17108202                     1.     rs6679776                      Phenotype        0.141E-03 AA -0.447E+01  0.470E+01  0.294E-05   1_2  0.185E+01  0.924E-01   2_1  0.452E+00  0.368E+00   1_1 -0.385E+00  0.446E+00   2_2 -0.178E+01  0.931E-01
1.     rs10889504                     1.     rs2797387                      Phenotype        0.192E-05 AA  0.576E+01  0.440E+01  0.121E-04   2_2  0.390E+01  0.316E-01   1_1  0.183E+00  0.674E+00   2_1 -0.796E+00  0.155E+00   1_2 -0.882E+00  0.139E+00
1.     rs7418928                      1.     rs12758792                     Phenotype        0.205E-03 DD  0.175E+02  0.449E+01  0.784E-05 22_22  0.395E+02  0.100E-02 22_11  0.156E+01  0.240E-01 12_12  0.127E+01  0.118E+00 11_22  0.123E+01  0.280E-01 11_11  0.871E-01  0.402E+00 12_11 -0.382E+00  0.205E+00 11_12 -0.401E+00  0.193E+00 12_22 -0.475E+01  0.160E-01 22_12 -0.580E+01  0.130E-01
1.     rs11583990                     1.     rs2483064                      Phenotype        0.185E-03 AD  0.728E+01  0.444E+01  0.996E-05  2_22  0.708E+01  0.130E-01  1_12  0.668E+00  0.276E+00  2_11  0.622E+00  0.171E+00  1_11 -0.289E+00  0.372E+00  1_22 -0.167E+01  0.520E-01  2_12 -0.178E+01  0.116E+00
1.     rs10873679                     1.     rs11118296                     Phenotype        0.513E-03 DA  0.542E+01  0.447E+01  0.893E-05  11_2  0.238E+01  0.480E-01  22_2  0.160E+01  0.860E-01  12_1  0.684E+00  0.385E+00  22_1 -0.652E+00  0.210E+00  11_1 -0.822E+00  0.144E+00  12_2 -0.200E+01  0.127E+00
1.     rs7549783                      1.     rs17185520                     Phenotype        0.282E-09 DA -0.522E+01  0.453E+01  0.653E-05  22_1  0.190E+01  0.220E-01  12_2  0.124E+01  0.595E-01  11_1 -0.305E-02  0.551E+00  12_1 -0.185E+00  0.215E+00  11_2 -0.295E+00  0.145E+00  22_2 -0.539E+01  0.700E-02
1.     rs2144523                      1.     rs17185520                     Phenotype        0.155E-05 DD  0.110E+02  0.537E+01  0.968E-07 22_22  0.200E+02  0.100E-02 12_12  0.812E+00  0.990E-01 22_11  0.583E+00  0.210E-01 11_22  0.567E+00  0.300E-01 11_11  0.247E+00  0.434E+00 11_12 -0.153E+00  0.219E+00 12_11 -0.709E+00  0.171E+00 12_22 -0.197E+01  0.170E-01 22_12 -0.683E+01  0.800E-02
1.     rs6577322                      1.     rs7554410                      Phenotype        0.241E-03 AD  0.157E+02  0.444E+01  0.102E-04  2_22  0.199E+02  0.250E-02  1_12  0.576E+00  0.147E+00  2_11  0.213E+00  0.202E+00  1_11 -0.697E-01  0.579E+00  2_12 -0.122E+01  0.630E-01  1_22 -0.756E+01  0.650E-02
1.     rs1418426                      1.     rs17185520                     Phenotype        0.747E-07 DD  0.483E+01  0.443E+01  0.105E-04 11_22  0.290E+01  0.120E-01 22_22  0.217E+01  0.110E-01 12_12  0.929E+00  0.166E+00 22_11  0.582E+00  0.105E+00 11_11  0.110E+00  0.195E+00 12_11 -0.248E+00  0.326E+00 11_12 -0.703E+00  0.113E+00 22_12 -0.151E+01  0.470E-01 12_22 -0.247E+01  0.250E-01
1.     rs1418426                      1.     rs7554410                      Phenotype        0.233E-04 DD -0.210E+02  0.475E+01  0.231E-05 12_22  0.254E+02  0.300E-02 11_12  0.133E+01  0.620E-01 22_12  0.126E+01  0.440E-01 12_11  0.136E+00  0.410E+00 11_11 -0.127E+00  0.255E+00 22_11 -0.209E+00  0.116E+00 12_12 -0.112E+01  0.104E+00 11_22 -0.113E+02  0.300E-02 22_22 -0.116E+02  0.300E-02
1.     rs4403633                      1.     rs17185520                     Phenotype        0.124E-05 DD  0.744E+01  0.468E+01  0.333E-05 22_22  0.420E+01  0.300E-02 22_11  0.174E+01  0.310E-01 12_12  0.115E+01  0.106E+00 11_22  0.871E+00  0.300E-01 11_11  0.144E+00  0.404E+00 11_12 -0.291E+00  0.209E+00 12_11 -0.573E+00  0.191E+00 12_22 -0.316E+01  0.150E-01 22_12 -0.508E+01  0.110E-01
1.     rs7537656                      1.     rs17185520                     Phenotype        0.116E-05 DD  0.747E+01  0.469E+01  0.304E-05 22_22  0.434E+01  0.300E-02 22_11  0.176E+01  0.310E-01 12_12  0.117E+01  0.105E+00 11_22  0.881E+00  0.300E-01 11_11  0.127E+00  0.404E+00 11_12 -0.296E+00  0.210E+00 12_11 -0.540E+00  0.191E+00 12_22 -0.317E+01  0.150E-01 22_12 -0.504E+01  0.110E-01
1.     rs17185520                     1.     rs10917718                     Phenotype        0.174E-02 AD -0.371E+01  0.503E+01  0.585E-06  2_12  0.164E+01  0.825E-01  1_22  0.418E+00  0.650E-01  1_12 -0.160E-02  0.336E+00  1_11 -0.589E-01  0.389E+00  2_11 -0.637E+00  0.106E+00  2_22 -0.314E+01  0.230E-01
1.     rs17185520                     1.     rs4656808                      Phenotype        0.359E-05 DD -0.627E+01  0.546E+01  0.613E-07 22_12  0.333E+01  0.260E-01 12_11  0.140E+01  0.800E-01 11_11  0.583E+00  0.160E+00 12_22  0.458E+00  0.740E-01 11_12  0.139E+00  0.313E+00 12_12 -0.797E+00  0.172E+00 11_22 -0.964E+00  0.153E+00 22_22 -0.260E+01  0.170E-01 22_11 -0.825E+01  0.500E-02
1.     rs17185520                     1.     rs1409831                      Phenotype        0.765E-05 AD  0.383E+01  0.453E+01  0.663E-05  2_22  0.404E+01  0.110E-01  2_11  0.397E+00  0.119E+00  1_11  0.130E+00  0.429E+00  1_12  0.209E-02  0.305E+00  1_22 -0.102E+01  0.540E-01  2_12 -0.117E+01  0.805E-01
1.     rs17185520                     1.     rs10916293                     Phenotype        0.314E-03 AD -0.293E+01  0.444E+01  0.997E-05  2_12  0.143E+01  0.925E-01  1_11  0.121E+00  0.280E+00  1_12 -0.175E-01  0.389E+00  1_22 -0.132E+00  0.120E+00  2_11 -0.829E+00  0.830E-01  2_22 -0.215E+01  0.355E-01
1.     rs17185520                     1.     rs9659297                      Phenotype        0.395E-13 AD  0.720E+01  0.661E+01  0.617E-10  2_22  0.628E+01  0.650E-02  1_12  0.763E+00  0.204E+00  2_11  0.397E+00  0.150E+00  1_11 -0.181E+00  0.566E+00  2_12 -0.176E+01  0.550E-01  1_22 -0.248E+01  0.195E-01
1.     rs17185520                     1.     rs9659297                      Phenotype        0.395E-13 AA  0.366E+01  0.640E+01  0.236E-09   2_2  0.209E+01  0.352E-01   1_1  0.179E+00  0.669E+00   2_1 -0.456E+00  0.176E+00   1_2 -0.935E+00  0.120E+00
1.     rs17185520                     1.     rs7547699                      Phenotype        0.540E-05 AD  0.389E+01  0.581E+01  0.859E-08  2_11  0.288E+01  0.305E-01  2_22  0.103E+01  0.725E-01  1_12  0.158E+00  0.378E+00  1_22 -0.248E-01  0.280E+00  1_11 -0.374E+00  0.132E+00  2_12 -0.157E+01  0.108E+00
1.     rs17185520                     1.     rs9661787                      Phenotype        0.104E-06 DA  0.499E+01  0.508E+01  0.456E-06  22_2  0.673E+01  0.800E-02  11_2  0.489E+00  0.106E+00  12_1  0.173E+00  0.256E+00  11_1 -0.117E+00  0.520E+00  12_2 -0.492E+00  0.700E-01  22_1 -0.132E+01  0.400E-01
1.     rs6670178                      1.     rs12092006                     Phenotype        0.829E-04 DD  0.257E+02  0.452E+01  0.686E-05 11_22  0.299E+02  0.100E-02 22_22  0.246E+02  0.100E-02 12_12  0.217E+01  0.470E-01 22_11  0.413E+00  0.660E-01 11_11  0.644E-01  0.425E+00 12_11 -0.140E+00  0.379E+00 11_12 -0.861E+00  0.680E-01 22_12 -0.539E+01  0.900E-02 12_22 -0.131E+02  0.400E-02
1.     rs12737282                     1.     rs12092006                     Phenotype        0.192E-03 DD  0.237E+02  0.445E+01  0.975E-05 22_22  0.274E+02  0.100E-02 11_22  0.137E+02  0.200E-02 12_12  0.171E+01  0.670E-01 22_11  0.164E+00  0.170E+00 11_11  0.104E+00  0.279E+00 12_11 -0.131E+00  0.421E+00 11_12 -0.180E+01  0.340E-01 22_12 -0.258E+01  0.230E-01 12_22 -0.187E+02  0.300E-02
1.     rs12092006                     1.     rs6703319                      Phenotype        0.500E-05 DD -0.325E+02  0.537E+01  0.958E-07 22_12  0.295E+02  0.200E-02 12_22  0.739E+01  0.700E-02 12_11  0.664E+00  0.770E-01 11_12  0.167E+00  0.296E+00 11_11 -0.513E-01  0.536E+00 11_22 -0.565E+00  0.380E-01 12_12 -0.269E+01  0.400E-01 22_11 -0.915E+01  0.300E-02 22_22 -0.341E+02  0.100E-02
1.     rs12092006                     1.     rs4653946                      Phenotype        0.278E-03 DA  0.183E+02  0.444E+01  0.102E-04  22_2  0.156E+02  0.300E-02  12_1  0.158E+01  0.535E-01  11_2  0.889E-01  0.498E+00  11_1 -0.115E+00  0.372E+00  12_2 -0.125E+01  0.705E-01  22_1 -0.152E+02  0.300E-02
1.     rs2744666                      1.     rs12735509                     Phenotype        0.363E-05 AD  0.145E+02  0.439E+01  0.124E-04  2_22  0.142E+02  0.300E-02  1_12  0.625E+00  0.945E-01  2_11  0.108E+00  0.239E+00  1_11 -0.379E-01  0.618E+00  2_12 -0.178E+01  0.425E-01  1_22 -0.984E+01  0.400E-02
1.     rs12741940                     1.     rs11122300                     Phenotype        0.173E-03 AA  0.426E+01  0.455E+01  0.601E-05   2_2  0.226E+01  0.717E-01   1_1  0.300E+00  0.537E+00   2_1 -0.694E+00  0.232E+00   1_2 -0.101E+01  0.160E+00
1.     rs7554410                      1.     rs3923371                      Phenotype        0.162E-04 DD -0.256E+02  0.472E+01  0.276E-05 22_12  0.276E+02  0.200E-02 12_22  0.145E+01  0.310E-01 12_11  0.725E+00  0.760E-01 11_12  0.127E+00  0.359E+00 11_11 -0.763E-01  0.327E+00 11_22 -0.222E+00  0.950E-01 12_12 -0.103E+01  0.103E+00 22_11 -0.251E+01  0.600E-02 22_22 -0.358E+02  0.100E-02
1.     rs7554410                      1.     rs1933447                      Phenotype        0.115E-05 DD -0.264E+02  0.527E+01  0.168E-06 22_12  0.361E+02  0.200E-02 12_22  0.270E+01  0.220E-01 12_11  0.599E+00  0.990E-01 11_12  0.167E+00  0.342E+00 11_11 -0.740E-01  0.379E+00 11_22 -0.554E+00  0.600E-01 12_12 -0.165E+01  0.890E-01 22_11 -0.940E+01  0.400E-02 22_22 -0.989E+01  0.300E-02
1.     rs479137                       1.     rs9659297                      Phenotype        0.613E-08 DD -0.124E+02  0.470E+01  0.295E-05 12_22  0.723E+01  0.140E-01 11_12  0.206E+01  0.590E-01 22_12  0.182E+01  0.740E-01 12_11  0.370E+00  0.343E+00 22_11 -0.300E+00  0.212E+00 11_11 -0.422E+00  0.160E+00 12_12 -0.187E+01  0.126E+00 11_22 -0.884E+01  0.600E-02 22_22 -0.968E+01  0.600E-02
1.     rs479137                       1.     rs9659297                      Phenotype        0.613E-08 DA -0.640E+01  0.459E+01  0.510E-05  12_2  0.267E+01  0.770E-01  11_1  0.569E+00  0.190E+00  22_1  0.431E+00  0.249E+00  12_1 -0.526E+00  0.406E+00  22_2 -0.252E+01  0.430E-01  11_2 -0.288E+01  0.355E-01
1.     rs7549429                      1.     rs9659297                      Phenotype        0.106E-03 AD -0.874E+01  0.447E+01  0.866E-05  1_22  0.417E+01  0.175E-01  2_12  0.164E+01  0.660E-01  1_11  0.731E-01  0.536E+00  2_11 -0.238E+00  0.179E+00  1_12 -0.544E+00  0.193E+00  2_22 -0.862E+01  0.850E-02
1.     rs2078389                      1.     rs9659297                      Phenotype        0.315E-03 DA  0.151E+02  0.509E+01  0.426E-06  22_2  0.140E+02  0.350E-02  12_1  0.687E+00  0.191E+00  11_2  0.629E+00  0.124E+00  11_1 -0.948E-01  0.631E+00  22_1 -0.255E+01  0.235E-01  12_2 -0.572E+01  0.275E-01
------------------------------------------------------------------------------------------------------------------------------------------------------------------------------------------------------------------------------------------------------------------------------------------------------------------------------------------------------------------------------------------------------
 CPU TIME:   77.0937500000000     seconds
