  50 MOST SIGNIFICANT RESULTS OF PAIRWISE EPISTASIS ANALYSIS
======================================================================================================================================================================================================================================================================================================================================================================================================
I = interaction effect between the two SNP genotypes
AA = additive x additive effect, AD = additive x dominance effect, DA = dominance x additive effect, DD = dominance x dominance effect
P_I = p-value of two-locus marker genotypic effect
Test = effect type being tested
Effect = estimate of epistasis contrast, or esitmate of "AA", "AD", "DA", or "DD" effect
t-value = the t-value for the effect being tested
P_value = p-value of the effect being tested
Allele/Geno = coded marker allele_allele, allele_genotype, genotype_allele,or genotype_genotype combination
A/G_Effect = effect of coded marker allele_allele, allele_genotype, genotype_allele,or genotype_genotype combination - useful for identifying good or bad combination
A/G_Frequency = frequency of coded marker allele_allele, allele_genotype, genotype_allele,or genotype_genotype combination - useful for identifying rare allel or genotypic frequencies
------------------------------------------------------------------------------------------------------------------------------------------------------------------------------------------------------------------------------------------------------------------------------------------------------------------------------------------------------------------------------------------------------
Chr1  Locus1                          Chr2    Locus2                        Trait            P_I      Test    Effect   t-value   P_value  Allele/Geno A/G_Effect A/G_Frequency
------------------------------------------------------------------------------------------------------------------------------------------------------------------------------------------------------------------------------------------------------------------------------------------------------------------------------------------------------------------------------------------------------
1.     rs11590912                     1.     rs4971113                      Phenotype        0.131E-03 DD -0.743E+01  0.440E+01  0.119E-04 22_12  0.335E+01  0.490E-01 12_22  0.260E+01  0.580E-01 12_11  0.819E+00  0.187E+00 11_12  0.656E+00  0.217E+00 11_11 -0.423E+00  0.163E+00 11_22 -0.102E+01  0.730E-01 12_12 -0.143E+01  0.207E+00 22_11 -0.261E+01  0.310E-01 22_22 -0.510E+01  0.150E-01
1.     rs12410249                     1.     rs6656903                      Phenotype        0.196E-03 DD  0.189E+02  0.454E+01  0.632E-05 22_22  0.318E+02  0.100E-02 11_22  0.406E+01  0.900E-02 12_12  0.157E+01  0.790E-01 22_11  0.346E+00  0.990E-01 11_11  0.659E-01  0.317E+00 12_11 -0.156E+00  0.389E+00 11_12 -0.694E+00  0.770E-01 22_12 -0.256E+01  0.240E-01 12_22 -0.132E+02  0.500E-02
1.     rs11573219                     1.     rs10927334                     Phenotype        0.199E-03 AD -0.661E+01  0.473E+01  0.252E-05  1_22  0.253E+01  0.325E-01  2_12  0.161E+01  0.985E-01  1_11  0.194E+00  0.429E+00  2_11 -0.391E+00  0.210E+00  1_12 -0.750E+00  0.213E+00  2_22 -0.539E+01  0.155E-01
1.     rs12410046                     1.     rs2051145                      Phenotype        0.404E-03 DD -0.209E+02  0.454E+01  0.622E-05 22_12  0.293E+02  0.200E-02 12_11  0.167E+01  0.390E-01 12_22  0.103E+01  0.530E-01 11_12  0.146E+00  0.400E+00 11_22 -0.109E+00  0.226E+00 11_11 -0.197E+00  0.192E+00 12_12 -0.146E+01  0.790E-01 22_22 -0.557E+01  0.500E-02 22_11 -0.746E+01  0.400E-02
1.     rs11247950                     1.     rs1937456                      Phenotype        0.101E-03 AD -0.539E+01  0.479E+01  0.190E-05  1_22  0.343E+01  0.390E-01  2_12  0.917E+00  0.262E+00  1_11  0.684E+00  0.178E+00  2_11 -0.452E+00  0.255E+00  1_12 -0.142E+01  0.182E+00  2_22 -0.155E+01  0.840E-01
1.     rs6656903                      1.     rs12123324                     Phenotype        0.247E-06 DA  0.809E+01  0.485E+01  0.143E-05  22_2  0.902E+01  0.250E-02  11_2  0.173E+00  0.147E+00  12_1  0.156E+00  0.150E+00  11_1  0.179E-01  0.657E+00  12_2 -0.196E+01  0.295E-01  22_1 -0.277E+01  0.125E-01
1.     rs6656903                      1.     rs12123324                     Phenotype        0.247E-06 AA  0.354E+01  0.443E+01  0.104E-04   2_2  0.320E+01  0.160E-01   1_1  0.314E-02  0.731E+00   2_1 -0.261E-01  0.890E-01   1_2 -0.312E+00  0.164E+00
1.     rs6656903                      1.     rs9787265                      Phenotype        0.864E-03 DA  0.187E+02  0.508E+01  0.448E-06  22_2  0.248E+02  0.250E-02  12_1  0.811E+00  0.144E+00  11_2  0.374E+00  0.149E+00  11_1 -0.925E-01  0.656E+00  12_2 -0.306E+01  0.365E-01  22_1 -0.447E+01  0.125E-01
1.     rs2074678                      1.     rs12037408                     Phenotype        0.337E-04 AD -0.126E+02  0.445E+01  0.952E-05  1_22  0.127E+02  0.400E-02  1_11  0.115E+01  0.360E-01  2_12  0.314E+00  0.333E+00  2_11 -0.871E-01  0.567E+00  2_22 -0.130E+01  0.390E-01  1_12 -0.472E+01  0.210E-01
1.     rs2074678                      1.     rs628407                       Phenotype        0.166E-04 DD -0.439E+02  0.517E+01  0.280E-06 11_12  0.376E+02  0.100E-02 12_22  0.369E+02  0.100E-02 12_11  0.203E+00  0.740E-01 22_12  0.111E+00  0.339E+00 22_11 -0.613E-01  0.494E+00 12_12 -0.765E-01  0.370E-01 22_22 -0.868E-01  0.500E-01 11_11 -0.548E+01  0.300E-02 11_22 -0.199E+02  0.100E-02
1.     rs12130438                     1.     rs12123324                     Phenotype        0.286E-04 DD -0.101E+02  0.448E+01  0.845E-05 22_12  0.668E+01  0.400E-02 12_22  0.532E+01  0.500E-02 11_12  0.160E+00  0.239E+00 11_11  0.117E+00  0.564E+00 11_22 -0.233E+00  0.280E-01 12_11 -0.527E+00  0.105E+00 12_12 -0.157E+01  0.460E-01 22_11 -0.191E+01  0.700E-02 22_22 -0.900E+01  0.200E-02
1.     rs12130438                     1.     rs1937017                      Phenotype        0.155E-03 DD  0.196E+02  0.460E+01  0.481E-05 22_11  0.323E+02  0.100E-02 22_22  0.827E+01  0.400E-02 12_12  0.191E+01  0.640E-01 11_11  0.430E+00  0.790E-01 11_22  0.727E-01  0.394E+00 11_12 -0.160E+00  0.358E+00 12_22 -0.794E+00  0.820E-01 12_11 -0.639E+01  0.100E-01 22_12 -0.761E+01  0.800E-02
1.     rs16832018                     1.     rs2065944                      Phenotype        0.114E-08 DD  0.173E+02  0.540E+01  0.855E-07 22_22  0.213E+02  0.200E-02 22_11  0.225E+01  0.230E-01 12_12  0.213E+01  0.100E+00 11_22  0.192E+01  0.330E-01 11_11  0.107E+00  0.397E+00 11_12 -0.397E+00  0.240E+00 12_11 -0.500E+00  0.181E+00 22_12 -0.716E+01  0.130E-01 12_22 -0.952E+01  0.110E-01
1.     rs16832018                     1.     rs1578487                      Phenotype        0.350E-06 AD  0.122E+02  0.506E+01  0.511E-06  2_22  0.147E+02  0.500E-02  1_12  0.575E+00  0.247E+00  2_11  0.573E+00  0.121E+00  1_11 -0.127E+00  0.545E+00  2_12 -0.244E+01  0.580E-01  1_22 -0.304E+01  0.240E-01
1.     rs928685                       1.     rs3766691                      Phenotype        0.285E-04 DD  0.145E+02  0.458E+01  0.526E-05 22_22  0.432E+02  0.100E-02 11_22  0.144E+01  0.290E-01 12_12  0.878E+00  0.178E+00 22_11  0.601E+00  0.670E-01 11_11  0.165E+00  0.226E+00 12_11 -0.357E+00  0.240E+00 11_12 -0.522E+00  0.165E+00 22_12 -0.974E+00  0.570E-01 12_22 -0.269E+01  0.370E-01
1.     rs12034515                     1.     rs12129551                     Phenotype        0.403E-04 AA  0.692E+01  0.488E+01  0.123E-05   2_2  0.512E+01  0.211E-01   1_1  0.146E+00  0.707E+00   1_2 -0.626E+00  0.168E+00   2_1 -0.103E+01  0.103E+00
1.     rs12123269                     1.     rs486453                       Phenotype        0.265E-03 AD -0.532E+01  0.443E+01  0.103E-04  1_22  0.226E+01  0.515E-01  2_12  0.128E+01  0.166E+00  1_11  0.300E+00  0.332E+00  2_11 -0.622E+00  0.171E+00  1_12 -0.851E+00  0.244E+00  2_22 -0.320E+01  0.345E-01
1.     rs2065944                      1.     rs17122212                     Phenotype        0.140E-11 AD  0.996E+01  0.462E+01  0.444E-05  2_22  0.971E+01  0.700E-02  1_12  0.594E+00  0.225E+00  2_11  0.431E+00  0.157E+00  1_11 -0.124E+00  0.532E+00  2_12 -0.234E+01  0.585E-01  1_22 -0.377E+01  0.200E-01
1.     rs2065944                      1.     rs12123324                     Phenotype        0.238E-03 DA -0.382E+01  0.460E+01  0.480E-05  22_1  0.164E+01  0.365E-01  12_2  0.885E+00  0.675E-01  12_1 -0.500E-01  0.285E+00  11_1 -0.784E-01  0.498E+00  11_2 -0.332E+00  0.103E+00  22_2 -0.388E+01  0.950E-02
1.     rs4927101                      1.     rs10918448                     Phenotype        0.230E-03 DD  0.154E+02  0.442E+01  0.110E-04 22_22  0.382E+02  0.100E-02 11_22  0.462E+01  0.800E-02 12_12  0.872E+00  0.154E+00 22_11  0.280E+00  0.184E+00 11_11  0.148E+00  0.154E+00 12_11 -0.192E+00  0.320E+00 11_12 -0.741E+00  0.820E-01 22_12 -0.814E+00  0.830E-01 12_22 -0.565E+01  0.140E-01
1.     rs11207036                     1.     rs6675858                      Phenotype        0.100E-03 DD  0.120E+02  0.455E+01  0.607E-05 22_22  0.172E+02  0.300E-02 22_11  0.227E+01  0.220E-01 12_12  0.158E+01  0.129E+00 11_22  0.134E+01  0.390E-01 11_11  0.135E+00  0.313E+00 11_12 -0.422E+00  0.229E+00 12_11 -0.450E+00  0.221E+00 12_22 -0.380E+01  0.260E-01 22_12 -0.569E+01  0.180E-01
1.     rs17122212                     1.     rs2271657                      Phenotype        0.147E-03 DD  0.169E+02  0.443E+01  0.103E-04 22_22  0.354E+02  0.100E-02 22_11  0.202E+01  0.150E-01 12_12  0.128E+01  0.105E+00 11_22  0.111E+01  0.320E-01 11_11  0.468E-01  0.433E+00 11_12 -0.250E+00  0.224E+00 12_11 -0.392E+00  0.167E+00 12_22 -0.552E+01  0.120E-01 22_12 -0.582E+01  0.110E-01
1.     rs1937456                      1.     rs561119                       Phenotype        0.107E-03 DD  0.134E+02  0.464E+01  0.401E-05 22_22  0.265E+02  0.200E-02 11_22  0.441E+01  0.100E-01 12_12  0.106E+01  0.117E+00 22_11  0.308E+00  0.890E-01 11_11  0.962E-01  0.314E+00 12_11 -0.172E+00  0.311E+00 11_12 -0.538E+00  0.109E+00 22_12 -0.209E+01  0.320E-01 12_22 -0.618E+01  0.160E-01
1.     rs1937456                      1.     rs6577158                      Phenotype        0.104E-03 DD  0.134E+02  0.462E+01  0.434E-05 22_22  0.267E+02  0.200E-02 11_22  0.478E+01  0.900E-02 12_12  0.102E+01  0.116E+00 22_11  0.293E+00  0.890E-01 11_11  0.943E-01  0.314E+00 12_11 -0.163E+00  0.312E+00 11_12 -0.509E+00  0.110E+00 22_12 -0.201E+01  0.320E-01 12_22 -0.618E+01  0.160E-01
1.     rs11578662                     1.     rs7522056                      Phenotype        0.475E-06 AD  0.849E+01  0.498E+01  0.764E-06  2_22  0.834E+01  0.110E-01  2_11  0.110E+01  0.720E-01  1_12  0.466E+00  0.359E+00  1_11 -0.191E+00  0.425E+00  1_22 -0.129E+01  0.680E-01  2_12 -0.256E+01  0.650E-01
1.     rs11581047                     1.     rs12030805                     Phenotype        0.152E-03 AD -0.121E+02  0.440E+01  0.119E-04  1_22  0.119E+02  0.500E-02  2_12  0.846E+00  0.141E+00  1_11  0.204E+00  0.288E+00  2_11 -0.124E+00  0.471E+00  1_12 -0.140E+01  0.855E-01  2_22 -0.751E+01  0.800E-02
1.     rs12123324                     1.     rs7532081                      Phenotype        0.314E-03 AD  0.339E+01  0.440E+01  0.119E-04  2_22  0.372E+01  0.130E-01  2_11  0.486E+00  0.860E-01  1_12  0.199E+00  0.338E+00  1_22  0.751E-01  0.620E-01  1_11 -0.177E+00  0.421E+00  2_12 -0.103E+01  0.805E-01
1.     rs12123324                     1.     rs2359417                      Phenotype        0.301E-03 AD -0.355E+01  0.561E+01  0.257E-07  2_12  0.182E+01  0.815E-01  1_22  0.261E+00  0.172E+00  1_11 -0.550E-01  0.240E+00  1_12 -0.742E-01  0.408E+00  2_11 -0.135E+01  0.540E-01  2_22 -0.175E+01  0.440E-01
1.     rs12123324                     1.     rs1503832                      Phenotype        0.416E-05 DD  0.808E+01  0.449E+01  0.781E-05 22_22  0.195E+02  0.100E-02 22_11  0.675E+00  0.190E-01 12_12  0.557E+00  0.109E+00 11_22  0.145E+00  0.340E-01 11_11  0.771E-01  0.393E+00 11_12 -0.141E+00  0.249E+00 12_11 -0.168E+00  0.166E+00 22_12 -0.175E+01  0.150E-01 12_22 -0.279E+01  0.140E-01
1.     rs12123324                     1.     rs9787265                      Phenotype        0.966E-21 AD  0.688E+01  0.815E+01  0.106E-14  2_22  0.748E+01  0.650E-02  2_11  0.417E+00  0.118E+00  1_12  0.397E+00  0.249E+00  1_11 -0.102E+00  0.542E+00  1_22 -0.155E+01  0.295E-01  2_12 -0.171E+01  0.550E-01
1.     rs12123324                     1.     rs9787265                      Phenotype        0.966E-21 AA  0.304E+01  0.663E+01  0.543E-10   2_2  0.196E+01  0.343E-01   1_1  0.116E+00  0.667E+00   2_1 -0.474E+00  0.145E+00   1_2 -0.493E+00  0.154E+00
1.     rs12123324                     1.     rs2815284                      Phenotype        0.193E-05 DD  0.664E+01  0.524E+01  0.198E-06 22_11  0.102E+02  0.300E-02 22_22  0.266E+01  0.110E-01 12_12  0.967E+00  0.122E+00 11_12  0.178E+00  0.328E+00 11_11 -0.120E+00  0.800E-01 11_22 -0.167E+00  0.268E+00 12_22 -0.478E+00  0.128E+00 12_11 -0.123E+01  0.390E-01 22_12 -0.350E+01  0.210E-01
1.     rs203229                       1.     rs2764447                      Phenotype        0.232E-05 DD -0.126E+02  0.527E+01  0.166E-06 12_22  0.612E+01  0.210E-01 11_12  0.586E+01  0.230E-01 22_12  0.598E+00  0.195E+00 12_11  0.489E+00  0.245E+00 22_11 -0.171E+00  0.313E+00 11_11 -0.148E+01  0.440E-01 12_12 -0.192E+01  0.128E+00 22_22 -0.239E+01  0.260E-01 11_22 -0.127E+02  0.500E-02
1.     rs6677175                      1.     rs10922769                     Phenotype        0.656E-04 DD  0.119E+02  0.456E+01  0.586E-05 22_22  0.172E+02  0.300E-02 11_22  0.284E+01  0.190E-01 12_12  0.139E+01  0.141E+00 22_11  0.592E+00  0.810E-01 11_11  0.168E+00  0.296E+00 12_11 -0.371E+00  0.262E+00 11_12 -0.692E+00  0.145E+00 22_12 -0.258E+01  0.380E-01 12_22 -0.707E+01  0.150E-01
1.     rs11164048                     1.     rs7419237                      Phenotype        0.204E-03 AD  0.606E+01  0.438E+01  0.132E-04  2_22  0.257E+01  0.370E-01  1_12  0.152E+01  0.123E+00  2_11  0.218E+00  0.393E+00  1_11 -0.404E+00  0.205E+00  2_12 -0.860E+00  0.220E+00  1_22 -0.417E+01  0.230E-01
1.     rs561119                       1.     rs7532081                      Phenotype        0.309E-05 DA  0.109E+02  0.549E+01  0.506E-07  22_2  0.111E+02  0.700E-02  12_1  0.854E+00  0.188E+00  11_2  0.370E+00  0.206E+00  11_1 -0.140E+00  0.507E+00  12_2 -0.238E+01  0.705E-01  22_1 -0.372E+01  0.210E-01
1.     rs561119                       1.     rs10801337                     Phenotype        0.151E-05 DA  0.883E+01  0.456E+01  0.571E-05  22_2  0.263E+01  0.200E-01  12_1  0.189E+01  0.102E+00  11_2  0.221E+00  0.447E+00  11_1 -0.354E+00  0.268E+00  12_2 -0.115E+01  0.156E+00  22_1 -0.839E+01  0.800E-02
1.     rs561119                       1.     rs7366357                      Phenotype        0.158E-03 DA  0.898E+01  0.462E+01  0.429E-05  22_2  0.765E+01  0.115E-01  12_1  0.973E+00  0.149E+00  11_2  0.285E+00  0.280E+00  11_1 -0.187E+00  0.434E+00  12_2 -0.131E+01  0.108E+00  22_1 -0.527E+01  0.165E-01
1.     rs6577158                      1.     rs7532081                      Phenotype        0.369E-05 DA  0.113E+02  0.550E+01  0.496E-07  22_2  0.119E+02  0.650E-02  12_1  0.831E+00  0.188E+00  11_2  0.356E+00  0.207E+00  11_1 -0.133E+00  0.508E+00  12_2 -0.234E+01  0.705E-01  22_1 -0.381E+01  0.205E-01
1.     rs6577158                      1.     rs10801337                     Phenotype        0.116E-05 DA  0.885E+01  0.456E+01  0.574E-05  22_2  0.290E+01  0.190E-01  12_1  0.181E+01  0.102E+00  11_2  0.210E+00  0.447E+00  11_1 -0.338E+00  0.268E+00  12_2 -0.111E+01  0.157E+00  22_1 -0.842E+01  0.800E-02
1.     rs6577158                      1.     rs7366357                      Phenotype        0.192E-03 DA  0.922E+01  0.461E+01  0.460E-05  22_2  0.799E+01  0.110E-01  12_1  0.970E+00  0.149E+00  11_2  0.283E+00  0.280E+00  11_1 -0.185E+00  0.434E+00  12_2 -0.131E+01  0.108E+00  22_1 -0.542E+01  0.160E-01
1.     rs12047398                     1.     rs2686240                      Phenotype        0.486E-04 AA -0.326E+01  0.467E+01  0.345E-05   2_1  0.930E+00  0.216E+00   1_2  0.740E+00  0.270E+00   2_2 -0.686E+00  0.292E+00   1_1 -0.903E+00  0.222E+00
1.     rs6677101                      1.     rs2686240                      Phenotype        0.220E-04 AA -0.330E+01  0.473E+01  0.255E-05   1_2  0.854E+00  0.231E+00   2_1  0.776E+00  0.254E+00   2_2 -0.594E+00  0.331E+00   1_1 -0.107E+01  0.184E+00
1.     rs9787265                      1.     rs7366357                      Phenotype        0.127E-01 AD  0.594E+01  0.462E+01  0.443E-05  2_22  0.282E+01  0.260E-01  2_11  0.162E+01  0.755E-01  1_12  0.525E+00  0.416E+00  1_11 -0.381E+00  0.274E+00  1_22 -0.839E+00  0.123E+00  2_12 -0.258E+01  0.865E-01
1.     rs2811585                      1.     rs1039287                      Phenotype        0.433E-05 DD  0.129E+02  0.460E+01  0.479E-05 22_22  0.129E+02  0.400E-02 11_22  0.777E+01  0.600E-02 12_12  0.175E+01  0.115E+00 22_11  0.280E+00  0.178E+00 11_11  0.177E+00  0.225E+00 12_11 -0.273E+00  0.331E+00 11_12 -0.102E+01  0.820E-01 22_12 -0.195E+01  0.480E-01 12_22 -0.847E+01  0.110E-01
1.     rs6658647                      1.     rs4658883                      Phenotype        0.189E-05 DD  0.141E+02  0.451E+01  0.729E-05 22_22  0.217E+02  0.200E-02 11_22  0.230E+01  0.180E-01 12_12  0.165E+01  0.101E+00 22_11  0.117E+01  0.370E-01 11_11  0.111E+00  0.402E+00 12_11 -0.364E+00  0.243E+00 11_12 -0.529E+00  0.167E+00 22_12 -0.496E+01  0.170E-01 12_22 -0.632E+01  0.130E-01
1.     rs4657141                      1.     rs11802122                     Phenotype        0.173E-03 AD  0.750E+01  0.442E+01  0.110E-04  2_22  0.725E+01  0.105E-01  1_12  0.630E+00  0.229E+00  2_11  0.359E+00  0.206E+00  1_11 -0.171E+00  0.422E+00  2_12 -0.136E+01  0.109E+00  1_22 -0.323E+01  0.235E-01
1.     rs2271657                      1.     rs2236537                      Phenotype        0.146E-03 DD  0.173E+02  0.445E+01  0.943E-05 22_22  0.349E+02  0.100E-02 11_22  0.143E+01  0.190E-01 12_12  0.129E+01  0.910E-01 22_11  0.117E+01  0.270E-01 11_11  0.623E-01  0.462E+00 12_11 -0.276E+00  0.241E+00 11_12 -0.574E+00  0.134E+00 22_12 -0.382E+01  0.170E-01 12_22 -0.853E+01  0.800E-02
1.     rs2271657                      1.     rs1578487                      Phenotype        0.911E-04 DD  0.176E+02  0.476E+01  0.222E-05 22_22  0.391E+02  0.100E-02 11_22  0.245E+01  0.150E-01 22_11  0.145E+01  0.280E-01 12_12  0.144E+01  0.980E-01 11_11  0.889E-01  0.409E+00 12_11 -0.315E+00  0.229E+00 11_12 -0.390E+00  0.191E+00 22_12 -0.452E+01  0.160E-01 12_22 -0.560E+01  0.130E-01
1.     rs12741729                     1.     rs4353136                      Phenotype        0.322E-03 DA  0.832E+01  0.455E+01  0.591E-05  22_2  0.640E+01  0.115E-01  11_2  0.213E+01  0.335E-01  12_1  0.394E+00  0.400E+00  11_1 -0.202E+00  0.368E+00  22_1 -0.539E+00  0.141E+00  12_2 -0.329E+01  0.465E-01
------------------------------------------------------------------------------------------------------------------------------------------------------------------------------------------------------------------------------------------------------------------------------------------------------------------------------------------------------------------------------------------------------
 CPU TIME:   74.5781250000000     seconds
