  50 MOST SIGNIFICANT RESULTS OF PAIRWISE EPISTASIS ANALYSIS
======================================================================================================================================================================================================================================================================================================================================================================================================
I = interaction effect between the two SNP genotypes
AA = additive x additive effect, AD = additive x dominance effect, DA = dominance x additive effect, DD = dominance x dominance effect
P_I = p-value of two-locus marker genotypic effect
Test = effect type being tested
Effect = estimate of epistasis contrast, or esitmate of "AA", "AD", "DA", or "DD" effect
t-value = the t-value for the effect being tested
P_value = p-value of the effect being tested
Allele/Geno = coded marker allele_allele, allele_genotype, genotype_allele,or genotype_genotype combination
A/G_Effect = effect of coded marker allele_allele, allele_genotype, genotype_allele,or genotype_genotype combination - useful for identifying good or bad combination
A/G_Frequency = frequency of coded marker allele_allele, allele_genotype, genotype_allele,or genotype_genotype combination - useful for identifying rare allel or genotypic frequencies
------------------------------------------------------------------------------------------------------------------------------------------------------------------------------------------------------------------------------------------------------------------------------------------------------------------------------------------------------------------------------------------------------
Chr1  Locus1                          Chr2    Locus2                        Trait            P_I      Test    Effect   t-value   P_value  Allele/Geno A/G_Effect A/G_Frequency
------------------------------------------------------------------------------------------------------------------------------------------------------------------------------------------------------------------------------------------------------------------------------------------------------------------------------------------------------------------------------------------------------
1.     rs7518471                      1.     rs1003964                      Phenotype        0.797E-03 DD  0.642E+00  0.410E+01  0.440E-04 22_22  0.621E+00  0.120E-01 11_22  0.175E+00  0.380E-01 12_12  0.117E+00  0.227E+00 22_11  0.845E-01  0.770E-01 11_11  0.381E-01  0.169E+00 12_11 -0.664E-01  0.192E+00 11_12 -0.816E-01  0.157E+00 22_12 -0.188E+00  0.730E-01 12_22 -0.256E+00  0.550E-01
1.     rs583170                       1.     rs12035190                     Phenotype        0.265E-03 AD -0.684E+00  0.410E+01  0.447E-04  1_22  0.666E+00  0.800E-02  2_12  0.654E-01  0.169E+00  1_11  0.168E-01  0.312E+00  2_11 -0.163E-01  0.338E+00  1_12 -0.694E-01  0.160E+00  2_22 -0.399E+00  0.130E-01
1.     rs9660006                      1.     rs3124031                      Phenotype        0.583E-03 AD  0.627E+00  0.428E+01  0.202E-04  2_22  0.561E+00  0.135E-01  2_11  0.835E-01  0.940E-01  1_12  0.458E-01  0.342E+00  1_11 -0.193E-01  0.405E+00  1_22 -0.123E+00  0.625E-01  2_12 -0.187E+00  0.830E-01
1.     rs2744690                      1.     rs3737731                      Phenotype        0.809E-04 AA  0.471E+00  0.411E+01  0.425E-04   2_2  0.286E+00  0.369E-01   1_1  0.159E-01  0.635E+00   1_2 -0.414E-01  0.245E+00   2_1 -0.127E+00  0.826E-01
1.     rs1751998                      1.     rs11122250                     Phenotype        0.109E-02 DD  0.118E+01  0.419E+01  0.308E-04 11_22  0.178E+01  0.200E-02 22_22  0.536E+00  0.800E-02 12_12  0.137E+00  0.126E+00 11_11  0.287E-01  0.168E+00 22_11  0.218E-01  0.184E+00 12_11 -0.235E-01  0.372E+00 22_12 -0.129E+00  0.650E-01 11_12 -0.150E+00  0.620E-01 12_22 -0.603E+00  0.130E-01
1.     rs954627                       1.     rs1139978                      Phenotype        0.231E-02 DD -0.114E+01  0.408E+01  0.489E-04 12_22  0.544E+00  0.140E-01 22_12  0.305E+00  0.260E-01 11_12  0.459E-01  0.165E+00 12_11  0.277E-01  0.273E+00 11_11 -0.112E-01  0.328E+00 22_11 -0.980E-01  0.400E-01 12_12 -0.118E+00  0.130E+00 11_22 -0.172E+00  0.220E-01 22_22 -0.194E+01  0.200E-02
1.     rs870042                       1.     rs565645                       Phenotype        0.128E-03 DA  0.670E+00  0.416E+01  0.339E-04  22_2  0.494E+00  0.135E-01  12_1  0.101E+00  0.135E+00  11_2  0.197E-01  0.353E+00  11_1 -0.212E-01  0.352E+00  12_2 -0.103E+00  0.131E+00  22_1 -0.399E+00  0.165E-01
1.     rs3762391                      1.     rs1555798                      Phenotype        0.195E-02 DA  0.825E+00  0.405E+01  0.550E-04  22_2  0.791E+00  0.700E-02  11_2  0.110E+00  0.495E-01  12_1  0.260E-01  0.389E+00  11_1 -0.117E-01  0.462E+00  22_1 -0.933E-01  0.560E-01  12_2 -0.295E+00  0.355E-01
1.     rs366842                       1.     rs6413827                      Phenotype        0.589E-04 AA  0.314E+00  0.422E+01  0.269E-04   1_1  0.148E+00  0.996E-01   2_2  0.317E-01  0.462E+00   1_2 -0.627E-01  0.234E+00   2_1 -0.719E-01  0.204E+00
1.     rs565645                       1.     rs3820201                      Phenotype        0.255E-03 AD  0.423E+00  0.433E+01  0.165E-04  2_11  0.154E+00  0.770E-01  1_12  0.968E-01  0.241E+00  2_22  0.624E-01  0.189E+00  1_22 -0.578E-01  0.193E+00  2_12 -0.103E+00  0.231E+00  1_11 -0.172E+00  0.690E-01
1.     rs17805826                     1.     rs7541968                      Phenotype        0.104E-02 DD  0.173E+01  0.422E+01  0.272E-04 22_22  0.270E+01  0.100E-02 22_11  0.426E+00  0.600E-02 12_12  0.205E+00  0.550E-01 11_22  0.201E-01  0.950E-01 11_11  0.106E-01  0.385E+00 11_12 -0.158E-01  0.382E+00 12_11 -0.121E+00  0.500E-01 12_22 -0.252E+00  0.210E-01 22_12 -0.107E+01  0.500E-02
1.     rs6678619                      1.     rs12028036                     Phenotype        0.234E-02 AA -0.365E+00  0.416E+01  0.340E-04   2_1  0.801E-01  0.152E+00   1_2  0.555E-01  0.220E+00   1_1 -0.214E-01  0.570E+00   2_2 -0.208E+00  0.585E-01
1.     rs7554047                      1.     rs2566783                      Phenotype        0.242E-03 AA  0.358E+00  0.416E+01  0.339E-04   2_2  0.940E-01  0.130E+00   1_1  0.502E-01  0.238E+00   1_2 -0.203E-01  0.567E+00   2_1 -0.193E+00  0.654E-01
1.     rs2994565                      1.     rs6667872                      Phenotype        0.279E-03 DD -0.856E+00  0.406E+01  0.537E-04 22_12  0.462E+00  0.230E-01 12_22  0.313E+00  0.300E-01 11_12  0.548E-01  0.179E+00 12_11  0.392E-01  0.257E+00 11_11 -0.164E-01  0.301E+00 22_11 -0.945E-01  0.540E-01 11_22 -0.166E+00  0.240E-01 12_12 -0.166E+00  0.125E+00 22_22 -0.748E+00  0.700E-02
1.     rs2994565                      1.     rs10495041                     Phenotype        0.131E-03 AD -0.664E+00  0.418E+01  0.318E-04  1_22  0.197E+00  0.360E-01  2_12  0.169E+00  0.915E-01  1_11  0.178E-01  0.449E+00  2_11 -0.443E-01  0.186E+00  1_12 -0.657E-01  0.226E+00  2_22 -0.600E+00  0.120E-01
1.     rs1936414                      1.     rs10489794                     Phenotype        0.281E-03 DD -0.749E+00  0.452E+01  0.701E-05 12_22  0.351E+00  0.420E-01 22_12  0.160E+00  0.810E-01 11_12  0.109E+00  0.128E+00 12_11  0.518E-01  0.263E+00 11_11 -0.472E-01  0.158E+00 22_11 -0.682E-01  0.940E-01 12_12 -0.134E+00  0.203E+00 22_22 -0.409E+00  0.180E-01 11_22 -0.588E+00  0.130E-01
1.     rs10789075                     1.     rs12408136                     Phenotype        0.746E-03 DA -0.414E+00  0.439E+01  0.128E-04  12_2  0.115E+00  0.210E+00  22_1  0.105E+00  0.114E+00  11_1  0.656E-01  0.189E+00  11_2 -0.877E-01  0.140E+00  12_1 -0.890E-01  0.273E+00  22_2 -0.160E+00  0.745E-01
1.     rs10489901                     1.     rs7541968                      Phenotype        0.133E-02 DA -0.627E+00  0.402E+01  0.623E-04  22_1  0.251E+00  0.315E-01  12_2  0.149E+00  0.108E+00  11_1  0.193E-01  0.436E+00  11_2 -0.394E-01  0.212E+00  12_1 -0.893E-01  0.195E+00  22_2 -0.468E+00  0.175E-01
1.     rs10789257                     1.     rs7523074                      Phenotype        0.804E-03 AD  0.113E+01  0.409E+01  0.459E-04  2_22  0.150E+01  0.300E-02  1_12  0.425E-01  0.177E+00  2_11  0.202E-01  0.167E+00  1_11 -0.548E-02  0.583E+00  2_12 -0.124E+00  0.585E-01  1_22 -0.404E+00  0.110E-01
1.     rs6704345                      1.     rs2587895                      Phenotype        0.751E-03 DA -0.122E+01  0.417E+01  0.337E-04  22_1  0.835E+00  0.400E-02  12_2  0.132E+00  0.510E-01  11_1  0.760E-02  0.466E+00  11_2 -0.837E-02  0.408E+00  12_1 -0.990E-01  0.680E-01  22_2 -0.112E+01  0.300E-02
1.     rs4457521                      1.     rs851202                       Phenotype        0.101E-04 DD  0.785E+00  0.476E+01  0.224E-05 11_22  0.506E+00  0.170E-01 11_11  0.270E+00  0.260E-01 12_12  0.156E+00  0.200E+00 22_22  0.787E-01  0.680E-01 22_11  0.447E-01  0.198E+00 22_12 -0.676E-01  0.232E+00 12_11 -0.927E-01  0.156E+00 12_22 -0.185E+00  0.710E-01 11_12 -0.465E+00  0.320E-01
1.     rs649058                       1.     rs6428349                      Phenotype        0.751E-04 DA  0.470E+00  0.454E+01  0.646E-05  22_2  0.141E+00  0.755E-01  12_1  0.139E+00  0.162E+00  11_2  0.454E-01  0.258E+00  11_1 -0.715E-01  0.162E+00  12_2 -0.742E-01  0.301E+00  22_1 -0.254E+00  0.425E-01
1.     rs7522008                      1.     rs7517398                      Phenotype        0.649E-04 AD  0.454E+00  0.479E+01  0.190E-05  2_22  0.161E+00  0.770E-01  1_12  0.107E+00  0.246E+00  2_11  0.713E-01  0.183E+00  1_11 -0.666E-01  0.196E+00  2_12 -0.128E+00  0.208E+00  1_22 -0.139E+00  0.900E-01
1.     rs12046325                     1.     rs6424705                      Phenotype        0.291E-03 DA  0.507E+00  0.433E+01  0.164E-04  22_2  0.290E+00  0.315E-01  12_1  0.988E-01  0.198E+00  11_2  0.384E-01  0.235E+00  11_1 -0.280E-01  0.309E+00  12_2 -0.105E+00  0.187E+00  22_1 -0.249E+00  0.385E-01
1.     rs12123981                     1.     rs2115741                      Phenotype        0.338E-03 AA  0.300E+00  0.430E+01  0.184E-04   1_1  0.126E+00  0.120E+00   2_2  0.333E-01  0.439E+00   1_2 -0.564E-01  0.264E+00   2_1 -0.847E-01  0.177E+00
1.     rs17109623                     1.     rs10489794                     Phenotype        0.211E-02 AA -0.410E+00  0.411E+01  0.420E-04   2_1  0.898E-01  0.130E+00   1_2  0.493E-01  0.233E+00   1_1 -0.194E-01  0.591E+00   2_2 -0.252E+00  0.462E-01
1.     rs12408136                     1.     rs6679980                      Phenotype        0.206E-02 AD -0.823E+00  0.403E+01  0.603E-04  1_22  0.580E+00  0.100E-01  2_12  0.109E+00  0.104E+00  1_11  0.146E-01  0.436E+00  2_11 -0.207E-01  0.312E+00  1_12 -0.844E-01  0.130E+00  2_22 -0.644E+00  0.900E-02
1.     rs6576960                      1.     rs970464                       Phenotype        0.117E-03 AA  0.264E+00  0.416E+01  0.352E-04   2_2  0.730E-01  0.217E+00   1_1  0.551E-01  0.289E+00   2_1 -0.516E-01  0.302E+00   1_2 -0.842E-01  0.193E+00
1.     rs9324135                      1.     rs313769                       Phenotype        0.894E-03 AD -0.381E+00  0.412E+01  0.415E-04  1_22  0.118E+00  0.970E-01  2_12  0.985E-01  0.236E+00  1_11  0.793E-01  0.154E+00  1_12 -0.802E-01  0.277E+00  2_11 -0.916E-01  0.135E+00  2_22 -0.116E+00  0.101E+00
1.     rs9324135                      1.     rs10888329                     Phenotype        0.843E-03 DA  0.409E+00  0.420E+01  0.286E-04  22_2  0.162E+00  0.685E-01  11_2  0.126E+00  0.880E-01  12_1  0.668E-01  0.330E+00  11_1 -0.569E-01  0.193E+00  22_1 -0.711E-01  0.157E+00  12_2 -0.134E+00  0.165E+00
1.     rs12726170                     1.     rs6692148                      Phenotype        0.156E-02 AA -0.398E+00  0.414E+01  0.379E-04   1_2  0.233E+00  0.481E-01   2_1  0.192E-01  0.584E+00   1_1 -0.436E-01  0.258E+00   2_2 -0.102E+00  0.110E+00
1.     rs569783                       1.     rs2970540                      Phenotype        0.102E-02 DA -0.651E+00  0.405E+01  0.550E-04  22_1  0.266E+00  0.250E-01  12_2  0.140E+00  0.895E-01  11_1  0.119E-01  0.478E+00  11_2 -0.301E-01  0.194E+00  12_1 -0.596E-01  0.203E+00  22_2 -0.595E+00  0.110E-01
1.     rs11582005                     1.     rs10863966                     Phenotype        0.354E-03 AA -0.383E+00  0.406E+01  0.527E-04   2_1  0.174E+00  0.687E-01   1_2  0.235E-01  0.510E+00   1_1 -0.357E-01  0.343E+00   2_2 -0.150E+00  0.778E-01
1.     rs1106189                      1.     rs3753427                      Phenotype        0.444E-04 AA  0.453E+00  0.441E+01  0.117E-04   2_2  0.280E+00  0.439E-01   1_1  0.206E-01  0.605E+00   2_1 -0.549E-01  0.223E+00   1_2 -0.981E-01  0.128E+00
1.     rs1106189                      1.     rs10920590                     Phenotype        0.120E-02 AA  0.340E+00  0.420E+01  0.296E-04   2_2  0.164E+00  0.904E-01   1_1  0.272E-01  0.516E+00   1_2 -0.635E-01  0.217E+00   2_1 -0.854E-01  0.177E+00
1.     rs9429610                      1.     rs10864231                     Phenotype        0.234E-03 AD  0.586E+00  0.439E+01  0.124E-04  2_22  0.416E+00  0.215E-01  1_12  0.803E-01  0.223E+00  2_11  0.383E-01  0.245E+00  1_11 -0.280E-01  0.326E+00  2_12 -0.124E+00  0.152E+00  1_22 -0.281E+00  0.325E-01
1.     rs6678502                      1.     rs6676416                      Phenotype        0.321E-03 DD -0.177E+01  0.429E+01  0.198E-04 22_12  0.178E+01  0.300E-02 12_22  0.404E+00  0.120E-01 12_11  0.452E-01  0.890E-01 11_12  0.118E-01  0.341E+00 11_11 -0.438E-02  0.392E+00 11_22 -0.350E-01  0.740E-01 12_12 -0.937E-01  0.810E-01 22_11 -0.311E+00  0.600E-02 22_22 -0.187E+01  0.200E-02
1.     rs1995483                      1.     rs10800380                     Phenotype        0.148E-04 DD -0.875E+00  0.453E+01  0.673E-05 22_12  0.413E+00  0.290E-01 12_22  0.314E+00  0.380E-01 12_11  0.615E-01  0.199E+00 11_12  0.615E-01  0.190E+00 11_11 -0.251E-01  0.290E+00 22_11 -0.105E+00  0.480E-01 11_22 -0.150E+00  0.400E-01 12_12 -0.158E+00  0.159E+00 22_22 -0.889E+00  0.700E-02
1.     rs3748743                      1.     rs1892196                      Phenotype        0.636E-04 DA  0.219E+01  0.455E+01  0.592E-05  22_2  0.238E+01  0.150E-02  12_1  0.860E-01  0.835E-01  11_2  0.146E-01  0.257E+00  11_1 -0.607E-02  0.626E+00  12_2 -0.232E+00  0.305E-01  22_1 -0.134E+01  0.250E-02
1.     rs3748743                      1.     rs12035190                     Phenotype        0.555E-03 DD -0.264E+01  0.438E+01  0.132E-04 22_12  0.186E+01  0.200E-02 12_22  0.822E+00  0.400E-02 12_11  0.615E-01  0.720E-01 11_12  0.182E-01  0.289E+00 11_11 -0.731E-02  0.577E+00 11_22 -0.730E-01  0.160E-01 12_12 -0.189E+00  0.380E-01 22_11 -0.180E+01  0.100E-02 22_22 -0.239E+01  0.100E-02
1.     rs9887785                      1.     rs3753226                      Phenotype        0.217E-03 AD  0.387E+00  0.408E+01  0.483E-04  1_12  0.119E+00  0.193E+00  2_11  0.850E-01  0.139E+00  2_22  0.737E-01  0.151E+00  2_12 -0.707E-01  0.320E+00  1_22 -0.115E+00  0.101E+00  1_11 -0.121E+00  0.965E-01
1.     rs4043                         1.     rs11120316                     Phenotype        0.101E-02 DD -0.568E+00  0.406E+01  0.540E-04 11_12  0.205E+00  0.760E-01 12_11  0.150E+00  0.102E+00 12_22  0.119E+00  0.123E+00 22_12  0.767E-01  0.199E+00 22_22 -0.643E-01  0.116E+00 22_11 -0.745E-01  0.103E+00 12_12 -0.139E+00  0.216E+00 11_11 -0.233E+00  0.330E-01 11_22 -0.241E+00  0.320E-01
1.     rs12401309                     1.     rs11120316                     Phenotype        0.225E-02 AA  0.484E+00  0.403E+01  0.594E-04   2_2  0.238E+00  0.408E-01   1_1  0.220E-01  0.437E+00   1_2 -0.205E-01  0.476E+00   2_1 -0.204E+00  0.467E-01
1.     rs4657375                      1.     rs3122530                      Phenotype        0.151E-03 DA  0.770E+00  0.446E+01  0.917E-05  22_2  0.718E+00  0.950E-02  11_2  0.101E+00  0.730E-01  12_1  0.372E-01  0.375E+00  11_1 -0.169E-01  0.420E+00  22_1 -0.110E+00  0.645E-01  12_2 -0.259E+00  0.580E-01
1.     rs7549754                      1.     rs4651471                      Phenotype        0.147E-02 AA -0.327E+00  0.418E+01  0.311E-04   2_1  0.768E-01  0.176E+00   1_2  0.581E-01  0.233E+00   1_1 -0.267E-01  0.509E+00   2_2 -0.165E+00  0.820E-01
1.     rs6690848                      1.     rs7550857                      Phenotype        0.893E-03 DD -0.123E+01  0.408E+01  0.477E-04 12_22  0.600E+00  0.110E-01 22_12  0.347E+00  0.210E-01 11_12  0.986E-01  0.880E-01 12_11  0.231E-01  0.346E+00 11_11 -0.147E-01  0.348E+00 22_11 -0.437E-01  0.810E-01 12_12 -0.164E+00  0.980E-01 11_22 -0.836E+00  0.400E-02 22_22 -0.121E+01  0.300E-02
1.     rs6667114                      1.     rs1175154                      Phenotype        0.276E-03 AA -0.291E+00  0.405E+01  0.544E-04   1_2  0.940E-01  0.147E+00   2_1  0.384E-01  0.373E+00   2_2 -0.399E-01  0.366E+00   1_1 -0.119E+00  0.114E+00
1.     rs833962                       1.     rs970464                       Phenotype        0.920E-03 DA  0.540E+00  0.411E+01  0.431E-04  22_2  0.385E+00  0.215E-01  12_1  0.776E-01  0.208E+00  11_2  0.329E-01  0.258E+00  11_1 -0.252E-01  0.351E+00  12_2 -0.119E+00  0.131E+00  22_1 -0.243E+00  0.325E-01
1.     rs599779                       1.     rs6694083                      Phenotype        0.283E-03 DD  0.604E+00  0.456E+01  0.581E-05 22_11  0.305E+00  0.320E-01 11_11  0.181E+00  0.420E-01 22_22  0.143E+00  0.650E-01 12_12  0.142E+00  0.251E+00 11_22  0.989E-01  0.940E-01 11_12 -0.117E+00  0.147E+00 12_22 -0.133E+00  0.134E+00 12_11 -0.155E+00  0.119E+00 22_12 -0.156E+00  0.116E+00
1.     rs10864231                     1.     rs2642421                      Phenotype        0.123E-02 AA -0.316E+00  0.405E+01  0.544E-04   2_1  0.842E-01  0.158E+00   1_2  0.439E-01  0.303E+00   1_1 -0.290E-01  0.456E+00   2_2 -0.159E+00  0.840E-01
------------------------------------------------------------------------------------------------------------------------------------------------------------------------------------------------------------------------------------------------------------------------------------------------------------------------------------------------------------------------------------------------------
 CPU TIME:   74.8281250000000     seconds
