  50 MOST SIGNIFICANT RESULTS OF PAIRWISE EPISTASIS ANALYSIS
======================================================================================================================================================================================================================================================================================================================================================================================================
I = interaction effect between the two SNP genotypes
AA = additive x additive effect, AD = additive x dominance effect, DA = dominance x additive effect, DD = dominance x dominance effect
P_I = p-value of two-locus marker genotypic effect
Test = effect type being tested
Effect = estimate of epistasis contrast, or esitmate of "AA", "AD", "DA", or "DD" effect
t-value = the t-value for the effect being tested
P_value = p-value of the effect being tested
Allele/Geno = coded marker allele_allele, allele_genotype, genotype_allele,or genotype_genotype combination
A/G_Effect = effect of coded marker allele_allele, allele_genotype, genotype_allele,or genotype_genotype combination - useful for identifying good or bad combination
A/G_Frequency = frequency of coded marker allele_allele, allele_genotype, genotype_allele,or genotype_genotype combination - useful for identifying rare allel or genotypic frequencies
------------------------------------------------------------------------------------------------------------------------------------------------------------------------------------------------------------------------------------------------------------------------------------------------------------------------------------------------------------------------------------------------------
Chr1  Locus1                          Chr2    Locus2                        Trait            P_I      Test    Effect   t-value   P_value  Allele/Geno A/G_Effect A/G_Frequency
------------------------------------------------------------------------------------------------------------------------------------------------------------------------------------------------------------------------------------------------------------------------------------------------------------------------------------------------------------------------------------------------------
1.     rs262680                       1.     rs10927336                     Phenotype        0.229E-03 AD  0.600E+00  0.430E+01  0.185E-04  2_22  0.485E+00  0.105E-01  1_12  0.595E-01  0.159E+00  2_11  0.149E-01  0.273E+00  1_11 -0.100E-01  0.430E+00  2_12 -0.837E-01  0.114E+00  1_22 -0.404E+00  0.125E-01
1.     rs7529853                      1.     rs9426629                      Phenotype        0.372E-03 DD -0.550E+00  0.424E+01  0.248E-04 22_12  0.210E+00  0.800E-01 12_22  0.144E+00  0.115E+00 12_11  0.120E+00  0.129E+00 11_12  0.914E-01  0.181E+00 11_11 -0.115E+00  0.650E-01 11_22 -0.118E+00  0.730E-01 12_12 -0.123E+00  0.263E+00 22_11 -0.167E+00  0.470E-01 22_22 -0.177E+00  0.470E-01
1.     rs9286975                      1.     rs12043526                     Phenotype        0.101E-02 DD -0.606E+00  0.414E+01  0.369E-04 12_22  0.346E+00  0.430E-01 22_12  0.130E+00  0.110E+00 11_12  0.119E+00  0.111E+00 12_11  0.646E-01  0.214E+00 11_11 -0.546E-01  0.108E+00 22_11 -0.755E-01  0.117E+00 12_12 -0.116E+00  0.240E+00 11_22 -0.218E+00  0.330E-01 22_22 -0.290E+00  0.240E-01
1.     rs1891598                      1.     rs583102                       Phenotype        0.165E-02 AA  0.371E+00  0.408E+01  0.494E-04   2_2  0.939E-01  0.122E+00   1_1  0.407E-01  0.289E+00   1_2 -0.212E-01  0.535E+00   2_1 -0.215E+00  0.550E-01
1.     rs3125816                      1.     rs10926843                     Phenotype        0.575E-03 DD -0.824E+00  0.421E+01  0.284E-04 22_12  0.468E+00  0.230E-01 12_22  0.235E+00  0.450E-01 12_11  0.685E-01  0.166E+00 11_12  0.424E-01  0.256E+00 11_11 -0.200E-01  0.276E+00 11_22 -0.101E+00  0.570E-01 12_12 -0.154E+00  0.139E+00 22_11 -0.183E+00  0.310E-01 22_22 -0.749E+00  0.700E-02
1.     rs4073395                      1.     rs7524749                      Phenotype        0.334E-03 AD -0.857E+00  0.428E+01  0.201E-04  1_22  0.502E+00  0.110E-01  2_12  0.126E+00  0.835E-01  1_11  0.115E-01  0.476E+00  2_11 -0.229E-01  0.239E+00  1_12 -0.578E-01  0.183E+00  2_22 -0.809E+00  0.700E-02
1.     rs2311975                      1.     rs2274910                      Phenotype        0.161E-03 DD -0.625E+00  0.415E+01  0.357E-04 12_11  0.284E+00  0.490E-01 11_12  0.185E+00  0.770E-01 22_12  0.895E-01  0.155E+00 12_22  0.569E-01  0.237E+00 22_22 -0.497E-01  0.156E+00 11_22 -0.760E-01  0.870E-01 12_12 -0.144E+00  0.191E+00 22_11 -0.219E+00  0.260E-01 11_11 -0.345E+00  0.220E-01
1.     rs2076610                      1.     rs12074264                     Phenotype        0.108E-02 AD -0.665E+00  0.407E+01  0.510E-04  1_22  0.363E+00  0.165E-01  2_12  0.119E+00  0.102E+00  1_11  0.147E-01  0.425E+00  2_11 -0.275E-01  0.229E+00  1_12 -0.564E-01  0.216E+00  2_22 -0.575E+00  0.105E-01
1.     rs568095                       1.     rs689258                       Phenotype        0.203E-04 DD  0.773E+00  0.469E+01  0.307E-05 11_22  0.568E+00  0.130E-01 11_11  0.356E+00  0.210E-01 12_12  0.163E+00  0.173E+00 22_22  0.881E-01  0.790E-01 22_11  0.356E-01  0.221E+00 22_12 -0.564E-01  0.244E+00 12_11 -0.995E-01  0.143E+00 12_22 -0.195E+00  0.650E-01 11_12 -0.346E+00  0.410E-01
1.     rs271375                       1.     rs3816922                      Phenotype        0.591E-04 AA -0.547E+00  0.482E+01  0.162E-05   1_2  0.823E-01  0.127E+00   2_1  0.662E-01  0.158E+00   1_1 -0.151E-01  0.688E+00   2_2 -0.383E+00  0.274E-01
1.     rs10753290                     1.     rs4622089                      Phenotype        0.155E-03 AD  0.714E+00  0.424E+01  0.242E-04  2_22  0.595E+00  0.120E-01  1_12  0.717E-01  0.202E+00  2_11  0.334E-01  0.219E+00  1_11 -0.162E-01  0.451E+00  2_12 -0.153E+00  0.940E-01  1_22 -0.333E+00  0.220E-01
1.     rs11580955                     1.     rs11117791                     Phenotype        0.157E-02 DD  0.139E+01  0.409E+01  0.459E-04 22_22  0.323E+01  0.100E-02 22_11  0.355E+00  0.700E-02 12_12  0.103E+00  0.111E+00 11_22  0.215E-01  0.142E+00 11_11  0.137E-01  0.217E+00 11_12 -0.142E-01  0.420E+00 12_11 -0.113E+00  0.460E-01 12_22 -0.135E+00  0.450E-01 22_12 -0.509E+00  0.110E-01
1.     rs482818                       1.     rs12122399                     Phenotype        0.866E-03 AA  0.292E+00  0.409E+01  0.464E-04   2_2  0.111E+00  0.131E+00   1_1  0.390E-01  0.371E+00   2_1 -0.410E-01  0.356E+00   1_2 -0.101E+00  0.142E+00
1.     rs4660462                      1.     rs6697783                      Phenotype        0.307E-04 DD  0.698E+00  0.420E+01  0.292E-04 22_22  0.450E+00  0.120E-01 11_22  0.293E+00  0.300E-01 12_12  0.109E+00  0.226E+00 22_11  0.791E-01  0.104E+00 11_11  0.303E-01  0.144E+00 12_11 -0.418E-01  0.270E+00 11_12 -0.986E-01  0.113E+00 22_12 -0.190E+00  0.710E-01 12_22 -0.422E+00  0.300E-01
1.     rs7531328                      1.     rs10489829                     Phenotype        0.265E-04 AD  0.749E+00  0.441E+01  0.115E-04  2_22  0.449E+00  0.150E-01  2_11  0.272E+00  0.225E-01  1_12  0.279E-01  0.460E+00  1_11 -0.210E-01  0.289E+00  1_22 -0.391E-01  0.174E+00  2_12 -0.331E+00  0.395E-01
1.     rs560540                       1.     rs12066734                     Phenotype        0.210E-03 DD -0.167E+01  0.419E+01  0.301E-04 12_22  0.909E+00  0.500E-02 22_12  0.533E+00  0.100E-01 11_12  0.433E-01  0.119E+00 12_11  0.235E-01  0.265E+00 11_11 -0.556E-02  0.471E+00 22_11 -0.566E-01  0.390E-01 12_12 -0.137E+00  0.810E-01 11_22 -0.264E+00  0.900E-02 22_22 -0.280E+01  0.100E-02
1.     rs560540                       1.     rs12565755                     Phenotype        0.623E-03 DD  0.155E+01  0.409E+01  0.462E-04 22_22  0.134E+01  0.300E-02 11_22  0.137E+00  0.110E-01 12_12  0.104E+00  0.860E-01 22_11  0.514E-01  0.330E-01 11_11  0.903E-02  0.459E+00 12_11 -0.139E-01  0.262E+00 11_12 -0.546E-01  0.129E+00 22_12 -0.298E+00  0.140E-01 12_22 -0.175E+01  0.300E-02
1.     rs7524749                      1.     rs7511943                      Phenotype        0.272E-03 DD -0.199E+01  0.414E+01  0.378E-04 22_12  0.138E+01  0.300E-02 12_22  0.748E+00  0.500E-02 11_12  0.147E-01  0.159E+00 12_11  0.117E-01  0.211E+00 11_11 -0.197E-02  0.548E+00 22_11 -0.110E+00  0.140E-01 12_12 -0.112E+00  0.510E-01 11_22 -0.189E+00  0.800E-02 22_22 -0.290E+01  0.100E-02
1.     rs12086676                     1.     rs544830                       Phenotype        0.325E-03 AD -0.524E+00  0.454E+01  0.633E-05  2_12  0.180E+00  0.109E+00  1_11  0.688E-01  0.134E+00  1_22  0.425E-01  0.272E+00  1_12 -0.521E-01  0.383E+00  2_22 -0.145E+00  0.745E-01  2_11 -0.327E+00  0.285E-01
1.     rs2406278                      1.     rs529443                       Phenotype        0.175E-03 DD -0.610E+00  0.420E+01  0.291E-04 12_22  0.286E+00  0.510E-01 22_12  0.154E+00  0.940E-01 11_12  0.113E+00  0.129E+00 12_11  0.591E-01  0.233E+00 11_11 -0.543E-01  0.148E+00 22_11 -0.728E-01  0.860E-01 12_12 -0.141E+00  0.201E+00 11_22 -0.204E+00  0.340E-01 22_22 -0.322E+00  0.240E-01
1.     rs2406278                      1.     rs7529232                      Phenotype        0.940E-03 AD -0.382E+00  0.412E+01  0.408E-04  2_12  0.108E+00  0.214E+00  1_22  0.984E-01  0.117E+00  1_11  0.725E-01  0.160E+00  2_11 -0.800E-01  0.146E+00  1_12 -0.815E-01  0.278E+00  2_22 -0.133E+00  0.865E-01
1.     rs2406279                      1.     rs6693493                      Phenotype        0.466E-03 DD  0.534E+00  0.408E+01  0.491E-04 22_11  0.239E+00  0.350E-01 22_22  0.148E+00  0.470E-01 12_12  0.126E+00  0.245E+00 11_11  0.107E+00  0.650E-01 11_22  0.825E-01  0.103E+00 11_12 -0.936E-01  0.173E+00 12_22 -0.115E+00  0.138E+00 12_11 -0.151E+00  0.101E+00 22_12 -0.168E+00  0.930E-01
1.     rs2406279                      1.     rs7529232                      Phenotype        0.218E-04 AD  0.468E+00  0.510E+01  0.407E-06  2_22  0.164E+00  0.860E-01  2_11  0.115E+00  0.120E+00  1_12  0.987E-01  0.282E+00  1_11 -0.745E-01  0.184E+00  1_22 -0.121E+00  0.117E+00  2_12 -0.133E+00  0.211E+00
1.     rs1998739                      1.     rs11207584                     Phenotype        0.436E-03 DA -0.749E+00  0.443E+01  0.104E-04  22_1  0.408E+00  0.160E-01  12_2  0.129E+00  0.995E-01  11_1  0.128E-01  0.455E+00  11_2 -0.245E-01  0.240E+00  12_1 -0.689E-01  0.179E+00  22_2 -0.656E+00  0.100E-01
1.     rs4543825                      1.     rs10494428                     Phenotype        0.292E-04 AA -0.585E+00  0.498E+01  0.763E-06   2_1  0.947E-01  0.107E+00   1_2  0.572E-01  0.185E+00   1_1 -0.152E-01  0.683E+00   2_2 -0.418E+00  0.248E-01
1.     rs4543825                      1.     rs2802560                      Phenotype        0.876E-04 DA -0.981E+00  0.453E+01  0.651E-05  22_1  0.398E+00  0.120E-01  12_2  0.258E+00  0.370E-01  11_1  0.776E-02  0.614E+00  11_2 -0.350E-01  0.139E+00  12_1 -0.499E-01  0.193E+00  22_2 -0.906E+00  0.500E-02
1.     rs825209                       1.     rs6664878                      Phenotype        0.175E-02 AD  0.112E+01  0.408E+01  0.491E-04  2_22  0.705E+00  0.500E-02  1_12  0.115E+00  0.550E-01  2_11  0.416E-02  0.576E+00  1_11 -0.941E-02  0.243E+00  2_12 -0.535E-01  0.118E+00  1_22 -0.118E+01  0.300E-02
1.     rs1775367                      1.     rs973253                       Phenotype        0.147E-03 DD -0.896E+00  0.460E+01  0.474E-05 22_12  0.485E+00  0.240E-01 12_11  0.307E+00  0.390E-01 12_22  0.805E-01  0.146E+00 11_12  0.411E-01  0.303E+00 11_22 -0.245E-01  0.245E+00 11_11 -0.969E-01  0.650E-01 12_12 -0.160E+00  0.149E+00 22_22 -0.278E+00  0.210E-01 22_11 -0.716E+00  0.800E-02
1.     rs1527683                      1.     rs2802560                      Phenotype        0.933E-03 AA  0.406E+00  0.417E+01  0.326E-04   2_2  0.264E+00  0.395E-01   1_1  0.168E-01  0.616E+00   2_1 -0.509E-01  0.203E+00   1_2 -0.742E-01  0.142E+00
1.     rs960202                       1.     rs12128887                     Phenotype        0.859E-03 AD  0.644E+00  0.417E+01  0.327E-04  2_22  0.385E+00  0.155E-01  2_11  0.642E-01  0.114E+00  1_12  0.541E-01  0.279E+00  1_11 -0.150E-01  0.491E+00  1_22 -0.136E+00  0.515E-01  2_12 -0.290E+00  0.490E-01
1.     rs1526297                      1.     rs654897                       Phenotype        0.133E-02 AA -0.629E+00  0.413E+01  0.387E-04   1_2  0.634E-01  0.117E+00   2_1  0.438E-01  0.155E+00   1_1 -0.946E-02  0.713E+00   2_2 -0.512E+00  0.146E-01
1.     rs2493392                      1.     rs12127177                     Phenotype        0.714E-03 AD  0.870E+00  0.442E+01  0.107E-04  2_22  0.863E+00  0.700E-02  2_11  0.944E-01  0.535E-01  1_12  0.337E-01  0.327E+00  1_11 -0.973E-02  0.521E+00  1_22 -0.112E+00  0.540E-01  2_12 -0.297E+00  0.370E-01
1.     rs4845425                      1.     rs501602                       Phenotype        0.880E-03 AA -0.520E+00  0.421E+01  0.273E-04   1_2  0.281E+00  0.302E-01   2_1  0.163E-01  0.520E+00   1_1 -0.208E-01  0.407E+00   2_2 -0.202E+00  0.423E-01
1.     rs1923496                      1.     rs164178                       Phenotype        0.220E-03 AD -0.501E+00  0.410E+01  0.442E-04  1_22  0.157E+00  0.565E-01  2_12  0.140E+00  0.129E+00  1_11  0.303E-01  0.320E+00  2_11 -0.582E-01  0.170E+00  1_12 -0.641E-01  0.299E+00  2_22 -0.348E+00  0.255E-01
1.     rs4656876                      1.     rs12120958                     Phenotype        0.217E-03 DD -0.112E+01  0.459E+01  0.507E-05 12_22  0.104E+01  0.900E-02 22_12  0.129E+00  0.770E-01 11_12  0.122E+00  0.730E-01 12_11  0.308E-01  0.321E+00 11_11 -0.237E-01  0.165E+00 22_11 -0.281E-01  0.198E+00 12_12 -0.130E+00  0.142E+00 11_22 -0.576E+00  0.800E-02 22_22 -0.702E+00  0.700E-02
1.     rs7524799                      1.     rs2300295                      Phenotype        0.102E-03 DD -0.562E+00  0.440E+01  0.119E-04 22_12  0.177E+00  0.970E-01 12_22  0.139E+00  0.123E+00 11_12  0.132E+00  0.131E+00 12_11  0.121E+00  0.148E+00 11_11 -0.108E+00  0.820E-01 11_22 -0.125E+00  0.650E-01 12_12 -0.134E+00  0.255E+00 22_11 -0.162E+00  0.500E-01 22_22 -0.182E+00  0.490E-01
1.     rs12133327                     1.     rs4445453                      Phenotype        0.383E-03 AD  0.811E+00  0.450E+01  0.762E-05  2_22  0.336E+00  0.195E-01  1_12  0.166E+00  0.760E-01  2_11  0.110E-01  0.524E+00  1_11 -0.276E-01  0.203E+00  2_12 -0.733E-01  0.169E+00  1_22 -0.769E+00  0.850E-02
1.     rs6663682                      1.     rs17851681                     Phenotype        0.233E-03 DA  0.703E+00  0.463E+01  0.414E-05  11_2  0.447E+00  0.190E-01  22_2  0.205E+00  0.305E-01  12_1  0.339E-01  0.437E+00  22_1 -0.198E-01  0.322E+00  11_1 -0.607E-01  0.139E+00  12_2 -0.303E+00  0.530E-01
1.     rs10158131                     1.     rs12024964                     Phenotype        0.287E-03 DA  0.109E+01  0.413E+01  0.388E-04  22_2  0.108E+01  0.400E-02  11_2  0.133E+00  0.360E-01  12_1  0.257E-01  0.355E+00  11_1 -0.916E-02  0.523E+00  22_1 -0.726E-01  0.600E-01  12_2 -0.418E+00  0.220E-01
1.     rs7556005                      1.     rs12567811                     Phenotype        0.883E-04 AA -0.321E+00  0.441E+01  0.113E-04   1_2  0.884E-01  0.160E+00   2_1  0.509E-01  0.278E+00   1_1 -0.302E-01  0.468E+00   2_2 -0.152E+00  0.936E-01
1.     rs610035                       1.     rs11581733                     Phenotype        0.828E-03 DA  0.412E+00  0.411E+01  0.426E-04  22_2  0.142E+00  0.735E-01  11_2  0.114E+00  0.910E-01  12_1  0.622E-01  0.340E+00  11_1 -0.458E-01  0.215E+00  22_1 -0.706E-01  0.149E+00  12_2 -0.163E+00  0.131E+00
1.     rs10494652                     1.     rs10926111                     Phenotype        0.260E-03 AD -0.448E+00  0.423E+01  0.256E-04  2_12  0.167E+00  0.119E+00  1_22  0.535E-01  0.173E+00  1_11  0.467E-01  0.230E+00  1_12 -0.538E-01  0.362E+00  2_11 -0.144E+00  0.700E-01  2_22 -0.210E+00  0.460E-01
1.     rs1107128                      1.     rs10927336                     Phenotype        0.465E-04 DD -0.118E+01  0.431E+01  0.180E-04 12_22  0.594E+00  0.130E-01 22_12  0.150E+00  0.460E-01 11_12  0.797E-01  0.880E-01 12_11  0.203E-01  0.332E+00 11_11 -0.146E-01  0.248E+00 22_11 -0.265E-01  0.124E+00 12_12 -0.985E-01  0.139E+00 11_22 -0.463E+00  0.800E-02 22_22 -0.213E+01  0.200E-02
1.     rs10920155                     1.     rs12755630                     Phenotype        0.386E-03 DD  0.606E+00  0.408E+01  0.480E-04 22_22  0.434E+00  0.140E-01 11_22  0.130E+00  0.540E-01 12_12  0.127E+00  0.219E+00 22_11  0.921E-01  0.790E-01 11_11  0.431E-01  0.151E+00 12_11 -0.731E-01  0.201E+00 11_12 -0.919E-01  0.152E+00 22_12 -0.199E+00  0.740E-01 12_22 -0.246E+00  0.560E-01
1.     rs1262295                      1.     rs1043909                      Phenotype        0.476E-03 AA  0.418E+00  0.422E+01  0.264E-04   2_2  0.269E+00  0.384E-01   1_1  0.161E-01  0.643E+00   1_2 -0.566E-01  0.183E+00   2_1 -0.760E-01  0.136E+00
1.     rs10793748                     1.     rs11577868                     Phenotype        0.357E-03 DA  0.513E+00  0.418E+01  0.314E-04  22_2  0.315E+00  0.270E-01  11_2  0.103E+00  0.895E-01  12_1  0.447E-01  0.373E+00  11_1 -0.276E-01  0.330E+00  22_1 -0.845E-01  0.970E-01  12_2 -0.204E+00  0.840E-01
1.     rs7540516                      1.     rs12028395                     Phenotype        0.400E-03 AD  0.423E+00  0.423E+01  0.261E-04  2_22  0.201E+00  0.520E-01  2_11  0.881E-01  0.121E+00  1_12  0.678E-01  0.312E+00  1_11 -0.421E-01  0.256E+00  1_22 -0.938E-01  0.111E+00  2_12 -0.143E+00  0.148E+00
1.     rs4846440                      1.     rs3795462                      Phenotype        0.348E-03 DA  0.458E+00  0.408E+01  0.490E-04  22_2  0.198E+00  0.445E-01  12_1  0.101E+00  0.170E+00  11_2  0.291E-01  0.304E+00  11_1 -0.394E-01  0.224E+00  12_2 -0.780E-01  0.227E+00  22_1 -0.290E+00  0.295E-01
1.     rs10779305                     1.     rs2220741                      Phenotype        0.266E-03 AD  0.940E+00  0.457E+01  0.547E-05  2_11  0.101E+01  0.550E-02  2_22  0.515E-01  0.108E+00  1_12  0.446E-01  0.246E+00  1_22 -0.975E-02  0.571E+00  1_11 -0.216E+00  0.255E-01  2_12 -0.251E+00  0.440E-01
1.     rs12127177                     1.     rs12118163                     Phenotype        0.163E-03 DA  0.618E+00  0.449E+01  0.798E-05  22_2  0.517E+00  0.160E-01  12_1  0.642E-01  0.263E+00  11_2  0.529E-01  0.158E+00  11_1 -0.199E-01  0.417E+00  12_2 -0.165E+00  0.102E+00  22_1 -0.187E+00  0.450E-01
------------------------------------------------------------------------------------------------------------------------------------------------------------------------------------------------------------------------------------------------------------------------------------------------------------------------------------------------------------------------------------------------------
 CPU TIME:   70.8437500000000     seconds
