1.      rs7518471                       1.      rs1003964                       Phenotype        DD   0.440E-04
1.      rs583170                        1.      rs12035190                      Phenotype        AD   0.447E-04
1.      rs9660006                       1.      rs3124031                       Phenotype        AD   0.202E-04
1.      rs2744690                       1.      rs3737731                       Phenotype        AA   0.425E-04
1.      rs1751998                       1.      rs11122250                      Phenotype        DD   0.308E-04
1.      rs954627                        1.      rs1139978                       Phenotype        DD   0.489E-04
1.      rs870042                        1.      rs565645                        Phenotype        DA   0.339E-04
1.      rs3762391                       1.      rs1555798                       Phenotype        DA   0.550E-04
1.      rs366842                        1.      rs6413827                       Phenotype        AA   0.269E-04
1.      rs565645                        1.      rs3820201                       Phenotype        AD   0.165E-04
1.      rs17805826                      1.      rs7541968                       Phenotype        DD   0.272E-04
1.      rs6678619                       1.      rs12028036                      Phenotype        AA   0.340E-04
1.      rs7554047                       1.      rs2566783                       Phenotype        AA   0.339E-04
1.      rs2994565                       1.      rs6667872                       Phenotype        DD   0.537E-04
1.      rs2994565                       1.      rs10495041                      Phenotype        AD   0.318E-04
1.      rs1936414                       1.      rs10489794                      Phenotype        DD   0.701E-05
1.      rs10789075                      1.      rs12408136                      Phenotype        DA   0.128E-04
1.      rs10489901                      1.      rs7541968                       Phenotype        DA   0.623E-04
1.      rs10789257                      1.      rs7523074                       Phenotype        AD   0.459E-04
1.      rs6704345                       1.      rs2587895                       Phenotype        DA   0.337E-04
1.      rs4457521                       1.      rs851202                        Phenotype        DD   0.224E-05
1.      rs649058                        1.      rs6428349                       Phenotype        DA   0.646E-05
1.      rs7522008                       1.      rs7517398                       Phenotype        AD   0.190E-05
1.      rs12046325                      1.      rs6424705                       Phenotype        DA   0.164E-04
1.      rs12123981                      1.      rs2115741                       Phenotype        AA   0.184E-04
1.      rs17109623                      1.      rs10489794                      Phenotype        AA   0.420E-04
1.      rs12408136                      1.      rs6679980                       Phenotype        AD   0.603E-04
1.      rs6576960                       1.      rs970464                        Phenotype        AA   0.352E-04
1.      rs9324135                       1.      rs313769                        Phenotype        AD   0.415E-04
1.      rs9324135                       1.      rs10888329                      Phenotype        DA   0.286E-04
1.      rs12726170                      1.      rs6692148                       Phenotype        AA   0.379E-04
1.      rs569783                        1.      rs2970540                       Phenotype        DA   0.550E-04
1.      rs11582005                      1.      rs10863966                      Phenotype        AA   0.527E-04
1.      rs1106189                       1.      rs3753427                       Phenotype        AA   0.117E-04
1.      rs1106189                       1.      rs10920590                      Phenotype        AA   0.296E-04
1.      rs9429610                       1.      rs10864231                      Phenotype        AD   0.124E-04
1.      rs6678502                       1.      rs6676416                       Phenotype        DD   0.198E-04
1.      rs1995483                       1.      rs10800380                      Phenotype        DD   0.673E-05
1.      rs3748743                       1.      rs1892196                       Phenotype        DA   0.592E-05
1.      rs3748743                       1.      rs12035190                      Phenotype        DD   0.132E-04
1.      rs9887785                       1.      rs3753226                       Phenotype        AD   0.483E-04
1.      rs4043                          1.      rs11120316                      Phenotype        DD   0.540E-04
1.      rs12401309                      1.      rs11120316                      Phenotype        AA   0.594E-04
1.      rs4657375                       1.      rs3122530                       Phenotype        DA   0.917E-05
1.      rs7549754                       1.      rs4651471                       Phenotype        AA   0.311E-04
1.      rs6690848                       1.      rs7550857                       Phenotype        DD   0.477E-04
1.      rs6667114                       1.      rs1175154                       Phenotype        AA   0.544E-04
1.      rs833962                        1.      rs970464                        Phenotype        DA   0.431E-04
1.      rs599779                        1.      rs6694083                       Phenotype        DD   0.581E-05
1.      rs10864231                      1.      rs2642421                       Phenotype        AA   0.544E-04
