  50 MOST SIGNIFICANT RESULTS OF PAIRWISE EPISTASIS ANALYSIS
======================================================================================================================================================================================================================================================================================================================================================================================================
I = interaction effect between the two SNP genotypes
AA = additive x additive effect, AD = additive x dominance effect, DA = dominance x additive effect, DD = dominance x dominance effect
P_I = p-value of two-locus marker genotypic effect
Test = effect type being tested
Effect = estimate of epistasis contrast, or esitmate of "AA", "AD", "DA", or "DD" effect
t-value = the t-value for the effect being tested
P_value = p-value of the effect being tested
Allele/Geno = coded marker allele_allele, allele_genotype, genotype_allele,or genotype_genotype combination
A/G_Effect = effect of coded marker allele_allele, allele_genotype, genotype_allele,or genotype_genotype combination - useful for identifying good or bad combination
A/G_Frequency = frequency of coded marker allele_allele, allele_genotype, genotype_allele,or genotype_genotype combination - useful for identifying rare allel or genotypic frequencies
------------------------------------------------------------------------------------------------------------------------------------------------------------------------------------------------------------------------------------------------------------------------------------------------------------------------------------------------------------------------------------------------------
Chr1  Locus1                          Chr2    Locus2                        Trait            P_I      Test    Effect   t-value   P_value  Allele/Geno A/G_Effect A/G_Frequency
------------------------------------------------------------------------------------------------------------------------------------------------------------------------------------------------------------------------------------------------------------------------------------------------------------------------------------------------------------------------------------------------------
1.     rs10753368                     1.     rs11163057                     Phenotype        0.172E-03 AA  0.448E+00  0.485E+01  0.143E-05   2_2  0.197E+00  0.709E-01   1_1  0.360E-01  0.395E+00   2_1 -0.316E-01  0.459E+00   1_2 -0.183E+00  0.751E-01
1.     rs7526879                      1.     rs2791212                      Phenotype        0.102E-02 AD  0.485E+00  0.412E+01  0.408E-04  2_22  0.310E+00  0.270E-01  1_12  0.851E-01  0.195E+00  2_11  0.318E-01  0.267E+00  1_11 -0.263E-01  0.311E+00  2_12 -0.101E+00  0.163E+00  1_22 -0.230E+00  0.370E-01
1.     rs7526879                      1.     rs2029788                      Phenotype        0.239E-03 DD  0.634E+00  0.444E+01  0.999E-05 22_22  0.399E+00  0.180E-01 11_22  0.236E+00  0.350E-01 12_12  0.130E+00  0.236E+00 22_11  0.992E-01  0.840E-01 11_11  0.635E-01  0.114E+00 12_11 -0.762E-01  0.216E+00 11_12 -0.109E+00  0.139E+00 22_12 -0.155E+00  0.990E-01 12_22 -0.269E+00  0.590E-01
1.     rs7526879                      1.     rs4306096                      Phenotype        0.160E-02 DD -0.221E+01  0.413E+01  0.397E-04 12_22  0.194E+01  0.200E-02 22_12  0.150E+00  0.260E-01 11_12  0.949E-01  0.410E-01 12_11  0.843E-02  0.454E+00 11_11 -0.810E-02  0.246E+00 22_11 -0.114E-01  0.174E+00 12_12 -0.133E+00  0.550E-01 22_22 -0.190E+01  0.100E-02 11_22 -0.199E+01  0.100E-02
1.     rs6697531                      1.     rs4306096                      Phenotype        0.126E-03 DD  0.223E+01  0.417E+01  0.335E-04 11_22  0.215E+01  0.100E-02 22_22  0.184E+01  0.100E-02 12_12  0.131E+00  0.710E-01 22_11  0.125E-01  0.233E+00 11_11  0.524E-02  0.201E+00 12_11 -0.995E-02  0.440E+00 11_12 -0.100E+00  0.280E-01 22_12 -0.149E+00  0.230E-01 12_22 -0.192E+01  0.200E-02
1.     rs973857                       1.     rs4274104                      Phenotype        0.266E-03 DA  0.440E+00  0.446E+01  0.896E-05  11_2  0.221E+00  0.485E-01  12_1  0.815E-01  0.263E+00  22_2  0.596E-01  0.185E+00  22_1 -0.436E-01  0.256E+00  12_2 -0.122E+00  0.176E+00  11_1 -0.149E+00  0.715E-01
1.     rs6680164                      1.     rs7518150                      Phenotype        0.245E-03 AA -0.308E+00  0.449E+01  0.785E-05   1_2  0.104E+00  0.149E+00   2_1  0.464E-01  0.331E+00   1_1 -0.396E-01  0.390E+00   2_2 -0.118E+00  0.131E+00
1.     rs10803355                     1.     rs1891094                      Phenotype        0.134E-02 DA  0.791E+00  0.415E+01  0.359E-04  22_2  0.670E+00  0.800E-02  11_2  0.151E+00  0.415E-01  12_1  0.282E-01  0.417E+00  11_1 -0.161E-01  0.392E+00  22_1 -0.518E-01  0.103E+00  12_2 -0.319E+00  0.380E-01
1.     rs17393888                     1.     rs2018027                      Phenotype        0.252E-02 DA  0.143E+01  0.405E+01  0.548E-04  22_2  0.125E+01  0.300E-02  12_1  0.659E-01  0.119E+00  11_2  0.130E-01  0.310E+00  11_1 -0.825E-02  0.489E+00  12_2 -0.104E+00  0.750E-01  22_1 -0.125E+01  0.300E-02
1.     rs17393888                     1.     rs3856211                      Phenotype        0.191E-02 DA -0.127E+01  0.411E+01  0.428E-04  22_1  0.935E+00  0.350E-02  12_2  0.759E-01  0.875E-01  11_1  0.753E-02  0.442E+00  11_2 -0.925E-02  0.358E+00  12_1 -0.623E-01  0.106E+00  22_2 -0.131E+01  0.250E-02
1.     rs10753501                     1.     rs7526539                      Phenotype        0.156E-02 DA -0.508E+00  0.408E+01  0.487E-04  22_1  0.172E+00  0.465E-01  12_2  0.145E+00  0.118E+00  11_1  0.252E-01  0.350E+00  11_2 -0.474E-01  0.189E+00  12_1 -0.639E-01  0.275E+00  22_2 -0.354E+00  0.225E-01
1.     rs1538416                      1.     rs6692436                      Phenotype        0.114E-04 AA  0.353E+00  0.414E+01  0.371E-04   1_1  0.138E+00  0.917E-01   2_2  0.381E-01  0.343E+00   1_2 -0.253E-01  0.476E+00   2_1 -0.152E+00  0.897E-01
1.     rs2786883                      1.     rs7554246                      Phenotype        0.193E-03 DA -0.118E+01  0.436E+01  0.144E-04  11_1  0.639E+00  0.600E-02  12_2  0.142E+00  0.650E-01  22_1  0.103E-01  0.474E+00  22_2 -0.169E-01  0.347E+00  12_1 -0.837E-01  0.106E+00  11_2 -0.125E+01  0.300E-02
1.     rs2786883                      1.     rs7518168                      Phenotype        0.299E-03 DA  0.101E+01  0.410E+01  0.440E-04  11_2  0.638E+00  0.550E-02  12_1  0.712E-01  0.955E-01  22_2  0.847E-02  0.388E+00  22_1 -0.753E-02  0.432E+00  12_2 -0.892E-01  0.755E-01  11_1 -0.105E+01  0.350E-02
1.     rs2786883                      1.     rs871557                       Phenotype        0.517E-03 DD  0.165E+01  0.415E+01  0.356E-04 11_22  0.108E+01  0.200E-02 11_11  0.920E+00  0.300E-02 12_12  0.188E+00  0.690E-01 22_22  0.664E-01  0.410E-01 22_11  0.872E-02  0.493E+00 22_12 -0.283E-01  0.286E+00 12_11 -0.788E-01  0.910E-01 12_22 -0.511E+00  0.110E-01 11_12 -0.127E+01  0.400E-02
1.     rs4653125                      1.     rs1795240                      Phenotype        0.187E-04 DD -0.625E+00  0.471E+01  0.286E-05 22_12  0.198E+00  0.930E-01 12_22  0.176E+00  0.102E+00 12_11  0.132E+00  0.138E+00 11_12  0.101E+00  0.182E+00 11_11 -0.800E-01  0.920E-01 11_22 -0.112E+00  0.880E-01 12_12 -0.153E+00  0.233E+00 22_11 -0.227E+00  0.440E-01 22_22 -0.256E+00  0.280E-01
1.     rs491164                       1.     rs3767758                      Phenotype        0.237E-02 DA -0.682E+00  0.405E+01  0.559E-04  22_1  0.419E+00  0.130E-01  12_2  0.781E-01  0.132E+00  11_1  0.143E-01  0.393E+00  11_2 -0.182E-01  0.312E+00  12_1 -0.738E-01  0.141E+00  22_2 -0.608E+00  0.900E-02
1.     rs4660809                      1.     rs10890507                     Phenotype        0.117E-02 DA  0.409E+00  0.407E+01  0.515E-04  22_2  0.193E+00  0.525E-01  11_2  0.708E-01  0.138E+00  12_1  0.673E-01  0.308E+00  11_1 -0.383E-01  0.256E+00  22_1 -0.114E+00  0.865E-01  12_2 -0.133E+00  0.159E+00
1.     rs2742079                      1.     rs7516113                      Phenotype        0.322E-03 AA -0.438E+00  0.429E+01  0.200E-04   2_1  0.125E+00  0.718E-01   1_2  0.280E-01  0.329E+00   2_2 -0.159E-01  0.565E+00   1_1 -0.269E+00  0.342E-01
1.     rs2742079                      1.     rs4306096                      Phenotype        0.363E-03 DD  0.229E+01  0.422E+01  0.266E-04 22_22  0.202E+01  0.100E-02 11_22  0.173E+01  0.100E-02 12_12  0.149E+00  0.480E-01 11_11  0.198E-01  0.114E+00 22_11  0.434E-02  0.344E+00 12_11 -0.854E-02  0.416E+00 22_12 -0.708E-01  0.590E-01 11_12 -0.313E+00  0.150E-01 12_22 -0.200E+01  0.200E-02
1.     rs6693986                      1.     rs2791212                      Phenotype        0.249E-03 DD  0.737E+00  0.425E+01  0.237E-04 22_22  0.351E+00  0.150E-01 11_22  0.313E+00  0.250E-01 12_12  0.127E+00  0.182E+00 22_11  0.444E-01  0.137E+00 11_11  0.329E-01  0.159E+00 12_11 -0.405E-01  0.282E+00 11_12 -0.114E+00  0.980E-01 22_12 -0.165E+00  0.780E-01 12_22 -0.531E+00  0.240E-01
1.     rs1050334                      1.     rs1927999                      Phenotype        0.346E-03 DD  0.136E+01  0.422E+01  0.266E-04 22_22  0.307E+01  0.100E-02 11_22  0.211E+00  0.190E-01 12_12  0.111E+00  0.116E+00 22_11  0.569E-01  0.690E-01 11_11  0.734E-02  0.319E+00 12_11 -0.201E-01  0.294E+00 11_12 -0.520E-01  0.139E+00 22_12 -0.237E+00  0.270E-01 12_22 -0.507E+00  0.160E-01
1.     rs17126135                     1.     rs2134697                      Phenotype        0.318E-03 AA -0.369E+00  0.408E+01  0.491E-04   2_1  0.215E+00  0.507E-01   1_2  0.182E-01  0.598E+00   1_1 -0.476E-01  0.227E+00   2_2 -0.878E-01  0.125E+00
1.     rs1392820                      1.     rs12143421                     Phenotype        0.123E-04 DA  0.534E+00  0.498E+01  0.753E-06  22_2  0.225E+00  0.480E-01  11_2  0.188E+00  0.630E-01  12_1  0.555E-01  0.409E+00  11_1 -0.592E-01  0.196E+00  22_1 -0.646E-01  0.172E+00  12_2 -0.210E+00  0.112E+00
1.     rs609707                       1.     rs6698342                      Phenotype        0.406E-02 AA  0.365E+00  0.410E+01  0.443E-04   2_2  0.210E+00  0.529E-01   1_1  0.201E-01  0.540E+00   1_2 -0.378E-01  0.296E+00   2_1 -0.967E-01  0.112E+00
1.     rs11210215                     1.     rs2153904                      Phenotype        0.203E-02 DA  0.698E+00  0.442E+01  0.108E-04  11_2  0.431E+00  0.145E-01  22_2  0.228E+00  0.355E-01  12_1  0.321E-01  0.449E+00  22_1 -0.281E-01  0.295E+00  11_1 -0.389E-01  0.158E+00  12_2 -0.303E+00  0.485E-01
1.     rs17099118                     1.     rs12145556                     Phenotype        0.916E-04 AD  0.453E+00  0.414E+01  0.377E-04  2_11  0.281E+00  0.295E-01  2_22  0.983E-01  0.900E-01  1_12  0.489E-01  0.352E+00  1_22 -0.288E-01  0.305E+00  1_11 -0.696E-01  0.118E+00  2_12 -0.165E+00  0.105E+00
1.     rs17099118                     1.     rs7365380                      Phenotype        0.708E-03 AD -0.436E+00  0.423E+01  0.255E-04  2_12  0.180E+00  0.104E+00  1_22  0.479E-01  0.213E+00  1_11  0.455E-01  0.193E+00  1_12 -0.505E-01  0.369E+00  2_22 -0.148E+00  0.685E-01  2_11 -0.170E+00  0.520E-01
1.     rs10493746                     1.     rs7547836                      Phenotype        0.989E-05 DA  0.540E+00  0.442E+01  0.109E-04  22_2  0.375E+00  0.250E-01  11_2  0.109E+00  0.925E-01  12_1  0.523E-01  0.370E+00  11_1 -0.321E-01  0.311E+00  22_1 -0.982E-01  0.960E-01  12_2 -0.181E+00  0.105E+00
1.     rs233104                       1.     rs2490327                      Phenotype        0.428E-03 DA  0.157E+01  0.435E+01  0.152E-04  22_2  0.192E+01  0.200E-02  12_1  0.806E-01  0.960E-01  11_2  0.153E-01  0.223E+00  11_1 -0.514E-02  0.631E+00  12_2 -0.191E+00  0.420E-01  22_1 -0.656E+00  0.600E-02
1.     rs6676121                      1.     rs17186108                     Phenotype        0.105E-02 DD  0.110E+01  0.411E+01  0.426E-04 22_22  0.195E+01  0.200E-02 11_22  0.298E+00  0.110E-01 12_12  0.108E+00  0.149E+00 22_11  0.659E-01  0.590E-01 11_11  0.139E-01  0.294E+00 12_11 -0.272E-01  0.308E+00 11_12 -0.578E-01  0.135E+00 22_12 -0.340E+00  0.230E-01 12_22 -0.396E+00  0.190E-01
1.     rs1148352                      1.     rs822430                       Phenotype        0.175E-03 AA  0.490E+00  0.425E+01  0.235E-04   2_2  0.214E+00  0.436E-01   1_1  0.215E-01  0.434E+00   1_2 -0.193E-01  0.482E+00   2_1 -0.235E+00  0.399E-01
1.     rs12047887                     1.     rs7518168                      Phenotype        0.109E-02 AD -0.472E+00  0.406E+01  0.539E-04  2_12  0.196E+00  0.920E-01  1_22  0.505E-01  0.179E+00  1_11  0.384E-01  0.232E+00  1_12 -0.453E-01  0.400E+00  2_11 -0.167E+00  0.530E-01  2_22 -0.206E+00  0.440E-01
1.     rs2076591                      1.     rs6660011                      Phenotype        0.419E-04 DA  0.438E+00  0.419E+01  0.304E-04  22_2  0.257E+00  0.395E-01  12_1  0.694E-01  0.291E+00  11_2  0.665E-01  0.154E+00  11_1 -0.368E-01  0.281E+00  22_1 -0.116E+00  0.875E-01  12_2 -0.130E+00  0.147E+00
1.     rs2938317                      1.     rs10923354                     Phenotype        0.836E-04 DD -0.131E+01  0.413E+01  0.395E-04 22_12  0.955E+00  0.700E-02 12_22  0.366E+00  0.190E-01 12_11  0.561E-01  0.132E+00 11_12  0.252E-01  0.289E+00 11_11 -0.944E-02  0.387E+00 11_22 -0.634E-01  0.570E-01 12_12 -0.151E+00  0.970E-01 22_11 -0.363E+00  0.100E-01 22_22 -0.139E+01  0.200E-02
1.     rs7547836                      1.     rs1538291                      Phenotype        0.747E-03 AA  0.336E+00  0.425E+01  0.236E-04   2_2  0.168E+00  0.785E-01   1_1  0.259E-01  0.512E+00   1_2 -0.499E-01  0.265E+00   2_1 -0.921E-01  0.144E+00
1.     rs12143421                     1.     rs1890664                      Phenotype        0.115E-02 AD  0.537E+00  0.407E+01  0.503E-04  2_22  0.459E+00  0.150E-01  2_11  0.554E-01  0.119E+00  1_12  0.492E-01  0.286E+00  1_11 -0.151E-01  0.435E+00  1_22 -0.126E+00  0.550E-01  2_12 -0.160E+00  0.885E-01
1.     rs910625                       1.     rs4559542                      Phenotype        0.322E-03 DA -0.369E+00  0.412E+01  0.405E-04  22_1  0.111E+00  0.105E+00  12_2  0.932E-01  0.243E+00  11_1  0.770E-01  0.145E+00  11_2 -0.711E-01  0.160E+00  12_1 -0.899E-01  0.247E+00  22_2 -0.114E+00  0.100E+00
1.     rs12133982                     1.     rs1338302                      Phenotype        0.401E-02 AD  0.597E+00  0.406E+01  0.532E-04  2_22  0.389E+00  0.165E-01  2_11  0.163E+00  0.420E-01  1_12  0.310E-01  0.429E+00  1_11 -0.209E-01  0.327E+00  1_22 -0.482E-01  0.134E+00  2_12 -0.256E+00  0.520E-01
1.     rs4661129                      1.     rs1538626                      Phenotype        0.333E-03 DD -0.947E+00  0.442E+01  0.108E-04 22_12  0.432E+00  0.230E-01 12_22  0.275E+00  0.390E-01 12_11  0.708E-01  0.154E+00 11_12  0.417E-01  0.262E+00 11_11 -0.194E-01  0.285E+00 11_22 -0.929E-01  0.590E-01 12_12 -0.146E+00  0.148E+00 22_11 -0.194E+00  0.260E-01 22_22 -0.126E+01  0.400E-02
1.     rs4656943                      1.     rs10913043                     Phenotype        0.768E-03 AA  0.616E+00  0.409E+01  0.459E-04   2_2  0.429E+00  0.199E-01   1_1  0.117E-01  0.763E+00   2_1 -0.623E-01  0.140E+00   1_2 -0.113E+00  0.776E-01
1.     rs10908813                     1.     rs10913043                     Phenotype        0.203E-04 AA  0.517E+00  0.434E+01  0.156E-04   2_2  0.296E+00  0.348E-01   1_1  0.172E-01  0.622E+00   2_1 -0.372E-01  0.281E+00   1_2 -0.167E+00  0.627E-01
1.     rs17621857                     1.     rs1342076                      Phenotype        0.292E-03 AA  0.412E+00  0.418E+01  0.319E-04   2_2  0.268E+00  0.397E-01   1_1  0.179E-01  0.533E+00   1_2 -0.293E-01  0.314E+00   2_1 -0.971E-01  0.113E+00
1.     rs1795240                      1.     rs12068588                     Phenotype        0.161E-03 DA  0.577E+00  0.446E+01  0.900E-05  22_2  0.281E+00  0.305E-01  11_2  0.217E+00  0.410E-01  12_1  0.394E-01  0.437E+00  11_1 -0.380E-01  0.233E+00  22_1 -0.456E-01  0.188E+00  12_2 -0.246E+00  0.710E-01
1.     rs2490327                      1.     rs12068588                     Phenotype        0.305E-03 AD  0.904E+00  0.439E+01  0.125E-04  2_22  0.867E+00  0.700E-02  1_12  0.646E-01  0.174E+00  2_11  0.274E-01  0.192E+00  1_11 -0.927E-02  0.544E+00  2_12 -0.172E+00  0.685E-01  1_22 -0.432E+00  0.140E-01
1.     rs6679530                      1.     rs4306096                      Phenotype        0.108E-02 DD  0.218E+01  0.408E+01  0.489E-04 22_22  0.194E+01  0.100E-02 11_22  0.187E+01  0.100E-02 12_12  0.133E+00  0.590E-01 11_11  0.119E-01  0.158E+00 22_11  0.679E-02  0.289E+00 12_11 -0.900E-02  0.427E+00 22_12 -0.962E-01  0.410E-01 11_12 -0.173E+00  0.220E-01 12_22 -0.190E+01  0.200E-02
1.     rs7518466                      1.     rs2493144                      Phenotype        0.165E-03 DD -0.592E+00  0.438E+01  0.134E-04 12_11  0.231E+00  0.700E-01 11_12  0.153E+00  0.105E+00 22_12  0.122E+00  0.135E+00 12_22  0.825E-01  0.195E+00 22_22 -0.790E-01  0.990E-01 11_22 -0.875E-01  0.930E-01 12_12 -0.140E+00  0.233E+00 11_11 -0.210E+00  0.370E-01 22_11 -0.257E+00  0.330E-01
1.     rs7514670                      1.     rs11584922                     Phenotype        0.111E-02 DD -0.130E+01  0.414E+01  0.380E-04 22_12  0.674E+00  0.100E-01 12_22  0.284E+00  0.220E-01 12_11  0.737E-01  0.960E-01 11_12  0.213E-01  0.326E+00 11_11 -0.118E-01  0.356E+00 11_22 -0.315E-01  0.890E-01 12_12 -0.146E+00  0.950E-01 22_11 -0.830E+00  0.400E-02 22_22 -0.163E+01  0.200E-02
1.     rs237789                       1.     rs10442708                     Phenotype        0.284E-03 AD -0.514E+00  0.432E+01  0.169E-04  2_12  0.187E+00  0.895E-01  1_11  0.106E+00  0.825E-01  1_22  0.182E-01  0.384E+00  1_12 -0.535E-01  0.331E+00  2_22 -0.802E-01  0.885E-01  2_11 -0.343E+00  0.255E-01
1.     rs6689479                      1.     rs10802881                     Phenotype        0.212E-03 AD -0.640E+00  0.437E+01  0.138E-04  2_12  0.226E+00  0.720E-01  1_22  0.969E-01  0.890E-01  1_11  0.203E-01  0.391E+00  1_12 -0.454E-01  0.361E+00  2_11 -0.113E+00  0.700E-01  2_22 -0.507E+00  0.170E-01
------------------------------------------------------------------------------------------------------------------------------------------------------------------------------------------------------------------------------------------------------------------------------------------------------------------------------------------------------------------------------------------------------
 CPU TIME:   74.7187500000000     seconds
