1.      rs262680                        1.      rs10927336                      Phenotype        AD   0.185E-04
1.      rs7529853                       1.      rs9426629                       Phenotype        DD   0.248E-04
1.      rs9286975                       1.      rs12043526                      Phenotype        DD   0.369E-04
1.      rs1891598                       1.      rs583102                        Phenotype        AA   0.494E-04
1.      rs3125816                       1.      rs10926843                      Phenotype        DD   0.284E-04
1.      rs4073395                       1.      rs7524749                       Phenotype        AD   0.201E-04
1.      rs2311975                       1.      rs2274910                       Phenotype        DD   0.357E-04
1.      rs2076610                       1.      rs12074264                      Phenotype        AD   0.510E-04
1.      rs568095                        1.      rs689258                        Phenotype        DD   0.307E-05
1.      rs271375                        1.      rs3816922                       Phenotype        AA   0.162E-05
1.      rs10753290                      1.      rs4622089                       Phenotype        AD   0.242E-04
1.      rs11580955                      1.      rs11117791                      Phenotype        DD   0.459E-04
1.      rs482818                        1.      rs12122399                      Phenotype        AA   0.464E-04
1.      rs4660462                       1.      rs6697783                       Phenotype        DD   0.292E-04
1.      rs7531328                       1.      rs10489829                      Phenotype        AD   0.115E-04
1.      rs560540                        1.      rs12066734                      Phenotype        DD   0.301E-04
1.      rs560540                        1.      rs12565755                      Phenotype        DD   0.462E-04
1.      rs7524749                       1.      rs7511943                       Phenotype        DD   0.378E-04
1.      rs12086676                      1.      rs544830                        Phenotype        AD   0.633E-05
1.      rs2406278                       1.      rs529443                        Phenotype        DD   0.291E-04
1.      rs2406278                       1.      rs7529232                       Phenotype        AD   0.408E-04
1.      rs2406279                       1.      rs6693493                       Phenotype        DD   0.491E-04
1.      rs2406279                       1.      rs7529232                       Phenotype        AD   0.407E-06
1.      rs1998739                       1.      rs11207584                      Phenotype        DA   0.104E-04
1.      rs4543825                       1.      rs10494428                      Phenotype        AA   0.763E-06
1.      rs4543825                       1.      rs2802560                       Phenotype        DA   0.651E-05
1.      rs825209                        1.      rs6664878                       Phenotype        AD   0.491E-04
1.      rs1775367                       1.      rs973253                        Phenotype        DD   0.474E-05
1.      rs1527683                       1.      rs2802560                       Phenotype        AA   0.326E-04
1.      rs960202                        1.      rs12128887                      Phenotype        AD   0.327E-04
1.      rs1526297                       1.      rs654897                        Phenotype        AA   0.387E-04
1.      rs2493392                       1.      rs12127177                      Phenotype        AD   0.107E-04
1.      rs4845425                       1.      rs501602                        Phenotype        AA   0.273E-04
1.      rs1923496                       1.      rs164178                        Phenotype        AD   0.442E-04
1.      rs4656876                       1.      rs12120958                      Phenotype        DD   0.507E-05
1.      rs7524799                       1.      rs2300295                       Phenotype        DD   0.119E-04
1.      rs12133327                      1.      rs4445453                       Phenotype        AD   0.762E-05
1.      rs6663682                       1.      rs17851681                      Phenotype        DA   0.414E-05
1.      rs10158131                      1.      rs12024964                      Phenotype        DA   0.388E-04
1.      rs7556005                       1.      rs12567811                      Phenotype        AA   0.113E-04
1.      rs610035                        1.      rs11581733                      Phenotype        DA   0.426E-04
1.      rs10494652                      1.      rs10926111                      Phenotype        AD   0.256E-04
1.      rs1107128                       1.      rs10927336                      Phenotype        DD   0.180E-04
1.      rs10920155                      1.      rs12755630                      Phenotype        DD   0.480E-04
1.      rs1262295                       1.      rs1043909                       Phenotype        AA   0.264E-04
1.      rs10793748                      1.      rs11577868                      Phenotype        DA   0.314E-04
1.      rs7540516                       1.      rs12028395                      Phenotype        AD   0.261E-04
1.      rs4846440                       1.      rs3795462                       Phenotype        DA   0.490E-04
1.      rs10779305                      1.      rs2220741                       Phenotype        AD   0.547E-05
1.      rs12127177                      1.      rs12118163                      Phenotype        DA   0.798E-05
