1.      rs10753368                      1.      rs11163057                      Phenotype        AA   0.143E-05
1.      rs7526879                       1.      rs2791212                       Phenotype        AD   0.408E-04
1.      rs7526879                       1.      rs2029788                       Phenotype        DD   0.999E-05
1.      rs7526879                       1.      rs4306096                       Phenotype        DD   0.397E-04
1.      rs6697531                       1.      rs4306096                       Phenotype        DD   0.335E-04
1.      rs973857                        1.      rs4274104                       Phenotype        DA   0.896E-05
1.      rs6680164                       1.      rs7518150                       Phenotype        AA   0.785E-05
1.      rs10803355                      1.      rs1891094                       Phenotype        DA   0.359E-04
1.      rs17393888                      1.      rs2018027                       Phenotype        DA   0.548E-04
1.      rs17393888                      1.      rs3856211                       Phenotype        DA   0.428E-04
1.      rs10753501                      1.      rs7526539                       Phenotype        DA   0.487E-04
1.      rs1538416                       1.      rs6692436                       Phenotype        AA   0.371E-04
1.      rs2786883                       1.      rs7554246                       Phenotype        DA   0.144E-04
1.      rs2786883                       1.      rs7518168                       Phenotype        DA   0.440E-04
1.      rs2786883                       1.      rs871557                        Phenotype        DD   0.356E-04
1.      rs4653125                       1.      rs1795240                       Phenotype        DD   0.286E-05
1.      rs491164                        1.      rs3767758                       Phenotype        DA   0.559E-04
1.      rs4660809                       1.      rs10890507                      Phenotype        DA   0.515E-04
1.      rs2742079                       1.      rs7516113                       Phenotype        AA   0.200E-04
1.      rs2742079                       1.      rs4306096                       Phenotype        DD   0.266E-04
1.      rs6693986                       1.      rs2791212                       Phenotype        DD   0.237E-04
1.      rs1050334                       1.      rs1927999                       Phenotype        DD   0.266E-04
1.      rs17126135                      1.      rs2134697                       Phenotype        AA   0.491E-04
1.      rs1392820                       1.      rs12143421                      Phenotype        DA   0.753E-06
1.      rs609707                        1.      rs6698342                       Phenotype        AA   0.443E-04
1.      rs11210215                      1.      rs2153904                       Phenotype        DA   0.108E-04
1.      rs17099118                      1.      rs12145556                      Phenotype        AD   0.377E-04
1.      rs17099118                      1.      rs7365380                       Phenotype        AD   0.255E-04
1.      rs10493746                      1.      rs7547836                       Phenotype        DA   0.109E-04
1.      rs233104                        1.      rs2490327                       Phenotype        DA   0.152E-04
1.      rs6676121                       1.      rs17186108                      Phenotype        DD   0.426E-04
1.      rs1148352                       1.      rs822430                        Phenotype        AA   0.235E-04
1.      rs12047887                      1.      rs7518168                       Phenotype        AD   0.539E-04
1.      rs2076591                       1.      rs6660011                       Phenotype        DA   0.304E-04
1.      rs2938317                       1.      rs10923354                      Phenotype        DD   0.395E-04
1.      rs7547836                       1.      rs1538291                       Phenotype        AA   0.236E-04
1.      rs12143421                      1.      rs1890664                       Phenotype        AD   0.503E-04
1.      rs910625                        1.      rs4559542                       Phenotype        DA   0.405E-04
1.      rs12133982                      1.      rs1338302                       Phenotype        AD   0.532E-04
1.      rs4661129                       1.      rs1538626                       Phenotype        DD   0.108E-04
1.      rs4656943                       1.      rs10913043                      Phenotype        AA   0.459E-04
1.      rs10908813                      1.      rs10913043                      Phenotype        AA   0.156E-04
1.      rs17621857                      1.      rs1342076                       Phenotype        AA   0.319E-04
1.      rs1795240                       1.      rs12068588                      Phenotype        DA   0.900E-05
1.      rs2490327                       1.      rs12068588                      Phenotype        AD   0.125E-04
1.      rs6679530                       1.      rs4306096                       Phenotype        DD   0.489E-04
1.      rs7518466                       1.      rs2493144                       Phenotype        DD   0.134E-04
1.      rs7514670                       1.      rs11584922                      Phenotype        DD   0.380E-04
1.      rs237789                        1.      rs10442708                      Phenotype        AD   0.169E-04
1.      rs6689479                       1.      rs10802881                      Phenotype        AD   0.138E-04
