  50 MOST SIGNIFICANT RESULTS OF PAIRWISE EPISTASIS ANALYSIS
======================================================================================================================================================================================================================================================================================================================================================================================================
I = interaction effect between the two SNP genotypes
AA = additive x additive effect, AD = additive x dominance effect, DA = dominance x additive effect, DD = dominance x dominance effect
P_I = p-value of two-locus marker genotypic effect
Test = effect type being tested
Effect = estimate of epistasis contrast, or esitmate of "AA", "AD", "DA", or "DD" effect
t-value = the t-value for the effect being tested
P_value = p-value of the effect being tested
Allele/Geno = coded marker allele_allele, allele_genotype, genotype_allele,or genotype_genotype combination
A/G_Effect = effect of coded marker allele_allele, allele_genotype, genotype_allele,or genotype_genotype combination - useful for identifying good or bad combination
A/G_Frequency = frequency of coded marker allele_allele, allele_genotype, genotype_allele,or genotype_genotype combination - useful for identifying rare allel or genotypic frequencies
------------------------------------------------------------------------------------------------------------------------------------------------------------------------------------------------------------------------------------------------------------------------------------------------------------------------------------------------------------------------------------------------------
Chr1  Locus1                          Chr2    Locus2                        Trait            P_I      Test    Effect   t-value   P_value  Allele/Geno A/G_Effect A/G_Frequency
------------------------------------------------------------------------------------------------------------------------------------------------------------------------------------------------------------------------------------------------------------------------------------------------------------------------------------------------------------------------------------------------------
1.     rs1870509                      1.     rs12122485                     Phenotype        0.392E-10 AD -0.256E+02  0.677E+01  0.216E-10  1_22  0.341E+02  0.150E-02  2_12  0.129E+01  0.590E-01  1_11  0.729E-01  0.474E+00  2_11 -0.972E-01  0.408E+00  1_12 -0.196E+01  0.530E-01  2_22 -0.105E+02  0.450E-02
1.     rs694935                       1.     rs17035177                     Phenotype        0.648E-21 AD -0.940E+01  0.725E+01  0.827E-12  1_22  0.816E+01  0.850E-02  2_12  0.819E+00  0.162E+00  1_11  0.219E+00  0.298E+00  2_11 -0.164E+00  0.393E+00  1_12 -0.101E+01  0.129E+00  2_22 -0.660E+01  0.105E-01
1.     rs694935                       1.     rs17035177                     Phenotype        0.648E-21 DD  0.160E+02  0.660E+01  0.649E-10 11_22  0.379E+02  0.200E-02 22_22  0.456E+01  0.400E-02 12_12  0.778E+00  0.155E+00 11_11  0.283E+00  0.121E+00 22_11  0.119E+00  0.216E+00 12_11 -0.170E+00  0.354E+00 22_12 -0.614E+00  0.840E-01 11_12 -0.167E+01  0.510E-01 12_22 -0.652E+01  0.130E-01
1.     rs571977                       1.     rs17035177                     Phenotype        0.363E-11 AD -0.127E+02  0.657E+01  0.797E-10  1_22  0.178E+02  0.400E-02  2_12  0.514E+00  0.184E+00  1_11  0.182E+00  0.249E+00  2_11 -0.102E+00  0.442E+00  1_12 -0.101E+01  0.106E+00  2_22 -0.436E+01  0.150E-01
1.     rs921893                       1.     rs2916205                      Phenotype        0.625E-09 AD  0.218E+02  0.621E+01  0.769E-09  2_22  0.366E+02  0.150E-02  1_12  0.364E+00  0.201E+00  2_11  0.222E+00  0.153E+00  1_11 -0.593E-01  0.572E+00  2_12 -0.160E+01  0.565E-01  1_22 -0.274E+01  0.165E-01
1.     rs292809                       1.     rs2274981                      Phenotype        0.129E-09 AD -0.141E+02  0.638E+01  0.279E-09  1_22  0.866E+01  0.350E-02  2_12  0.126E+01  0.955E-01  1_11  0.301E+00  0.314E+00  2_11 -0.176E+00  0.528E+00  1_12 -0.211E+01  0.565E-01  2_22 -0.124E+02  0.250E-02
1.     rs292809                       1.     rs10911285                     Phenotype        0.291E-09 AD -0.142E+02  0.618E+01  0.957E-09  1_22  0.807E+01  0.350E-02  2_12  0.146E+01  0.865E-01  1_11  0.273E+00  0.321E+00  2_11 -0.161E+00  0.538E+00  1_12 -0.251E+01  0.495E-01  2_22 -0.120E+02  0.250E-02
1.     rs1550545                      1.     rs915397                       Phenotype        0.407E-11 AD -0.233E+02  0.624E+01  0.641E-09  1_22  0.289E+02  0.150E-02  2_12  0.832E+00  0.109E+00  1_11  0.250E+00  0.179E+00  2_11 -0.694E-01  0.679E+00  1_12 -0.519E+01  0.230E-01  2_22 -0.521E+01  0.850E-02
1.     rs1550545                      1.     rs10911285                     Phenotype        0.321E-03 DA  0.195E+02  0.636E+01  0.313E-09  11_2  0.233E+02  0.150E-02  22_2  0.116E+01  0.525E-01  12_1  0.126E+00  0.302E+00  22_1  0.146E-01  0.584E+00  11_1 -0.119E+01  0.405E-01  12_2 -0.655E+01  0.200E-01
1.     rs6686758                      1.     rs488778                       Phenotype        0.359E-11 DD  0.212E+02  0.670E+01  0.352E-10 22_22  0.421E+02  0.100E-02 12_12  0.219E+01  0.710E-01 11_22  0.188E+01  0.220E-01 22_11  0.115E+01  0.340E-01 11_11  0.630E-01  0.458E+00 12_11 -0.297E+00  0.233E+00 11_12 -0.424E+00  0.160E+00 22_12 -0.598E+01  0.120E-01 12_22 -0.876E+01  0.900E-02
1.     rs6676020                      1.     rs17035177                     Phenotype        0.100E-11 AD  0.166E+02  0.719E+01  0.124E-11  2_22  0.240E+02  0.300E-02  1_12  0.500E+00  0.229E+00  2_11  0.422E+00  0.129E+00  1_11 -0.997E-01  0.562E+00  2_12 -0.176E+01  0.610E-01  1_22 -0.419E+01  0.160E-01
1.     rs6676020                      1.     rs1487528                      Phenotype        0.237E-12 AD  0.143E+02  0.711E+01  0.219E-11  2_22  0.183E+02  0.400E-02  1_12  0.589E+00  0.225E+00  2_11  0.482E+00  0.131E+00  1_11 -0.114E+00  0.565E+00  2_12 -0.215E+01  0.585E-01  1_22 -0.418E+01  0.170E-01
1.     rs6692500                      1.     rs1051091                      Phenotype        0.320E-11 DD  0.192E+02  0.658E+01  0.762E-10 22_22  0.472E+02  0.100E-02 11_22  0.190E+01  0.200E-01 12_12  0.118E+01  0.115E+00 22_11  0.893E+00  0.340E-01 11_11  0.841E-01  0.367E+00 11_12 -0.309E+00  0.218E+00 12_11 -0.310E+00  0.212E+00 22_12 -0.282E+01  0.220E-01 12_22 -0.751E+01  0.110E-01
1.     rs17442177                     1.     rs6672282                      Phenotype        0.158E-10 AD  0.238E+02  0.618E+01  0.936E-09  2_22  0.276E+02  0.150E-02  1_12  0.784E+00  0.127E+00  2_11  0.407E+00  0.131E+00  1_11 -0.726E-01  0.716E+00  2_12 -0.587E+01  0.185E-01  1_22 -0.623E+01  0.750E-02
1.     rs199678                       1.     rs12122485                     Phenotype        0.561E-10 DD -0.400E+02  0.693E+01  0.767E-11 12_22  0.506E+02  0.100E-02 22_12  0.778E+01  0.300E-02 11_12  0.475E+00  0.640E-01 12_11  0.963E-01  0.317E+00 11_11 -0.293E-01  0.522E+00 22_11 -0.329E+00  0.430E-01 12_12 -0.126E+01  0.450E-01 11_22 -0.414E+01  0.400E-02 22_22 -0.325E+02  0.100E-02
1.     rs6672282                      1.     rs6671913                      Phenotype        0.215E-10 DA  0.250E+02  0.669E+01  0.380E-10  22_2  0.325E+02  0.150E-02  12_1  0.841E+00  0.121E+00  11_2  0.381E+00  0.139E+00  11_1 -0.750E-01  0.706E+00  12_2 -0.441E+01  0.235E-01  22_1 -0.658E+01  0.750E-02
1.     rs6672282                      1.     rs12122534                     Phenotype        0.955E-11 DD -0.356E+02  0.720E+01  0.120E-11 22_12  0.550E+02  0.100E-02 12_22  0.162E+01  0.230E-01 12_11  0.727E+00  0.510E-01 11_12  0.105E+00  0.375E+00 11_11 -0.625E-01  0.345E+00 11_22 -0.147E+00  0.126E+00 22_11 -0.110E+01  0.600E-02 12_12 -0.117E+01  0.710E-01 22_22 -0.215E+02  0.200E-02
1.     rs6672282                      1.     rs2916205                      Phenotype        0.772E-11 DD -0.410E+02  0.725E+01  0.821E-12 12_22  0.479E+02  0.100E-02 22_12  0.899E+01  0.400E-02 12_11  0.275E+00  0.104E+00 11_12  0.149E+00  0.213E+00 11_11 -0.264E-01  0.617E+00 11_22 -0.811E+00  0.160E-01 12_12 -0.196E+01  0.400E-01 22_11 -0.424E+01  0.400E-02 22_22 -0.366E+02  0.100E-02
1.     rs6672282                      1.     rs1200136                      Phenotype        0.740E-12 DD  0.241E+02  0.622E+01  0.717E-09 22_11  0.488E+02  0.100E-02 22_22  0.167E+02  0.100E-02 12_12  0.147E+01  0.590E-01 11_22  0.229E+00  0.640E-01 11_11  0.686E-01  0.421E+00 11_12 -0.107E+00  0.361E+00 12_11 -0.618E+00  0.700E-01 12_22 -0.209E+01  0.160E-01 22_12 -0.951E+01  0.700E-02
1.     rs12037195                     1.     rs34637442                     Phenotype        0.616E-11 DD  0.186E+02  0.615E+01  0.113E-08 22_22  0.449E+02  0.100E-02 11_22  0.303E+01  0.900E-02 12_12  0.133E+01  0.990E-01 22_11  0.455E+00  0.780E-01 11_11  0.710E-01  0.320E+00 12_11 -0.146E+00  0.354E+00 11_12 -0.480E+00  0.108E+00 22_12 -0.315E+01  0.210E-01 12_22 -0.653E+01  0.100E-01
1.     rs451052                       1.     rs915397                       Phenotype        0.183E-13 DA  0.151E+02  0.691E+01  0.892E-11  22_2  0.160E+02  0.400E-02  11_2  0.153E+01  0.440E-01  12_1  0.370E+00  0.332E+00  11_1 -0.130E+00  0.510E+00  22_1 -0.657E+00  0.820E-01  12_2 -0.553E+01  0.280E-01
1.     rs1413431                      1.     rs1487528                      Phenotype        0.152E-10 DD  0.179E+02  0.624E+01  0.665E-09 22_22  0.493E+02  0.100E-02 11_22  0.496E+01  0.700E-02 12_12  0.624E+00  0.132E+00 22_11  0.294E+00  0.820E-01 11_11  0.457E-01  0.310E+00 12_11 -0.123E+00  0.303E+00 11_12 -0.375E+00  0.116E+00 22_12 -0.171E+01  0.360E-01 12_22 -0.500E+01  0.130E-01
1.     rs915397                       1.     rs1935747                      Phenotype        0.132E-10 DD -0.341E+02  0.633E+01  0.361E-09 22_12  0.457E+02  0.100E-02 12_22  0.407E+01  0.800E-02 12_11  0.248E+00  0.840E-01 11_12  0.929E-01  0.312E+00 11_11 -0.299E-01  0.506E+00 11_22 -0.312E+00  0.400E-01 22_11 -0.545E+00  0.800E-02 12_12 -0.145E+01  0.400E-01 22_22 -0.295E+02  0.100E-02
1.     rs681589                       1.     rs12122485                     Phenotype        0.700E-10 AD  0.258E+02  0.664E+01  0.529E-10  2_22  0.300E+02  0.150E-02  1_12  0.118E+01  0.855E-01  2_11  0.225E+00  0.238E+00  1_11 -0.814E-01  0.644E+00  2_12 -0.427E+01  0.265E-01  1_22 -0.104E+02  0.450E-02
1.     rs4658260                      1.     rs12122485                     Phenotype        0.579E-10 DD -0.347E+02  0.630E+01  0.437E-09 12_22  0.476E+02  0.100E-02 22_12  0.306E+01  0.600E-02 11_12  0.583E+00  0.640E-01 12_11  0.987E-01  0.290E+00 11_11 -0.363E-01  0.555E+00 22_11 -0.292E+00  0.370E-01 12_12 -0.142E+01  0.420E-01 11_22 -0.296E+01  0.400E-02 22_22 -0.273E+02  0.100E-02
1.     rs2095299                      1.     rs17035177                     Phenotype        0.554E-10 AD  0.167E+02  0.646E+01  0.159E-09  2_22  0.256E+02  0.250E-02  2_11  0.447E+00  0.990E-01  1_12  0.409E+00  0.240E+00  1_11 -0.823E-01  0.592E+00  2_12 -0.158E+01  0.505E-01  1_22 -0.343E+01  0.165E-01
1.     rs11184955                     1.     rs12122485                     Phenotype        0.144E-09 DD -0.359E+02  0.672E+01  0.301E-10 12_22  0.498E+02  0.100E-02 22_12  0.354E+01  0.110E-01 11_12  0.391E+00  0.490E-01 12_11  0.707E-01  0.436E+00 11_11 -0.448E-01  0.295E+00 22_11 -0.170E+00  0.151E+00 12_12 -0.105E+01  0.520E-01 11_22 -0.412E+01  0.400E-02 22_22 -0.274E+02  0.100E-02
1.     rs12122485                     1.     rs6688363                      Phenotype        0.173E-09 DD -0.360E+02  0.648E+01  0.142E-09 22_12  0.464E+02  0.100E-02 12_22  0.422E+01  0.700E-02 12_11  0.403E+00  0.760E-01 11_12  0.971E-01  0.248E+00 11_11 -0.268E-01  0.613E+00 11_22 -0.425E+00  0.210E-01 12_12 -0.239E+01  0.290E-01 22_11 -0.333E+01  0.400E-02 22_22 -0.284E+02  0.100E-02
1.     rs12122485                     1.     rs9424606                      Phenotype        0.113E-09 DD -0.354E+02  0.686E+01  0.118E-10 22_12  0.552E+02  0.100E-02 12_22  0.243E+01  0.110E-01 12_11  0.678E+00  0.480E-01 11_12  0.881E-01  0.413E+00 11_11 -0.455E-01  0.358E+00 11_22 -0.169E+00  0.111E+00 12_12 -0.136E+01  0.530E-01 22_11 -0.820E+01  0.300E-02 22_22 -0.109E+02  0.200E-02
1.     rs12122485                     1.     rs1743266                      Phenotype        0.687E-10 DA -0.237E+02  0.625E+01  0.616E-09  22_1  0.309E+02  0.150E-02  12_2  0.102E+01  0.660E-01  11_1  0.889E-01  0.410E+00  11_2 -0.802E-01  0.472E+00  12_1 -0.245E+01  0.460E-01  22_2 -0.939E+01  0.450E-02
1.     rs4839387                      1.     rs2274981                      Phenotype        0.969E-10 DA  0.915E+01  0.668E+01  0.404E-10  22_2  0.891E+01  0.750E-02  11_2  0.138E+01  0.400E-01  12_1  0.424E+00  0.369E+00  11_1 -0.208E+00  0.483E+00  22_1 -0.837E+00  0.665E-01  12_2 -0.306E+01  0.345E-01
1.     rs4839387                      1.     rs10911285                     Phenotype        0.275E-08 DA  0.953E+01  0.644E+01  0.181E-09  22_2  0.940E+01  0.700E-02  11_2  0.144E+01  0.355E-01  12_1  0.409E+00  0.372E+00  11_1 -0.202E+00  0.488E+00  22_1 -0.796E+00  0.670E-01  12_2 -0.320E+01  0.315E-01
1.     rs4839387                      1.     rs1487528                      Phenotype        0.229E-10 DD  0.210E+02  0.690E+01  0.930E-11 22_22  0.451E+02  0.100E-02 11_22  0.330E+01  0.120E-01 12_12  0.139E+01  0.110E+00 22_11  0.710E+00  0.520E-01 11_11  0.102E+00  0.358E+00 12_11 -0.275E+00  0.285E+00 11_12 -0.496E+00  0.153E+00 22_12 -0.358E+01  0.210E-01 12_22 -0.103E+02  0.800E-02
1.     rs1538389                      1.     rs17035177                     Phenotype        0.159E-09 DD  0.200E+02  0.626E+01  0.558E-09 22_22  0.388E+02  0.100E-02 11_22  0.322E+01  0.120E-01 12_12  0.140E+01  0.930E-01 22_11  0.819E+00  0.370E-01 11_11  0.845E-01  0.401E+00 12_11 -0.273E+00  0.253E+00 11_12 -0.399E+00  0.174E+00 22_12 -0.246E+01  0.230E-01 12_22 -0.127E+02  0.600E-02
1.     rs17035177                     1.     rs2274981                      Phenotype        0.646E-04 DA  0.151E+02  0.655E+01  0.904E-10  22_2  0.138E+02  0.250E-02  11_2  0.877E+00  0.595E-01  12_1  0.445E+00  0.270E+00  11_1 -0.753E-01  0.631E+00  22_1 -0.386E+01  0.165E-01  12_2 -0.529E+01  0.200E-01
1.     rs17035177                     1.     rs10911285                     Phenotype        0.456E-04 DA  0.162E+02  0.670E+01  0.358E-10  22_2  0.131E+02  0.250E-02  11_2  0.105E+01  0.545E-01  12_1  0.481E+00  0.273E+00  11_1 -0.847E-01  0.636E+00  22_1 -0.406E+01  0.165E-01  12_2 -0.659E+01  0.170E-01
1.     rs17035177                     1.     rs1487528                      Phenotype        0.420E-19 DA  0.184E+02  0.779E+01  0.171E-13  22_2  0.232E+02  0.350E-02  11_2  0.656E+00  0.112E+00  12_1  0.652E+00  0.242E+00  11_1 -0.126E+00  0.580E+00  12_2 -0.306E+01  0.480E-01  22_1 -0.535E+01  0.155E-01
1.     rs17035177                     1.     rs1487528                      Phenotype        0.420E-19 AD  0.134E+02  0.688E+01  0.107E-10  2_22  0.133E+02  0.500E-02  1_12  0.688E+00  0.239E+00  2_11  0.669E+00  0.114E+00  1_11 -0.130E+00  0.581E+00  2_12 -0.319E+01  0.450E-01  1_22 -0.491E+01  0.160E-01
1.     rs17035177                     1.     rs10925439                     Phenotype        0.132E-11 DA  0.143E+02  0.705E+01  0.341E-11  22_2  0.160E+02  0.400E-02  12_1  0.612E+00  0.238E+00  11_2  0.480E+00  0.147E+00  11_1 -0.128E+00  0.543E+00  12_2 -0.308E+01  0.520E-01  22_1 -0.457E+01  0.150E-01
1.     rs11204758                     1.     rs11803783                     Phenotype        0.453E-11 DD  0.186E+02  0.618E+01  0.931E-09 22_22  0.408E+02  0.100E-02 11_22  0.129E+01  0.270E-01 12_12  0.114E+01  0.115E+00 22_11  0.110E+01  0.290E-01 11_11  0.719E-01  0.406E+00 11_12 -0.285E+00  0.221E+00 12_11 -0.312E+00  0.177E+00 22_12 -0.580E+01  0.130E-01 12_22 -0.696E+01  0.110E-01
1.     rs11204758                     1.     rs337170                       Phenotype        0.163E-11 DD  0.185E+02  0.632E+01  0.397E-09 22_22  0.456E+02  0.100E-02 12_12  0.111E+01  0.113E+00 22_11  0.108E+01  0.260E-01 11_22  0.842E+00  0.400E-01 11_11  0.804E-01  0.397E+00 11_12 -0.271E+00  0.217E+00 12_11 -0.321E+00  0.177E+00 22_12 -0.419E+01  0.160E-01 12_22 -0.613E+01  0.130E-01
1.     rs11264902                     1.     rs16822576                     Phenotype        0.186E-10 DD  0.193E+02  0.658E+01  0.756E-10 22_22  0.485E+02  0.100E-02 11_22  0.236E+01  0.140E-01 12_12  0.134E+01  0.990E-01 22_11  0.543E+00  0.590E-01 11_11  0.962E-01  0.369E+00 12_11 -0.226E+00  0.280E+00 11_12 -0.482E+00  0.146E+00 22_12 -0.337E+01  0.200E-01 12_22 -0.618E+01  0.120E-01
1.     rs11803783                     1.     rs10911285                     Phenotype        0.922E-05 DA  0.114E+02  0.649E+01  0.136E-09  22_2  0.916E+01  0.500E-02  11_2  0.109E+01  0.465E-01  12_1  0.502E+00  0.327E+00  11_1 -0.145E+00  0.566E+00  22_1 -0.217E+01  0.340E-01  12_2 -0.460E+01  0.225E-01
1.     rs11803783                     1.     rs360073                       Phenotype        0.520E-12 DD  0.185E+02  0.648E+01  0.148E-09 22_22  0.480E+02  0.100E-02 22_11  0.147E+01  0.230E-01 12_12  0.907E+00  0.133E+00 11_22  0.877E+00  0.350E-01 11_11  0.754E-01  0.365E+00 11_12 -0.239E+00  0.212E+00 12_11 -0.306E+00  0.199E+00 12_22 -0.452E+01  0.170E-01 22_12 -0.491E+01  0.150E-01
1.     rs1051091                      1.     rs360073                       Phenotype        0.555E-11 DD  0.182E+02  0.632E+01  0.386E-09 22_22  0.478E+02  0.100E-02 22_11  0.187E+01  0.160E-01 12_12  0.916E+00  0.129E+00 11_22  0.836E+00  0.350E-01 11_11  0.742E-01  0.362E+00 11_12 -0.248E+00  0.216E+00 12_11 -0.287E+00  0.209E+00 12_22 -0.424E+01  0.170E-01 22_12 -0.455E+01  0.150E-01
1.     rs3813640                      1.     rs2274981                      Phenotype        0.494E-09 AA  0.943E+01  0.723E+01  0.976E-12   2_2  0.734E+01  0.111E-01   1_1  0.116E+00  0.803E+00   2_1 -0.804E+00  0.115E+00   1_2 -0.117E+01  0.709E-01
1.     rs3813640                      1.     rs10911285                     Phenotype        0.253E-09 AA  0.111E+02  0.766E+01  0.437E-13   2_2  0.891E+01  0.965E-02   1_1  0.112E+00  0.810E+00   2_1 -0.775E+00  0.116E+00   1_2 -0.134E+01  0.644E-01
1.     rs3813640                      1.     rs2808238                      Phenotype        0.348E-11 DD  0.191E+02  0.616E+01  0.103E-08 22_22  0.406E+02  0.100E-02 22_11  0.316E+01  0.120E-01 12_12  0.121E+01  0.940E-01 11_22  0.332E+00  0.910E-01 11_11  0.597E-01  0.333E+00 11_12 -0.143E+00  0.344E+00 12_11 -0.579E+00  0.910E-01 12_22 -0.192E+01  0.270E-01 22_12 -0.111E+02  0.700E-02
1.     rs16822576                     1.     rs7511784                      Phenotype        0.603E-10 DD  0.184E+02  0.626E+01  0.562E-09 22_22  0.451E+02  0.100E-02 22_11  0.218E+01  0.160E-01 12_12  0.113E+01  0.117E+00 11_22  0.332E+00  0.840E-01 11_11  0.750E-01  0.330E+00 11_12 -0.186E+00  0.294E+00 12_11 -0.442E+00  0.122E+00 12_22 -0.238E+01  0.260E-01 22_12 -0.763E+01  0.100E-01
1.     rs12749354                     1.     rs474181                       Phenotype        0.940E-11 DD  0.196E+02  0.684E+01  0.143E-10 22_11  0.499E+02  0.100E-02 22_22  0.325E+01  0.120E-01 12_12  0.104E+01  0.136E+00 11_11  0.367E+00  0.950E-01 11_22  0.858E-01  0.270E+00 11_12 -0.197E+00  0.321E+00 12_22 -0.475E+00  0.116E+00 12_11 -0.180E+01  0.380E-01 22_12 -0.774E+01  0.110E-01
------------------------------------------------------------------------------------------------------------------------------------------------------------------------------------------------------------------------------------------------------------------------------------------------------------------------------------------------------------------------------------------------------
 CPU TIME:   70.4375000000000     seconds
