  50 MOST SIGNIFICANT RESULTS OF PAIRWISE EPISTASIS ANALYSIS
======================================================================================================================================================================================================================================================================================================================================================================================================
I = interaction effect between the two SNP genotypes
AA = additive x additive effect, AD = additive x dominance effect, DA = dominance x additive effect, DD = dominance x dominance effect
P_I = p-value of two-locus marker genotypic effect
Test = effect type being tested
Effect = estimate of epistasis contrast, or esitmate of "AA", "AD", "DA", or "DD" effect
t-value = the t-value for the effect being tested
P_value = p-value of the effect being tested
Allele/Geno = coded marker allele_allele, allele_genotype, genotype_allele,or genotype_genotype combination
A/G_Effect = effect of coded marker allele_allele, allele_genotype, genotype_allele,or genotype_genotype combination - useful for identifying good or bad combination
A/G_Frequency = frequency of coded marker allele_allele, allele_genotype, genotype_allele,or genotype_genotype combination - useful for identifying rare allel or genotypic frequencies
------------------------------------------------------------------------------------------------------------------------------------------------------------------------------------------------------------------------------------------------------------------------------------------------------------------------------------------------------------------------------------------------------
Chr1  Locus1                          Chr2    Locus2                        Trait            P_I      Test    Effect   t-value   P_value  Allele/Geno A/G_Effect A/G_Frequency
------------------------------------------------------------------------------------------------------------------------------------------------------------------------------------------------------------------------------------------------------------------------------------------------------------------------------------------------------------------------------------------------------
1.     rs11589129                     1.     rs161995                       Phenotype        0.204E-01 DA  0.915E+01  0.562E+01  0.243E-07  22_2  0.578E+01  0.750E-02  11_2  0.113E+01  0.625E-01  12_1  0.641E+00  0.336E+00  11_1 -0.182E+00  0.512E+00  22_1 -0.229E+01  0.495E-01  12_2 -0.382E+01  0.335E-01
1.     rs12407564                     1.     rs161995                       Phenotype        0.155E-04 DA  0.119E+02  0.751E+01  0.132E-12  22_2  0.133E+02  0.700E-02  11_2  0.114E+01  0.560E-01  12_1  0.580E+00  0.324E+00  11_1 -0.266E+00  0.517E+00  22_1 -0.970E+00  0.550E-01  12_2 -0.349E+01  0.405E-01
1.     rs7521197                      1.     rs11161533                     Phenotype        0.139E-05 AA  0.204E+02  0.551E+01  0.453E-07   2_2  0.153E+02  0.738E-02   1_1  0.155E+00  0.891E+00   2_1 -0.238E+01  0.511E-01   1_2 -0.255E+01  0.506E-01
1.     rs11121424                     1.     rs2225875                      Phenotype        0.617E-10 DD  0.204E+02  0.588E+01  0.569E-08 22_22  0.458E+02  0.200E-02 22_11  0.184E+01  0.350E-01 12_12  0.153E+01  0.169E+00 11_22  0.119E+01  0.480E-01 11_11  0.169E+00  0.284E+00 11_12 -0.458E+00  0.227E+00 12_11 -0.548E+00  0.185E+00 12_22 -0.432E+01  0.310E-01 22_12 -0.800E+01  0.190E-01
1.     rs2359899                      1.     rs12091522                     Phenotype        0.260E-10 DD  0.207E+02  0.590E+01  0.496E-08 22_22  0.499E+02  0.200E-02 11_22  0.351E+01  0.150E-01 12_12  0.175E+01  0.144E+00 22_11  0.546E+00  0.118E+00 11_11  0.189E+00  0.221E+00 12_11 -0.284E+00  0.343E+00 11_12 -0.968E+00  0.970E-01 22_12 -0.303E+01  0.410E-01 12_22 -0.664E+01  0.190E-01
1.     rs1767887                      1.     rs161995                       Phenotype        0.889E+00 DA  0.145E+02  0.862E+01  0.268E-16  22_2  0.139E+02  0.700E-02  11_2  0.151E+01  0.590E-01  12_1  0.723E+00  0.329E+00  11_1 -0.256E+00  0.515E+00  22_1 -0.200E+01  0.520E-01  12_2 -0.497E+01  0.375E-01
1.     rs3767225                      1.     rs161995                       Phenotype        0.367E-01 DA  0.107E+02  0.694E+01  0.718E-11  22_2  0.991E+01  0.800E-02  11_2  0.169E+01  0.495E-01  12_1  0.276E+00  0.405E+00  11_1 -0.353E-01  0.410E+00  22_1 -0.119E+01  0.810E-01  12_2 -0.404E+01  0.460E-01
1.     rs3767225                      1.     rs161995                       Phenotype        0.367E-01 AA  0.582E+01  0.620E+01  0.821E-09   2_2  0.409E+01  0.291E-01   1_1  0.464E-01  0.611E+00   2_1 -0.106E+00  0.285E+00   1_2 -0.157E+01  0.744E-01
1.     rs1827293                      1.     rs161995                       Phenotype        0.615E-01 AA -0.623E+01  0.741E+01  0.267E-12   1_2  0.302E+01  0.491E-01   2_1  0.244E+00  0.458E+00   1_1 -0.257E+00  0.438E+00   2_2 -0.271E+01  0.544E-01
1.     rs10903034                     1.     rs161995                       Phenotype        0.248E+00 AA  0.477E+01  0.554E+01  0.379E-07   2_2  0.275E+01  0.414E-01   1_1  0.771E-01  0.510E+00   2_1 -0.101E+00  0.387E+00   1_2 -0.184E+01  0.621E-01
1.     rs9426351                      1.     rs2791706                      Phenotype        0.368E-11 DD  0.236E+02  0.608E+01  0.168E-08 22_11  0.450E+02  0.200E-02 22_22  0.712E+01  0.700E-02 12_12  0.227E+01  0.118E+00 11_11  0.598E+00  0.113E+00 11_22  0.176E+00  0.257E+00 11_12 -0.319E+00  0.363E+00 12_22 -0.124E+01  0.980E-01 12_11 -0.487E+01  0.290E-01 22_12 -0.989E+01  0.130E-01
1.     rs628347                       1.     rs161995                       Phenotype        0.634E+00 AA -0.501E+01  0.597E+01  0.332E-08   1_2  0.182E+01  0.597E-01   2_1  0.388E+00  0.396E+00   1_1 -0.306E+00  0.500E+00   2_2 -0.250E+01  0.438E-01
1.     rs1542886                      1.     rs161995                       Phenotype        0.266E+00 DA  0.812E+01  0.674E+01  0.270E-10  11_2  0.493E+01  0.220E-01  22_2  0.363E+01  0.245E-01  12_1  0.194E+00  0.450E+00  11_1 -0.994E-01  0.204E+00  22_1 -0.268E+00  0.242E+00  12_2 -0.346E+01  0.570E-01
1.     rs272561                       1.     rs6676050                      Phenotype        0.118E-10 DD  0.230E+02  0.558E+01  0.306E-07 22_22  0.355E+02  0.200E-02 11_22  0.739E+01  0.700E-02 12_12  0.226E+01  0.960E-01 22_11  0.756E+00  0.710E-01 11_11  0.205E+00  0.392E+00 12_11 -0.471E+00  0.295E+00 11_12 -0.137E+01  0.103E+00 22_12 -0.555E+01  0.240E-01 12_22 -0.121E+02  0.100E-01
1.     rs10890510                     1.     rs161995                       Phenotype        0.782E-04 AA  0.612E+01  0.681E+01  0.165E-10   2_2  0.321E+01  0.342E-01   1_1  0.361E+00  0.645E+00   2_1 -0.911E+00  0.251E+00   1_2 -0.164E+01  0.693E-01
1.     rs1022265                      1.     rs161995                       Phenotype        0.565E-01 DA  0.836E+01  0.620E+01  0.835E-09  22_2  0.531E+01  0.125E-01  11_2  0.131E+01  0.515E-01  12_1  0.665E+00  0.380E+00  11_1 -0.303E+00  0.430E+00  22_1 -0.132E+01  0.865E-01  12_2 -0.358E+01  0.395E-01
1.     rs4492587                      1.     rs161995                       Phenotype        0.144E+00 DA  0.885E+01  0.693E+01  0.747E-11  11_2  0.743E+01  0.140E-01  22_2  0.244E+01  0.355E-01  12_1  0.224E+00  0.427E+00  22_1 -0.188E+00  0.334E+00  11_1 -0.249E+00  0.136E+00  12_2 -0.347E+01  0.540E-01
1.     rs1416313                      1.     rs12755958                     Phenotype        0.172E-08 AD -0.258E+02  0.580E+01  0.912E-08  1_22  0.297E+02  0.300E-02  2_12  0.143E+01  0.106E+00  1_11  0.213E+00  0.347E+00  2_11 -0.155E+00  0.461E+00  1_12 -0.212E+01  0.775E-01  2_22 -0.143E+02  0.600E-02
1.     rs1556805                      1.     rs161995                       Phenotype        0.545E-01 DA  0.662E+01  0.556E+01  0.338E-07  11_2  0.334E+01  0.245E-01  22_2  0.308E+01  0.255E-01  12_1  0.206E+00  0.436E+00  11_1 -0.189E+00  0.225E+00  22_1 -0.196E+00  0.234E+00  12_2 -0.302E+01  0.535E-01
1.     rs7530537                      1.     rs16832153                     Phenotype        0.987E-06 DD -0.445E+02  0.571E+01  0.146E-07 22_12  0.688E+02  0.100E-02 12_22  0.431E+01  0.160E-01 12_11  0.504E+00  0.103E+00 11_12  0.165E+00  0.307E+00 11_11 -0.588E-01  0.410E+00 11_22 -0.345E+00  0.740E-01 12_12 -0.131E+01  0.810E-01 22_11 -0.605E+01  0.500E-02 22_22 -0.188E+02  0.300E-02
1.     rs1926282                      1.     rs161995                       Phenotype        0.144E+00 AA -0.537E+01  0.639E+01  0.252E-09   1_2  0.267E+01  0.482E-01   2_1  0.186E+00  0.464E+00   1_1 -0.201E+00  0.433E+00   2_2 -0.231E+01  0.553E-01
1.     rs10782588                     1.     rs161995                       Phenotype        0.498E+00 DA  0.105E+02  0.609E+01  0.157E-08  11_2  0.941E+01  0.700E-02  22_2  0.109E+01  0.615E-01  12_1  0.626E+00  0.311E+00  22_1 -0.208E+00  0.535E+00  11_1 -0.164E+01  0.500E-01  12_2 -0.369E+01  0.350E-01
1.     rs1006597                      1.     rs161995                       Phenotype        0.702E+00 DA  0.124E+02  0.789E+01  0.821E-14  22_2  0.743E+01  0.900E-02  11_2  0.144E+01  0.620E-01  12_1  0.977E+00  0.341E+00  11_1 -0.319E+00  0.507E+00  22_1 -0.317E+01  0.490E-01  12_2 -0.529E+01  0.325E-01
1.     rs6593684                      1.     rs161995                       Phenotype        0.738E+00 DA  0.103E+02  0.771E+01  0.313E-13  22_2  0.108E+02  0.140E-01  12_1  0.267E+01  0.274E+00  22_1  0.103E+01  0.340E-01  11_2 -0.392E+00  0.380E-01  11_1 -0.128E+01  0.589E+00  12_2 -0.234E+01  0.515E-01
1.     rs6593684                      1.     rs6674171                      Phenotype        0.593E-11 DA  0.116E+02  0.559E+01  0.301E-07  22_2  0.109E+02  0.105E-01  12_1  0.925E+00  0.251E+00  11_2  0.786E+00  0.144E+00  11_1 -0.237E+00  0.482E+00  22_1 -0.301E+01  0.375E-01  12_2 -0.325E+01  0.740E-01
1.     rs161995                       1.     rs1336794                      Phenotype        0.491E+00 AD  0.916E+01  0.591E+01  0.460E-08  2_22  0.101E+02  0.850E-02  2_11  0.773E+00  0.540E-01  1_12  0.732E+00  0.309E+00  1_22 -0.160E+00  0.565E-01  1_11 -0.406E+00  0.531E+00  2_12 -0.273E+01  0.410E-01
1.     rs161995                       1.     rs2491602                      Phenotype        0.134E+00 AD -0.764E+01  0.617E+01  0.998E-09  2_12  0.370E+01  0.460E-01  1_11  0.212E+00  0.296E+00  1_22  0.876E-01  0.156E+00  1_12 -0.169E+00  0.444E+00  2_11 -0.205E+01  0.385E-01  2_22 -0.521E+01  0.190E-01
1.     rs161995                       1.     rs2459328                      Phenotype        0.493E+00 AD -0.701E+01  0.565E+01  0.204E-07  2_12  0.348E+01  0.455E-01  1_11  0.174E+00  0.283E+00  1_12 -0.673E-01  0.454E+00  1_22 -0.951E-01  0.158E+00  2_11 -0.190E+01  0.385E-01  2_22 -0.495E+01  0.195E-01
1.     rs161995                       1.     rs1036959                      Phenotype        0.976E+00 AA  0.752E+01  0.567E+01  0.186E-07   2_2  0.615E+01  0.134E-01   1_1  0.648E-01  0.768E+00   1_2 -0.385E+00  0.129E+00   2_1 -0.918E+00  0.901E-01
1.     rs161995                       1.     rs2137400                      Phenotype        0.866E-01 AA -0.613E+01  0.659E+01  0.694E-10   2_1  0.390E+01  0.360E-01   1_2  0.593E-01  0.544E+00   1_1 -0.933E-01  0.352E+00   2_2 -0.207E+01  0.675E-01
1.     rs161995                       1.     rs2137400                      Phenotype        0.866E-01 AD  0.749E+01  0.580E+01  0.900E-08  2_11  0.303E+01  0.155E-01  2_22  0.209E+01  0.430E-01  1_12  0.532E+00  0.441E+00  1_22 -0.227E+00  0.326E+00  1_11 -0.121E+01  0.130E+00  2_12 -0.368E+01  0.450E-01
1.     rs161995                       1.     rs12568028                     Phenotype        0.954E+00 AA  0.102E+02  0.622E+01  0.734E-09   2_2  0.777E+01  0.100E-01   1_1  0.134E+00  0.822E+00   2_1 -0.842E+00  0.935E-01   1_2 -0.146E+01  0.750E-01
1.     rs161995                       1.     rs390718                       Phenotype        0.394E-01 AA  0.554E+01  0.586E+01  0.641E-08   2_2  0.365E+01  0.311E-01   1_1  0.104E+00  0.608E+00   1_2 -0.220E+00  0.288E+00   2_1 -0.156E+01  0.724E-01
1.     rs161995                       1.     rs4652232                      Phenotype        0.118E-01 AA  0.494E+01  0.557E+01  0.320E-07   2_2  0.275E+01  0.394E-01   1_1  0.188E+00  0.553E+00   1_2 -0.304E+00  0.343E+00   2_1 -0.169E+01  0.641E-01
1.     rs161995                       1.     rs6689426                      Phenotype        0.778E-01 AA  0.523E+01  0.647E+01  0.158E-09   2_2  0.344E+01  0.354E-01   1_2  0.792E-02  0.353E+00   1_1 -0.217E-02  0.543E+00   2_1 -0.181E+01  0.681E-01
1.     rs161995                       1.     rs12035247                     Phenotype        0.430E+00 AA  0.479E+01  0.617E+01  0.100E-08   2_2  0.311E+01  0.385E-01   1_2  0.110E+00  0.395E+00   1_1 -0.827E-01  0.502E+00   2_1 -0.187E+01  0.650E-01
1.     rs161995                       1.     rs2027075                      Phenotype        0.519E-01 AD  0.133E+02  0.108E+02  0.719E-25  2_11  0.777E+01  0.180E-01  2_22  0.392E+01  0.375E-01  1_12  0.721E+00  0.426E+00  1_22 -0.456E+00  0.316E+00  1_11 -0.105E+01  0.155E+00  2_12 -0.600E+01  0.480E-01
1.     rs161995                       1.     rs10911456                     Phenotype        0.169E-03 AA -0.468E+01  0.551E+01  0.467E-07   2_1  0.203E+01  0.514E-01   1_2  0.309E+00  0.465E+00   1_1 -0.331E+00  0.431E+00   2_2 -0.202E+01  0.521E-01
1.     rs161995                       1.     rs4372256                      Phenotype        0.153E-01 AA  0.592E+01  0.566E+01  0.195E-07   2_2  0.455E+01  0.223E-01   1_1  0.223E-01  0.669E+00   1_2 -0.511E-01  0.227E+00   2_1 -0.129E+01  0.812E-01
1.     rs161995                       1.     rs4950810                      Phenotype        0.928E+00 AA  0.675E+01  0.724E+01  0.902E-12   2_2  0.480E+01  0.312E-01   1_2  0.115E+00  0.341E+00   1_1 -0.627E-01  0.555E+00   2_1 -0.213E+01  0.723E-01
1.     rs161995                       1.     rs1538365                      Phenotype        0.105E+00 AD  0.909E+01  0.735E+01  0.413E-12  2_22  0.449E+01  0.200E-01  2_11  0.172E+01  0.405E-01  1_12  0.914E+00  0.431E+00  1_11 -0.664E+00  0.345E+00  1_22 -0.121E+01  0.120E+00  2_12 -0.413E+01  0.430E-01
1.     rs161995                       1.     rs11589                        Phenotype        0.286E+00 AA  0.582E+01  0.629E+01  0.461E-09   2_2  0.387E+01  0.288E-01   1_1  0.135E+00  0.638E+00   1_2 -0.332E+00  0.259E+00   2_1 -0.149E+01  0.747E-01
1.     rs161995                       1.     rs2791706                      Phenotype        0.908E+00 AA -0.871E+01  0.948E+01  0.183E-19   2_1  0.510E+01  0.382E-01   1_2  0.250E+00  0.544E+00   1_1 -0.388E+00  0.353E+00   2_2 -0.297E+01  0.653E-01
1.     rs161995                       1.     rs2073486                      Phenotype        0.819E+00 AA  0.676E+01  0.723E+01  0.974E-12   2_2  0.317E+01  0.403E-01   1_1  0.477E+00  0.604E+00   1_2 -0.959E+00  0.292E+00   2_1 -0.216E+01  0.632E-01
1.     rs161995                       1.     rs7518953                      Phenotype        0.179E-02 AD  0.758E+01  0.596E+01  0.353E-08  2_22  0.593E+01  0.125E-01  2_11  0.224E+01  0.395E-01  1_12  0.167E+00  0.412E+00  1_11 -0.798E-01  0.357E+00  1_22 -0.312E+00  0.128E+00  2_12 -0.314E+01  0.515E-01
1.     rs161995                       1.     rs584639                       Phenotype        0.759E-01 AD -0.108E+02  0.912E+01  0.424E-18  2_12  0.479E+01  0.515E-01  1_11  0.744E+00  0.219E+00  1_22  0.417E+00  0.236E+00  1_12 -0.589E+00  0.442E+00  2_11 -0.439E+01  0.270E-01  2_22 -0.531E+01  0.250E-01
1.     rs161995                       1.     rs684818                       Phenotype        0.693E+00 AA  0.705E+01  0.797E+01  0.442E-14   2_2  0.361E+01  0.460E-01   1_1  0.256E+00  0.482E+00   1_2 -0.298E+00  0.414E+00   2_1 -0.288E+01  0.575E-01
1.     rs161995                       1.     rs2297965                      Phenotype        0.953E+00 AA -0.482E+01  0.579E+01  0.964E-08   2_1  0.244E+01  0.433E-01   1_2  0.251E+00  0.532E+00   1_1 -0.366E+00  0.365E+00   2_2 -0.176E+01  0.602E-01
1.     rs161995                       1.     rs12722764                     Phenotype        0.125E-02 AA  0.560E+01  0.611E+01  0.142E-08   2_2  0.366E+01  0.276E-01   1_1  0.159E+00  0.659E+00   1_2 -0.442E+00  0.237E+00   2_1 -0.133E+01  0.759E-01
1.     rs161995                       1.     rs953247                       Phenotype        0.430E+00 AA  0.956E+01  0.732E+01  0.505E-12   2_2  0.859E+01  0.131E-01   1_2  0.272E+00  0.173E+00   1_1 -0.578E-01  0.723E+00   2_1 -0.130E+01  0.904E-01
------------------------------------------------------------------------------------------------------------------------------------------------------------------------------------------------------------------------------------------------------------------------------------------------------------------------------------------------------------------------------------------------------
 CPU TIME:   73.6406250000000     seconds
