  50 MOST SIGNIFICANT RESULTS OF PAIRWISE EPISTASIS ANALYSIS
======================================================================================================================================================================================================================================================================================================================================================================================================
I = interaction effect between the two SNP genotypes
AA = additive x additive effect, AD = additive x dominance effect, DA = dominance x additive effect, DD = dominance x dominance effect
P_I = p-value of two-locus marker genotypic effect
Test = effect type being tested
Effect = estimate of epistasis contrast, or esitmate of "AA", "AD", "DA", or "DD" effect
t-value = the t-value for the effect being tested
P_value = p-value of the effect being tested
Allele/Geno = coded marker allele_allele, allele_genotype, genotype_allele,or genotype_genotype combination
A/G_Effect = effect of coded marker allele_allele, allele_genotype, genotype_allele,or genotype_genotype combination - useful for identifying good or bad combination
A/G_Frequency = frequency of coded marker allele_allele, allele_genotype, genotype_allele,or genotype_genotype combination - useful for identifying rare allel or genotypic frequencies
------------------------------------------------------------------------------------------------------------------------------------------------------------------------------------------------------------------------------------------------------------------------------------------------------------------------------------------------------------------------------------------------------
Chr1  Locus1                          Chr2    Locus2                        Trait            P_I      Test    Effect   t-value   P_value  Allele/Geno A/G_Effect A/G_Frequency
------------------------------------------------------------------------------------------------------------------------------------------------------------------------------------------------------------------------------------------------------------------------------------------------------------------------------------------------------------------------------------------------------
1.     rs3934834                      1.     rs2249590                      Phenotype        0.319E-03 AD -0.921E+00  0.449E+01  0.783E-05  2_12  0.375E+00  0.840E-01  1_22  0.885E-01  0.180E+00  1_11  0.633E-01  0.241E+00  1_12 -0.757E-01  0.414E+00  2_11 -0.340E+00  0.450E-01  2_22 -0.450E+00  0.355E-01
1.     rs9661525                      1.     rs12757147                     Phenotype        0.776E-05 DD  0.250E+01  0.470E+01  0.302E-05 22_22  0.693E+01  0.100E-02 22_11  0.292E+00  0.230E-01 12_12  0.146E+00  0.143E+00 11_22  0.113E+00  0.330E-01 11_11  0.133E-01  0.341E+00 11_12 -0.492E-01  0.207E+00 12_11 -0.522E-01  0.205E+00 12_22 -0.383E+00  0.270E-01 22_12 -0.542E+00  0.200E-01
1.     rs9661525                      1.     rs1768673                      Phenotype        0.157E-05 DD  0.234E+01  0.453E+01  0.650E-05 22_11  0.241E+01  0.200E-02 12_12  0.267E+00  0.116E+00 22_22  0.218E+00  0.330E-01 11_11  0.216E+00  0.310E-01 11_22  0.156E-01  0.374E+00 12_22 -0.511E-01  0.246E+00 11_12 -0.716E-01  0.176E+00 12_11 -0.960E+00  0.130E-01 22_12 -0.164E+01  0.900E-02
1.     rs10797380                     1.     rs1573996                      Phenotype        0.706E-05 AA -0.738E+00  0.440E+01  0.122E-04   1_2  0.438E+00  0.475E-01   2_1  0.355E-01  0.531E+00   1_1 -0.605E-01  0.322E+00   2_2 -0.203E+00  0.995E-01
1.     rs424723                       1.     rs12563277                     Phenotype        0.696E-03 DD  0.165E+01  0.419E+01  0.308E-04 22_22  0.256E+01  0.300E-02 11_22  0.460E+00  0.170E-01 12_12  0.189E+00  0.161E+00 22_11  0.831E-01  0.880E-01 11_11  0.274E-01  0.266E+00 12_11 -0.525E-01  0.289E+00 11_12 -0.129E+00  0.121E+00 22_12 -0.446E+00  0.340E-01 12_22 -0.740E+00  0.210E-01
1.     rs709188                       1.     rs648091                       Phenotype        0.134E-02 DA -0.821E+00  0.416E+01  0.340E-04  22_1  0.311E+00  0.470E-01  12_2  0.238E+00  0.129E+00  11_1  0.424E-01  0.344E+00  12_1 -0.965E-01  0.299E+00  11_2 -0.106E+00  0.152E+00  22_2 -0.514E+00  0.290E-01
1.     rs2076492                      1.     rs12068365                     Phenotype        0.125E-02 AD  0.331E+01  0.426E+01  0.224E-04  2_22  0.347E+01  0.150E-02  1_12  0.165E+00  0.800E-01  2_11  0.330E-01  0.208E+00  1_11 -0.101E-01  0.684E+00  2_12 -0.602E+00  0.220E-01  1_22 -0.156E+01  0.350E-02
1.     rs2076492                      1.     rs6664387                      Phenotype        0.125E-02 AD  0.331E+01  0.426E+01  0.224E-04  2_22  0.347E+01  0.150E-02  1_12  0.165E+00  0.800E-01  2_11  0.330E-01  0.208E+00  1_11 -0.101E-01  0.684E+00  2_12 -0.602E+00  0.220E-01  1_22 -0.156E+01  0.350E-02
1.     rs12062396                     1.     rs1573996                      Phenotype        0.511E-03 DD  0.277E+01  0.434E+01  0.154E-04 22_22  0.498E+01  0.100E-02 11_22  0.373E+00  0.130E-01 12_12  0.247E+00  0.780E-01 22_11  0.187E+00  0.260E-01 11_11  0.960E-02  0.456E+00 12_11 -0.370E-01  0.247E+00 11_12 -0.574E-01  0.161E+00 22_12 -0.108E+01  0.900E-02 12_22 -0.111E+01  0.900E-02
1.     rs921893                       1.     rs2494066                      Phenotype        0.198E-03 DD  0.238E+01  0.456E+01  0.572E-05 22_11  0.684E+01  0.100E-02 12_12  0.156E+00  0.135E+00 22_22  0.154E+00  0.290E-01 11_11  0.117E+00  0.460E-01 11_22  0.151E-01  0.306E+00 11_12 -0.392E-01  0.265E+00 12_22 -0.599E-01  0.161E+00 12_11 -0.382E+00  0.320E-01 22_12 -0.400E+00  0.250E-01
1.     rs17257252                     1.     rs595055                       Phenotype        0.766E-05 AD  0.133E+01  0.485E+01  0.146E-05  2_11  0.132E+01  0.850E-02  1_12  0.102E+00  0.223E+00  2_22  0.705E-01  0.162E+00  1_22 -0.225E-01  0.508E+00  2_12 -0.328E+00  0.700E-01  1_11 -0.393E+00  0.285E-01
1.     rs379605                       1.     rs4927017                      Phenotype        0.223E-04 DA -0.892E+00  0.444E+01  0.992E-05  12_2  0.360E+00  0.865E-01  11_1  0.116E+00  0.137E+00  22_1  0.549E-01  0.285E+00  12_1 -0.798E-01  0.397E+00  22_2 -0.246E+00  0.625E-01  11_2 -0.488E+00  0.325E-01
1.     rs10753257                     1.     rs4646491                      Phenotype        0.810E-03 DA  0.102E+01  0.415E+01  0.359E-04  11_2  0.712E+00  0.170E-01  22_2  0.219E+00  0.625E-01  12_1  0.643E-01  0.397E+00  22_1 -0.386E-01  0.341E+00  11_1 -0.105E+00  0.118E+00  12_2 -0.419E+00  0.645E-01
1.     rs10753257                     1.     rs454107                       Phenotype        0.378E-03 AA -0.927E+00  0.413E+01  0.390E-04   1_2  0.546E+00  0.248E-01   2_1  0.230E-01  0.592E+00   1_1 -0.399E-01  0.341E+00   2_2 -0.318E+00  0.427E-01
1.     rs2271933                      1.     rs1768673                      Phenotype        0.136E-03 DD  0.226E+01  0.437E+01  0.137E-04 11_11  0.664E+01  0.100E-02 22_11  0.258E+00  0.190E-01 12_12  0.123E+00  0.144E+00 11_22  0.455E-01  0.900E-01 22_22  0.109E-01  0.270E+00 12_22 -0.235E-01  0.293E+00 22_12 -0.651E-01  0.118E+00 11_12 -0.206E+00  0.390E-01 12_11 -0.505E+00  0.260E-01
1.     rs595055                       1.     rs11581537                     Phenotype        0.262E-03 DA  0.129E+01  0.455E+01  0.595E-05  11_2  0.139E+01  0.850E-02  12_1  0.110E+00  0.202E+00  22_2  0.550E-01  0.201E+00  22_1 -0.241E-01  0.469E+00  12_2 -0.243E+00  0.915E-01  11_1 -0.408E+00  0.285E-01
1.     rs595055                       1.     rs1573185                      Phenotype        0.234E-05 DD -0.171E+01  0.439E+01  0.124E-04 11_12  0.984E+00  0.170E-01 12_11  0.571E+00  0.270E-01 12_22  0.112E+00  0.147E+00 22_12  0.579E-01  0.283E+00 22_22 -0.250E-01  0.322E+00 22_11 -0.128E+00  0.650E-01 12_12 -0.273E+00  0.119E+00 11_22 -0.617E+00  0.150E-01 11_11 -0.153E+01  0.500E-02
1.     rs731862                       1.     rs11161620                     Phenotype        0.230E-03 AD -0.988E+00  0.444E+01  0.987E-05  1_22  0.315E+00  0.460E-01  2_12  0.267E+00  0.103E+00  1_11  0.301E-01  0.418E+00  2_11 -0.937E-01  0.143E+00  1_12 -0.961E-01  0.274E+00  2_22 -0.811E+00  0.170E-01
1.     rs11211606                     1.     rs10157829                     Phenotype        0.160E-04 DD  0.130E+01  0.454E+01  0.627E-05 22_11  0.880E+00  0.140E-01 22_22  0.725E+00  0.170E-01 12_12  0.242E+00  0.179E+00 11_22  0.884E-01  0.980E-01 11_11  0.794E-01  0.168E+00 11_12 -0.631E-01  0.315E+00 12_11 -0.210E+00  0.102E+00 12_22 -0.294E+00  0.700E-01 22_12 -0.655E+00  0.370E-01
1.     rs11206618                     1.     rs1507350                      Phenotype        0.158E-02 AA  0.549E+00  0.415E+01  0.353E-04   2_2  0.263E+00  0.876E-01   1_1  0.508E-01  0.465E+00   2_1 -0.781E-01  0.298E+00   1_2 -0.157E+00  0.149E+00
1.     rs11206618                     1.     rs6688376                      Phenotype        0.140E-04 DA  0.690E+00  0.415E+01  0.358E-04  22_2  0.376E+00  0.480E-01  11_2  0.129E+00  0.144E+00  12_1  0.119E+00  0.291E+00  11_1 -0.745E-01  0.238E+00  22_1 -0.175E+00  0.106E+00  12_2 -0.194E+00  0.173E+00
1.     rs12081053                     1.     rs12025922                     Phenotype        0.320E-04 DA  0.140E+01  0.466E+01  0.359E-05  11_2  0.136E+01  0.800E-02  12_1  0.112E+00  0.197E+00  22_2  0.618E-01  0.181E+00  22_1 -0.214E-01  0.524E+00  12_2 -0.330E+00  0.670E-01  11_1 -0.474E+00  0.230E-01
1.     rs12081053                     1.     rs7355113                      Phenotype        0.190E-04 AD -0.208E+01  0.448E+01  0.827E-05  1_22  0.266E+01  0.300E-02  1_11  0.804E-01  0.119E+00  2_12  0.787E-01  0.224E+00  2_11 -0.170E-01  0.591E+00  2_22 -0.353E+00  0.220E-01  1_12 -0.448E+00  0.410E-01
1.     rs746937                       1.     rs1938348                      Phenotype        0.378E-03 DA -0.764E+00  0.427E+01  0.211E-04  12_2  0.272E+00  0.123E+00  22_1  0.127E+00  0.136E+00  11_1  0.678E-01  0.246E+00  12_1 -0.899E-01  0.376E+00  11_2 -0.228E+00  0.740E-01  22_2 -0.382E+00  0.440E-01
1.     rs6699815                      1.     rs10912921                     Phenotype        0.119E-04 DD  0.175E+01  0.422E+01  0.272E-04 22_22  0.456E+01  0.200E-02 11_22  0.187E+00  0.240E-01 12_12  0.125E+00  0.153E+00 22_11  0.553E-01  0.780E-01 11_11  0.188E-01  0.262E+00 12_11 -0.340E-01  0.285E+00 11_12 -0.708E-01  0.126E+00 22_12 -0.237E+00  0.460E-01 12_22 -0.503E+00  0.240E-01
1.     rs298142                       1.     rs2841633                      Phenotype        0.532E-03 DA  0.110E+01  0.425E+01  0.235E-04  22_2  0.421E+00  0.295E-01  12_1  0.282E+00  0.820E-01  11_2  0.226E-01  0.480E+00  11_1 -0.640E-01  0.155E+00  12_2 -0.968E-01  0.239E+00  22_1 -0.937E+00  0.135E-01
1.     rs10873894                     1.     rs17113507                     Phenotype        0.610E-03 AA  0.687E+00  0.422E+01  0.268E-04   2_2  0.262E+00  0.725E-01   1_1  0.501E-01  0.378E+00   2_1 -0.384E-01  0.493E+00   1_2 -0.337E+00  0.565E-01
1.     rs2812452                      1.     rs17359359                     Phenotype        0.425E-04 DD  0.267E+01  0.450E+01  0.760E-05 22_22  0.552E+01  0.100E-02 11_22  0.573E+00  0.900E-02 12_12  0.188E+00  0.116E+00 22_11  0.801E-01  0.700E-01 11_11  0.144E-01  0.367E+00 12_11 -0.389E-01  0.290E+00 11_12 -0.870E-01  0.120E+00 22_12 -0.656E+00  0.170E-01 12_22 -0.108E+01  0.100E-01
1.     rs1554597                      1.     rs6697119                      Phenotype        0.842E-03 AD  0.148E+01  0.419E+01  0.305E-04  2_22  0.157E+01  0.650E-02  1_12  0.134E+00  0.152E+00  2_11  0.357E-01  0.293E+00  1_11 -0.250E-01  0.424E+00  2_12 -0.190E+00  0.110E+00  1_22 -0.678E+00  0.145E-01
1.     rs6660167                      1.     rs16859769                     Phenotype        0.247E-03 DD  0.234E+01  0.419E+01  0.302E-04 22_22  0.598E+01  0.100E-02 11_22  0.219E+00  0.220E-01 12_12  0.168E+00  0.105E+00 22_11  0.765E-01  0.570E-01 11_11  0.106E-01  0.355E+00 12_11 -0.306E-01  0.262E+00 11_12 -0.466E-01  0.162E+00 22_12 -0.397E+00  0.220E-01 12_22 -0.732E+00  0.140E-01
1.     rs4415625                      1.     rs7512040                      Phenotype        0.410E-05 AA -0.880E+00  0.518E+01  0.262E-06   2_1  0.351E+00  0.790E-01   1_2  0.156E+00  0.188E+00   1_1 -0.477E-01  0.653E+00   2_2 -0.326E+00  0.795E-01
1.     rs4264037                      1.     rs1384168                      Phenotype        0.584E-03 AA  0.585E+00  0.433E+01  0.162E-04   2_2  0.319E+00  0.736E-01   1_1  0.449E-01  0.506E+00   2_1 -0.105E+00  0.222E+00   1_2 -0.116E+00  0.198E+00
1.     rs4264037                      1.     rs6688376                      Phenotype        0.166E-04 DA  0.768E+00  0.416E+01  0.353E-04  22_2  0.455E+00  0.355E-01  12_1  0.118E+00  0.262E+00  11_2  0.836E-01  0.183E+00  11_1 -0.495E-01  0.317E+00  12_2 -0.216E+00  0.146E+00  22_1 -0.281E+00  0.555E-01
1.     rs12567858                     1.     rs9726970                      Phenotype        0.870E-04 AD  0.904E+00  0.496E+01  0.849E-06  2_22  0.450E+00  0.470E-01  2_11  0.204E+00  0.810E-01  1_12  0.101E+00  0.365E+00  1_11 -0.619E-01  0.285E+00  1_22 -0.177E+00  0.115E+00  2_12 -0.357E+00  0.108E+00
1.     rs2494066                      1.     rs316840                       Phenotype        0.542E-03 DD  0.114E+01  0.424E+01  0.243E-04 11_11  0.816E+00  0.140E-01 11_22  0.417E+00  0.270E-01 12_12  0.225E+00  0.206E+00 22_11  0.119E+00  0.890E-01 22_22  0.746E-01  0.165E+00 22_12 -0.961E-01  0.242E+00 12_22 -0.172E+00  0.134E+00 12_11 -0.264E+00  0.850E-01 11_12 -0.590E+00  0.380E-01
1.     rs454107                       1.     rs1954369                      Phenotype        0.114E-02 DD -0.577E+01  0.427E+01  0.210E-04 22_12  0.487E+01  0.100E-02 12_11  0.424E+01  0.100E-02 12_22  0.213E-01  0.920E-01 11_12  0.107E-01  0.257E+00 11_22 -0.228E-02  0.587E+00 11_11 -0.730E-01  0.250E-01 12_12 -0.138E+00  0.340E-01 22_22 -0.115E+01  0.200E-02 22_11 -0.304E+01  0.100E-02
1.     rs11102112                     1.     rs12068365                     Phenotype        0.242E-03 DD -0.448E+01  0.425E+01  0.236E-04 12_22  0.618E+01  0.100E-02 22_12  0.369E+00  0.900E-02 12_11  0.495E-02  0.410E+00 11_11  0.296E-02  0.351E+00 11_12 -0.953E-02  0.470E-01 12_12 -0.270E-01  0.460E-01 22_11 -0.292E-01  0.132E+00 22_22 -0.145E+01  0.300E-02 11_22 -0.326E+01  0.100E-02
1.     rs11102112                     1.     rs6664387                      Phenotype        0.242E-03 DD -0.448E+01  0.425E+01  0.236E-04 12_22  0.618E+01  0.100E-02 22_12  0.369E+00  0.900E-02 12_11  0.495E-02  0.410E+00 11_11  0.296E-02  0.351E+00 11_12 -0.953E-02  0.470E-01 12_12 -0.270E-01  0.460E-01 22_11 -0.292E-01  0.132E+00 22_22 -0.145E+01  0.300E-02 11_22 -0.326E+01  0.100E-02
1.     rs3128365                      1.     rs7547487                      Phenotype        0.228E-03 AA  0.550E+00  0.432E+01  0.171E-04   2_2  0.265E+00  0.943E-01   1_1  0.531E-01  0.472E+00   1_2 -0.106E+00  0.236E+00   2_1 -0.126E+00  0.198E+00
1.     rs10754330                     1.     rs2989946                      Phenotype        0.658E-03 DA  0.776E+00  0.433E+01  0.167E-04  22_2  0.416E+00  0.445E-01  11_2  0.137E+00  0.138E+00  12_1  0.123E+00  0.303E+00  11_1 -0.706E-01  0.267E+00  22_1 -0.205E+00  0.905E-01  12_2 -0.239E+00  0.157E+00
1.     rs10908710                     1.     rs10798741                     Phenotype        0.423E-03 AA  0.494E+00  0.419E+01  0.305E-04   2_2  0.187E+00  0.137E+00   1_1  0.714E-01  0.357E+00   2_1 -0.725E-01  0.345E+00   1_2 -0.163E+00  0.161E+00
1.     rs1446975                      1.     rs12568690                     Phenotype        0.741E-03 DD  0.280E+01  0.433E+01  0.164E-04 11_22  0.495E+01  0.100E-02 22_22  0.944E+00  0.500E-02 12_12  0.206E+00  0.900E-01 11_11  0.351E-01  0.133E+00 22_11  0.138E-01  0.313E+00 12_11 -0.239E-01  0.367E+00 22_12 -0.151E+00  0.620E-01 11_12 -0.418E+00  0.230E-01 12_22 -0.162E+01  0.600E-02
1.     rs4656685                      1.     rs9659850                      Phenotype        0.159E-04 DA -0.118E+01  0.414E+01  0.374E-04  12_2  0.381E+00  0.540E-01  22_1  0.193E+00  0.520E-01  11_1  0.221E-01  0.477E+00  12_1 -0.629E-01  0.327E+00  11_2 -0.130E+00  0.810E-01  22_2 -0.113E+01  0.900E-02
1.     rs11576706                     1.     rs7538550                      Phenotype        0.100E-03 AA  0.621E+00  0.444E+01  0.102E-04   2_2  0.327E+00  0.727E-01   1_1  0.433E-01  0.543E+00   2_1 -0.107E+00  0.221E+00   1_2 -0.145E+00  0.164E+00
1.     rs12119710                     1.     rs1892490                      Phenotype        0.160E-03 DD -0.506E+01  0.426E+01  0.222E-04 12_22  0.618E+01  0.100E-02 22_12  0.110E+01  0.300E-02 12_11  0.574E-01  0.560E-01 11_12  0.117E-01  0.320E+00 11_11 -0.353E-02  0.526E+00 11_22 -0.394E-01  0.460E-01 12_12 -0.219E+00  0.460E-01 22_11 -0.166E+01  0.100E-02 22_22 -0.297E+01  0.100E-02
1.     rs6697326                      1.     rs9425336                      Phenotype        0.415E-04 AA -0.828E+00  0.437E+01  0.138E-04   2_1  0.377E+00  0.643E-01   1_2  0.322E+00  0.933E-01   1_1 -0.617E-01  0.425E+00   2_2 -0.672E-01  0.418E+00
1.     rs1327867                      1.     rs12568690                     Phenotype        0.119E-02 DA  0.240E+01  0.449E+01  0.795E-05  22_2  0.269E+01  0.250E-02  11_2  0.120E+00  0.720E-01  12_1  0.649E-01  0.259E+00  11_1 -0.136E-01  0.627E+00  22_1 -0.497E+00  0.145E-01  12_2 -0.673E+00  0.250E-01
1.     rs1747817                      1.     rs7515609                      Phenotype        0.136E-03 DA  0.218E+01  0.463E+01  0.424E-05  22_2  0.286E+01  0.300E-02  11_2  0.137E+00  0.615E-01  12_1  0.550E-01  0.305E+00  11_1 -0.159E-01  0.555E+00  22_1 -0.196E+00  0.410E-01  12_2 -0.523E+00  0.340E-01
1.     rs7546433                      1.     rs2642966                      Phenotype        0.313E-05 AD  0.741E+00  0.426E+01  0.221E-04  2_11  0.429E+00  0.415E-01  1_12  0.118E+00  0.293E+00  2_22  0.115E+00  0.148E+00  1_22 -0.629E-01  0.271E+00  2_12 -0.203E+00  0.171E+00  1_11 -0.234E+00  0.755E-01
1.     rs4606361                      1.     rs7515609                      Phenotype        0.962E-06 DA  0.140E+01  0.432E+01  0.175E-04  22_2  0.115E+01  0.850E-02  11_2  0.219E+00  0.510E-01  12_1  0.563E-01  0.380E+00  11_1 -0.244E-01  0.445E+00  22_1 -0.136E+00  0.765E-01  12_2 -0.576E+00  0.390E-01
------------------------------------------------------------------------------------------------------------------------------------------------------------------------------------------------------------------------------------------------------------------------------------------------------------------------------------------------------------------------------------------------------
 CPU TIME:   73.9531250000000     seconds
