  50 MOST SIGNIFICANT RESULTS OF PAIRWISE EPISTASIS ANALYSIS
======================================================================================================================================================================================================================================================================================================================================================================================================
I = interaction effect between the two SNP genotypes
AA = additive x additive effect, AD = additive x dominance effect, DA = dominance x additive effect, DD = dominance x dominance effect
P_I = p-value of two-locus marker genotypic effect
Test = effect type being tested
Effect = estimate of epistasis contrast, or esitmate of "AA", "AD", "DA", or "DD" effect
t-value = the t-value for the effect being tested
P_value = p-value of the effect being tested
Allele/Geno = coded marker allele_allele, allele_genotype, genotype_allele,or genotype_genotype combination
A/G_Effect = effect of coded marker allele_allele, allele_genotype, genotype_allele,or genotype_genotype combination - useful for identifying good or bad combination
A/G_Frequency = frequency of coded marker allele_allele, allele_genotype, genotype_allele,or genotype_genotype combination - useful for identifying rare allel or genotypic frequencies
------------------------------------------------------------------------------------------------------------------------------------------------------------------------------------------------------------------------------------------------------------------------------------------------------------------------------------------------------------------------------------------------------
Chr1  Locus1                          Chr2    Locus2                        Trait            P_I      Test    Effect   t-value   P_value  Allele/Geno A/G_Effect A/G_Frequency
------------------------------------------------------------------------------------------------------------------------------------------------------------------------------------------------------------------------------------------------------------------------------------------------------------------------------------------------------------------------------------------------------
1.     rs11588930                     1.     rs2786014                      Phenotype        0.234E-04 AA  0.109E+01  0.440E+01  0.119E-04   2_2  0.652E+00  0.385E-01   1_1  0.431E-01  0.578E+00   1_2 -0.828E-01  0.306E+00   2_1 -0.317E+00  0.780E-01
1.     rs1253795                      1.     rs3738367                      Phenotype        0.518E-03 AA -0.914E+00  0.432E+01  0.171E-04   2_1  0.199E+00  0.124E+00   1_2  0.143E+00  0.184E+00   1_1 -0.396E-01  0.643E+00   2_2 -0.532E+00  0.482E-01
1.     rs196426                       1.     rs6690609                      Phenotype        0.751E-05 AA  0.107E+01  0.438E+01  0.129E-04   2_2  0.503E+00  0.464E-01   1_1  0.430E-01  0.538E+00   2_1 -0.642E-01  0.365E+00   1_2 -0.460E+00  0.501E-01
1.     rs6673342                      1.     rs6665157                      Phenotype        0.152E-04 DA  0.127E+01  0.501E+01  0.655E-06  22_2  0.829E+00  0.275E-01  11_2  0.282E+00  0.865E-01  12_1  0.135E+00  0.353E+00  11_1 -0.772E-01  0.316E+00  22_1 -0.216E+00  0.109E+00  12_2 -0.433E+00  0.108E+00
1.     rs915108                       1.     rs1252069                      Phenotype        0.420E-03 DD -0.662E+01  0.442E+01  0.110E-04 12_22  0.755E+01  0.100E-02 22_12  0.242E+01  0.300E-02 11_12  0.472E-01  0.108E+00 12_11  0.251E-01  0.219E+00 11_11 -0.383E-02  0.617E+00 22_11 -0.209E+00  0.150E-01 12_12 -0.381E+00  0.300E-01 11_22 -0.509E+00  0.600E-02 22_22 -0.415E+01  0.100E-02
1.     rs645886                       1.     rs859400                       Phenotype        0.340E-03 DD -0.484E+01  0.421E+01  0.278E-04 11_12  0.473E+01  0.200E-02 12_22  0.108E+01  0.100E-01 12_11  0.727E-01  0.940E-01 22_12  0.165E-01  0.358E+00 22_11 -0.497E-02  0.403E+00 22_22 -0.673E-01  0.680E-01 12_12 -0.150E+00  0.620E-01 11_11 -0.215E+01  0.200E-02 11_22 -0.474E+01  0.100E-02
1.     rs6662146                      1.     rs2495477                      Phenotype        0.337E-02 AA -0.108E+01  0.431E+01  0.177E-04   2_1  0.636E+00  0.337E-01   1_2  0.370E-01  0.565E+00   1_1 -0.616E-01  0.340E+00   2_2 -0.348E+00  0.613E-01
1.     rs6662146                      1.     rs360586                       Phenotype        0.669E-04 DA -0.241E+01  0.435E+01  0.149E-04  22_1  0.241E+01  0.450E-02  12_2  0.199E+00  0.755E-01  11_1  0.107E-01  0.477E+00  11_2 -0.150E-01  0.344E+00  12_1 -0.159E+00  0.925E-01  22_2 -0.168E+01  0.650E-02
1.     rs6662146                      1.     rs2494523                      Phenotype        0.107E-04 DA  0.256E+01  0.466E+01  0.361E-05  22_2  0.207E+01  0.550E-02  12_1  0.286E+00  0.730E-01  11_2  0.124E-01  0.497E+00  11_1 -0.223E-01  0.324E+00  12_2 -0.185E+00  0.950E-01  22_1 -0.207E+01  0.550E-02
1.     rs2762693                      1.     rs1200115                      Phenotype        0.296E-03 DA  0.955E+00  0.437E+01  0.135E-04  22_2  0.491E+00  0.490E-01  11_2  0.184E+00  0.126E+00  12_1  0.160E+00  0.295E+00  11_1 -0.835E-01  0.273E+00  22_1 -0.272E+00  0.910E-01  12_2 -0.280E+00  0.166E+00
1.     rs4660864                      1.     rs1929860                      Phenotype        0.228E-03 AD -0.102E+01  0.421E+01  0.277E-04  2_12  0.338E+00  0.135E+00  1_22  0.302E+00  0.680E-01  1_11  0.686E-01  0.308E+00  2_11 -0.140E+00  0.152E+00  1_12 -0.149E+00  0.297E+00  2_22 -0.549E+00  0.390E-01
1.     rs835344                       1.     rs10081995                     Phenotype        0.182E-03 DD -0.347E+01  0.444E+01  0.102E-04 12_22  0.202E+01  0.700E-02 11_12  0.485E+00  0.350E-01 22_12  0.219E+00  0.690E-01 12_11  0.348E-01  0.423E+00 22_11 -0.285E-01  0.242E+00 11_11 -0.598E-01  0.137E+00 12_12 -0.369E+00  0.830E-01 11_22 -0.312E+01  0.200E-02 22_22 -0.368E+01  0.200E-02
1.     rs648607                       1.     rs10495356                     Phenotype        0.190E-03 AA -0.913E+00  0.463E+01  0.405E-05   1_2  0.448E+00  0.441E-01   2_1  0.453E-01  0.513E+00   1_1 -0.594E-01  0.387E+00   2_2 -0.361E+00  0.554E-01
1.     rs1213763                      1.     rs701608                       Phenotype        0.104E+00 AA  0.107E+01  0.434E+01  0.158E-04   2_2  0.520E+00  0.411E-01   1_1  0.549E-01  0.540E+00   1_2 -0.823E-01  0.368E+00   2_1 -0.408E+00  0.509E-01
1.     rs338230                       1.     rs1998539                      Phenotype        0.876E-05 DA  0.911E+00  0.450E+01  0.769E-05  11_2  0.328E+00  0.825E-01  22_2  0.229E+00  0.118E+00  12_1  0.182E+00  0.298E+00  22_1 -0.164E+00  0.164E+00  11_1 -0.213E+00  0.128E+00  12_2 -0.262E+00  0.210E+00
1.     rs6668262                      1.     rs2182909                      Phenotype        0.259E-04 DD -0.350E+01  0.443E+01  0.103E-04 22_12  0.150E+01  0.100E-01 12_22  0.121E+01  0.120E-01 12_11  0.988E-01  0.141E+00 11_12  0.560E-01  0.277E+00 11_11 -0.214E-01  0.377E+00 11_22 -0.874E-01  0.550E-01 12_12 -0.207E+00  0.109E+00 22_11 -0.388E+00  0.180E-01 22_22 -0.693E+01  0.100E-02
1.     rs12117302                     1.     rs510450                       Phenotype        0.736E-04 AD  0.219E+01  0.459E+01  0.489E-05  2_22  0.224E+01  0.650E-02  1_12  0.133E+00  0.215E+00  2_11  0.105E+00  0.138E+00  1_11 -0.247E-01  0.566E+00  2_12 -0.517E+00  0.545E-01  1_22 -0.720E+00  0.205E-01
1.     rs2566774                      1.     rs640493                       Phenotype        0.627E-05 DD  0.310E+01  0.449E+01  0.795E-05 22_22  0.975E+01  0.100E-02 22_11  0.154E+00  0.270E-01 12_12  0.143E+00  0.123E+00 11_22  0.519E-01  0.780E-01 11_11  0.496E-02  0.288E+00 11_12 -0.218E-01  0.284E+00 12_11 -0.387E-01  0.137E+00 12_22 -0.192E+00  0.440E-01 22_12 -0.671E+00  0.180E-01
1.     rs2566774                      1.     rs2491864                      Phenotype        0.975E-05 AA  0.132E+01  0.499E+01  0.704E-06   2_2  0.866E+00  0.357E-01   1_1  0.469E-01  0.660E+00   2_1 -0.190E+00  0.162E+00   1_2 -0.217E+00  0.142E+00
1.     rs4607932                      1.     rs11588401                     Phenotype        0.724E-03 DA  0.186E+01  0.421E+01  0.274E-04  22_2  0.186E+01  0.600E-02  12_1  0.112E+00  0.221E+00  11_2  0.894E-01  0.142E+00  11_1 -0.227E-01  0.561E+00  12_2 -0.501E+00  0.495E-01  22_1 -0.534E+00  0.210E-01
1.     rs766433                       1.     rs17279559                     Phenotype        0.516E-03 DD  0.301E+01  0.422E+01  0.263E-04 22_22  0.366E+01  0.200E-02 11_22  0.956E+00  0.800E-02 12_12  0.386E+00  0.810E-01 22_11  0.690E-01  0.113E+00 11_11  0.200E-01  0.317E+00 12_11 -0.419E-01  0.369E+00 11_12 -0.181E+00  0.790E-01 22_12 -0.593E+00  0.240E-01 12_22 -0.208E+01  0.700E-02
1.     rs11576660                     1.     rs6696531                      Phenotype        0.887E-03 DA -0.134E+01  0.426E+01  0.224E-04  12_2  0.435E+00  0.790E-01  22_1  0.263E+00  0.690E-01  11_1  0.374E-01  0.419E+00  12_1 -0.105E+00  0.330E+00  11_2 -0.185E+00  0.875E-01  22_2 -0.111E+01  0.160E-01
1.     rs10081995                     1.     rs1889532                      Phenotype        0.171E-03 DA  0.235E+01  0.421E+01  0.282E-04  22_2  0.161E+01  0.550E-02  12_1  0.195E+00  0.128E+00  11_2  0.461E-01  0.270E+00  11_1 -0.232E-01  0.532E+00  12_2 -0.403E+00  0.590E-01  22_1 -0.182E+01  0.550E-02
1.     rs10081995                     1.     rs4244148                      Phenotype        0.407E-04 DA  0.392E+01  0.504E+01  0.556E-06  22_2  0.538E+01  0.200E-02  12_1  0.140E+00  0.142E+00  11_2  0.483E-01  0.205E+00  11_1 -0.163E-01  0.597E+00  12_2 -0.477E+00  0.455E-01  22_1 -0.116E+01  0.900E-02
1.     rs10081995                     1.     rs2211045                      Phenotype        0.114E-03 DD -0.404E+01  0.425E+01  0.235E-04 22_12  0.379E+01  0.300E-02 12_22  0.380E+00  0.240E-01 12_11  0.114E+00  0.750E-01 11_12  0.233E-01  0.385E+00 11_11 -0.130E-01  0.338E+00 11_22 -0.537E-01  0.790E-01 12_12 -0.224E+00  0.880E-01 22_11 -0.597E+00  0.700E-02 22_22 -0.599E+01  0.100E-02
1.     rs10081995                     1.     rs4653872                      Phenotype        0.140E-03 DD -0.398E+01  0.421E+01  0.275E-04 22_12  0.369E+01  0.300E-02 12_22  0.477E+00  0.230E-01 12_11  0.126E+00  0.710E-01 11_12  0.212E-01  0.400E+00 11_11 -0.244E-01  0.283E+00 11_22 -0.333E-01  0.119E+00 12_12 -0.159E+00  0.930E-01 22_11 -0.395E+00  0.700E-02 22_22 -0.620E+01  0.100E-02
1.     rs11163072                     1.     rs16836940                     Phenotype        0.508E-05 AD  0.153E+01  0.427E+01  0.217E-04  2_11  0.124E+01  0.100E-01  2_22  0.151E+00  0.970E-01  1_12  0.978E-01  0.291E+00  1_22 -0.276E-01  0.510E+00  1_11 -0.323E+00  0.420E-01  2_12 -0.557E+00  0.500E-01
1.     rs11163284                     1.     rs6690609                      Phenotype        0.388E-04 AD  0.216E+01  0.444E+01  0.980E-05  2_22  0.181E+01  0.550E-02  1_12  0.227E+00  0.855E-01  2_11  0.243E-01  0.404E+00  1_11 -0.235E-01  0.415E+00  2_12 -0.233E+00  0.835E-01  1_22 -0.154E+01  0.650E-02
1.     rs667923                       1.     rs17534481                     Phenotype        0.247E-03 DD  0.341E+01  0.447E+01  0.877E-05 22_22  0.752E+01  0.100E-02 22_11  0.510E+00  0.140E-01 12_12  0.264E+00  0.104E+00 11_22  0.138E+00  0.510E-01 11_11  0.132E-01  0.378E+00 11_12 -0.577E-01  0.251E+00 12_11 -0.767E-01  0.172E+00 12_22 -0.823E+00  0.180E-01 22_12 -0.124E+01  0.110E-01
1.     rs10047092                     1.     rs4659889                      Phenotype        0.134E-02 DD -0.623E+01  0.422E+01  0.272E-04 12_22  0.673E+01  0.100E-02 22_12  0.236E+01  0.300E-02 11_12  0.415E-01  0.131E+00 12_11  0.240E-01  0.231E+00 11_11 -0.505E-02  0.552E+00 22_11 -0.156E+00  0.210E-01 12_12 -0.189E+00  0.560E-01 11_22 -0.803E+00  0.400E-02 22_22 -0.489E+01  0.100E-02
1.     rs510450                       1.     rs1793298                      Phenotype        0.128E-04 DA -0.212E+01  0.423E+01  0.253E-04  22_1  0.258E+01  0.450E-02  12_2  0.105E+00  0.216E+00  11_1  0.848E-01  0.132E+00  11_2 -0.196E-01  0.572E+00  12_1 -0.422E+00  0.540E-01  22_2 -0.506E+00  0.225E-01
1.     rs911250                       1.     rs10495356                     Phenotype        0.898E-03 DA -0.129E+01  0.424E+01  0.245E-04  12_2  0.583E+00  0.445E-01  11_1  0.691E-01  0.310E+00  22_1  0.255E-02  0.139E+00  12_1 -0.480E-01  0.451E+00  11_2 -0.336E+00  0.415E-01  22_2 -0.918E+00  0.135E-01
1.     rs2208395                      1.     rs6677696                      Phenotype        0.786E-03 DA  0.113E+01  0.437E+01  0.135E-04  22_2  0.611E+00  0.355E-01  12_1  0.246E+00  0.170E+00  11_2  0.761E-01  0.278E+00  11_1 -0.796E-01  0.267E+00  12_2 -0.195E+00  0.214E+00  22_1 -0.606E+00  0.355E-01
1.     rs3897478                      1.     rs10913625                     Phenotype        0.312E-03 AD  0.226E+01  0.456E+01  0.584E-05  2_22  0.254E+01  0.550E-02  2_11  0.293E+00  0.500E-01  1_12  0.677E-01  0.363E+00  1_11 -0.275E-01  0.455E+00  1_22 -0.149E+00  0.845E-01  2_12 -0.692E+00  0.420E-01
1.     rs3897478                      1.     rs2810041                      Phenotype        0.100E-04 DD  0.354E+01  0.427E+01  0.211E-04 22_11  0.605E+01  0.100E-02 22_22  0.123E+01  0.700E-02 12_12  0.251E+00  0.750E-01 11_11  0.280E-01  0.162E+00 11_22  0.200E-01  0.266E+00 11_12 -0.239E-01  0.391E+00 12_11 -0.168E+00  0.410E-01 12_22 -0.237E+00  0.510E-01 22_12 -0.248E+01  0.600E-02
1.     rs1889532                      1.     rs12045474                     Phenotype        0.871E-04 DD  0.209E+01  0.449E+01  0.800E-05 22_22  0.338E+01  0.400E-02 11_22  0.537E+00  0.210E-01 12_12  0.272E+00  0.159E+00 22_11  0.156E+00  0.700E-01 11_11  0.426E-01  0.252E+00 12_11 -0.850E-01  0.248E+00 11_12 -0.134E+00  0.175E+00 22_12 -0.519E+00  0.430E-01 12_22 -0.832E+00  0.280E-01
1.     rs822430                       1.     rs6690609                      Phenotype        0.265E-05 DD  0.363E+01  0.437E+01  0.138E-04 11_22  0.834E+01  0.100E-02 22_22  0.115E+01  0.400E-02 12_12  0.176E+00  0.780E-01 11_11  0.187E-01  0.192E+00 22_11  0.185E-01  0.226E+00 12_11 -0.202E-01  0.401E+00 11_12 -0.125E+00  0.480E-01 22_12 -0.182E+00  0.430E-01 12_22 -0.181E+01  0.700E-02
1.     rs10489278                     1.     rs2576200                      Phenotype        0.249E-04 AD  0.160E+01  0.431E+01  0.179E-04  2_22  0.133E+01  0.900E-02  1_12  0.164E+00  0.167E+00  2_11  0.553E-01  0.247E+00  1_11 -0.285E-01  0.486E+00  2_12 -0.383E+00  0.730E-01  1_22 -0.679E+00  0.180E-01
1.     rs859400                       1.     rs1485382                      Phenotype        0.758E-06 AD  0.184E+01  0.493E+01  0.984E-06  2_22  0.170E+01  0.750E-02  1_12  0.133E+00  0.275E+00  2_11  0.130E+00  0.207E+00  1_11 -0.627E-01  0.377E+00  1_22 -0.249E+00  0.575E-01  2_12 -0.632E+00  0.755E-01
1.     rs1252069                      1.     rs2334893                      Phenotype        0.798E-04 DD  0.408E+01  0.437E+01  0.135E-04 22_11  0.655E+01  0.100E-02 22_22  0.250E+01  0.200E-02 12_12  0.336E+00  0.650E-01 11_11  0.245E-01  0.181E+00 11_22  0.244E-01  0.260E+00 11_12 -0.266E-01  0.410E+00 12_11 -0.265E+00  0.340E-01 12_22 -0.280E+00  0.420E-01 22_12 -0.236E+01  0.500E-02
1.     rs6690609                      1.     rs2377311                      Phenotype        0.633E-06 DD  0.420E+01  0.473E+01  0.252E-05 22_22  0.612E+01  0.100E-02 22_11  0.138E+01  0.700E-02 12_12  0.232E+00  0.820E-01 11_22  0.330E-01  0.208E+00 11_11  0.139E-01  0.194E+00 11_12 -0.192E-01  0.417E+00 12_11 -0.189E+00  0.480E-01 12_22 -0.265E+00  0.390E-01 22_12 -0.369E+01  0.400E-02
1.     rs6690609                      1.     rs2313601                      Phenotype        0.898E-06 DD  0.379E+01  0.441E+01  0.112E-04 22_22  0.924E+01  0.100E-02 22_11  0.947E+00  0.200E-02 12_12  0.291E+00  0.750E-01 11_22  0.407E-01  0.133E+00 11_11  0.161E-01  0.288E+00 11_12 -0.253E-01  0.398E+00 12_11 -0.137E+00  0.670E-01 12_22 -0.382E+00  0.270E-01 22_12 -0.134E+01  0.900E-02
1.     rs10797957                     1.     rs10494764                     Phenotype        0.263E-03 DA  0.273E+01  0.432E+01  0.174E-04  22_2  0.323E+01  0.300E-02  11_2  0.235E+00  0.500E-01  12_1  0.629E-01  0.319E+00  11_1 -0.221E-01  0.548E+00  22_1 -0.171E+00  0.540E-01  12_2 -0.835E+00  0.265E-01
1.     rs7542390                      1.     rs1069216                      Phenotype        0.418E-03 DD -0.373E+01  0.453E+01  0.655E-05 22_12  0.464E+01  0.300E-02 12_22  0.260E+00  0.490E-01 12_11  0.208E+00  0.600E-01 11_12  0.306E-01  0.393E+00 11_11 -0.273E-01  0.214E+00 11_22 -0.308E-01  0.189E+00 12_12 -0.312E+00  0.820E-01 22_22 -0.102E+01  0.700E-02 22_11 -0.231E+01  0.300E-02
1.     rs6664483                      1.     rs2794757                      Phenotype        0.823E-03 DD -0.599E+01  0.425E+01  0.236E-04 22_12  0.738E+01  0.100E-02 12_11  0.524E+00  0.110E-01 12_22  0.327E+00  0.370E-01 11_12  0.226E-01  0.407E+00 11_22 -0.186E-01  0.424E+00 11_11 -0.271E-01  0.660E-01 12_12 -0.272E+00  0.510E-01 22_22 -0.143E+01  0.200E-02 22_11 -0.487E+01  0.100E-02
1.     rs1722755                      1.     rs2786014                      Phenotype        0.307E-05 AA  0.111E+01  0.435E+01  0.152E-04   2_2  0.682E+00  0.351E-01   1_1  0.398E-01  0.581E+00   1_2 -0.770E-01  0.309E+00   2_1 -0.312E+00  0.744E-01
1.     rs17336419                     1.     rs10495356                     Phenotype        0.632E-03 DA  0.150E+01  0.427E+01  0.211E-04  22_2  0.151E+01  0.750E-02  11_2  0.223E+00  0.480E-01  12_1  0.557E-01  0.388E+00  11_1 -0.269E-01  0.444E+00  22_1 -0.141E+00  0.685E-01  12_2 -0.499E+00  0.440E-01
1.     rs1048971                      1.     rs10925583                     Phenotype        0.771E-03 DA  0.106E+01  0.443E+01  0.105E-04  11_2  0.516E+00  0.440E-01  12_1  0.229E+00  0.196E+00  22_2  0.803E-01  0.281E+00  22_1 -0.108E+00  0.214E+00  12_2 -0.199E+00  0.224E+00  11_1 -0.559E+00  0.400E-01
1.     rs10494884                     1.     rs12045474                     Phenotype        0.338E-06 AD  0.119E+01  0.421E+01  0.282E-04  2_22  0.934E+00  0.200E-01  1_12  0.158E+00  0.215E+00  2_11  0.666E-01  0.251E+00  1_11 -0.524E-01  0.319E+00  2_12 -0.229E+00  0.162E+00  1_22 -0.545E+00  0.330E-01
1.     rs11585232                     1.     rs10158537                     Phenotype        0.531E-03 AD  0.163E+01  0.431E+01  0.176E-04  2_22  0.138E+01  0.110E-01  2_11  0.257E+00  0.575E-01  1_12  0.759E-01  0.387E+00  1_11 -0.348E-01  0.426E+00  1_22 -0.217E+00  0.690E-01  2_12 -0.606E+00  0.490E-01
------------------------------------------------------------------------------------------------------------------------------------------------------------------------------------------------------------------------------------------------------------------------------------------------------------------------------------------------------------------------------------------------------
 CPU TIME:   72.5000000000000     seconds
