  50 MOST SIGNIFICANT RESULTS OF PAIRWISE EPISTASIS ANALYSIS
======================================================================================================================================================================================================================================================================================================================================================================================================
I = interaction effect between the two SNP genotypes
AA = additive x additive effect, AD = additive x dominance effect, DA = dominance x additive effect, DD = dominance x dominance effect
P_I = p-value of two-locus marker genotypic effect
Test = effect type being tested
Effect = estimate of epistasis contrast, or esitmate of "AA", "AD", "DA", or "DD" effect
t-value = the t-value for the effect being tested
P_value = p-value of the effect being tested
Allele/Geno = coded marker allele_allele, allele_genotype, genotype_allele,or genotype_genotype combination
A/G_Effect = effect of coded marker allele_allele, allele_genotype, genotype_allele,or genotype_genotype combination - useful for identifying good or bad combination
A/G_Frequency = frequency of coded marker allele_allele, allele_genotype, genotype_allele,or genotype_genotype combination - useful for identifying rare allel or genotypic frequencies
------------------------------------------------------------------------------------------------------------------------------------------------------------------------------------------------------------------------------------------------------------------------------------------------------------------------------------------------------------------------------------------------------
Chr1  Locus1                          Chr2    Locus2                        Trait            P_I      Test    Effect   t-value   P_value  Allele/Geno A/G_Effect A/G_Frequency
------------------------------------------------------------------------------------------------------------------------------------------------------------------------------------------------------------------------------------------------------------------------------------------------------------------------------------------------------------------------------------------------------
1.     rs9426494                      1.     rs1927707                      Phenotype        0.372E-81 DD  0.260E+03  0.187E+02  0.669E-66 22_22  0.338E+03  0.200E-02 11_22  0.215E+03  0.300E-02 12_12  0.234E+02  0.600E-01 22_11  0.277E+01  0.136E+00 11_11  0.166E+01  0.302E+00 12_11 -0.217E+01  0.411E+00 11_12 -0.147E+02  0.510E-01 22_12 -0.302E+02  0.270E-01 12_22 -0.146E+03  0.800E-02
1.     rs8627                         1.     rs1927707                      Phenotype        0.106E-58 AD -0.172E+03  0.145E+02  0.148E-42  1_22  0.104E+03  0.750E-02  2_12  0.278E+02  0.660E-01  1_11  0.383E+01  0.392E+00  2_11 -0.340E+01  0.457E+00  1_12 -0.191E+02  0.720E-01  2_22 -0.139E+03  0.550E-02
1.     rs946481                       1.     rs1927707                      Phenotype        0.421E-51 AD -0.182E+03  0.153E+02  0.209E-46  1_22  0.742E+02  0.650E-02  2_12  0.303E+02  0.905E-01  1_11  0.480E+01  0.315E+00  2_11 -0.281E+01  0.534E+00  1_12 -0.519E+02  0.475E-01  2_22 -0.118E+03  0.650E-02
1.     rs946481                       1.     rs1927707                      Phenotype        0.421E-51 AA -0.876E+02  0.151E+02  0.165E-45   1_2  0.507E+02  0.302E-01   2_1  0.265E+01  0.579E+00   1_1 -0.453E+01  0.339E+00   2_2 -0.296E+02  0.518E-01
1.     rs4320729                      1.     rs1927707                      Phenotype        0.156E-83 AD  0.179E+03  0.178E+02  0.142E-60  2_22  0.180E+03  0.550E-02  1_12  0.160E+02  0.695E-01  2_11  0.301E+01  0.360E+00  1_11 -0.234E+01  0.489E+00  2_12 -0.124E+02  0.685E-01  1_22 -0.116E+03  0.750E-02
1.     rs3753864                      1.     rs1927707                      Phenotype        0.212E-34 AD  0.165E+03  0.123E+02  0.141E-31  2_22  0.160E+03  0.300E-02  1_12  0.116E+02  0.111E+00  2_11  0.507E+01  0.159E+00  1_11 -0.117E+01  0.690E+00  2_12 -0.450E+02  0.265E-01  1_22 -0.508E+02  0.100E-01
1.     rs7519941                      1.     rs1927707                      Phenotype        0.869E-52 DD  0.208E+03  0.140E+02  0.507E-40 11_22  0.136E+03  0.400E-02 22_22  0.116E+03  0.300E-02 12_12  0.333E+02  0.550E-01 22_11  0.717E+01  0.810E-01 11_11  0.229E+01  0.390E+00 12_11 -0.406E+01  0.378E+00 11_12 -0.153E+02  0.630E-01 22_12 -0.481E+02  0.200E-01 12_22 -0.151E+03  0.600E-02
1.     rs4233497                      1.     rs1927707                      Phenotype        0.404E-39 DD -0.228E+03  0.116E+02  0.249E-28 12_22  0.164E+03  0.400E-02 11_12  0.520E+02  0.800E-02 22_12  0.775E+01  0.780E-01 12_11  0.139E+01  0.304E+00 22_11 -0.354E+00  0.502E+00 11_11 -0.579E+01  0.430E-01 12_12 -0.210E+02  0.520E-01 22_22 -0.321E+02  0.800E-02 11_22 -0.340E+03  0.100E-02
1.     rs7529595                      1.     rs1927707                      Phenotype        0.128E-32 DD -0.195E+03  0.117E+02  0.122E-28 12_22  0.175E+03  0.500E-02 22_12  0.348E+02  0.130E-01 11_12  0.109E+02  0.580E-01 12_11  0.148E+01  0.373E+00 11_11 -0.644E+00  0.385E+00 22_11 -0.354E+01  0.910E-01 12_12 -0.167E+02  0.670E-01 11_22 -0.689E+02  0.600E-02 22_22 -0.194E+03  0.200E-02
1.     rs3118058                      1.     rs1927707                      Phenotype        0.516E-55 AD -0.140E+03  0.135E+02  0.177E-37  1_22  0.110E+03  0.700E-02  2_12  0.163E+02  0.550E-01  1_11  0.190E+01  0.461E+00  2_11 -0.236E+01  0.388E+00  1_12 -0.878E+01  0.830E-01  2_22 -0.115E+03  0.600E-02
1.     rs3131743                      1.     rs1927707                      Phenotype        0.457E-47 AD -0.181E+03  0.138E+02  0.136E-38  1_22  0.198E+03  0.350E-02  2_12  0.135E+02  0.940E-01  1_11  0.176E+01  0.285E+00  2_11 -0.874E+00  0.564E+00  1_12 -0.324E+02  0.440E-01  2_22 -0.697E+02  0.950E-02
1.     rs1572108                      1.     rs1927707                      Phenotype        0.782E-24 DA  0.294E+03  0.153E+02  0.138E-46  22_2  0.431E+03  0.150E-02  11_2  0.137E+02  0.555E-01  12_1  0.399E+01  0.279E+00  11_1 -0.855E+00  0.608E+00  22_1 -0.201E+02  0.305E-01  12_2 -0.569E+02  0.250E-01
1.     rs559043                       1.     rs1927707                      Phenotype        0.498E-33 DD  0.204E+03  0.118E+02  0.288E-29 22_22  0.154E+03  0.200E-02 11_22  0.551E+02  0.600E-02 12_12  0.371E+02  0.500E-01 22_11  0.777E+01  0.740E-01 11_11  0.906E+00  0.433E+00 12_11 -0.286E+01  0.342E+00 11_12 -0.128E+02  0.780E-01 22_12 -0.743E+02  0.100E-01 12_22 -0.135E+03  0.500E-02
1.     rs4520371                      1.     rs1927707                      Phenotype        0.198E-26 DA -0.921E+02  0.115E+02  0.105E-27  12_2  0.371E+02  0.440E-01  22_1  0.505E+01  0.177E+00  11_1  0.345E+01  0.271E+00  12_1 -0.387E+01  0.470E+00  11_2 -0.338E+02  0.240E-01  22_2 -0.601E+02  0.140E-01
1.     rs11210389                     1.     rs1927707                      Phenotype        0.289E-59 DD -0.222E+03  0.156E+02  0.505E-48 12_22  0.167E+03  0.600E-02 11_12  0.343E+02  0.260E-01 22_12  0.261E+02  0.470E-01 12_11  0.249E+01  0.416E+00 22_11 -0.166E+01  0.281E+00 11_11 -0.370E+01  0.152E+00 12_12 -0.330E+02  0.650E-01 11_22 -0.105E+03  0.400E-02 22_22 -0.185E+03  0.300E-02
1.     rs3015025                      1.     rs1927707                      Phenotype        0.117E-40 AD -0.144E+03  0.129E+02  0.356E-34  1_22  0.738E+02  0.750E-02  2_12  0.271E+02  0.580E-01  1_11  0.720E+00  0.538E+00  2_11 -0.121E+01  0.311E+00  1_12 -0.237E+02  0.800E-01  2_22 -0.111E+03  0.550E-02
1.     rs356285                       1.     rs1927707                      Phenotype        0.104E-40 AD -0.113E+03  0.121E+02  0.115E-30  1_22  0.113E+03  0.500E-02  2_12  0.923E+01  0.805E-01  1_11  0.198E+01  0.327E+00  2_11 -0.125E+01  0.522E+00  1_12 -0.118E+02  0.575E-01  2_22 -0.673E+02  0.800E-02
1.     rs12120384                     1.     rs1927707                      Phenotype        0.446E-57 AD -0.137E+03  0.149E+02  0.125E-44  1_22  0.735E+02  0.800E-02  2_12  0.236E+02  0.560E-01  1_11  0.172E+01  0.492E+00  2_11 -0.237E+01  0.356E+00  1_12 -0.153E+02  0.820E-01  2_22 -0.118E+03  0.500E-02
1.     rs7549499                      1.     rs1927707                      Phenotype        0.136E-35 AD -0.141E+03  0.116E+02  0.212E-28  1_22  0.923E+02  0.700E-02  2_12  0.221E+02  0.610E-01  1_11  0.132E+01  0.485E+00  2_11 -0.174E+01  0.364E+00  1_12 -0.186E+02  0.770E-01  2_22 -0.106E+03  0.600E-02
1.     rs12127465                     1.     rs1927707                      Phenotype        0.762E-20 DA  0.242E+03  0.122E+02  0.561E-31  22_2  0.372E+03  0.150E-02  11_2  0.586E+01  0.580E-01  12_1  0.498E+01  0.209E+00  11_1 -0.853E+00  0.693E+00  22_1 -0.299E+02  0.155E-01  12_2 -0.327E+02  0.225E-01
1.     rs4970722                      1.     rs1927707                      Phenotype        0.174E-27 AA  0.946E+02  0.117E+02  0.159E-28   2_2  0.695E+02  0.136E-01   1_1  0.147E+01  0.797E+00   2_1 -0.949E+01  0.121E+00   1_2 -0.141E+02  0.684E-01
1.     rs1470438                      1.     rs1927707                      Phenotype        0.601E-59 DD -0.237E+03  0.140E+02  0.819E-40 12_22  0.120E+03  0.600E-02 22_12  0.613E+02  0.140E-01 11_12  0.161E+02  0.590E-01 12_11  0.274E+01  0.372E+00 11_11 -0.129E+01  0.387E+00 22_11 -0.605E+01  0.900E-01 12_12 -0.277E+02  0.650E-01 11_22 -0.614E+02  0.600E-02 22_22 -0.368E+03  0.100E-02
1.     rs1020368                      1.     rs1927707                      Phenotype        0.509E-59 DD -0.237E+03  0.140E+02  0.811E-40 12_22  0.120E+03  0.600E-02 22_12  0.680E+02  0.140E-01 11_12  0.144E+02  0.610E-01 12_11  0.299E+01  0.369E+00 11_11 -0.151E+01  0.382E+00 22_11 -0.556E+01  0.980E-01 12_12 -0.277E+02  0.630E-01 11_22 -0.647E+02  0.600E-02 22_22 -0.355E+03  0.100E-02
1.     rs6693042                      1.     rs1927707                      Phenotype        0.421E-38 DD  0.213E+03  0.124E+02  0.401E-32 22_22  0.435E+03  0.100E-02 11_22  0.769E+02  0.500E-02 12_12  0.147E+02  0.630E-01 22_11  0.209E+01  0.150E+00 11_11  0.834E+00  0.279E+00 12_11 -0.133E+01  0.420E+00 11_12 -0.113E+02  0.480E-01 22_12 -0.185E+02  0.270E-01 12_22 -0.107E+03  0.700E-02
1.     rs4839349                      1.     rs1927707                      Phenotype        0.156E-55 AD  0.127E+03  0.133E+02  0.345E-36  2_22  0.148E+03  0.450E-02  1_12  0.761E+01  0.755E-01  2_11  0.918E+00  0.366E+00  1_11 -0.706E+00  0.483E+00  2_12 -0.101E+02  0.625E-01  1_22 -0.696E+02  0.850E-02
1.     rs6665039                      1.     rs1927707                      Phenotype        0.499E-28 DA  0.129E+03  0.130E+02  0.503E-35  11_2  0.898E+02  0.900E-02  22_2  0.245E+02  0.440E-01  12_1  0.733E+01  0.336E+00  22_1 -0.268E+01  0.517E+00  11_1 -0.159E+02  0.650E-01  12_2 -0.553E+02  0.290E-01
1.     rs6665039                      1.     rs1927707                      Phenotype        0.499E-28 AA -0.841E+02  0.120E+02  0.323E-30   1_2  0.509E+02  0.255E-01   2_1  0.246E+01  0.687E+00   1_1 -0.715E+01  0.231E+00   2_2 -0.236E+02  0.565E-01
1.     rs3761961                      1.     rs1927707                      Phenotype        0.313E-40 DD  0.261E+03  0.116E+02  0.365E-28 22_22  0.116E+03  0.100E-02 12_12  0.580E+02  0.340E-01 11_22  0.260E+02  0.900E-02 22_11  0.177E+02  0.310E-01 11_11  0.670E+00  0.555E+00 12_11 -0.359E+01  0.263E+00 11_12 -0.110E+02  0.100E+00 22_12 -0.145E+03  0.400E-02 12_22 -0.167E+03  0.300E-02
1.     rs2194899                      1.     rs1927707                      Phenotype        0.228E-32 AD  0.143E+03  0.125E+02  0.281E-32  2_22  0.802E+02  0.750E-02  1_12  0.256E+02  0.575E-01  2_11  0.901E+00  0.522E+00  1_11 -0.146E+01  0.327E+00  2_12 -0.198E+02  0.805E-01  1_22 -0.112E+03  0.550E-02
1.     rs12135361                     1.     rs1927707                      Phenotype        0.290E-29 DA  0.266E+03  0.136E+02  0.859E-38  22_2  0.389E+03  0.150E-02  11_2  0.762E+01  0.585E-01  12_1  0.543E+01  0.214E+00  11_1 -0.920E+00  0.690E+00  22_1 -0.368E+02  0.145E-01  12_2 -0.433E+02  0.220E-01
1.     rs1410592                      1.     rs1927707                      Phenotype        0.571E-51 AD  0.121E+03  0.126E+02  0.544E-33  2_22  0.629E+02  0.600E-02  1_12  0.198E+02  0.895E-01  2_11  0.371E+01  0.299E+00  1_11 -0.203E+01  0.550E+00  2_12 -0.321E+02  0.485E-01  1_22 -0.697E+02  0.700E-02
1.     rs3905112                      1.     rs1927707                      Phenotype        0.112E-44 DD -0.191E+03  0.126E+02  0.447E-33 12_22  0.208E+03  0.500E-02 22_12  0.329E+02  0.210E-01 11_12  0.440E+01  0.530E-01 12_11  0.122E+01  0.416E+00 22_11 -0.840E+00  0.167E+00 11_11 -0.128E+01  0.266E+00 12_12 -0.120E+02  0.640E-01 22_22 -0.105E+03  0.400E-02 11_22 -0.115E+03  0.400E-02
1.     rs10797829                     1.     rs1927707                      Phenotype        0.562E-46 AD -0.142E+03  0.124E+02  0.859E-32  1_22  0.142E+03  0.450E-02  2_12  0.129E+02  0.825E-01  1_11  0.117E+01  0.352E+00  2_11 -0.822E+00  0.497E+00  1_12 -0.211E+02  0.555E-01  2_22 -0.716E+02  0.850E-02
1.     rs4609393                      1.     rs1927707                      Phenotype        0.154E-74 AD  0.165E+03  0.158E+02  0.371E-49  2_22  0.963E+02  0.750E-02  1_12  0.281E+02  0.610E-01  2_11  0.236E+01  0.461E+00  1_11 -0.283E+01  0.388E+00  2_12 -0.205E+02  0.770E-01  1_22 -0.132E+03  0.550E-02
1.     rs7525146                      1.     rs1927707                      Phenotype        0.411E-59 AD  0.162E+03  0.142E+02  0.140E-40  2_22  0.764E+02  0.800E-02  1_12  0.310E+02  0.635E-01  2_11  0.292E+01  0.444E+00  1_11 -0.324E+01  0.405E+00  2_12 -0.225E+02  0.745E-01  1_22 -0.135E+03  0.500E-02
1.     rs7525146                      1.     rs1927707                      Phenotype        0.411E-59 AA  0.644E+02  0.117E+02  0.166E-28   2_2  0.246E+02  0.469E-01   1_1  0.337E+01  0.439E+00   2_1 -0.304E+01  0.479E+00   1_2 -0.334E+02  0.351E-01
1.     rs1927707                      1.     rs10922193                     Phenotype        0.421E-40 DA  0.190E+03  0.134E+02  0.107E-36  22_2  0.218E+03  0.250E-02  12_1  0.105E+02  0.110E+00  11_2  0.299E+01  0.181E+00  11_1 -0.806E+00  0.668E+00  12_2 -0.431E+02  0.285E-01  22_1 -0.513E+02  0.105E-01
1.     rs1927707                      1.     rs10920260                     Phenotype        0.942E-35 DA  0.136E+03  0.119E+02  0.187E-29  22_2  0.869E+02  0.400E-02  12_1  0.146E+02  0.110E+00  11_2  0.609E+01  0.172E+00  11_1 -0.155E+01  0.677E+00  12_2 -0.487E+02  0.280E-01  22_1 -0.506E+02  0.900E-02
1.     rs1927707                      1.     rs6667268                      Phenotype        0.358E-50 DA  0.143E+03  0.135E+02  0.276E-37  22_2  0.904E+02  0.600E-02  12_1  0.215E+02  0.810E-01  11_2  0.243E+01  0.367E+00  11_1 -0.183E+01  0.482E+00  12_2 -0.306E+02  0.570E-01  22_1 -0.878E+02  0.700E-02
1.     rs1927707                      1.     rs1340113                      Phenotype        0.313E-47 DD -0.300E+03  0.114E+02  0.217E-27 22_12  0.370E+03  0.200E-02 12_22  0.661E+02  0.200E-02 11_12  0.919E+00  0.262E+00 11_11 -0.345E+00  0.566E+00 12_11 -0.729E+00  0.980E-01 11_22 -0.104E+01  0.210E-01 12_12 -0.164E+01  0.380E-01 22_11 -0.317E+02  0.100E-01 22_22 -0.287E+03  0.100E-02
1.     rs1927707                      1.     rs17015169                     Phenotype        0.128E-41 DD  0.240E+03  0.131E+02  0.223E-35 22_11  0.350E+03  0.100E-02 22_22  0.494E+02  0.700E-02 12_12  0.270E+02  0.580E-01 11_11  0.710E+01  0.580E-01 11_22  0.122E+01  0.433E+00 11_12 -0.268E+01  0.358E+00 12_22 -0.986E+01  0.680E-01 12_11 -0.684E+02  0.120E-01 22_12 -0.140E+03  0.500E-02
1.     rs1927707                      1.     rs351377                       Phenotype        0.171E-33 DD -0.185E+03  0.117E+02  0.836E-29 22_12  0.123E+03  0.600E-02 12_22  0.409E+02  0.220E-01 12_11  0.152E+02  0.540E-01 11_12  0.217E+01  0.409E+00 11_11 -0.147E+01  0.312E+00 11_22 -0.325E+01  0.128E+00 12_12 -0.279E+02  0.620E-01 22_11 -0.762E+02  0.500E-02 22_22 -0.186E+03  0.200E-02
1.     rs1927707                      1.     rs3125296                      Phenotype        0.858E-49 DD  0.206E+03  0.127E+02  0.290E-33 22_22  0.120E+03  0.200E-02 22_11  0.881E+02  0.500E-02 12_12  0.319E+02  0.590E-01 11_22  0.784E+01  0.670E-01 11_11  0.133E+01  0.421E+00 11_12 -0.298E+01  0.361E+00 12_11 -0.137E+02  0.700E-01 12_22 -0.911E+02  0.900E-02 22_12 -0.132E+03  0.600E-02
1.     rs1927707                      1.     rs12408694                     Phenotype        0.161E-42 AD  0.144E+03  0.127E+02  0.199E-33  2_22  0.158E+03  0.450E-02  2_11  0.144E+02  0.470E-01  1_12  0.419E+01  0.346E+00  1_11 -0.132E+01  0.525E+00  1_22 -0.157E+02  0.475E-01  2_12 -0.454E+02  0.305E-01
1.     rs1927707                      1.     rs7527013                      Phenotype        0.141E-42 DA  0.136E+03  0.134E+02  0.562E-37  22_2  0.107E+03  0.450E-02  12_1  0.162E+02  0.895E-01  11_2  0.848E+00  0.347E+00  11_1 -0.568E+00  0.501E+00  12_2 -0.349E+02  0.485E-01  22_1 -0.614E+02  0.850E-02
1.     rs1927707                      1.     rs6541331                      Phenotype        0.157E-20 AA  0.105E+03  0.115E+02  0.132E-27   2_2  0.889E+02  0.985E-02   1_1  0.683E+00  0.756E+00   1_2 -0.330E+01  0.162E+00   2_1 -0.119E+02  0.722E-01
1.     rs1927707                      1.     rs271765                       Phenotype        0.145E-42 DD  0.191E+03  0.128E+02  0.904E-34 22_22  0.173E+03  0.300E-02 22_11  0.993E+02  0.300E-02 12_12  0.253E+02  0.700E-01 11_11  0.425E+01  0.105E+00 11_22  0.238E+01  0.322E+00 11_12 -0.291E+01  0.422E+00 12_22 -0.142E+02  0.470E-01 12_11 -0.516E+02  0.210E-01 22_12 -0.122E+03  0.700E-02
1.     rs1927707                      1.     rs4659766                      Phenotype        0.238E-40 DA  0.137E+03  0.128E+02  0.898E-34  22_2  0.834E+02  0.700E-02  12_1  0.223E+02  0.680E-01  11_2  0.202E+01  0.430E+00  11_1 -0.208E+01  0.418E+00  12_2 -0.209E+02  0.700E-01  22_1 -0.101E+03  0.600E-02
1.     rs1927707                      1.     rs10802990                     Phenotype        0.700E-84 DA  0.141E+03  0.160E+02  0.121E-50  22_2  0.110E+03  0.700E-02  12_1  0.167E+02  0.550E-01  11_2  0.188E+01  0.457E+00  11_1 -0.229E+01  0.393E+00  12_2 -0.940E+01  0.830E-01  22_1 -0.115E+03  0.600E-02
1.     rs1106778                      1.     rs10924862                     Phenotype        0.148E-34 DD  0.215E+03  0.121E+02  0.991E-31 11_22  0.675E+03  0.100E-02 22_22  0.134E+02  0.320E-01 12_12  0.104E+02  0.159E+00 11_11  0.764E+01  0.490E-01 22_11  0.803E+00  0.231E+00 12_11 -0.219E+01  0.276E+00 22_12 -0.304E+01  0.186E+00 11_12 -0.186E+02  0.400E-01 12_22 -0.365E+02  0.260E-01
------------------------------------------------------------------------------------------------------------------------------------------------------------------------------------------------------------------------------------------------------------------------------------------------------------------------------------------------------------------------------------------------------
 CPU TIME:   76.7187500000000     seconds
