  50 MOST SIGNIFICANT RESULTS OF PAIRWISE EPISTASIS ANALYSIS
======================================================================================================================================================================================================================================================================================================================================================================================================
I = interaction effect between the two SNP genotypes
AA = additive x additive effect, AD = additive x dominance effect, DA = dominance x additive effect, DD = dominance x dominance effect
P_I = p-value of two-locus marker genotypic effect
Test = effect type being tested
Effect = estimate of epistasis contrast, or esitmate of "AA", "AD", "DA", or "DD" effect
t-value = the t-value for the effect being tested
P_value = p-value of the effect being tested
Allele/Geno = coded marker allele_allele, allele_genotype, genotype_allele,or genotype_genotype combination
A/G_Effect = effect of coded marker allele_allele, allele_genotype, genotype_allele,or genotype_genotype combination - useful for identifying good or bad combination
A/G_Frequency = frequency of coded marker allele_allele, allele_genotype, genotype_allele,or genotype_genotype combination - useful for identifying rare allel or genotypic frequencies
------------------------------------------------------------------------------------------------------------------------------------------------------------------------------------------------------------------------------------------------------------------------------------------------------------------------------------------------------------------------------------------------------
Chr1  Locus1                          Chr2    Locus2                        Trait            P_I      Test    Effect   t-value   P_value  Allele/Geno A/G_Effect A/G_Frequency
------------------------------------------------------------------------------------------------------------------------------------------------------------------------------------------------------------------------------------------------------------------------------------------------------------------------------------------------------------------------------------------------------
1.     rs6429759                      1.     rs7339890                      Phenotype        0.000E+00 DD -0.131E+07  0.819E+02  0.000E+00 12_22  0.178E+07  0.100E-02 11_12  0.485E+05  0.320E-01 22_12  0.273E+05  0.420E-01 12_11  0.266E+04  0.447E+00 22_11 -0.252E+04  0.233E+00 11_11 -0.289E+04  0.189E+00 12_12 -0.553E+05  0.520E-01 22_22 -0.168E+06  0.300E-02 11_22 -0.113E+07  0.100E-02
1.     rs12036815                     1.     rs7339890                      Phenotype        0.000E+00 AD -0.649E+06  0.661E+02  0.000E+00  1_22  0.716E+06  0.200E-02  2_12  0.361E+05  0.600E-01  1_11  0.282E+04  0.421E+00  2_11 -0.270E+04  0.448E+00  1_12 -0.306E+05  0.660E-01  2_22 -0.443E+06  0.300E-02
1.     rs2783631                      1.     rs7339890                      Phenotype        0.000E+00 AD  0.661E+06  0.667E+02  0.000E+00  2_22  0.742E+06  0.200E-02  1_12  0.371E+05  0.465E-01  2_11  0.168E+04  0.531E+00  1_11 -0.265E+04  0.338E+00  2_12 -0.230E+05  0.795E-01  1_22 -0.455E+06  0.300E-02
1.     rs11247932                     1.     rs7339890                      Phenotype        0.000E+00 AD  0.883E+06  0.754E+02  0.000E+00  2_22  0.112E+07  0.150E-02  1_12  0.368E+05  0.725E-01  2_11  0.356E+04  0.369E+00  1_11 -0.263E+04  0.499E+00  2_12 -0.536E+05  0.535E-01  1_22 -0.456E+06  0.350E-02
1.     rs484677                       1.     rs7339890                      Phenotype        0.000E+00 DD -0.130E+07  0.814E+02  0.000E+00 12_22  0.182E+07  0.100E-02 22_12  0.593E+05  0.180E-01 11_12  0.219E+05  0.420E-01 12_11  0.259E+04  0.417E+00 11_11 -0.192E+04  0.303E+00 22_11 -0.352E+04  0.149E+00 12_12 -0.312E+05  0.660E-01 11_22 -0.173E+06  0.300E-02 22_22 -0.109E+07  0.100E-02
1.     rs6656079                      1.     rs7339890                      Phenotype        0.000E+00 AD  0.868E+06  0.736E+02  0.000E+00  2_22  0.106E+07  0.150E-02  1_12  0.355E+05  0.815E-01  2_11  0.424E+04  0.327E+00  1_11 -0.252E+04  0.542E+00  2_12 -0.740E+05  0.445E-01  1_22 -0.447E+06  0.350E-02
1.     rs580682                       1.     rs7339890                      Phenotype        0.000E+00 AD  0.523E+06  0.649E+02  0.000E+00  2_22  0.449E+06  0.250E-02  1_12  0.356E+05  0.610E-01  2_11  0.225E+04  0.461E+00  1_11 -0.251E+04  0.408E+00  2_12 -0.360E+05  0.650E-01  1_22 -0.450E+06  0.250E-02
1.     rs4926825                      1.     rs7339890                      Phenotype        0.000E+00 AD -0.638E+06  0.663E+02  0.000E+00  1_22  0.713E+06  0.200E-02  2_12  0.346E+05  0.585E-01  1_11  0.254E+04  0.429E+00  2_11 -0.254E+04  0.440E+00  1_12 -0.272E+05  0.675E-01  2_22 -0.434E+06  0.300E-02
1.     rs11205641                     1.     rs7339890                      Phenotype        0.000E+00 AD -0.638E+06  0.663E+02  0.000E+00  1_22  0.713E+06  0.200E-02  2_12  0.346E+05  0.585E-01  1_11  0.254E+04  0.429E+00  2_11 -0.254E+04  0.440E+00  1_12 -0.272E+05  0.675E-01  2_22 -0.434E+06  0.300E-02
1.     rs2297657                      1.     rs7339890                      Phenotype        0.000E+00 AD -0.515E+06  0.623E+02  0.000E+00  1_22  0.485E+06  0.250E-02  2_12  0.356E+05  0.435E-01  1_11  0.175E+04  0.517E+00  2_11 -0.267E+04  0.352E+00  1_12 -0.157E+05  0.825E-01  2_22 -0.438E+06  0.250E-02
1.     rs684844                       1.     rs7339890                      Phenotype        0.000E+00 AD -0.861E+06  0.728E+02  0.000E+00  1_22  0.117E+07  0.150E-02  2_12  0.350E+05  0.370E-01  1_11  0.101E+04  0.617E+00  2_11 -0.243E+04  0.252E+00  1_12 -0.201E+05  0.890E-01  2_22 -0.435E+06  0.350E-02
1.     rs1754511                      1.     rs10923876                     Phenotype        0.000E+00 DD  0.648E+06  0.675E+02  0.000E+00 22_22  0.146E+07  0.100E-02 12_12  0.563E+05  0.750E-01 11_22  0.542E+05  0.160E-01 22_11  0.364E+05  0.330E-01 11_11  0.259E+04  0.455E+00 12_11 -0.993E+04  0.238E+00 11_12 -0.145E+05  0.159E+00 12_22 -0.135E+06  0.130E-01 22_12 -0.245E+06  0.100E-01
1.     rs1754511                      1.     rs6660415                      Phenotype        0.000E+00 DD  0.658E+06  0.700E+02  0.000E+00 22_22  0.142E+07  0.100E-02 11_22  0.524E+05  0.220E-01 12_12  0.431E+05  0.107E+00 22_11  0.372E+05  0.310E-01 11_11  0.264E+04  0.416E+00 12_11 -0.101E+05  0.208E+00 11_12 -0.113E+05  0.192E+00 22_12 -0.219E+06  0.120E-01 12_22 -0.231E+06  0.110E-01
1.     rs7533793                      1.     rs7339890                      Phenotype        0.000E+00 AD  0.881E+06  0.750E+02  0.000E+00  2_22  0.113E+07  0.150E-02  1_12  0.368E+05  0.700E-01  2_11  0.318E+04  0.392E+00  1_11 -0.261E+04  0.477E+00  2_12 -0.511E+05  0.560E-01  1_22 -0.455E+06  0.350E-02
1.     rs310170                       1.     rs7339890                      Phenotype        0.000E+00 AD  0.656E+06  0.656E+02  0.000E+00  2_22  0.640E+06  0.200E-02  1_12  0.357E+05  0.925E-01  2_11  0.988E+04  0.182E+00  1_11 -0.273E+04  0.687E+00  2_12 -0.687E+05  0.335E-01  1_22 -0.450E+06  0.300E-02
1.     rs310170                       1.     rs17726989                     Phenotype        0.000E+00 AD  0.641E+06  0.715E+02  0.000E+00  2_22  0.102E+07  0.200E-02  1_12  0.155E+05  0.184E+00  2_11  0.902E+04  0.157E+00  1_11 -0.251E+04  0.583E+00  2_12 -0.493E+05  0.585E-01  1_22 -0.117E+06  0.150E-01
1.     rs2183995                      1.     rs7339890                      Phenotype        0.000E+00 AD  0.871E+06  0.732E+02  0.000E+00  2_22  0.104E+07  0.150E-02  1_12  0.358E+05  0.925E-01  2_11  0.814E+04  0.212E+00  1_11 -0.267E+04  0.657E+00  2_12 -0.864E+05  0.335E-01  1_22 -0.448E+06  0.350E-02
1.     rs2183995                      1.     rs1925431                      Phenotype        0.000E+00 DD  0.656E+06  0.728E+02  0.000E+00 22_22  0.168E+07  0.100E-02 11_22  0.421E+05  0.180E-01 12_12  0.363E+05  0.112E+00 22_11  0.339E+05  0.370E-01 11_11  0.264E+04  0.379E+00 12_11 -0.804E+04  0.263E+00 11_12 -0.120E+05  0.159E+00 12_22 -0.101E+06  0.190E-01 22_12 -0.238E+06  0.120E-01
1.     rs2183995                      1.     rs17726989                     Phenotype        0.000E+00 DD  0.655E+06  0.661E+02  0.000E+00 22_22  0.126E+07  0.100E-02 11_22  0.120E+06  0.900E-02 12_12  0.494E+05  0.910E-01 22_11  0.337E+05  0.350E-01 11_11  0.263E+04  0.409E+00 12_11 -0.800E+04  0.296E+00 11_12 -0.163E+05  0.138E+00 22_12 -0.159E+06  0.140E-01 12_22 -0.322E+06  0.700E-02
1.     rs2803238                      1.     rs7339890                      Phenotype        0.000E+00 AD  0.654E+06  0.664E+02  0.000E+00  2_22  0.538E+06  0.200E-02  1_12  0.354E+05  0.900E-01  2_11  0.452E+04  0.308E+00  1_11 -0.239E+04  0.560E+00  2_12 -0.121E+06  0.360E-01  1_22 -0.450E+06  0.300E-02
1.     rs987013                       1.     rs7339890                      Phenotype        0.000E+00 AD  0.668E+06  0.660E+02  0.000E+00  2_22  0.586E+06  0.200E-02  1_12  0.357E+05  0.980E-01  2_11  0.994E+04  0.181E+00  1_11 -0.265E+04  0.688E+00  2_12 -0.105E+06  0.280E-01  1_22 -0.455E+06  0.300E-02
1.     rs987013                       1.     rs10923876                     Phenotype        0.000E+00 DD  0.650E+06  0.701E+02  0.000E+00 22_22  0.166E+07  0.100E-02 11_22  0.548E+05  0.160E-01 12_12  0.425E+05  0.800E-01 22_11  0.309E+05  0.330E-01 11_11  0.257E+04  0.462E+00 12_11 -0.970E+04  0.231E+00 11_12 -0.144E+05  0.149E+00 22_12 -0.152E+06  0.150E-01 12_22 -0.164E+06  0.130E-01
1.     rs12035848                     1.     rs7339890                      Phenotype        0.000E+00 AD -0.877E+06  0.743E+02  0.000E+00  1_22  0.109E+07  0.150E-02  2_12  0.362E+05  0.765E-01  1_11  0.338E+04  0.374E+00  2_11 -0.252E+04  0.494E+00  1_12 -0.662E+05  0.495E-01  2_22 -0.452E+06  0.350E-02
1.     rs12129523                     1.     rs7339890                      Phenotype        0.000E+00 AD  0.857E+06  0.731E+02  0.000E+00  2_22  0.999E+06  0.150E-02  1_12  0.345E+05  0.850E-01  2_11  0.387E+04  0.336E+00  1_11 -0.233E+04  0.533E+00  2_12 -0.989E+05  0.410E-01  1_22 -0.442E+06  0.350E-02
1.     rs7339890                      1.     rs2206113                      Phenotype        0.000E+00 DD -0.131E+07  0.710E+02  0.000E+00 22_12  0.181E+07  0.100E-02 12_11  0.822E+05  0.200E-02 12_22  0.158E+05  0.750E-01 11_12  0.216E+04  0.224E+00 11_22 -0.330E+03  0.620E+00 11_11 -0.141E+05  0.250E-01 12_12 -0.429E+05  0.490E-01 22_22 -0.193E+06  0.300E-02 22_11 -0.103E+07  0.100E-02
1.     rs7339890                      1.     rs6660415                      Phenotype        0.000E+00 DA  0.849E+06  0.721E+02  0.000E+00  22_2  0.905E+06  0.150E-02  12_1  0.355E+05  0.102E+00  11_2  0.112E+05  0.164E+00  11_1 -0.263E+04  0.705E+00  12_2 -0.134E+06  0.240E-01  22_1 -0.441E+06  0.350E-02
1.     rs7339890                      1.     rs6694088                      Phenotype        0.000E+00 DA -0.660E+06  0.665E+02  0.000E+00  22_1  0.656E+06  0.200E-02  12_2  0.360E+05  0.850E-01  11_1  0.609E+04  0.264E+00  11_2 -0.269E+04  0.605E+00  12_1 -0.656E+05  0.410E-01  22_2 -0.453E+06  0.300E-02
1.     rs7339890                      1.     rs958933                       Phenotype        0.000E+00 DA -0.527E+06  0.643E+02  0.000E+00  22_1  0.462E+06  0.250E-02  12_2  0.363E+05  0.655E-01  11_1  0.376E+04  0.366E+00  11_2 -0.283E+04  0.503E+00  12_1 -0.309E+05  0.605E-01  22_2 -0.452E+06  0.250E-02
1.     rs7339890                      1.     rs34684409                     Phenotype        0.000E+00 DA  0.661E+06  0.674E+02  0.000E+00  22_2  0.683E+06  0.200E-02  12_1  0.363E+05  0.750E-01  11_2  0.389E+04  0.352E+00  11_1 -0.264E+04  0.517E+00  12_2 -0.534E+05  0.510E-01  22_1 -0.454E+06  0.300E-02
1.     rs7339890                      1.     rs11586581                     Phenotype        0.000E+00 DD -0.132E+07  0.819E+02  0.000E+00 22_12  0.182E+07  0.100E-02 12_22  0.665E+05  0.170E-01 12_11  0.206E+05  0.500E-01 11_12  0.257E+04  0.414E+00 11_11 -0.158E+04  0.341E+00 11_22 -0.453E+04  0.114E+00 12_12 -0.390E+05  0.590E-01 22_11 -0.186E+06  0.300E-02 22_22 -0.110E+07  0.100E-02
1.     rs7339890                      1.     rs6674099                      Phenotype        0.000E+00 DA -0.510E+06  0.630E+02  0.000E+00  22_1  0.430E+06  0.250E-02  12_2  0.353E+05  0.695E-01  11_1  0.345E+04  0.373E+00  11_2 -0.264E+04  0.496E+00  12_1 -0.376E+05  0.565E-01  22_2 -0.438E+06  0.250E-02
1.     rs7339890                      1.     rs6697791                      Phenotype        0.000E+00 DD -0.130E+07  0.754E+02  0.000E+00 22_12  0.182E+07  0.100E-02 12_22  0.165E+06  0.400E-02 12_11  0.764E+04  0.830E-01 11_12  0.256E+04  0.301E+00 11_11 -0.769E+03  0.531E+00 11_22 -0.941E+04  0.370E-01 12_12 -0.328E+05  0.390E-01 22_11 -0.207E+06  0.300E-02 22_22 -0.867E+06  0.100E-02
1.     rs7339890                      1.     rs2618688                      Phenotype        0.000E+00 DA -0.513E+06  0.622E+02  0.000E+00  22_1  0.432E+06  0.250E-02  12_2  0.350E+05  0.635E-01  11_1  0.231E+04  0.455E+00  11_2 -0.250E+04  0.414E+00  12_1 -0.392E+05  0.625E-01  22_2 -0.440E+06  0.250E-02
1.     rs7339890                      1.     rs10925439                     Phenotype        0.000E+00 DA  0.876E+06  0.735E+02  0.000E+00  22_2  0.970E+06  0.150E-02  12_1  0.358E+05  0.995E-01  11_2  0.990E+04  0.182E+00  11_1 -0.264E+04  0.686E+00  12_2 -0.123E+06  0.265E-01  22_1 -0.451E+06  0.350E-02
1.     rs7339890                      1.     rs10925439                     Phenotype        0.000E+00 AD  0.522E+06  0.635E+02  0.000E+00  2_22  0.701E+06  0.250E-02  2_11  0.358E+05  0.410E-01  1_12  0.979E+04  0.312E+00  1_11 -0.262E+04  0.580E+00  1_22 -0.398E+05  0.395E-01  2_12 -0.123E+06  0.245E-01
1.     rs7339890                      1.     rs10926087                     Phenotype        0.000E+00 DA -0.872E+06  0.744E+02  0.000E+00  22_1  0.112E+07  0.150E-02  12_2  0.363E+05  0.640E-01  11_1  0.228E+04  0.456E+00  11_2 -0.245E+04  0.413E+00  12_1 -0.497E+05  0.620E-01  22_2 -0.448E+06  0.350E-02
1.     rs7339890                      1.     rs12123089                     Phenotype        0.000E+00 DA  0.647E+06  0.657E+02  0.000E+00  22_2  0.730E+06  0.200E-02  12_1  0.357E+05  0.430E-01  11_2  0.120E+04  0.589E+00  11_1 -0.246E+04  0.280E+00  12_2 -0.243E+05  0.830E-01  22_1 -0.440E+06  0.300E-02
1.     rs17726989                     1.     rs2798469                      Phenotype        0.000E+00 DD  0.667E+06  0.730E+02  0.000E+00 22_22  0.178E+07  0.100E-02 22_11  0.132E+06  0.600E-02 12_12  0.342E+05  0.106E+00 11_22  0.764E+04  0.103E+00 11_11  0.271E+04  0.311E+00 11_12 -0.493E+04  0.326E+00 12_11 -0.169E+05  0.107E+00 12_22 -0.626E+05  0.300E-01 22_12 -0.219E+06  0.100E-01
1.     rs17726989                     1.     rs10923876                     Phenotype        0.000E+00 DD  0.621E+06  0.587E+02  0.000E+00 22_22  0.838E+06  0.100E-02 22_11  0.115E+06  0.110E-01 11_22  0.541E+05  0.170E-01 12_12  0.508E+05  0.650E-01 11_11  0.251E+04  0.549E+00 11_12 -0.141E+05  0.174E+00 12_11 -0.157E+05  0.166E+00 12_22 -0.155E+06  0.120E-01 22_12 -0.452E+06  0.500E-02
1.     rs17726989                     1.     rs2027293                      Phenotype        0.000E+00 DD  0.663E+06  0.680E+02  0.000E+00 22_11  0.131E+07  0.100E-02 22_22  0.120E+06  0.100E-01 12_12  0.395E+05  0.990E-01 11_11  0.152E+05  0.620E-01 11_22  0.267E+04  0.373E+00 11_12 -0.651E+04  0.305E+00 12_22 -0.166E+05  0.120E+00 12_11 -0.803E+05  0.240E-01 22_12 -0.421E+06  0.600E-02
1.     rs17726989                     1.     rs10494391                     Phenotype        0.000E+00 DD  0.664E+06  0.629E+02  0.000E+00 22_22  0.774E+06  0.100E-02 22_11  0.118E+06  0.120E-01 12_12  0.503E+05  0.102E+00 11_22  0.153E+05  0.660E-01 11_11  0.269E+04  0.388E+00 11_12 -0.694E+04  0.286E+00 12_11 -0.168E+05  0.124E+00 12_22 -0.132E+06  0.170E-01 22_12 -0.617E+06  0.400E-02
1.     rs17726989                     1.     rs10494391                     Phenotype        0.000E+00 DA  0.422E+06  0.598E+02  0.000E+00  22_2  0.594E+06  0.300E-02  12_1  0.155E+05  0.175E+00  11_2  0.643E+04  0.209E+00  11_1 -0.248E+04  0.531E+00  12_2 -0.469E+05  0.680E-01  22_1 -0.116E+06  0.140E-01
1.     rs17726989                     1.     rs16835577                     Phenotype        0.000E+00 DD -0.130E+07  0.760E+02  0.000E+00 22_12  0.174E+07  0.100E-02 12_22  0.129E+06  0.400E-02 11_12  0.359E+04  0.117E+00 12_11  0.207E+04  0.197E+00 11_11 -0.281E+03  0.614E+00 22_11 -0.121E+05  0.150E-01 11_22 -0.249E+05  0.900E-02 12_12 -0.359E+05  0.420E-01 22_22 -0.128E+07  0.100E-02
1.     rs17726989                     1.     rs2105232                      Phenotype        0.000E+00 DD  0.626E+06  0.655E+02  0.000E+00 22_11  0.128E+07  0.100E-02 22_22  0.115E+06  0.100E-01 12_12  0.268E+05  0.123E+00 11_11  0.721E+04  0.102E+00 11_22  0.242E+04  0.300E+00 11_12 -0.413E+04  0.338E+00 12_22 -0.151E+05  0.880E-01 12_11 -0.577E+05  0.320E-01 22_12 -0.422E+06  0.600E-02
1.     rs17726989                     1.     rs10925439                     Phenotype        0.000E+00 DD  0.657E+06  0.649E+02  0.000E+00 22_22  0.111E+07  0.100E-02 22_11  0.120E+06  0.900E-02 12_12  0.472E+05  0.870E-01 11_22  0.402E+05  0.300E-01 11_11  0.257E+04  0.467E+00 11_12 -0.979E+04  0.243E+00 12_11 -0.161E+05  0.145E+00 12_22 -0.230E+06  0.110E-01 22_12 -0.326E+06  0.700E-02
1.     rs10923876                     1.     rs2027293                      Phenotype        0.000E+00 DD  0.655E+06  0.742E+02  0.000E+00 22_11  0.190E+07  0.100E-02 22_22  0.551E+05  0.130E-01 12_12  0.353E+05  0.980E-01 11_11  0.148E+05  0.640E-01 11_22  0.262E+04  0.366E+00 11_12 -0.633E+04  0.296E+00 12_22 -0.146E+05  0.124E+00 12_11 -0.103E+06  0.220E-01 22_12 -0.128E+06  0.160E-01
1.     rs10923876                     1.     rs6660415                      Phenotype        0.000E+00 DD  0.660E+06  0.659E+02  0.000E+00 22_22  0.113E+07  0.100E-02 22_11  0.558E+05  0.210E-01 11_22  0.524E+05  0.230E-01 12_12  0.522E+05  0.830E-01 11_11  0.268E+04  0.483E+00 11_12 -0.113E+05  0.220E+00 12_11 -0.148E+05  0.151E+00 12_22 -0.243E+06  0.100E-01 22_12 -0.324E+06  0.800E-02
1.     rs10923876                     1.     rs728727                       Phenotype        0.000E+00 DD  0.653E+06  0.758E+02  0.000E+00 22_11  0.199E+07  0.100E-02 22_22  0.553E+05  0.140E-01 12_12  0.231E+05  0.112E+00 11_11  0.676E+04  0.990E-01 11_22  0.261E+04  0.312E+00 11_12 -0.460E+04  0.315E+00 12_22 -0.145E+05  0.920E-01 12_11 -0.441E+05  0.400E-01 22_12 -0.170E+06  0.150E-01
1.     rs10923876                     1.     rs665504                       Phenotype        0.000E+00 DD  0.653E+06  0.747E+02  0.000E+00 22_11  0.197E+07  0.100E-02 22_22  0.553E+05  0.110E-01 12_12  0.302E+05  0.101E+00 11_11  0.129E+05  0.690E-01 11_22  0.263E+04  0.367E+00 11_12 -0.619E+04  0.290E+00 12_22 -0.147E+05  0.119E+00 12_11 -0.987E+05  0.240E-01 22_12 -0.107E+06  0.180E-01
1.     rs2819316                      1.     rs6660415                      Phenotype        0.000E+00 DD  0.663E+06  0.784E+02  0.000E+00 22_22  0.202E+07  0.100E-02 11_22  0.549E+05  0.150E-01 12_12  0.300E+05  0.137E+00 22_11  0.119E+05  0.780E-01 11_11  0.257E+04  0.287E+00 12_11 -0.550E+04  0.290E+00 11_12 -0.115E+05  0.145E+00 22_12 -0.783E+05  0.290E-01 12_22 -0.126E+06  0.180E-01
------------------------------------------------------------------------------------------------------------------------------------------------------------------------------------------------------------------------------------------------------------------------------------------------------------------------------------------------------------------------------------------------------
 CPU TIME:   76.1718750000000     seconds
