PLINK v1.90b3.42 64-bit (20 Sep 2016)
Options in effect:
  --allow-no-sex
  --bfile Impure_Multiplicative_EightPairs_BaselineAlpha10_InteractionAlpha2_Chr1_CEU_SNP1000_IND1000_MAF005_02
  --epi1 5e-08
  --epistasis
  --out Impure_Multiplicative_EightPairs_BaselineAlpha10_InteractionAlpha2_Chr1_CEU_SNP1000_IND1000_MAF005_02_epistasis

Hostname: nodea1310
Working directory: /gpfs/group/ehlers/Stas_GWAS/Sim_Data/Review_Publication
Start time: Sat May  6 06:34:52 2023

Random number seed: 1683380092
193370 MB RAM detected; reserving 96685 MB for main workspace.
1000 variants loaded from .bim file.
1000 people (0 males, 0 females, 1000 ambiguous) loaded from .fam.
Ambiguous sex IDs written to
Impure_Multiplicative_EightPairs_BaselineAlpha10_InteractionAlpha2_Chr1_CEU_SNP1000_IND1000_MAF005_02_epistasis.nosex
.
1000 phenotype values loaded from .fam.
Using up to 15 threads (change this with --threads).
Before main variant filters, 1000 founders and 0 nonfounders present.
Calculating allele frequencies... done.
1000 variants and 1000 people pass filters and QC.
Phenotype data is quantitative.
--epistasis: Skipping 123 monomorphic/non-autosomal sites.
QT --epistasis to
Impure_Multiplicative_EightPairs_BaselineAlpha10_InteractionAlpha2_Chr1_CEU_SNP1000_IND1000_MAF005_02_epistasis.epi.qt
... done.
362124 valid tests performed, summary written to
Impure_Multiplicative_EightPairs_BaselineAlpha10_InteractionAlpha2_Chr1_CEU_SNP1000_IND1000_MAF005_02_epistasis.epi.qt.summary
.

End time: Sat May  6 06:34:52 2023
